Log file open, 10/02/21 20:08:23
LogWindows: Failed to load 'aqProf.dll' (GetLastError=126)
LogWindows: File 'aqProf.dll' does not exist
LogWindows: Failed to load 'VtuneApi.dll' (GetLastError=126)
LogWindows: File 'VtuneApi.dll' does not exist
LogWindows: Failed to load 'VtuneApi32e.dll' (GetLastError=126)
LogWindows: File 'VtuneApi32e.dll' does not exist
LogConsoleResponse: Display: Failed to find resolution value strings in scalability ini. Falling back to default.
LogInit: Display: Running engine for game: AdvGamesProgramming
LogPlatformFile: Not using cached read wrapper
LogTaskGraph: Started task graph with 5 named threads and 20 total threads with 3 sets of task threads.
LogStats: Stats thread started at 0.058599
LogD3D11RHI: Loaded GFSDK_Aftermath_Lib.x64.dll
LogICUInternationalization: ICU TimeZone Detection - Raw Offset: +10:00, Platform Override: ''
LogPluginManager: Mounting plugin Paper2D
LogPluginManager: Mounting plugin AISupport
LogPluginManager: Mounting plugin LightPropagationVolume
LogPluginManager: Mounting plugin ActorLayerUtilities
LogPluginManager: Mounting plugin AnimationSharing
LogPluginManager: Mounting plugin CLionSourceCodeAccess
LogPluginManager: Mounting plugin CodeLiteSourceCodeAccess
LogPluginManager: Mounting plugin GitSourceControl
LogPluginManager: Mounting plugin KDevelopSourceCodeAccess
LogPluginManager: Mounting plugin NullSourceCodeAccess
LogPluginManager: Mounting plugin PerforceSourceControl
LogPluginManager: Mounting plugin PlasticSourceControl
LogPluginManager: Mounting plugin SubversionSourceControl
LogPluginManager: Mounting plugin UObjectPlugin
LogPluginManager: Mounting plugin VisualStudioCodeSourceCodeAccess
LogPluginManager: Mounting plugin VisualStudioSourceCodeAccess
LogPluginManager: Mounting plugin XCodeSourceCodeAccess
LogPluginManager: Mounting plugin AssetManagerEditor
LogPluginManager: Mounting plugin CryptoKeys
LogPluginManager: Mounting plugin CurveEditorTools
LogPluginManager: Mounting plugin DataValidation
LogPluginManager: Mounting plugin FacialAnimation
LogPluginManager: Mounting plugin GameplayTagsEditor
LogPluginManager: Mounting plugin MacGraphicsSwitching
LogPluginManager: Mounting plugin MaterialAnalyzer
LogPluginManager: Mounting plugin MobileLauncherProfileWizard
LogPluginManager: Mounting plugin PluginBrowser
LogPluginManager: Mounting plugin SpeedTreeImporter
LogPluginManager: Mounting plugin DatasmithContent
LogPluginManager: Mounting plugin VariantManagerContent
LogPluginManager: Mounting plugin AlembicImporter
LogPluginManager: Mounting plugin AutomationUtils
LogPluginManager: Mounting plugin BackChannel
LogPluginManager: Mounting plugin CharacterAI
LogPluginManager: Mounting plugin GeometryCache
LogPluginManager: Mounting plugin PlatformCrypto
LogPluginManager: Mounting plugin ProxyLODPlugin
LogPluginManager: Mounting plugin SkeletalReduction
LogPluginManager: Mounting plugin MagicLeap
LogPluginManager: Mounting plugin MagicLeapMedia
LogPluginManager: Mounting plugin MLSDK
LogPluginManager: Mounting plugin AndroidMedia
LogPluginManager: Mounting plugin AvfMedia
LogPluginManager: Mounting plugin ImgMedia
LogPluginManager: Mounting plugin MediaCompositing
LogPluginManager: Mounting plugin MediaPlayerEditor
LogPluginManager: Mounting plugin WebMMedia
LogPluginManager: Mounting plugin WmfMedia
LogPluginManager: Mounting plugin TcpMessaging
LogPluginManager: Mounting plugin UdpMessaging
LogPluginManager: Mounting plugin ActorSequence
LogPluginManager: Mounting plugin LevelSequenceEditor
LogPluginManager: Mounting plugin MatineeToLevelSequence
LogPluginManager: Mounting plugin NetcodeUnitTest
LogPluginManager: Mounting plugin NUTUnrealEngine4
LogPluginManager: Mounting plugin OnlineSubsystemGooglePlay
LogPluginManager: Mounting plugin OnlineSubsystemIOS
LogPluginManager: Mounting plugin OnlineSubsystem
LogPluginManager: Mounting plugin OnlineSubsystemNull
LogPluginManager: Mounting plugin OnlineSubsystemUtils
LogPluginManager: Mounting plugin LauncherChunkInstaller
LogPluginManager: Mounting plugin AndroidDeviceProfileSelector
LogPluginManager: Mounting plugin AndroidMoviePlayer
LogPluginManager: Mounting plugin AndroidPermission
LogPluginManager: Mounting plugin AppleImageUtils
LogPluginManager: Mounting plugin AppleMoviePlayer
LogPluginManager: Mounting plugin ArchVisCharacter
LogPluginManager: Mounting plugin AssetTags
LogPluginManager: Mounting plugin AudioCapture
LogPluginManager: Mounting plugin CableComponent
LogPluginManager: Mounting plugin CustomMeshComponent
LogPluginManager: Mounting plugin EditableMesh
LogPluginManager: Mounting plugin ExampleDeviceProfileSelector
LogPluginManager: Mounting plugin GoogleCloudMessaging
LogPluginManager: Mounting plugin IOSDeviceProfileSelector
LogPluginManager: Mounting plugin LinuxDeviceProfileSelector
LogPluginManager: Mounting plugin LocationServicesBPLibrary
LogPluginManager: Mounting plugin MobilePatchingUtils
LogPluginManager: Mounting plugin OculusVR
LogPluginManager: Mounting plugin PhysXVehicles
LogPluginManager: Mounting plugin PostSplashScreen
LogPluginManager: Mounting plugin ProceduralMeshComponent
LogPluginManager: Mounting plugin RuntimePhysXCooking
LogPluginManager: Mounting plugin SignificanceManager
LogPluginManager: Mounting plugin SteamVR
LogPluginManager: Mounting plugin WebMMoviePlayer
LogPluginManager: Mounting plugin WindowsMoviePlayer
LogPluginManager: Mounting plugin ScreenshotTools
LogInit: Using libcurl 7.55.1-DEV
LogInit:  - built for x86_64-pc-win32
LogInit:  - supports SSL with OpenSSL/1.1.1
LogInit:  - supports HTTP deflate (compression) using libz 1.2.8
LogInit:  - other features:
LogInit:      CURL_VERSION_SSL
LogInit:      CURL_VERSION_LIBZ
LogInit:      CURL_VERSION_IPV6
LogInit:      CURL_VERSION_ASYNCHDNS
LogInit:      CURL_VERSION_LARGEFILE
LogInit:      CURL_VERSION_IDN
LogInit:  CurlRequestOptions (configurable via config and command line):
LogInit:  - bVerifyPeer = true  - Libcurl will verify peer certificate
LogInit:  - bUseHttpProxy = false  - Libcurl will NOT use HTTP proxy
LogInit:  - bDontReuseConnections = false  - Libcurl will reuse connections
LogInit:  - MaxHostConnections = 16  - Libcurl will limit the number of connections to a host
LogInit:  - LocalHostAddr = Default
LogInit:  - BufferSize = 65536
LogOnline: OSS: Creating online subsystem instance for: NULL
LogInit: WinSock: version 1.1 (2.2), MaxSocks=32767, MaxUdp=65467
LogOnline: OSS: TryLoadSubsystemAndSetDefault: Loaded subsystem for module [NULL]
LogInit: Build: ++UE4+Release-4.24-CL-11590370
LogInit: Engine Version: 4.24.3-11590370+++UE4+Release-4.24
LogInit: Compatible Engine Version: 4.24.0-10570792+++UE4+Release-4.24
LogInit: Net CL: 10570792
LogInit: OS: Windows 10 (Release 2009) (), CPU: AMD Ryzen 5 3500X 6-Core Processor             , GPU: NVIDIA GeForce RTX 2060
LogInit: Compiled (64-bit): Feb 24 2020 15:39:18
LogInit: Compiled with Visual C++: 19.16.27032.01
LogInit: Build Configuration: Development
LogInit: Branch Name: ++UE4+Release-4.24
LogInit: Command Line: 
LogInit: Base Directory: D:/Epic Games/UE_4.24/Engine/Binaries/Win64/
LogInit: Installed Engine Build: 1
LogDevObjectVersion: Number of dev versions registered: 25
LogDevObjectVersion:   Dev-Blueprints (B0D832E4-1F89-4F0D-ACCF-7EB736FD4AA2): 10
LogDevObjectVersion:   Dev-Build (E1C64328-A22C-4D53-A36C-8E866417BD8C): 0
LogDevObjectVersion:   Dev-Core (375EC13C-06E4-48FB-B500-84F0262A717E): 3
LogDevObjectVersion:   Dev-Editor (E4B068ED-F494-42E9-A231-DA0B2E46BB41): 37
LogDevObjectVersion:   Dev-Framework (CFFC743F-43B0-4480-9391-14DF171D2073): 36
LogDevObjectVersion:   Dev-Mobile (B02B49B5-BB20-44E9-A304-32B752E40360): 2
LogDevObjectVersion:   Dev-Networking (A4E4105C-59A1-49B5-A7C5-40C4547EDFEE): 0
LogDevObjectVersion:   Dev-Online (39C831C9-5AE6-47DC-9A44-9C173E1C8E7C): 0
LogDevObjectVersion:   Dev-Physics (78F01B33-EBEA-4F98-B9B4-84EACCB95AA2): 2
LogDevObjectVersion:   Dev-Platform (6631380F-2D4D-43E0-8009-CF276956A95A): 0
LogDevObjectVersion:   Dev-Rendering (12F88B9F-8875-4AFC-A67C-D90C383ABD29): 36
LogDevObjectVersion:   Dev-Sequencer (7B5AE74C-D270-4C10-A958-57980B212A5A): 11
LogDevObjectVersion:   Dev-VR (D7296918-1DD6-4BDD-9DE2-64A83CC13884): 2
LogDevObjectVersion:   Dev-LoadTimes (C2A15278-BFE7-4AFE-6C17-90FF531DF755): 1
LogDevObjectVersion:   Private-Geometry (6EACA3D4-40EC-4CC1-B786-8BED09428FC5): 3
LogDevObjectVersion:   Dev-AnimPhys (29E575DD-E0A3-4627-9D10-D276232CDCEA): 17
LogDevObjectVersion:   Dev-Anim (AF43A65D-7FD3-4947-9873-3E8ED9C1BB05): 2
LogDevObjectVersion:   Dev-ReflectionCapture (6B266CEC-1EC7-4B8F-A30B-E4D90942FC07): 1
LogDevObjectVersion:   Dev-Automation (0DF73D61-A23F-47EA-B727-89E90C41499A): 1
LogDevObjectVersion:   FortniteMain (601D1886-AC64-4F84-AA16-D3DE0DEAC7D6): 31
LogDevObjectVersion:   Dev-Enterprise (9DFFBCD6-494F-0158-E221-12823C92A888): 8
LogDevObjectVersion:   Dev-Niagara (F2AED0AC-9AFE-416F-8664-AA7FFA26D6FC): 1
LogDevObjectVersion:   Dev-Destruction (174F1F0B-B4C6-45A5-B13F-2EE8D0FB917D): 9
LogDevObjectVersion:   Dev-Physics-Ext (35F94A83-E258-406C-A318-09F59610247C): 8
LogDevObjectVersion:   Dev-CineCamera (B2E18506-4273-CFC2-A54E-F4BB758BBA07): 1
LogInit: Presizing for max 25165824 objects, including 0 objects not considered by GC, pre-allocating 0 bytes for permanent pool.
LogInit: Object subsystem initialized
LogConfig: Setting CVar [[con.DebugEarlyDefault:1]]
LogConfig: Setting CVar [[r.setres:1280x720]]
[2021.10.02-10.08.23:821][  0]LogConfig: Setting CVar [[r.VSync:0]]
[2021.10.02-10.08.23:821][  0]LogConfig: Setting CVar [[r.RHICmdBypass:0]]
[2021.10.02-10.08.23:821][  0]LogConfig: Applying CVar settings from Section [/Script/Engine.RendererSettings] File [D:/Uni/Advanced Games 2021/Assessment 2/Attempt 2/Week8StartingPoint/Week8StartingPoint/Saved/Config/Windows/Engine.ini]
[2021.10.02-10.08.23:821][  0]LogConfig: Setting CVar [[r.GPUCrashDebugging:0]]
[2021.10.02-10.08.23:821][  0]LogConfig: Applying CVar settings from Section [/Script/Engine.RendererOverrideSettings] File [D:/Uni/Advanced Games 2021/Assessment 2/Attempt 2/Week8StartingPoint/Week8StartingPoint/Saved/Config/Windows/Engine.ini]
[2021.10.02-10.08.23:821][  0]LogConfig: Applying CVar settings from Section [/Script/Engine.StreamingSettings] File [D:/Uni/Advanced Games 2021/Assessment 2/Attempt 2/Week8StartingPoint/Week8StartingPoint/Saved/Config/Windows/Engine.ini]
[2021.10.02-10.08.23:821][  0]LogConfig: Setting CVar [[s.MinBulkDataSizeForAsyncLoading:131072]]
[2021.10.02-10.08.23:821][  0]LogConfig: Setting CVar [[s.AsyncLoadingThreadEnabled:0]]
[2021.10.02-10.08.23:821][  0]LogConfig: Setting CVar [[s.EventDrivenLoaderEnabled:1]]
[2021.10.02-10.08.23:821][  0]LogConfig: Setting CVar [[s.WarnIfTimeLimitExceeded:0]]
[2021.10.02-10.08.23:821][  0]LogConfig: Setting CVar [[s.TimeLimitExceededMultiplier:1.5]]
[2021.10.02-10.08.23:821][  0]LogConfig: Setting CVar [[s.TimeLimitExceededMinTime:0.005]]
[2021.10.02-10.08.23:821][  0]LogConfig: Setting CVar [[s.UseBackgroundLevelStreaming:1]]
[2021.10.02-10.08.23:821][  0]LogConfig: Setting CVar [[s.PriorityAsyncLoadingExtraTime:15.0]]
[2021.10.02-10.08.23:821][  0]LogConfig: Setting CVar [[s.LevelStreamingActorsUpdateTimeLimit:5.0]]
[2021.10.02-10.08.23:821][  0]LogConfig: Setting CVar [[s.PriorityLevelStreamingActorsUpdateExtraTime:5.0]]
[2021.10.02-10.08.23:821][  0]LogConfig: Setting CVar [[s.LevelStreamingComponentsRegistrationGranularity:10]]
[2021.10.02-10.08.23:821][  0]LogConfig: Setting CVar [[s.UnregisterComponentsTimeLimit:1.0]]
[2021.10.02-10.08.23:821][  0]LogConfig: Setting CVar [[s.LevelStreamingComponentsUnregistrationGranularity:5]]
[2021.10.02-10.08.23:821][  0]LogConfig: Setting CVar [[s.FlushStreamingOnExit:1]]
[2021.10.02-10.08.23:821][  0]LogConfig: Applying CVar settings from Section [/Script/Engine.GarbageCollectionSettings] File [D:/Uni/Advanced Games 2021/Assessment 2/Attempt 2/Week8StartingPoint/Week8StartingPoint/Saved/Config/Windows/Engine.ini]
[2021.10.02-10.08.23:821][  0]LogConfig: Setting CVar [[gc.MaxObjectsNotConsideredByGC:1]]
[2021.10.02-10.08.23:821][  0]LogConfig: Setting CVar [[gc.SizeOfPermanentObjectPool:0]]
[2021.10.02-10.08.23:821][  0]LogConfig: Setting CVar [[gc.FlushStreamingOnGC:0]]
[2021.10.02-10.08.23:821][  0]LogConfig: Setting CVar [[gc.NumRetriesBeforeForcingGC:10]]
[2021.10.02-10.08.23:821][  0]LogConfig: Setting CVar [[gc.AllowParallelGC:1]]
[2021.10.02-10.08.23:821][  0]LogConfig: Setting CVar [[gc.TimeBetweenPurgingPendingKillObjects:61.1]]
[2021.10.02-10.08.23:821][  0]LogConfig: Setting CVar [[gc.MaxObjectsInEditor:25165824]]
[2021.10.02-10.08.23:821][  0]LogConfig: Setting CVar [[gc.IncrementalBeginDestroyEnabled:1]]
[2021.10.02-10.08.23:821][  0]LogConfig: Setting CVar [[gc.CreateGCClusters:1]]
[2021.10.02-10.08.23:821][  0]LogConfig: Setting CVar [[gc.MinGCClusterSize:5]]
[2021.10.02-10.08.23:821][  0]LogConfig: Setting CVar [[gc.ActorClusteringEnabled:0]]
[2021.10.02-10.08.23:821][  0]LogConfig: Setting CVar [[gc.BlueprintClusteringEnabled:0]]
[2021.10.02-10.08.23:821][  0]LogConfig: Setting CVar [[gc.UseDisregardForGCOnDedicatedServers:0]]
[2021.10.02-10.08.23:821][  0]LogConfig: Applying CVar settings from Section [/Script/Engine.NetworkSettings] File [D:/Uni/Advanced Games 2021/Assessment 2/Attempt 2/Week8StartingPoint/Week8StartingPoint/Saved/Config/Windows/Engine.ini]
[2021.10.02-10.08.23:821][  0]LogConfig: Applying CVar settings from Section [/Script/UnrealEd.CookerSettings] File [D:/Uni/Advanced Games 2021/Assessment 2/Attempt 2/Week8StartingPoint/Week8StartingPoint/Saved/Config/Windows/Engine.ini]
[2021.10.02-10.08.23:824][  0]LogConfig: Applying CVar settings from Section [ViewDistanceQuality@3] File [D:/Uni/Advanced Games 2021/Assessment 2/Attempt 2/Week8StartingPoint/Week8StartingPoint/Saved/Config/Windows/Scalability.ini]
[2021.10.02-10.08.23:824][  0]LogConfig: Setting CVar [[r.SkeletalMeshLODBias:0]]
[2021.10.02-10.08.23:824][  0]LogConfig: Setting CVar [[r.ViewDistanceScale:1.0]]
[2021.10.02-10.08.23:824][  0]LogConfig: Applying CVar settings from Section [AntiAliasingQuality@3] File [D:/Uni/Advanced Games 2021/Assessment 2/Attempt 2/Week8StartingPoint/Week8StartingPoint/Saved/Config/Windows/Scalability.ini]
[2021.10.02-10.08.23:824][  0]LogConfig: Setting CVar [[r.PostProcessAAQuality:4]]
[2021.10.02-10.08.23:824][  0]LogConfig: Applying CVar settings from Section [ShadowQuality@3] File [D:/Uni/Advanced Games 2021/Assessment 2/Attempt 2/Week8StartingPoint/Week8StartingPoint/Saved/Config/Windows/Scalability.ini]
[2021.10.02-10.08.23:824][  0]LogConfig: Setting CVar [[r.LightFunctionQuality:1]]
[2021.10.02-10.08.23:824][  0]LogConfig: Setting CVar [[r.ShadowQuality:5]]
[2021.10.02-10.08.23:824][  0]LogConfig: Setting CVar [[r.Shadow.CSM.MaxCascades:10]]
[2021.10.02-10.08.23:824][  0]LogConfig: Setting CVar [[r.Shadow.MaxResolution:2048]]
[2021.10.02-10.08.23:824][  0]LogConfig: Setting CVar [[r.Shadow.MaxCSMResolution:2048]]
[2021.10.02-10.08.23:824][  0]LogConfig: Setting CVar [[r.Shadow.RadiusThreshold:0.01]]
[2021.10.02-10.08.23:824][  0]LogConfig: Setting CVar [[r.Shadow.DistanceScale:1.0]]
[2021.10.02-10.08.23:824][  0]LogConfig: Setting CVar [[r.Shadow.CSM.TransitionScale:1.0]]
[2021.10.02-10.08.23:824][  0]LogConfig: Setting CVar [[r.Shadow.PreShadowResolutionFactor:1.0]]
[2021.10.02-10.08.23:824][  0]LogConfig: Setting CVar [[r.DistanceFieldShadowing:1]]
[2021.10.02-10.08.23:824][  0]LogConfig: Setting CVar [[r.DistanceFieldAO:1]]
[2021.10.02-10.08.23:824][  0]LogConfig: Setting CVar [[r.AOQuality:2]]
[2021.10.02-10.08.23:824][  0]LogConfig: Setting CVar [[r.VolumetricFog:1]]
[2021.10.02-10.08.23:824][  0]LogConfig: Setting CVar [[r.VolumetricFog.GridPixelSize:8]]
[2021.10.02-10.08.23:824][  0]LogConfig: Setting CVar [[r.VolumetricFog.GridSizeZ:128]]
[2021.10.02-10.08.23:824][  0]LogConfig: Setting CVar [[r.VolumetricFog.HistoryMissSupersampleCount:4]]
[2021.10.02-10.08.23:824][  0]LogConfig: Setting CVar [[r.LightMaxDrawDistanceScale:1]]
[2021.10.02-10.08.23:824][  0]LogConfig: Setting CVar [[r.CapsuleShadows:1]]
[2021.10.02-10.08.23:824][  0]LogConfig: Applying CVar settings from Section [PostProcessQuality@3] File [D:/Uni/Advanced Games 2021/Assessment 2/Attempt 2/Week8StartingPoint/Week8StartingPoint/Saved/Config/Windows/Scalability.ini]
[2021.10.02-10.08.23:824][  0]LogConfig: Setting CVar [[r.MotionBlurQuality:4]]
[2021.10.02-10.08.23:824][  0]LogConfig: Setting CVar [[r.AmbientOcclusionMipLevelFactor:0.4]]
[2021.10.02-10.08.23:824][  0]LogConfig: Setting CVar [[r.AmbientOcclusionMaxQuality:100]]
[2021.10.02-10.08.23:824][  0]LogConfig: Setting CVar [[r.AmbientOcclusionLevels:-1]]
[2021.10.02-10.08.23:824][  0]LogConfig: Setting CVar [[r.AmbientOcclusionRadiusScale:1.0]]
[2021.10.02-10.08.23:824][  0]LogConfig: Setting CVar [[r.DepthOfFieldQuality:2]]
[2021.10.02-10.08.23:824][  0]LogConfig: Setting CVar [[r.RenderTargetPoolMin:400]]
[2021.10.02-10.08.23:824][  0]LogConfig: Setting CVar [[r.LensFlareQuality:2]]
[2021.10.02-10.08.23:824][  0]LogConfig: Setting CVar [[r.SceneColorFringeQuality:1]]
[2021.10.02-10.08.23:824][  0]LogConfig: Setting CVar [[r.EyeAdaptationQuality:2]]
[2021.10.02-10.08.23:824][  0]LogConfig: Setting CVar [[r.BloomQuality:5]]
[2021.10.02-10.08.23:824][  0]LogConfig: Setting CVar [[r.FastBlurThreshold:100]]
[2021.10.02-10.08.23:824][  0]LogConfig: Setting CVar [[r.Upscale.Quality:3]]
[2021.10.02-10.08.23:824][  0]LogConfig: Setting CVar [[r.Tonemapper.GrainQuantization:1]]
[2021.10.02-10.08.23:824][  0]LogConfig: Setting CVar [[r.LightShaftQuality:1]]
[2021.10.02-10.08.23:824][  0]LogConfig: Setting CVar [[r.Filter.SizeScale:1]]
[2021.10.02-10.08.23:824][  0]LogConfig: Setting CVar [[r.Tonemapper.Quality:5]]
[2021.10.02-10.08.23:824][  0]LogConfig: Setting CVar [[r.DOF.Gather.AccumulatorQuality:1        ; higher gathering accumulator quality]]
[2021.10.02-10.08.23:824][  0]LogConfig: Setting CVar [[r.DOF.Gather.PostfilterMethod:1          ; Median3x3 postfilering method]]
[2021.10.02-10.08.23:824][  0]LogConfig: Setting CVar [[r.DOF.Gather.EnableBokehSettings:0       ; no bokeh simulation when gathering]]
[2021.10.02-10.08.23:824][  0]LogConfig: Setting CVar [[r.DOF.Gather.RingCount:4                 ; medium number of samples when gathering]]
[2021.10.02-10.08.23:824][  0]LogConfig: Setting CVar [[r.DOF.Scatter.ForegroundCompositing:1    ; additive foreground scattering]]
[2021.10.02-10.08.23:824][  0]LogConfig: Setting CVar [[r.DOF.Scatter.BackgroundCompositing:2    ; additive background scattering]]
[2021.10.02-10.08.23:824][  0]LogConfig: Setting CVar [[r.DOF.Scatter.EnableBokehSettings:1      ; bokeh simulation when scattering]]
[2021.10.02-10.08.23:824][  0]LogConfig: Setting CVar [[r.DOF.Scatter.MaxSpriteRatio:0.1         ; only a maximum of 10% of scattered bokeh]]
[2021.10.02-10.08.23:824][  0]LogConfig: Setting CVar [[r.DOF.Recombine.Quality:1                ; cheap slight out of focus]]
[2021.10.02-10.08.23:824][  0]LogConfig: Setting CVar [[r.DOF.Recombine.EnableBokehSettings:0    ; no bokeh simulation on slight out of focus]]
[2021.10.02-10.08.23:824][  0]LogConfig: Setting CVar [[r.DOF.TemporalAAQuality:1                ; more stable temporal accumulation]]
[2021.10.02-10.08.23:824][  0]LogConfig: Setting CVar [[r.DOF.Kernel.MaxForegroundRadius:0.025]]
[2021.10.02-10.08.23:824][  0]LogConfig: Setting CVar [[r.DOF.Kernel.MaxBackgroundRadius:0.025]]
[2021.10.02-10.08.23:825][  0]LogConfig: Applying CVar settings from Section [TextureQuality@3] File [D:/Uni/Advanced Games 2021/Assessment 2/Attempt 2/Week8StartingPoint/Week8StartingPoint/Saved/Config/Windows/Scalability.ini]
[2021.10.02-10.08.23:825][  0]LogConfig: Setting CVar [[r.Streaming.MipBias:0]]
[2021.10.02-10.08.23:825][  0]LogConfig: Setting CVar [[r.Streaming.AmortizeCPUToGPUCopy:0]]
[2021.10.02-10.08.23:825][  0]LogConfig: Setting CVar [[r.Streaming.MaxNumTexturesToStreamPerFrame:0]]
[2021.10.02-10.08.23:825][  0]LogConfig: Setting CVar [[r.Streaming.Boost:1]]
[2021.10.02-10.08.23:825][  0]LogConfig: Setting CVar [[r.MaxAnisotropy:8]]
[2021.10.02-10.08.23:825][  0]LogConfig: Setting CVar [[r.VT.MaxAnisotropy:8]]
[2021.10.02-10.08.23:825][  0]LogConfig: Setting CVar [[r.Streaming.LimitPoolSizeToVRAM:0]]
[2021.10.02-10.08.23:825][  0]LogConfig: Setting CVar [[r.Streaming.PoolSize:1000]]
[2021.10.02-10.08.23:825][  0]LogConfig: Setting CVar [[r.Streaming.MaxEffectiveScreenSize:0]]
[2021.10.02-10.08.23:825][  0]LogConfig: Applying CVar settings from Section [EffectsQuality@3] File [D:/Uni/Advanced Games 2021/Assessment 2/Attempt 2/Week8StartingPoint/Week8StartingPoint/Saved/Config/Windows/Scalability.ini]
[2021.10.02-10.08.23:825][  0]LogConfig: Setting CVar [[r.TranslucencyLightingVolumeDim:64]]
[2021.10.02-10.08.23:825][  0]LogConfig: Setting CVar [[r.RefractionQuality:2]]
[2021.10.02-10.08.23:825][  0]LogConfig: Setting CVar [[r.SSR.Quality:3]]
[2021.10.02-10.08.23:825][  0]LogConfig: Setting CVar [[r.SSR.HalfResSceneColor:0]]
[2021.10.02-10.08.23:825][  0]LogConfig: Setting CVar [[r.SceneColorFormat:4]]
[2021.10.02-10.08.23:825][  0]LogConfig: Setting CVar [[r.DetailMode:2]]
[2021.10.02-10.08.23:825][  0]LogConfig: Setting CVar [[r.TranslucencyVolumeBlur:1]]
[2021.10.02-10.08.23:825][  0]LogConfig: Setting CVar [[r.MaterialQualityLevel:1 ; High quality]]
[2021.10.02-10.08.23:825][  0]LogConfig: Setting CVar [[r.SSS.Scale:1]]
[2021.10.02-10.08.23:825][  0]LogConfig: Setting CVar [[r.SSS.SampleSet:2]]
[2021.10.02-10.08.23:825][  0]LogConfig: Setting CVar [[r.SSS.Quality:1]]
[2021.10.02-10.08.23:825][  0]LogConfig: Setting CVar [[r.SSS.HalfRes:1]]
[2021.10.02-10.08.23:825][  0]LogConfig: Setting CVar [[r.SSGI.Quality:3]]
[2021.10.02-10.08.23:825][  0]LogConfig: Setting CVar [[r.EmitterSpawnRateScale:1.0]]
[2021.10.02-10.08.23:825][  0]LogConfig: Setting CVar [[r.ParticleLightQuality:2]]
[2021.10.02-10.08.23:825][  0]LogConfig: Setting CVar [[r.SkyAtmosphere.AerialPerspectiveLUT.FastApplyOnOpaque:1 ; Always have FastSkyLUT 1 in this case to avoid wrong sky]]
[2021.10.02-10.08.23:825][  0]LogConfig: Setting CVar [[r.SkyAtmosphere.AerialPerspectiveLUT.SampleCountPerSlice:1]]
[2021.10.02-10.08.23:825][  0]LogConfig: Setting CVar [[r.SkyAtmosphere.AerialPerspectiveLUT.DepthResolution:16.0]]
[2021.10.02-10.08.23:825][  0]LogConfig: Setting CVar [[r.SkyAtmosphere.FastSkyLUT:1]]
[2021.10.02-10.08.23:825][  0]LogConfig: Setting CVar [[r.SkyAtmosphere.FastSkyLUT.SampleCountMin:4.0]]
[2021.10.02-10.08.23:825][  0]LogConfig: Setting CVar [[r.SkyAtmosphere.FastSkyLUT.SampleCountMax:32.0]]
[2021.10.02-10.08.23:825][  0]LogConfig: Setting CVar [[r.SkyAtmosphere.SampleCountMin:4.0]]
[2021.10.02-10.08.23:825][  0]LogConfig: Setting CVar [[r.SkyAtmosphere.SampleCountMax:32.0]]
[2021.10.02-10.08.23:825][  0]LogConfig: Setting CVar [[r.SkyAtmosphere.TransmittanceLUT.UseSmallFormat:0]]
[2021.10.02-10.08.23:825][  0]LogConfig: Setting CVar [[r.SkyAtmosphere.TransmittanceLUT.SampleCount:10.0]]
[2021.10.02-10.08.23:825][  0]LogConfig: Setting CVar [[r.SkyAtmosphere.MultiScatteringLUT.SampleCount:15.0]]
[2021.10.02-10.08.23:825][  0]LogConfig: Applying CVar settings from Section [FoliageQuality@3] File [D:/Uni/Advanced Games 2021/Assessment 2/Attempt 2/Week8StartingPoint/Week8StartingPoint/Saved/Config/Windows/Scalability.ini]
[2021.10.02-10.08.23:825][  0]LogConfig: Setting CVar [[foliage.DensityScale:1.0]]
[2021.10.02-10.08.23:825][  0]LogConfig: Setting CVar [[grass.DensityScale:1.0]]
[2021.10.02-10.08.23:825][  0]LogConfig: Applying CVar settings from Section [ShadingQuality@3] File [D:/Uni/Advanced Games 2021/Assessment 2/Attempt 2/Week8StartingPoint/Week8StartingPoint/Saved/Config/Windows/Scalability.ini]
[2021.10.02-10.08.23:825][  0]LogConfig: Setting CVar [[r.HairStrands.SkyLighting.SampleCount:16]]
[2021.10.02-10.08.23:825][  0]LogConfig: Setting CVar [[r.HairStrands.SkyLighting.JitterIntegration:0]]
[2021.10.02-10.08.23:825][  0]LogConfig: Setting CVar [[r.HairStrands.SkyAO.SampleCount:16]]
[2021.10.02-10.08.23:825][  0]LogInit: Selected Device Profile: [Windows]
[2021.10.02-10.08.23:825][  0]LogInit: Applying CVar settings loaded from the selected device profile: [Windows]
[2021.10.02-10.08.23:832][  0]LogHAL: Display: Platform has ~ 16 GB [17126928384 / 17179869184 / 16], which maps to Larger [LargestMinGB=32, LargerMinGB=12, DefaultMinGB=8, SmallerMinGB=6, SmallestMinGB=0)
[2021.10.02-10.08.23:832][  0]LogInit: Going up to parent DeviceProfile []
[2021.10.02-10.08.23:832][  0]LogConfig: Applying CVar settings from Section [ViewDistanceQuality@3] File [D:/Uni/Advanced Games 2021/Assessment 2/Attempt 2/Week8StartingPoint/Week8StartingPoint/Saved/Config/Windows/Scalability.ini]
[2021.10.02-10.08.23:832][  0]LogConfig: Setting CVar [[r.SkeletalMeshLODBias:0]]
[2021.10.02-10.08.23:832][  0]LogConfig: Setting CVar [[r.ViewDistanceScale:1.0]]
[2021.10.02-10.08.23:833][  0]LogConfig: Applying CVar settings from Section [AntiAliasingQuality@3] File [D:/Uni/Advanced Games 2021/Assessment 2/Attempt 2/Week8StartingPoint/Week8StartingPoint/Saved/Config/Windows/Scalability.ini]
[2021.10.02-10.08.23:833][  0]LogConfig: Setting CVar [[r.PostProcessAAQuality:4]]
[2021.10.02-10.08.23:833][  0]LogConfig: Applying CVar settings from Section [ShadowQuality@3] File [D:/Uni/Advanced Games 2021/Assessment 2/Attempt 2/Week8StartingPoint/Week8StartingPoint/Saved/Config/Windows/Scalability.ini]
[2021.10.02-10.08.23:833][  0]LogConfig: Setting CVar [[r.LightFunctionQuality:1]]
[2021.10.02-10.08.23:833][  0]LogConfig: Setting CVar [[r.ShadowQuality:5]]
[2021.10.02-10.08.23:833][  0]LogConfig: Setting CVar [[r.Shadow.CSM.MaxCascades:10]]
[2021.10.02-10.08.23:833][  0]LogConfig: Setting CVar [[r.Shadow.MaxResolution:2048]]
[2021.10.02-10.08.23:833][  0]LogConfig: Setting CVar [[r.Shadow.MaxCSMResolution:2048]]
[2021.10.02-10.08.23:833][  0]LogConfig: Setting CVar [[r.Shadow.RadiusThreshold:0.01]]
[2021.10.02-10.08.23:833][  0]LogConfig: Setting CVar [[r.Shadow.DistanceScale:1.0]]
[2021.10.02-10.08.23:833][  0]LogConfig: Setting CVar [[r.Shadow.CSM.TransitionScale:1.0]]
[2021.10.02-10.08.23:833][  0]LogConfig: Setting CVar [[r.Shadow.PreShadowResolutionFactor:1.0]]
[2021.10.02-10.08.23:833][  0]LogConfig: Setting CVar [[r.DistanceFieldShadowing:1]]
[2021.10.02-10.08.23:833][  0]LogConfig: Setting CVar [[r.DistanceFieldAO:1]]
[2021.10.02-10.08.23:833][  0]LogConfig: Setting CVar [[r.AOQuality:2]]
[2021.10.02-10.08.23:833][  0]LogConfig: Setting CVar [[r.VolumetricFog:1]]
[2021.10.02-10.08.23:833][  0]LogConfig: Setting CVar [[r.VolumetricFog.GridPixelSize:8]]
[2021.10.02-10.08.23:833][  0]LogConfig: Setting CVar [[r.VolumetricFog.GridSizeZ:128]]
[2021.10.02-10.08.23:833][  0]LogConfig: Setting CVar [[r.VolumetricFog.HistoryMissSupersampleCount:4]]
[2021.10.02-10.08.23:833][  0]LogConfig: Setting CVar [[r.LightMaxDrawDistanceScale:1]]
[2021.10.02-10.08.23:833][  0]LogConfig: Setting CVar [[r.CapsuleShadows:1]]
[2021.10.02-10.08.23:833][  0]LogConfig: Applying CVar settings from Section [PostProcessQuality@3] File [D:/Uni/Advanced Games 2021/Assessment 2/Attempt 2/Week8StartingPoint/Week8StartingPoint/Saved/Config/Windows/Scalability.ini]
[2021.10.02-10.08.23:833][  0]LogConfig: Setting CVar [[r.MotionBlurQuality:4]]
[2021.10.02-10.08.23:833][  0]LogConfig: Setting CVar [[r.AmbientOcclusionMipLevelFactor:0.4]]
[2021.10.02-10.08.23:833][  0]LogConfig: Setting CVar [[r.AmbientOcclusionMaxQuality:100]]
[2021.10.02-10.08.23:833][  0]LogConfig: Setting CVar [[r.AmbientOcclusionLevels:-1]]
[2021.10.02-10.08.23:833][  0]LogConfig: Setting CVar [[r.AmbientOcclusionRadiusScale:1.0]]
[2021.10.02-10.08.23:833][  0]LogConfig: Setting CVar [[r.DepthOfFieldQuality:2]]
[2021.10.02-10.08.23:833][  0]LogConfig: Setting CVar [[r.RenderTargetPoolMin:400]]
[2021.10.02-10.08.23:833][  0]LogConfig: Setting CVar [[r.LensFlareQuality:2]]
[2021.10.02-10.08.23:833][  0]LogConfig: Setting CVar [[r.SceneColorFringeQuality:1]]
[2021.10.02-10.08.23:833][  0]LogConfig: Setting CVar [[r.EyeAdaptationQuality:2]]
[2021.10.02-10.08.23:833][  0]LogConfig: Setting CVar [[r.BloomQuality:5]]
[2021.10.02-10.08.23:833][  0]LogConfig: Setting CVar [[r.FastBlurThreshold:100]]
[2021.10.02-10.08.23:833][  0]LogConfig: Setting CVar [[r.Upscale.Quality:3]]
[2021.10.02-10.08.23:833][  0]LogConfig: Setting CVar [[r.Tonemapper.GrainQuantization:1]]
[2021.10.02-10.08.23:833][  0]LogConfig: Setting CVar [[r.LightShaftQuality:1]]
[2021.10.02-10.08.23:833][  0]LogConfig: Setting CVar [[r.Filter.SizeScale:1]]
[2021.10.02-10.08.23:833][  0]LogConfig: Setting CVar [[r.Tonemapper.Quality:5]]
[2021.10.02-10.08.23:833][  0]LogConfig: Setting CVar [[r.DOF.Gather.AccumulatorQuality:1        ; higher gathering accumulator quality]]
[2021.10.02-10.08.23:833][  0]LogConfig: Setting CVar [[r.DOF.Gather.PostfilterMethod:1          ; Median3x3 postfilering method]]
[2021.10.02-10.08.23:833][  0]LogConfig: Setting CVar [[r.DOF.Gather.EnableBokehSettings:0       ; no bokeh simulation when gathering]]
[2021.10.02-10.08.23:833][  0]LogConfig: Setting CVar [[r.DOF.Gather.RingCount:4                 ; medium number of samples when gathering]]
[2021.10.02-10.08.23:833][  0]LogConfig: Setting CVar [[r.DOF.Scatter.ForegroundCompositing:1    ; additive foreground scattering]]
[2021.10.02-10.08.23:833][  0]LogConfig: Setting CVar [[r.DOF.Scatter.BackgroundCompositing:2    ; additive background scattering]]
[2021.10.02-10.08.23:833][  0]LogConfig: Setting CVar [[r.DOF.Scatter.EnableBokehSettings:1      ; bokeh simulation when scattering]]
[2021.10.02-10.08.23:833][  0]LogConfig: Setting CVar [[r.DOF.Scatter.MaxSpriteRatio:0.1         ; only a maximum of 10% of scattered bokeh]]
[2021.10.02-10.08.23:833][  0]LogConfig: Setting CVar [[r.DOF.Recombine.Quality:1                ; cheap slight out of focus]]
[2021.10.02-10.08.23:833][  0]LogConfig: Setting CVar [[r.DOF.Recombine.EnableBokehSettings:0    ; no bokeh simulation on slight out of focus]]
[2021.10.02-10.08.23:833][  0]LogConfig: Setting CVar [[r.DOF.TemporalAAQuality:1                ; more stable temporal accumulation]]
[2021.10.02-10.08.23:833][  0]LogConfig: Setting CVar [[r.DOF.Kernel.MaxForegroundRadius:0.025]]
[2021.10.02-10.08.23:833][  0]LogConfig: Setting CVar [[r.DOF.Kernel.MaxBackgroundRadius:0.025]]
[2021.10.02-10.08.23:833][  0]LogConfig: Applying CVar settings from Section [TextureQuality@3] File [D:/Uni/Advanced Games 2021/Assessment 2/Attempt 2/Week8StartingPoint/Week8StartingPoint/Saved/Config/Windows/Scalability.ini]
[2021.10.02-10.08.23:833][  0]LogConfig: Setting CVar [[r.Streaming.MipBias:0]]
[2021.10.02-10.08.23:833][  0]LogConfig: Setting CVar [[r.Streaming.AmortizeCPUToGPUCopy:0]]
[2021.10.02-10.08.23:833][  0]LogConfig: Setting CVar [[r.Streaming.MaxNumTexturesToStreamPerFrame:0]]
[2021.10.02-10.08.23:833][  0]LogConfig: Setting CVar [[r.Streaming.Boost:1]]
[2021.10.02-10.08.23:833][  0]LogConfig: Setting CVar [[r.MaxAnisotropy:8]]
[2021.10.02-10.08.23:833][  0]LogConfig: Setting CVar [[r.VT.MaxAnisotropy:8]]
[2021.10.02-10.08.23:833][  0]LogConfig: Setting CVar [[r.Streaming.LimitPoolSizeToVRAM:0]]
[2021.10.02-10.08.23:833][  0]LogConfig: Setting CVar [[r.Streaming.PoolSize:1000]]
[2021.10.02-10.08.23:833][  0]LogConfig: Setting CVar [[r.Streaming.MaxEffectiveScreenSize:0]]
[2021.10.02-10.08.23:833][  0]LogConfig: Applying CVar settings from Section [EffectsQuality@3] File [D:/Uni/Advanced Games 2021/Assessment 2/Attempt 2/Week8StartingPoint/Week8StartingPoint/Saved/Config/Windows/Scalability.ini]
[2021.10.02-10.08.23:833][  0]LogConfig: Setting CVar [[r.TranslucencyLightingVolumeDim:64]]
[2021.10.02-10.08.23:833][  0]LogConfig: Setting CVar [[r.RefractionQuality:2]]
[2021.10.02-10.08.23:833][  0]LogConfig: Setting CVar [[r.SSR.Quality:3]]
[2021.10.02-10.08.23:833][  0]LogConfig: Setting CVar [[r.SSR.HalfResSceneColor:0]]
[2021.10.02-10.08.23:833][  0]LogConfig: Setting CVar [[r.SceneColorFormat:4]]
[2021.10.02-10.08.23:833][  0]LogConfig: Setting CVar [[r.DetailMode:2]]
[2021.10.02-10.08.23:833][  0]LogConfig: Setting CVar [[r.TranslucencyVolumeBlur:1]]
[2021.10.02-10.08.23:833][  0]LogConfig: Setting CVar [[r.MaterialQualityLevel:1 ; High quality]]
[2021.10.02-10.08.23:833][  0]LogConfig: Setting CVar [[r.SSS.Scale:1]]
[2021.10.02-10.08.23:833][  0]LogConfig: Setting CVar [[r.SSS.SampleSet:2]]
[2021.10.02-10.08.23:833][  0]LogConfig: Setting CVar [[r.SSS.Quality:1]]
[2021.10.02-10.08.23:833][  0]LogConfig: Setting CVar [[r.SSS.HalfRes:1]]
[2021.10.02-10.08.23:833][  0]LogConfig: Setting CVar [[r.SSGI.Quality:3]]
[2021.10.02-10.08.23:833][  0]LogConfig: Setting CVar [[r.EmitterSpawnRateScale:1.0]]
[2021.10.02-10.08.23:833][  0]LogConfig: Setting CVar [[r.ParticleLightQuality:2]]
[2021.10.02-10.08.23:833][  0]LogConfig: Setting CVar [[r.SkyAtmosphere.AerialPerspectiveLUT.FastApplyOnOpaque:1 ; Always have FastSkyLUT 1 in this case to avoid wrong sky]]
[2021.10.02-10.08.23:833][  0]LogConfig: Setting CVar [[r.SkyAtmosphere.AerialPerspectiveLUT.SampleCountPerSlice:1]]
[2021.10.02-10.08.23:833][  0]LogConfig: Setting CVar [[r.SkyAtmosphere.AerialPerspectiveLUT.DepthResolution:16.0]]
[2021.10.02-10.08.23:833][  0]LogConfig: Setting CVar [[r.SkyAtmosphere.FastSkyLUT:1]]
[2021.10.02-10.08.23:833][  0]LogConfig: Setting CVar [[r.SkyAtmosphere.FastSkyLUT.SampleCountMin:4.0]]
[2021.10.02-10.08.23:833][  0]LogConfig: Setting CVar [[r.SkyAtmosphere.FastSkyLUT.SampleCountMax:32.0]]
[2021.10.02-10.08.23:833][  0]LogConfig: Setting CVar [[r.SkyAtmosphere.SampleCountMin:4.0]]
[2021.10.02-10.08.23:833][  0]LogConfig: Setting CVar [[r.SkyAtmosphere.SampleCountMax:32.0]]
[2021.10.02-10.08.23:833][  0]LogConfig: Setting CVar [[r.SkyAtmosphere.TransmittanceLUT.UseSmallFormat:0]]
[2021.10.02-10.08.23:833][  0]LogConfig: Setting CVar [[r.SkyAtmosphere.TransmittanceLUT.SampleCount:10.0]]
[2021.10.02-10.08.23:833][  0]LogConfig: Setting CVar [[r.SkyAtmosphere.MultiScatteringLUT.SampleCount:15.0]]
[2021.10.02-10.08.23:833][  0]LogConfig: Applying CVar settings from Section [FoliageQuality@3] File [D:/Uni/Advanced Games 2021/Assessment 2/Attempt 2/Week8StartingPoint/Week8StartingPoint/Saved/Config/Windows/Scalability.ini]
[2021.10.02-10.08.23:834][  0]LogConfig: Setting CVar [[foliage.DensityScale:1.0]]
[2021.10.02-10.08.23:834][  0]LogConfig: Setting CVar [[grass.DensityScale:1.0]]
[2021.10.02-10.08.23:834][  0]LogConfig: Applying CVar settings from Section [ShadingQuality@3] File [D:/Uni/Advanced Games 2021/Assessment 2/Attempt 2/Week8StartingPoint/Week8StartingPoint/Saved/Config/Windows/Scalability.ini]
[2021.10.02-10.08.23:834][  0]LogConfig: Setting CVar [[r.HairStrands.SkyLighting.SampleCount:16]]
[2021.10.02-10.08.23:834][  0]LogConfig: Setting CVar [[r.HairStrands.SkyLighting.JitterIntegration:0]]
[2021.10.02-10.08.23:834][  0]LogConfig: Setting CVar [[r.HairStrands.SkyAO.SampleCount:16]]
[2021.10.02-10.08.23:834][  0]LogConfig: Applying CVar settings from Section [Startup] File [../../../Engine/Config/ConsoleVariables.ini]
[2021.10.02-10.08.23:834][  0]LogConfig: Setting CVar [[net.UseAdaptiveNetUpdateFrequency:0]]
[2021.10.02-10.08.23:834][  0]LogConfig: Setting CVar [[p.chaos.AllowCreatePhysxBodies:1]]
[2021.10.02-10.08.23:834][  0]LogConfig: Applying CVar settings from Section [ConsoleVariables] File [D:/Uni/Advanced Games 2021/Assessment 2/Attempt 2/Week8StartingPoint/Week8StartingPoint/Saved/Config/Windows/Engine.ini]
[2021.10.02-10.08.23:834][  0]LogInit: Computer: DESKTOP-42P0V0P
[2021.10.02-10.08.23:834][  0]LogInit: User: User
[2021.10.02-10.08.23:834][  0]LogInit: CPU Page size=4096, Cores=6
[2021.10.02-10.08.23:834][  0]LogInit: High frequency timer resolution =10.000000 MHz
[2021.10.02-10.08.23:834][  0]LogMemory: Memory total: Physical=16.0GB (16GB approx)
[2021.10.02-10.08.23:834][  0]LogMemory: Platform Memory Stats for Windows
[2021.10.02-10.08.23:834][  0]LogMemory: Process Physical Memory: 105.80 MB used, 105.80 MB peak
[2021.10.02-10.08.23:834][  0]LogMemory: Process Virtual Memory: 100.39 MB used, 100.39 MB peak
[2021.10.02-10.08.23:834][  0]LogMemory: Physical Memory: 11377.33 MB used,  4956.18 MB free, 16333.51 MB total
[2021.10.02-10.08.23:834][  0]LogMemory: Virtual Memory: 5133.39 MB used,  134212592.00 MB free, 134217728.00 MB total
[2021.10.02-10.08.23:837][  0]LogWindows: WindowsPlatformFeatures enabled
[2021.10.02-10.08.24:004][  0]LogInit: Using OS detected language (en-US).
[2021.10.02-10.08.24:005][  0]LogInit: Using OS detected locale (en-AU).
[2021.10.02-10.08.24:005][  0]LogTextLocalizationManager: No specific localization for 'en-US' exists, so the 'en' localization will be used.
[2021.10.02-10.08.24:430][  0]LogInit: Setting process to per monitor DPI aware
[2021.10.02-10.08.24:498][  0]LogSlate: New Slate User Created.  User Index 0, Is Virtual User: 0
[2021.10.02-10.08.24:498][  0]LogSlate: Slate User Registered.  User Index 0, Is Virtual User: 0
[2021.10.02-10.08.24:777][  0]LogHMD: Failed to initialize OpenVR with code 110
[2021.10.02-10.08.24:777][  0]LogD3D11RHI: D3D11 min allowed feature level: 11_0
[2021.10.02-10.08.24:777][  0]LogD3D11RHI: D3D11 max allowed feature level: 11_0
[2021.10.02-10.08.24:777][  0]LogD3D11RHI: D3D11 adapters:
[2021.10.02-10.08.24:982][  0]LogD3D11RHI:    0. 'NVIDIA GeForce RTX 2060' (Feature Level 11_0)
[2021.10.02-10.08.24:982][  0]LogD3D11RHI:       5967/0/8166 MB DedicatedVideo/DedicatedSystem/SharedSystem, Outputs:1, VendorId:0x10de
[2021.10.02-10.08.24:986][  0]LogD3D11RHI:    1. 'Microsoft Basic Render Driver' (Feature Level 11_0)
[2021.10.02-10.08.24:986][  0]LogD3D11RHI:       0/0/8166 MB DedicatedVideo/DedicatedSystem/SharedSystem, Outputs:0, VendorId:0x1414
[2021.10.02-10.08.24:986][  0]LogD3D11RHI: Chosen D3D11 Adapter: 0
[2021.10.02-10.08.24:994][  0]LogD3D11RHI: Creating new Direct3DDevice
[2021.10.02-10.08.24:994][  0]LogD3D11RHI:     GPU DeviceId: 0x1e89 (for the marketing name, search the web for "GPU Device Id")
[2021.10.02-10.08.24:994][  0]LogWindows: EnumDisplayDevices:
[2021.10.02-10.08.24:995][  0]LogWindows:    0. 'NVIDIA GeForce RTX 2060' (P:1 D:1)
[2021.10.02-10.08.24:995][  0]LogWindows:    1. 'NVIDIA GeForce RTX 2060' (P:0 D:0)
[2021.10.02-10.08.24:995][  0]LogWindows:    2. 'NVIDIA GeForce RTX 2060' (P:0 D:0)
[2021.10.02-10.08.24:995][  0]LogWindows:    3. 'NVIDIA GeForce RTX 2060' (P:0 D:0)
[2021.10.02-10.08.24:995][  0]LogWindows: DebugString: FoundDriverCount:4 
[2021.10.02-10.08.24:995][  0]LogD3D11RHI:     Adapter Name: NVIDIA GeForce RTX 2060
[2021.10.02-10.08.24:996][  0]LogD3D11RHI:   Driver Version: 471.11 (internal:30.0.14.7111, unified:471.11)
[2021.10.02-10.08.24:996][  0]LogD3D11RHI:      Driver Date: 6-21-2021
[2021.10.02-10.08.24:996][  0]LogRHI: Texture pool is 4176 MB (70% of 5967 MB)
[2021.10.02-10.08.25:128][  0]LogD3D11RHI: RHI has support for 64 bit atomics
[2021.10.02-10.08.25:128][  0]LogD3D11RHI: Async texture creation enabled
[2021.10.02-10.08.25:143][  0]LogD3D11RHI: GPU Timing Frequency: 1000.000000 (Debug: 2 1)
[2021.10.02-10.08.25:413][  0]LogTargetPlatformManager: Display: Loaded TargetPlatform 'AllDesktop'
[2021.10.02-10.08.25:450][  0]LogTargetPlatformManager: Display: Loaded TargetPlatform 'Android'
[2021.10.02-10.08.25:450][  0]LogTargetPlatformManager: Display: Loaded TargetPlatform 'Android_ASTC'
[2021.10.02-10.08.25:450][  0]LogTargetPlatformManager: Display: Loaded TargetPlatform 'Android_ATC'
[2021.10.02-10.08.25:450][  0]LogTargetPlatformManager: Display: Loaded TargetPlatform 'Android_DXT'
[2021.10.02-10.08.25:450][  0]LogTargetPlatformManager: Display: Loaded TargetPlatform 'Android_ETC1'
[2021.10.02-10.08.25:450][  0]LogTargetPlatformManager: Display: Loaded TargetPlatform 'Android_ETC1a'
[2021.10.02-10.08.25:450][  0]LogTargetPlatformManager: Display: Loaded TargetPlatform 'Android_ETC2'
[2021.10.02-10.08.25:450][  0]LogTargetPlatformManager: Display: Loaded TargetPlatform 'Android_PVRTC'
[2021.10.02-10.08.25:450][  0]LogTargetPlatformManager: Display: Loaded TargetPlatform 'AndroidClient'
[2021.10.02-10.08.25:450][  0]LogTargetPlatformManager: Display: Loaded TargetPlatform 'Android_ASTCClient'
[2021.10.02-10.08.25:450][  0]LogTargetPlatformManager: Display: Loaded TargetPlatform 'Android_ATCClient'
[2021.10.02-10.08.25:450][  0]LogTargetPlatformManager: Display: Loaded TargetPlatform 'Android_DXTClient'
[2021.10.02-10.08.25:450][  0]LogTargetPlatformManager: Display: Loaded TargetPlatform 'Android_ETC1Client'
[2021.10.02-10.08.25:450][  0]LogTargetPlatformManager: Display: Loaded TargetPlatform 'Android_ETC1aClient'
[2021.10.02-10.08.25:450][  0]LogTargetPlatformManager: Display: Loaded TargetPlatform 'Android_ETC2Client'
[2021.10.02-10.08.25:450][  0]LogTargetPlatformManager: Display: Loaded TargetPlatform 'Android_PVRTCClient'
[2021.10.02-10.08.25:450][  0]LogTargetPlatformManager: Display: Loaded TargetPlatform 'Android_Multi'
[2021.10.02-10.08.25:450][  0]LogTargetPlatformManager: Display: Loaded TargetPlatform 'Android_MultiClient'
[2021.10.02-10.08.25:487][  0]LogTargetPlatformManager: Display: Loaded TargetPlatform 'IOSClient'
[2021.10.02-10.08.25:487][  0]LogTargetPlatformManager: Display: Loaded TargetPlatform 'IOS'
[2021.10.02-10.08.25:494][  0]LogTargetPlatformManager: Display: Loaded TargetPlatform 'LinuxNoEditor'
[2021.10.02-10.08.25:500][  0]LogTargetPlatformManager: Display: Loaded TargetPlatform 'LinuxClient'
[2021.10.02-10.08.25:506][  0]LogTargetPlatformManager: Display: Loaded TargetPlatform 'LinuxServer'
[2021.10.02-10.08.25:512][  0]LogTargetPlatformManager: Display: Loaded TargetPlatform 'LinuxAArch64NoEditor'
[2021.10.02-10.08.25:518][  0]LogTargetPlatformManager: Display: Loaded TargetPlatform 'LinuxAArch64Client'
[2021.10.02-10.08.25:524][  0]LogTargetPlatformManager: Display: Loaded TargetPlatform 'LinuxAArch64Server'
[2021.10.02-10.08.25:543][  0]LogTargetPlatformManager: Display: Loaded TargetPlatform 'Lumin'
[2021.10.02-10.08.25:544][  0]LogTargetPlatformManager: Display: Loaded TargetPlatform 'LuminClient'
[2021.10.02-10.08.25:556][  0]LogTargetPlatformManager: Display: Loaded TargetPlatform 'TVOSClient'
[2021.10.02-10.08.25:556][  0]LogTargetPlatformManager: Display: Loaded TargetPlatform 'TVOS'
[2021.10.02-10.08.25:563][  0]LogTargetPlatformManager: Display: Loaded TargetPlatform 'WindowsNoEditor'
[2021.10.02-10.08.25:585][  0]LogTargetPlatformManager: Display: Loaded TargetPlatform 'Windows'
[2021.10.02-10.08.25:591][  0]LogTargetPlatformManager: Display: Loaded TargetPlatform 'WindowsClient'
[2021.10.02-10.08.25:597][  0]LogTargetPlatformManager: Display: Loaded TargetPlatform 'WindowsServer'
[2021.10.02-10.08.25:597][  0]LogTargetPlatformManager: Display: Building Assets For Windows
[2021.10.02-10.08.25:617][  0]LogAudioDebug: Display: Lib vorbis DLL was dynamically loaded.
[2021.10.02-10.08.25:728][  0]LogShaderCompilers: Guid format shader working directory is -55 characters bigger than the processId version (../../../../../Uni/Advanced Games 2021/Assessment 2/Attempt 2/Week8StartingPoint/Week8StartingPoint/Intermediate/Shaders/WorkingDirectory/21516/).
[2021.10.02-10.08.25:728][  0]LogShaderCompilers: Cleaned the shader compiler working directory 'C:/Users/User/AppData/Local/Temp/UnrealShaderWorkingDir/3EAD805E469C69238BFA37A930A63712/'.
[2021.10.02-10.08.25:728][  0]LogXGEController: Cleaning working directory: C:/Users/User/AppData/Local/Temp/UnrealXGEWorkingDir/
[2021.10.02-10.08.25:728][  0]LogXGEController: Cannot use XGE Controller as Incredibuild is not installed on this machine.
[2021.10.02-10.08.25:728][  0]LogShaderCompilers: Cannot use XGE Shader Compiler as Incredibuild is not installed on this machine.
[2021.10.02-10.08.25:728][  0]LogShaderCompilers: Display: Using Local Shader Compiler.
[2021.10.02-10.08.26:635][  0]LogDerivedDataCache: Display: Max Cache Size: 512 MB
[2021.10.02-10.08.26:677][  0]LogDerivedDataCache: Loaded boot cache 0.04s 78MB C:/Users/User/AppData/Local/UnrealEngine/4.24/DerivedDataCache/Boot.ddc.
[2021.10.02-10.08.26:677][  0]LogDerivedDataCache: Display: Loaded Boot cache: C:/Users/User/AppData/Local/UnrealEngine/4.24/DerivedDataCache/Boot.ddc
[2021.10.02-10.08.26:677][  0]LogDerivedDataCache: FDerivedDataBackendGraph:  Pak pak cache file ../../../../../Uni/Advanced Games 2021/Assessment 2/Attempt 2/Week8StartingPoint/Week8StartingPoint/DerivedDataCache/DDC.ddp not found, will not use a pak cache.
[2021.10.02-10.08.26:677][  0]LogDerivedDataCache: Unable to find inner node Pak for hierarchical cache Hierarchy.
[2021.10.02-10.08.26:677][  0]LogDerivedDataCache: FDerivedDataBackendGraph:  CompressedPak pak cache file ../../../../../Uni/Advanced Games 2021/Assessment 2/Attempt 2/Week8StartingPoint/Week8StartingPoint/DerivedDataCache/Compressed.ddp not found, will not use a pak cache.
[2021.10.02-10.08.26:677][  0]LogDerivedDataCache: Unable to find inner node CompressedPak for hierarchical cache Hierarchy.
[2021.10.02-10.08.26:687][  0]LogDerivedDataCache: Display: Pak cache opened for reading ../../../Engine/DerivedDataCache/Compressed.ddp.
[2021.10.02-10.08.26:688][  0]LogDerivedDataCache: FDerivedDataBackendGraph:  EnterprisePak pak cache file ../../../Enterprise/DerivedDataCache/Compressed.ddp not found, will not use a pak cache.
[2021.10.02-10.08.26:688][  0]LogDerivedDataCache: Unable to find inner node EnterprisePak for hierarchical cache Hierarchy.
[2021.10.02-10.08.26:689][  0]LogDerivedDataCache: Using Local data cache path C:/Users/User/AppData/Local/UnrealEngine/Common/DerivedDataCache: Writable
[2021.10.02-10.08.26:689][  0]LogDerivedDataCache: Shared data cache path not found in *engine.ini, will not use an Shared cache.
[2021.10.02-10.08.26:689][  0]LogDerivedDataCache: Unable to find inner node Shared for hierarchical cache Hierarchy.
[2021.10.02-10.08.26:711][  0]LogMaterial: Verifying Global Shaders for PCD3D_SM5
[2021.10.02-10.08.26:713][  0]LogSlate: Using FreeType 2.10.0
[2021.10.02-10.08.26:714][  0]LogSlate: SlateFontServices - WITH_FREETYPE: 1, WITH_HARFBUZZ: 1
[2021.10.02-10.08.26:756][  0]LogAssetRegistry: FAssetRegistry took 0.0025 seconds to start up
[2021.10.02-10.08.27:018][  0]LogInit: Selected Device Profile: [Windows]
[2021.10.02-10.08.27:146][  0]LogMeshReduction: Using QuadricMeshReduction for automatic static mesh reduction
[2021.10.02-10.08.27:146][  0]LogMeshReduction: Using SimplygonMeshReduction for automatic skeletal mesh reduction
[2021.10.02-10.08.27:146][  0]LogMeshReduction: Using ProxyLODMeshReduction for automatic mesh merging
[2021.10.02-10.08.27:146][  0]LogMeshReduction: No distributed automatic mesh merging module available
[2021.10.02-10.08.27:146][  0]LogMeshMerging: No distributed automatic mesh merging module available
[2021.10.02-10.08.27:156][  0]LogNetVersion: AdvGamesProgramming 1.0.0, NetCL: 10570792, EngineNetVer: 13, GameNetVer: 0 (Checksum: 489682494)
[2021.10.02-10.08.27:993][  0]LogPackageLocalizationCache: Processed 10 localized package path(s) for 1 prioritized culture(s) in 0.034091 seconds
[2021.10.02-10.08.27:999][  0]LogUObjectArray: 46750 objects as part of root set at end of initial load.
[2021.10.02-10.08.27:999][  0]LogUObjectAllocator: 8137160 out of 0 bytes used by permanent object pool.
[2021.10.02-10.08.27:999][  0]LogUObjectArray: CloseDisregardForGC: 0/0 objects in disregard for GC pool
[2021.10.02-10.08.28:346][  0]LogTcpMessaging: Initializing TcpMessaging bridge
[2021.10.02-10.08.28:349][  0]LogUdpMessaging: Initializing bridge on interface 0.0.0.0:0 to multicast group 230.0.0.1:6666.
[2021.10.02-10.08.28:399][  0]SourceControl: Source control is disabled
[2021.10.02-10.08.28:399][  0]SourceControl: Source control is disabled
[2021.10.02-10.08.28:400][  0]SourceControl: Source control is disabled
[2021.10.02-10.08.28:401][  0]SourceControl: Source control is disabled
[2021.10.02-10.08.28:402][  0]SourceControl: Source control is disabled
[2021.10.02-10.08.28:471][  0]LogAndroidPermission: UAndroidPermissionCallbackProxy::GetInstance
[2021.10.02-10.08.28:480][  0]LogAudioCaptureCore: Display: No Audio Capture implementations found. Audio input will be silent.
[2021.10.02-10.08.28:480][  0]LogAudioCaptureCore: Display: No Audio Capture implementations found. Audio input will be silent.
[2021.10.02-10.08.28:554][  0]LogOcInput: OculusInput pre-init called
[2021.10.02-10.08.28:561][  0]LogWindows: Failed to load 'OVRPlugin.dll' (GetLastError=126)
[2021.10.02-10.08.28:561][  0]LogWindows: File 'OVRPlugin.dll' does not exist
[2021.10.02-10.08.28:624][  0]LogEngine: Initializing Engine...
[2021.10.02-10.08.28:625][  0]LogHMD: Failed to initialize OpenVR with code 110
[2021.10.02-10.08.28:626][  0]LogStats: UGameplayTagsManager::InitializeManager -  0.000 s
[2021.10.02-10.08.28:907][  0]LogInit: Initializing FReadOnlyCVARCache
[2021.10.02-10.08.28:913][  0]LogAIModule: Creating AISystem for world Untitled
[2021.10.02-10.08.28:926][  0]LogAudioMixer: Display: Audio Mixer Platform Settings:
[2021.10.02-10.08.28:926][  0]LogAudioMixer: Display: 	Sample Rate:						  48000
[2021.10.02-10.08.28:926][  0]LogAudioMixer: Display: 	Callback Buffer Frame Size Requested: 1024
[2021.10.02-10.08.28:926][  0]LogAudioMixer: Display: 	Callback Buffer Frame Size To Use:	  1024
[2021.10.02-10.08.28:926][  0]LogAudioMixer: Display: 	Number of buffers to queue:			  2
[2021.10.02-10.08.28:926][  0]LogAudioMixer: Display: 	Max Channels (voices):				  32
[2021.10.02-10.08.28:926][  0]LogAudioMixer: Display: 	Number of Async Source Workers:		  0
[2021.10.02-10.08.28:926][  0]LogAudio: Display: AudioDevice MaxSources: 32
[2021.10.02-10.08.28:926][  0]LogAudio: Display: Using built-in audio occlusion.
[2021.10.02-10.08.28:926][  0]LogAudioMixer: Display: Initializing audio mixer.
[2021.10.02-10.08.28:939][  0]LogAudioMixer: Display: Audio Device Output Speaker Info:
[2021.10.02-10.08.28:939][  0]LogAudioMixer: Display: Name: Headset Earphone (HyperX Virtual Surround Sound)
[2021.10.02-10.08.28:939][  0]LogAudioMixer: Display: Is Default: Yes
[2021.10.02-10.08.28:939][  0]LogAudioMixer: Display: Sample Rate: 48000
[2021.10.02-10.08.28:939][  0]LogAudioMixer: Display: Channel Count Used: 2
[2021.10.02-10.08.28:939][  0]LogAudioMixer: Display: Device Channel Count: 2
[2021.10.02-10.08.28:939][  0]LogAudioMixer: Display: Channel Order:
[2021.10.02-10.08.28:939][  0]LogAudioMixer: Display: 0: FrontLeft
[2021.10.02-10.08.28:940][  0]LogAudioMixer: Display: 1: FrontRight
[2021.10.02-10.08.28:954][  0]LogAudioMixer: Display: Using Audio Device Headset Earphone (HyperX Virtual Surround Sound)
[2021.10.02-10.08.28:958][  0]LogInit: FAudioDevice initialized.
[2021.10.02-10.08.28:958][  0]LogNetVersion: Set ProjectVersion to 1.0.0.0. Version Checksum will be recalculated on next use.
[2021.10.02-10.08.29:012][  0]LogDerivedDataCache: Saved boot cache 0.05s 78MB C:/Users/User/AppData/Local/UnrealEngine/4.24/DerivedDataCache/Boot.ddc.
[2021.10.02-10.08.29:013][  0]LogInit: Texture streaming: Enabled
[2021.10.02-10.08.29:040][  0]LogEngineSessionManager: EngineSessionManager initialized
[2021.10.02-10.08.29:041][  0]LogEngineSessionManager: EngineSessionManager sent abnormal shutdown report. Type=Crashed, SessionId={0F3C8D45-49CB-6CF3-C622-B197E994648E}
[2021.10.02-10.08.29:041][  0]LogEditorSessionSummary: Verbose: Initializing EditorSessionSummaryWriter for editor session tracking
[2021.10.02-10.08.29:049][  0]LogEditorSessionSummary: EditorSessionSummaryWriter initialized
[2021.10.02-10.08.29:096][  0]LogInit: Transaction tracking system initialized
[2021.10.02-10.08.29:106][  0]BlueprintLog: New page: Editor Load
[2021.10.02-10.08.29:131][  0]LocalizationService: Localization service is disabled
[2021.10.02-10.08.29:165][  0]LogLinker: Warning: Failed to load '/Game/ThirdPersonBP/ThirdPersonOverview': Can't find file.
[2021.10.02-10.08.29:165][  0]LogLinker: Warning: Failed to load '/Game/ThirdPersonBP/ThirdPersonOverview': Can't find file.
[2021.10.02-10.08.29:165][  0]LogUObjectGlobals: Warning: Failed to find object 'Class /Game/ThirdPersonBP/ThirdPersonOverview.ThirdPersonOverview_C'
[2021.10.02-10.08.29:376][  0]LogFileCache: Scanning file cache for directory 'D:/Uni/Advanced Games 2021/Assessment 2/Attempt 2/Week8StartingPoint/Week8StartingPoint/Content/' took 0.00s
[2021.10.02-10.08.29:376][  0]LogCook: Display: Max memory allowance for cook 16384mb min free memory 0mb
[2021.10.02-10.08.29:376][  0]LogCook: Display: Mobile HDR setting 1
[2021.10.02-10.08.29:891][  0]SourceControl: Source control is disabled
[2021.10.02-10.08.29:892][  0]Cmd: MAP LOAD FILE="../../../../../Uni/Advanced Games 2021/Assessment 2/Attempt 2/Week8StartingPoint/Week8StartingPoint/Content/Levels/TestingMap.umap" TEMPLATE=0 SHOWPROGRESS=1 FEATURELEVEL=3
[2021.10.02-10.08.29:892][  0]LightingResults: New page: Lighting Build
[2021.10.02-10.08.29:892][  0]LogWorld: UWorld::CleanupWorld for Untitled, bSessionEnded=true, bCleanupResources=true
[2021.10.02-10.08.29:892][  0]LogSlate: InvalidateAllWidgets triggered.  All widgets were invalidated
[2021.10.02-10.08.29:892][  0]MapCheck: New page: Map Check
[2021.10.02-10.08.29:893][  0]LightingResults: New page: Lighting Build
[2021.10.02-10.08.29:916][  0]LogUObjectHash: Compacting FUObjectHashTables data took   1.67ms
[2021.10.02-10.08.30:009][  0]LogBlueprint: Warning: [Compiler Ue4ASP_Character] InputAction Event references unknown Action 'Crouch' for  InputAction Crouch
[2021.10.02-10.08.30:009][  0]LogBlueprint: Warning: [Compiler Ue4ASP_Character] Input Axis Event references unknown Axis 'MoveRight' for  InputAxis MoveRight
[2021.10.02-10.08.30:359][  0]LogAIModule: Creating AISystem for world TestingMap
[2021.10.02-10.08.30:376][  0]LogEditorServer: Finished looking for orphan Actors (0.000 secs)
[2021.10.02-10.08.30:399][  0]LogUObjectHash: Compacting FUObjectHashTables data took   2.21ms
[2021.10.02-10.08.30:399][  0]Cmd: MAP CHECKDEP NOCLEARLOG
[2021.10.02-10.08.30:399][  0]MapCheck: Map check complete: 0 Error(s), 0 Warning(s), took 0.117ms to complete.
[2021.10.02-10.08.30:400][  0]LogFileHelpers: Loading map 'TestingMap' took 0.508
[2021.10.02-10.08.30:514][  0]LogSlate: Updating window title bar state: overlay mode, drag disabled, window buttons hidden, title bar hidden
[2021.10.02-10.08.30:520][  0]LogSlate: Updating window title bar state: overlay mode, drag disabled, window buttons hidden, title bar hidden
[2021.10.02-10.08.30:525][  0]LogSlate: Updating window title bar state: overlay mode, drag disabled, window buttons hidden, title bar hidden
[2021.10.02-10.08.30:530][  0]LogSlate: Updating window title bar state: overlay mode, drag disabled, window buttons hidden, title bar hidden
[2021.10.02-10.08.30:534][  0]LogCollectionManager: Loaded 0 collections in 0.000670 seconds
[2021.10.02-10.08.30:546][  0]LogFileCache: Scanning file cache for directory 'D:/Uni/Advanced Games 2021/Assessment 2/Attempt 2/Week8StartingPoint/Week8StartingPoint/Saved/Collections/' took 0.00s
[2021.10.02-10.08.30:546][  0]LogFileCache: Scanning file cache for directory 'D:/Uni/Advanced Games 2021/Assessment 2/Attempt 2/Week8StartingPoint/Week8StartingPoint/Content/Developers/User/Collections/' took 0.00s
[2021.10.02-10.08.30:546][  0]LogFileCache: Scanning file cache for directory 'D:/Uni/Advanced Games 2021/Assessment 2/Attempt 2/Week8StartingPoint/Week8StartingPoint/Content/Collections/' took 0.00s
[2021.10.02-10.08.30:547][  0]LogContentBrowser: Native class hierarchy populated in 0.0083 seconds. Added 3026 classes and 719 folders.
[2021.10.02-10.08.30:548][  0]LogContentBrowser: Native class hierarchy updated for 'WidgetCarousel' in 0.0002 seconds. Added 0 classes and 0 folders.
[2021.10.02-10.08.30:586][  0]LogContentBrowser: Native class hierarchy updated for 'AddContentDialog' in 0.0003 seconds. Added 0 classes and 0 folders.
[2021.10.02-10.08.30:592][  0]LogContentBrowser: Native class hierarchy updated for 'SceneOutliner' in 0.0004 seconds. Added 2 classes and 3 folders.
[2021.10.02-10.08.31:651][  0]LogSlate: Took 0.000129 seconds to synchronously load lazily loaded font '../../../Engine/Content/Slate/Fonts/Roboto-Regular.ttf' (155K)
[2021.10.02-10.08.31:653][  0]LogSlate: Took 0.000112 seconds to synchronously load lazily loaded font '../../../Engine/Content/Slate/Fonts/Roboto-Bold.ttf' (160K)
[2021.10.02-10.08.31:657][  0]LogSlate: Took 0.000127 seconds to synchronously load lazily loaded font '../../../Engine/Content/Editor/Slate/Fonts/FontAwesome.ttf' (139K)
[2021.10.02-10.08.31:719][  0]LogRenderer: Reallocating scene render targets to support 1024x572 Format 10 NumSamples 1 (Frame:1).
[2021.10.02-10.08.31:843][  0]LogContentBrowser: Native class hierarchy updated for 'HierarchicalLODOutliner' in 0.0004 seconds. Added 0 classes and 0 folders.
[2021.10.02-10.08.31:843][  0]LogLoad: (Engine Initialization) Total time: 9.39 seconds
[2021.10.02-10.08.31:843][  0]LogLoad: (Engine Initialization) Total Blueprint compile time: 0.00 seconds
[2021.10.02-10.08.31:893][  0]LogAssetRegistry: Asset discovery search completed in 5.1389 seconds
[2021.10.02-10.08.31:896][  0]LogCollectionManager: Fixed up redirectors for 0 collections in 0.000005 seconds (updated 0 objects)
[2021.10.02-10.08.31:897][  0]LogContentStreaming: Texture pool size now 1000 MB
[2021.10.02-10.08.31:913][  0]LogSlate: Took 0.000173 seconds to synchronously load lazily loaded font '../../../Engine/Content/Slate/Fonts/Roboto-Light.ttf' (167K)
[2021.10.02-10.08.32:879][106]LogSlate: Took 0.000232 seconds to synchronously load lazily loaded font '../../../Engine/Content/Slate/Fonts/Roboto-Light.ttf' (167K)
[2021.10.02-10.09.42:084][353]LogSlate: Window 'Project Settings' being destroyed
[2021.10.02-10.09.42:087][353]LogSlate: Window 'Project Settings' being destroyed
[2021.10.02-10.10.24:515][980]LogAssetEditorSubsystem: Opening Asset editor for Blueprint /Game/Blueprints/GunBlueprint.GunBlueprint
[2021.10.02-10.10.24:651][980]LogContentBrowser: Native class hierarchy updated for 'BlueprintGraph' in 0.0006 seconds. Added 121 classes and 0 folders.
[2021.10.02-10.10.25:358][980]LogSlate: Took 0.000202 seconds to synchronously load lazily loaded font '../../../Engine/Content/Slate/Fonts/Roboto-BoldCondensed.ttf' (158K)
[2021.10.02-10.10.25:420][981]LogSlate: Took 0.000192 seconds to synchronously load lazily loaded font '../../../Engine/Content/Slate/Fonts/Roboto-Italic.ttf' (157K)
[2021.10.02-10.10.32:144][630]BlueprintLog: New page: Compile GunBlueprint
[2021.10.02-10.10.32:411][630]LogUObjectHash: Compacting FUObjectHashTables data took   3.30ms
[2021.10.02-10.10.32:416][630]LogActorComponent: RegisterComponentWithWorld: (/Game/Levels/TestingMap.TestingMap:PersistentLevel.DESTROYED_GunBlueprint_C_CHILDACTOR_4.DefaultSceneRoot) Trying to register component with IsPendingKill() == true. Aborting.
[2021.10.02-10.10.32:417][630]LogActorComponent: RegisterComponentWithWorld: (/Engine/Transient.World_2:PersistentLevel.DESTROYED_GunBlueprint_C_CHILDACTOR_1.DefaultSceneRoot) Trying to register component with IsPendingKill() == true. Aborting.
[2021.10.02-10.10.32:418][630]LogActorComponent: RegisterComponentWithWorld: (/Engine/Transient.World_4:PersistentLevel.DESTROYED_GunBlueprint_C_CHILDACTOR_1.DefaultSceneRoot) Trying to register component with IsPendingKill() == true. Aborting.
[2021.10.02-10.10.32:431][630]LogActorComponent: RegisterComponentWithWorld: (/Game/Levels/TestingMap.TestingMap:PersistentLevel.DESTROYED_GunBlueprint_C_CHILDACTOR_6.DefaultSceneRoot) Trying to register component with IsPendingKill() == true. Aborting.
[2021.10.02-10.10.32:432][630]LogActorComponent: RegisterComponentWithWorld: (/Engine/Transient.World_2:PersistentLevel.DESTROYED_GunBlueprint_C_CHILDACTOR_3.DefaultSceneRoot) Trying to register component with IsPendingKill() == true. Aborting.
[2021.10.02-10.10.32:433][630]LogActorComponent: RegisterComponentWithWorld: (/Engine/Transient.World_4:PersistentLevel.DESTROYED_GunBlueprint_C_CHILDACTOR_3.DefaultSceneRoot) Trying to register component with IsPendingKill() == true. Aborting.
[2021.10.02-10.10.35:588][959]LogTemp: Repeating last play command: Selected Viewport
[2021.10.02-10.10.35:602][959]LogPlayLevel: PlayLevel: No blueprints needed recompiling
[2021.10.02-10.10.35:603][959]PIE: New page: PIE session: TestingMap (3 Oct 2021, 7:10:35 am)
[2021.10.02-10.10.35:604][959]LogOnline: OSS: Creating online subsystem instance for: NULL
[2021.10.02-10.10.35:605][959]LogOnline: OSS: TryLoadSubsystemAndSetDefault: Loaded subsystem for module [NULL]
[2021.10.02-10.10.35:605][959]LogPlayLevel: Creating play world package: /Game/Levels/UEDPIE_0_TestingMap
[2021.10.02-10.10.35:619][959]LogPlayLevel: PIE: StaticDuplicateObject took: (0.013663s)
[2021.10.02-10.10.35:619][959]LogAIModule: Creating AISystem for world TestingMap
[2021.10.02-10.10.35:620][959]LogPlayLevel: PIE: World Init took: (0.000845s)
[2021.10.02-10.10.35:620][959]LogPlayLevel: PIE: Created PIE world by copying editor world from /Game/Levels/TestingMap.TestingMap to /Game/Levels/UEDPIE_0_TestingMap.TestingMap (0.014709s)
[2021.10.02-10.10.35:651][959]LogUObjectHash: Compacting FUObjectHashTables data took   3.50ms
[2021.10.02-10.10.35:653][959]LogAudioMixer: Display: Audio Mixer Platform Settings:
[2021.10.02-10.10.35:653][959]LogAudioMixer: Display: 	Sample Rate:						  48000
[2021.10.02-10.10.35:653][959]LogAudioMixer: Display: 	Callback Buffer Frame Size Requested: 1024
[2021.10.02-10.10.35:653][959]LogAudioMixer: Display: 	Callback Buffer Frame Size To Use:	  1024
[2021.10.02-10.10.35:653][959]LogAudioMixer: Display: 	Number of buffers to queue:			  2
[2021.10.02-10.10.35:653][959]LogAudioMixer: Display: 	Max Channels (voices):				  32
[2021.10.02-10.10.35:653][959]LogAudioMixer: Display: 	Number of Async Source Workers:		  0
[2021.10.02-10.10.35:653][959]LogAudio: Display: AudioDevice MaxSources: 32
[2021.10.02-10.10.35:653][959]LogAudio: Display: Using built-in audio occlusion.
[2021.10.02-10.10.35:653][959]LogAudioMixer: Display: Initializing audio mixer.
[2021.10.02-10.10.35:661][959]LogAudioMixer: Display: Audio Device Output Speaker Info:
[2021.10.02-10.10.35:661][959]LogAudioMixer: Display: Name: Headset Earphone (HyperX Virtual Surround Sound)
[2021.10.02-10.10.35:661][959]LogAudioMixer: Display: Is Default: Yes
[2021.10.02-10.10.35:661][959]LogAudioMixer: Display: Sample Rate: 48000
[2021.10.02-10.10.35:661][959]LogAudioMixer: Display: Channel Count Used: 2
[2021.10.02-10.10.35:661][959]LogAudioMixer: Display: Device Channel Count: 2
[2021.10.02-10.10.35:661][959]LogAudioMixer: Display: Channel Order:
[2021.10.02-10.10.35:661][959]LogAudioMixer: Display: 0: FrontLeft
[2021.10.02-10.10.35:661][959]LogAudioMixer: Display: 1: FrontRight
[2021.10.02-10.10.35:669][959]LogAudioMixer: Display: Using Audio Device Headset Earphone (HyperX Virtual Surround Sound)
[2021.10.02-10.10.35:671][959]LogInit: FAudioDevice initialized.
[2021.10.02-10.10.35:679][959]LogLoad: Game class is 'GameModeBase'
[2021.10.02-10.10.35:682][959]LogWorld: Bringing World /Game/Levels/UEDPIE_0_TestingMap.TestingMap up for play (max tick rate 0) at 2021.10.02-20.10.35
[2021.10.02-10.10.35:682][959]LogWorld: Bringing up level for play took: 0.002385
[2021.10.02-10.10.35:682][959]LogOnline: OSS: Creating online subsystem instance for: :Context_7
[2021.10.02-10.10.35:685][959]LogContentBrowser: Native class hierarchy updated for 'MovieSceneCapture' in 0.0003 seconds. Added 20 classes and 0 folders.
[2021.10.02-10.10.35:685][959]LogTemp: Warning: X=1000.000 Y=-250.000 Z=50.000
[2021.10.02-10.10.35:687][959]PIE: Play in editor start time for /Game/Levels/UEDPIE_0_TestingMap 0.669
[2021.10.02-10.10.35:688][959]LogTemp: Warning: Player Detected
[2021.10.02-10.10.35:689][959]LogTemp: Warning: Player Detected
[2021.10.02-10.10.36:018][964]LogBlueprintUserMessages: [Gun_GEN_VARIABLE_GunBlueprint_C_CAT_0] Nothing with health has been hit
[2021.10.02-10.10.36:070][969]LogTemp: Warning: Player Lost
[2021.10.02-10.10.36:070][969]LogTemp: Warning: Player Lost
[2021.10.02-10.10.37:156][ 95]LogTemp: Warning: Player Detected
[2021.10.02-10.10.37:156][ 95]LogTemp: Warning: Player Detected
[2021.10.02-10.10.39:809][413]LogTemp: Warning: Player Detected
[2021.10.02-10.10.40:092][447]LogTemp: Warning: Player Lost
[2021.10.02-10.10.40:117][450]LogTemp: Warning: Player Lost
[2021.10.02-10.10.40:367][480]LogTemp: Warning: Player Detected
[2021.10.02-10.10.40:408][485]LogBlueprintUserMessages: [Gun_GEN_VARIABLE_GunBlueprint_C_CAT_0] Nothing with health has been hit
[2021.10.02-10.10.40:433][488]LogTemp: Warning: Player Detected
[2021.10.02-10.10.40:935][548]LogTemp: Warning: On Take Damage Works
[2021.10.02-10.10.40:935][548]LogBlueprintUserMessages: [Gun_GEN_VARIABLE_GunBlueprint_C_CAT_0] 80.0
[2021.10.02-10.10.41:169][576]LogTemp: Warning: Player Lost
[2021.10.02-10.10.41:327][595]LogTemp: Warning: Player Lost
[2021.10.02-10.10.42:905][784]LogTemp: Warning: Player Detected
[2021.10.02-10.10.42:922][786]LogTemp: Warning: Player Detected
[2021.10.02-10.10.43:690][878]LogTemp: Warning: On Take Damage Works
[2021.10.02-10.10.43:690][878]LogBlueprintUserMessages: [Gun_GEN_VARIABLE_GunBlueprint_C_CAT_0] 60.0
[2021.10.02-10.10.43:948][909]LogTemp: Warning: Player Lost
[2021.10.02-10.10.43:965][911]LogTemp: Warning: Player Lost
[2021.10.02-10.10.44:083][925]LogBlueprintUserMessages: [Gun_GEN_VARIABLE_GunBlueprint_C_CAT_0] Nothing with health has been hit
[2021.10.02-10.10.44:140][932]LogTemp: Warning: Player Detected
[2021.10.02-10.10.44:198][939]LogTemp: Warning: Player Detected
[2021.10.02-10.10.45:140][ 52]LogTemp: Warning: Player Lost
[2021.10.02-10.10.45:190][ 58]LogTemp: Warning: Player Lost
[2021.10.02-10.10.45:799][131]LogBlueprintUserMessages: [Gun_GEN_VARIABLE_GunBlueprint_C_CAT_0] Nothing with health has been hit
[2021.10.02-10.10.46:157][174]LogBlueprintUserMessages: [Gun_GEN_VARIABLE_GunBlueprint_C_CAT_0] Nothing with health has been hit
[2021.10.02-10.10.46:165][175]LogTemp: Warning: Player Detected
[2021.10.02-10.10.46:182][177]LogTemp: Warning: Player Detected
[2021.10.02-10.10.46:732][243]LogTemp: Warning: Player Lost
[2021.10.02-10.10.47:183][297]LogTemp: Warning: Player Lost
[2021.10.02-10.10.47:424][326]LogTemp: Warning: Player Lost
[2021.10.02-10.10.47:665][355]LogTemp: Warning: Player Detected
[2021.10.02-10.10.47:765][367]LogTemp: Warning: Player Lost
[2021.10.02-10.10.48:066][403]LogTemp: Warning: Player Detected
[2021.10.02-10.10.48:524][458]LogTemp: Warning: Player Detected
[2021.10.02-10.10.48:983][513]LogTemp: Warning: Player Lost
[2021.10.02-10.10.48:991][514]LogTemp: Warning: Player Lost
[2021.10.02-10.10.49:141][532]LogTemp: Warning: Player Detected
[2021.10.02-10.10.49:283][549]LogTemp: Warning: Player Lost
[2021.10.02-10.10.49:566][583]LogTemp: Warning: Player Detected
[2021.10.02-10.10.49:791][610]LogTemp: Warning: Player Lost
[2021.10.02-10.10.49:799][611]LogTemp: Warning: Player Detected
[2021.10.02-10.10.49:882][621]LogTemp: Warning: Player Lost
[2021.10.02-10.10.50:150][653]LogBlueprintUserMessages: [Gun_GEN_VARIABLE_GunBlueprint_C_CAT_0] Nothing with health has been hit
[2021.10.02-10.10.50:333][675]LogTemp: Warning: Player Detected
[2021.10.02-10.10.50:341][676]LogTemp: Warning: Player Detected
[2021.10.02-10.10.50:533][699]LogTemp: Warning: Player Detected
[2021.10.02-10.10.50:583][705]LogTemp: Warning: Player Lost
[2021.10.02-10.10.50:683][717]LogTemp: Warning: Player Detected
[2021.10.02-10.10.50:766][727]LogTemp: Warning: Player Lost
[2021.10.02-10.10.50:816][733]LogBlueprintUserMessages: [Gun_GEN_VARIABLE_GunBlueprint_C_CAT_0] Nothing with health has been hit
[2021.10.02-10.10.50:891][742]LogTemp: Warning: Player Lost
[2021.10.02-10.10.51:041][760]LogTemp: Warning: Player Detected
[2021.10.02-10.10.51:116][769]LogTemp: Warning: Player Lost
[2021.10.02-10.10.51:226][782]LogTemp: Warning: Player Detected
[2021.10.02-10.10.51:417][805]LogTemp: Warning: Player Lost
[2021.10.02-10.10.51:717][841]LogTemp: Warning: Player Detected
[2021.10.02-10.10.51:775][848]LogTemp: Warning: Player Detected
[2021.10.02-10.10.52:025][878]LogTemp: Warning: On Take Damage Works
[2021.10.02-10.10.52:025][878]LogBlueprintUserMessages: [Gun_GEN_VARIABLE_GunBlueprint_C_CAT_0] 80.0
[2021.10.02-10.10.52:617][949]LogTemp: Warning: On Take Damage Works
[2021.10.02-10.10.52:617][949]LogBlueprintUserMessages: [Gun_GEN_VARIABLE_GunBlueprint_C_CAT_0] 40.0
[2021.10.02-10.10.53:017][997]LogTemp: Warning: On Take Damage Works
[2021.10.02-10.10.53:017][997]LogBlueprintUserMessages: [Gun_GEN_VARIABLE_GunBlueprint_C_CAT_0] 60.0
[2021.10.02-10.10.54:068][123]LogTemp: Warning: On Take Damage Works
[2021.10.02-10.10.54:068][123]LogBlueprintUserMessages: [Gun_GEN_VARIABLE_GunBlueprint_C_CAT_0] 20.0
[2021.10.02-10.10.54:134][131]LogTemp: Warning: Player Lost
[2021.10.02-10.10.54:309][152]LogTemp: Warning: Player Lost
[2021.10.02-10.10.54:417][165]LogTemp: Warning: Player Lost
[2021.10.02-10.10.54:434][167]LogTemp: Warning: On Take Damage Works
[2021.10.02-10.10.54:434][167]LogBlueprintUserMessages: [Gun_GEN_VARIABLE_GunBlueprint_C_CAT_0] 40.0
[2021.10.02-10.10.54:460][170]LogTemp: Warning: Player Detected
[2021.10.02-10.10.54:775][208]LogTemp: Warning: Player Detected
[2021.10.02-10.10.54:784][209]LogTemp: Warning: Player Lost
[2021.10.02-10.10.55:077][244]LogTemp: Warning: Player Lost
[2021.10.02-10.10.55:151][253]LogTemp: Warning: Player Detected
[2021.10.02-10.10.55:384][281]LogBlueprintUserMessages: [Gun_GEN_VARIABLE_GunBlueprint_C_CAT_0] Nothing with health has been hit
[2021.10.02-10.10.55:534][299]LogTemp: Warning: Player Lost
[2021.10.02-10.10.55:992][354]LogTemp: Warning: Player Detected
[2021.10.02-10.10.56:018][357]LogTemp: Warning: Player Detected
[2021.10.02-10.10.56:751][445]LogTemp: Warning: Player Detected
[2021.10.02-10.10.56:809][452]LogTemp: Warning: Player Detected
[2021.10.02-10.10.56:867][459]LogTemp: Warning: Player Lost
[2021.10.02-10.10.56:934][467]LogTemp: Warning: Player Lost
[2021.10.02-10.10.57:669][555]LogTemp: Warning: Player Lost
[2021.10.02-10.10.57:827][574]LogTemp: Warning: Player Lost
[2021.10.02-10.10.59:128][730]LogTemp: Warning: Player Detected
[2021.10.02-10.10.59:436][767]LogTemp: Warning: Player Detected
[2021.10.02-10.10.59:536][779]LogTemp: Warning: Player Lost
[2021.10.02-10.11.00:861][938]LogTemp: Warning: On Take Damage Works
[2021.10.02-10.11.00:861][938]LogBlueprintUserMessages: [Gun_GEN_VARIABLE_GunBlueprint_C_CAT_0] 20.0
[2021.10.02-10.11.01:203][979]LogTemp: Warning: Player Lost
[2021.10.02-10.11.01:478][ 12]LogTemp: Warning: Player Detected
[2021.10.02-10.11.02:002][ 75]LogTemp: Warning: Player Lost
[2021.10.02-10.11.02:462][130]LogTemp: Warning: Player Detected
[2021.10.02-10.11.02:462][130]LogTemp: Warning: Player Detected
[2021.10.02-10.11.03:178][216]LogTemp: Warning: Player Detected
[2021.10.02-10.11.03:237][223]LogTemp: Warning: Player Lost
[2021.10.02-10.11.03:237][223]LogTemp: Warning: Player Lost
[2021.10.02-10.11.03:653][273]LogTemp: Warning: Player Detected
[2021.10.02-10.11.03:936][307]LogTemp: Warning: On Take Damage Works
[2021.10.02-10.11.04:982][307]LogWindows: Error: === Critical error: ===
[2021.10.02-10.11.04:982][307]LogWindows: Error: 
[2021.10.02-10.11.04:982][307]LogWindows: Error: Fatal error!
[2021.10.02-10.11.04:982][307]LogWindows: Error: 
[2021.10.02-10.11.04:982][307]LogWindows: Error: Unhandled Exception: EXCEPTION_ACCESS_VIOLATION reading address 0x00000314
[2021.10.02-10.11.04:982][307]LogWindows: Error: 
[2021.10.02-10.11.04:982][307]LogWindows: Error: [Callstack] 0x00007ffed1976146 UE4Editor-AdvGamesProgramming-7469.dll!UnknownFunction [D:\Uni\Advanced Games 2021\Assessment 2\Attempt 2\Week8StartingPoint\Week8StartingPoint\Source\AdvGamesProgramming\AIManager.cpp:279]
[2021.10.02-10.11.04:982][307]LogWindows: Error: [Callstack] 0x00007ffed1977c32 UE4Editor-AdvGamesProgramming-7469.dll!UnknownFunction [D:\Uni\Advanced Games 2021\Assessment 2\Attempt 2\Week8StartingPoint\Week8StartingPoint\Source\AdvGamesProgramming\HealthComponent.h:13]
[2021.10.02-10.11.04:982][307]LogWindows: Error: [Callstack] 0x00007ffefc2942e8 UE4Editor-CoreUObject.dll!UnknownFunction []
[2021.10.02-10.11.04:983][307]LogWindows: Error: [Callstack] 0x00007ffefc4ba62f UE4Editor-CoreUObject.dll!UnknownFunction []
[2021.10.02-10.11.04:983][307]LogWindows: Error: [Callstack] 0x00007ffefc4dec61 UE4Editor-CoreUObject.dll!UnknownFunction []
[2021.10.02-10.11.04:983][307]LogWindows: Error: [Callstack] 0x00007ffefc4e0cd2 UE4Editor-CoreUObject.dll!UnknownFunction []
[2021.10.02-10.11.04:983][307]LogWindows: Error: [Callstack] 0x00007ffefc4aedbb UE4Editor-CoreUObject.dll!UnknownFunction []
[2021.10.02-10.11.04:983][307]LogWindows: Error: [Callstack] 0x00007ffefc4e09ef UE4Editor-CoreUObject.dll!UnknownFunction []
[2021.10.02-10.11.04:983][307]LogWindows: Error: [Callstack] 0x00007ffefc4dec61 UE4Editor-CoreUObject.dll!UnknownFunction []
[2021.10.02-10.11.04:983][307]LogWindows: Error: [Callstack] 0x00007ffefc4e0cd2 UE4Editor-CoreUObject.dll!UnknownFunction []
[2021.10.02-10.11.04:983][307]LogWindows: Error: [Callstack] 0x00007ffefc4aedbb UE4Editor-CoreUObject.dll!UnknownFunction []
[2021.10.02-10.11.04:983][307]LogWindows: Error: [Callstack] 0x00007ffefc4e09ef UE4Editor-CoreUObject.dll!UnknownFunction []
[2021.10.02-10.11.04:983][307]LogWindows: Error: [Callstack] 0x00007ffefc4e0cd2 UE4Editor-CoreUObject.dll!UnknownFunction []
[2021.10.02-10.11.04:983][307]LogWindows: Error: [Callstack] 0x00007ffefc4e0644 UE4Editor-CoreUObject.dll!UnknownFunction []
[2021.10.02-10.11.04:983][307]LogWindows: Error: [Callstack] 0x00007ffefc2942e8 UE4Editor-CoreUObject.dll!UnknownFunction []
[2021.10.02-10.11.04:983][307]LogWindows: Error: [Callstack] 0x00007ffefc4e0148 UE4Editor-CoreUObject.dll!UnknownFunction []
[2021.10.02-10.11.04:983][307]LogWindows: Error: [Callstack] 0x00007ffee8af7f18 UE4Editor-Engine.dll!UnknownFunction []
[2021.10.02-10.11.04:983][307]LogWindows: Error: [Callstack] 0x00007ffee9d15250 UE4Editor-Engine.dll!UnknownFunction []
[2021.10.02-10.11.04:983][307]LogWindows: Error: [Callstack] 0x00007ffee9d3e631 UE4Editor-Engine.dll!UnknownFunction []
[2021.10.02-10.11.04:983][307]LogWindows: Error: [Callstack] 0x00007ffee9820043 UE4Editor-Engine.dll!UnknownFunction []
[2021.10.02-10.11.04:983][307]LogWindows: Error: [Callstack] 0x00007ffee9831e3d UE4Editor-Engine.dll!UnknownFunction []
[2021.10.02-10.11.04:983][307]LogWindows: Error: [Callstack] 0x00007ffee981dfcb UE4Editor-Engine.dll!UnknownFunction []
[2021.10.02-10.11.04:983][307]LogWindows: Error: [Callstack] 0x00007ffee9830267 UE4Editor-Engine.dll!UnknownFunction []
[2021.10.02-10.11.04:983][307]LogWindows: Error: [Callstack] 0x00007ffee8ad7866 UE4Editor-Engine.dll!UnknownFunction []
[2021.10.02-10.11.04:983][307]LogWindows: Error: [Callstack] 0x00007ffee9c17223 UE4Editor-Engine.dll!UnknownFunction []
[2021.10.02-10.11.04:983][307]LogWindows: Error: [Callstack] 0x00007ffee9c25256 UE4Editor-Engine.dll!UnknownFunction []
[2021.10.02-10.11.04:983][307]LogWindows: Error: [Callstack] 0x00007ffef8729ff2 UE4Editor-Core.dll!UnknownFunction []
[2021.10.02-10.11.04:983][307]LogWindows: Error: [Callstack] 0x00007ffef872a393 UE4Editor-Core.dll!UnknownFunction []
[2021.10.02-10.11.04:983][307]LogWindows: Error: [Callstack] 0x00007ffef873aa68 UE4Editor-Core.dll!UnknownFunction []
[2021.10.02-10.11.04:983][307]LogWindows: Error: [Callstack] 0x00007ffee9c438b0 UE4Editor-Engine.dll!UnknownFunction []
[2021.10.02-10.11.04:983][307]LogWindows: Error: [Callstack] 0x00007ffee9c497c2 UE4Editor-Engine.dll!UnknownFunction []
[2021.10.02-10.11.04:983][307]LogWindows: Error: [Callstack] 0x00007ffee93ca25f UE4Editor-Engine.dll!UnknownFunction []
[2021.10.02-10.11.04:983][307]LogWindows: Error: [Callstack] 0x00007ffee93d5127 UE4Editor-Engine.dll!UnknownFunction []
[2021.10.02-10.11.04:983][307]LogWindows: Error: [Callstack] 0x00007ffef332ad60 UE4Editor-UnrealEd.dll!UnknownFunction []
[2021.10.02-10.11.04:983][307]LogWindows: Error: [Callstack] 0x00007ffef3b8e476 UE4Editor-UnrealEd.dll!UnknownFunction []
[2021.10.02-10.11.04:983][307]LogWindows: Error: [Callstack] 0x00007ff7c6f77f62 UE4Editor.exe!UnknownFunction []
[2021.10.02-10.11.04:983][307]LogWindows: Error: [Callstack] 0x00007ff7c6f8c3ec UE4Editor.exe!UnknownFunction []
[2021.10.02-10.11.04:983][307]LogWindows: Error: [Callstack] 0x00007ff7c6f8c4ca UE4Editor.exe!UnknownFunction []
[2021.10.02-10.11.04:983][307]LogWindows: Error: [Callstack] 0x00007ff7c6f9ceae UE4Editor.exe!UnknownFunction []
[2021.10.02-10.11.04:983][307]LogWindows: Error: [Callstack] 0x00007ff7c6f9fcbe UE4Editor.exe!UnknownFunction []
[2021.10.02-10.11.04:983][307]LogWindows: Error: [Callstack] 0x00007fff6e867034 KERNEL32.DLL!UnknownFunction []
[2021.10.02-10.11.04:983][307]LogWindows: Error: [Callstack] 0x00007fff6e9a2651 ntdll.dll!UnknownFunction []
[2021.10.02-10.11.04:983][307]LogWindows: Error: 
[2021.10.02-10.11.04:998][307]LogExit: Executing StaticShutdownAfterError
[2021.10.02-10.11.05:002][307]LogWindows: FPlatformMisc::RequestExit(1)
[2021.10.02-10.11.05:002][307]LogCore: Engine exit requested (reason: Win RequestExit)
[2021.10.02-10.11.05:052][307]Log file closed, 10/02/21 20:11:05
