Log file open, 10/04/21 00:48:21
LogWindows: Failed to load 'aqProf.dll' (GetLastError=126)
LogWindows: File 'aqProf.dll' does not exist
LogWindows: Failed to load 'VtuneApi.dll' (GetLastError=126)
LogWindows: File 'VtuneApi.dll' does not exist
LogWindows: Failed to load 'VtuneApi32e.dll' (GetLastError=126)
LogWindows: File 'VtuneApi32e.dll' does not exist
LogConsoleResponse: Display: Failed to find resolution value strings in scalability ini. Falling back to default.
LogInit: Display: Running engine for game: AdvGamesProgramming
LogPlatformFile: Not using cached read wrapper
LogTaskGraph: Started task graph with 5 named threads and 23 total threads with 3 sets of task threads.
LogStats: Stats thread started at 0.099882
LogD3D11RHI: Loaded GFSDK_Aftermath_Lib.x64.dll
LogICUInternationalization: ICU TimeZone Detection - Raw Offset: +10:00, Platform Override: ''
LogPluginManager: Mounting plugin Paper2D
LogPluginManager: Mounting plugin AISupport
LogPluginManager: Mounting plugin LightPropagationVolume
LogPluginManager: Mounting plugin ActorLayerUtilities
LogPluginManager: Mounting plugin AnimationSharing
LogPluginManager: Mounting plugin CLionSourceCodeAccess
LogPluginManager: Mounting plugin CodeLiteSourceCodeAccess
LogPluginManager: Mounting plugin GitSourceControl
LogPluginManager: Mounting plugin KDevelopSourceCodeAccess
LogPluginManager: Mounting plugin NullSourceCodeAccess
LogPluginManager: Mounting plugin PerforceSourceControl
LogPluginManager: Mounting plugin PlasticSourceControl
LogPluginManager: Mounting plugin RiderLink
LogPluginManager: Mounting plugin SubversionSourceControl
LogPluginManager: Mounting plugin UObjectPlugin
LogPluginManager: Mounting plugin VisualStudioCodeSourceCodeAccess
LogPluginManager: Mounting plugin VisualStudioSourceCodeAccess
LogPluginManager: Mounting plugin XCodeSourceCodeAccess
LogPluginManager: Mounting plugin AssetManagerEditor
LogPluginManager: Mounting plugin CryptoKeys
LogPluginManager: Mounting plugin CurveEditorTools
LogPluginManager: Mounting plugin DataValidation
LogPluginManager: Mounting plugin FacialAnimation
LogPluginManager: Mounting plugin GameplayTagsEditor
LogPluginManager: Mounting plugin MacGraphicsSwitching
LogPluginManager: Mounting plugin MaterialAnalyzer
LogPluginManager: Mounting plugin MobileLauncherProfileWizard
LogPluginManager: Mounting plugin PluginBrowser
LogPluginManager: Mounting plugin SpeedTreeImporter
LogPluginManager: Mounting plugin DatasmithContent
LogPluginManager: Mounting plugin VariantManagerContent
LogPluginManager: Mounting plugin AlembicImporter
LogPluginManager: Mounting plugin AutomationUtils
LogPluginManager: Mounting plugin BackChannel
LogPluginManager: Mounting plugin CharacterAI
LogPluginManager: Mounting plugin GeometryCache
LogPluginManager: Mounting plugin PlatformCrypto
LogPluginManager: Mounting plugin ProxyLODPlugin
LogPluginManager: Mounting plugin SkeletalReduction
LogPluginManager: Mounting plugin MagicLeap
LogPluginManager: Mounting plugin MagicLeapMedia
LogPluginManager: Mounting plugin MLSDK
LogPluginManager: Mounting plugin RiderSourceCodeAccess
LogPluginManager: Mounting plugin AndroidMedia
LogPluginManager: Mounting plugin AvfMedia
LogPluginManager: Mounting plugin ImgMedia
LogPluginManager: Mounting plugin MediaCompositing
LogPluginManager: Mounting plugin MediaPlayerEditor
LogPluginManager: Mounting plugin WebMMedia
LogPluginManager: Mounting plugin WmfMedia
LogPluginManager: Mounting plugin TcpMessaging
LogPluginManager: Mounting plugin UdpMessaging
LogPluginManager: Mounting plugin ActorSequence
LogPluginManager: Mounting plugin LevelSequenceEditor
LogPluginManager: Mounting plugin MatineeToLevelSequence
LogPluginManager: Mounting plugin NetcodeUnitTest
LogPluginManager: Mounting plugin NUTUnrealEngine4
LogPluginManager: Mounting plugin OnlineSubsystemGooglePlay
LogPluginManager: Mounting plugin OnlineSubsystemIOS
LogPluginManager: Mounting plugin OnlineSubsystem
LogPluginManager: Mounting plugin OnlineSubsystemNull
LogPluginManager: Mounting plugin OnlineSubsystemUtils
LogPluginManager: Mounting plugin LauncherChunkInstaller
LogPluginManager: Mounting plugin AndroidDeviceProfileSelector
LogPluginManager: Mounting plugin AndroidMoviePlayer
LogPluginManager: Mounting plugin AndroidPermission
LogPluginManager: Mounting plugin AppleImageUtils
LogPluginManager: Mounting plugin AppleMoviePlayer
LogPluginManager: Mounting plugin ArchVisCharacter
LogPluginManager: Mounting plugin AssetTags
LogPluginManager: Mounting plugin AudioCapture
LogPluginManager: Mounting plugin CableComponent
LogPluginManager: Mounting plugin CustomMeshComponent
LogPluginManager: Mounting plugin EditableMesh
LogPluginManager: Mounting plugin ExampleDeviceProfileSelector
LogPluginManager: Mounting plugin GoogleCloudMessaging
LogPluginManager: Mounting plugin IOSDeviceProfileSelector
LogPluginManager: Mounting plugin LinuxDeviceProfileSelector
LogPluginManager: Mounting plugin LocationServicesBPLibrary
LogPluginManager: Mounting plugin MobilePatchingUtils
LogPluginManager: Mounting plugin OculusVR
LogPluginManager: Mounting plugin PhysXVehicles
LogPluginManager: Mounting plugin PostSplashScreen
LogPluginManager: Mounting plugin ProceduralMeshComponent
LogPluginManager: Mounting plugin RuntimePhysXCooking
LogPluginManager: Mounting plugin SignificanceManager
LogPluginManager: Mounting plugin SteamVR
LogPluginManager: Mounting plugin WebMMoviePlayer
LogPluginManager: Mounting plugin WindowsMoviePlayer
LogPluginManager: Mounting plugin ScreenshotTools
LogInit: Using libcurl 7.55.1-DEV
LogInit:  - built for x86_64-pc-win32
LogInit:  - supports SSL with OpenSSL/1.1.1
LogInit:  - supports HTTP deflate (compression) using libz 1.2.8
LogInit:  - other features:
LogInit:      CURL_VERSION_SSL
LogInit:      CURL_VERSION_LIBZ
LogInit:      CURL_VERSION_IPV6
LogInit:      CURL_VERSION_ASYNCHDNS
LogInit:      CURL_VERSION_LARGEFILE
LogInit:      CURL_VERSION_IDN
LogInit:  CurlRequestOptions (configurable via config and command line):
LogInit:  - bVerifyPeer = true  - Libcurl will verify peer certificate
LogInit:  - bUseHttpProxy = false  - Libcurl will NOT use HTTP proxy
LogInit:  - bDontReuseConnections = false  - Libcurl will reuse connections
LogInit:  - MaxHostConnections = 16  - Libcurl will limit the number of connections to a host
LogInit:  - LocalHostAddr = Default
LogInit:  - BufferSize = 65536
LogOnline: OSS: Creating online subsystem instance for: NULL
LogInit: WinSock: version 1.1 (2.2), MaxSocks=32767, MaxUdp=65467
LogOnline: OSS: TryLoadSubsystemAndSetDefault: Loaded subsystem for module [NULL]
LogHMD: Failed initializing OVRPlugin 1.40.0
LogInit: Build: ++UE4+Release-4.24-CL-11590370
LogInit: Engine Version: 4.24.3-11590370+++UE4+Release-4.24
LogInit: Compatible Engine Version: 4.24.0-10570792+++UE4+Release-4.24
LogInit: Net CL: 10570792
LogInit: OS: Windows 10 (Release 2009) (), CPU: Intel(R) Core(TM) i5-9300H CPU @ 2.40GHz, GPU: Intel(R) UHD Graphics 630
LogInit: Compiled (64-bit): Feb 24 2020 15:39:18
LogInit: Compiled with Visual C++: 19.16.27032.01
LogInit: Build Configuration: Development
LogInit: Branch Name: ++UE4+Release-4.24
LogInit: Command Line:  -EpicPortal -epicusername=1tsRai -epicuserid=6a8080169c7640e4aecb3a71a06048a4 -epiclocale=en -epicsandboxid=ue
LogInit: Base Directory: C:/Program Files/Epic Games/UE_4.24/Engine/Binaries/Win64/
LogInit: Installed Engine Build: 1
LogDevObjectVersion: Number of dev versions registered: 25
LogDevObjectVersion:   Dev-Blueprints (B0D832E4-1F89-4F0D-ACCF-7EB736FD4AA2): 10
LogDevObjectVersion:   Dev-Build (E1C64328-A22C-4D53-A36C-8E866417BD8C): 0
LogDevObjectVersion:   Dev-Core (375EC13C-06E4-48FB-B500-84F0262A717E): 3
LogDevObjectVersion:   Dev-Editor (E4B068ED-F494-42E9-A231-DA0B2E46BB41): 37
LogDevObjectVersion:   Dev-Framework (CFFC743F-43B0-4480-9391-14DF171D2073): 36
LogDevObjectVersion:   Dev-Mobile (B02B49B5-BB20-44E9-A304-32B752E40360): 2
LogDevObjectVersion:   Dev-Networking (A4E4105C-59A1-49B5-A7C5-40C4547EDFEE): 0
LogDevObjectVersion:   Dev-Online (39C831C9-5AE6-47DC-9A44-9C173E1C8E7C): 0
LogDevObjectVersion:   Dev-Physics (78F01B33-EBEA-4F98-B9B4-84EACCB95AA2): 2
LogDevObjectVersion:   Dev-Platform (6631380F-2D4D-43E0-8009-CF276956A95A): 0
LogDevObjectVersion:   Dev-Rendering (12F88B9F-8875-4AFC-A67C-D90C383ABD29): 36
LogDevObjectVersion:   Dev-Sequencer (7B5AE74C-D270-4C10-A958-57980B212A5A): 11
LogDevObjectVersion:   Dev-VR (D7296918-1DD6-4BDD-9DE2-64A83CC13884): 2
LogDevObjectVersion:   Dev-LoadTimes (C2A15278-BFE7-4AFE-6C17-90FF531DF755): 1
LogDevObjectVersion:   Private-Geometry (6EACA3D4-40EC-4CC1-B786-8BED09428FC5): 3
LogDevObjectVersion:   Dev-AnimPhys (29E575DD-E0A3-4627-9D10-D276232CDCEA): 17
LogDevObjectVersion:   Dev-Anim (AF43A65D-7FD3-4947-9873-3E8ED9C1BB05): 2
LogDevObjectVersion:   Dev-ReflectionCapture (6B266CEC-1EC7-4B8F-A30B-E4D90942FC07): 1
LogDevObjectVersion:   Dev-Automation (0DF73D61-A23F-47EA-B727-89E90C41499A): 1
LogDevObjectVersion:   FortniteMain (601D1886-AC64-4F84-AA16-D3DE0DEAC7D6): 31
LogDevObjectVersion:   Dev-Enterprise (9DFFBCD6-494F-0158-E221-12823C92A888): 8
LogDevObjectVersion:   Dev-Niagara (F2AED0AC-9AFE-416F-8664-AA7FFA26D6FC): 1
LogDevObjectVersion:   Dev-Destruction (174F1F0B-B4C6-45A5-B13F-2EE8D0FB917D): 9
LogDevObjectVersion:   Dev-Physics-Ext (35F94A83-E258-406C-A318-09F59610247C): 8
LogDevObjectVersion:   Dev-CineCamera (B2E18506-4273-CFC2-A54E-F4BB758BBA07): 1
LogInit: Presizing for max 25165824 objects, including 0 objects not considered by GC, pre-allocating 0 bytes for permanent pool.
LogInit: Object subsystem initialized
LogConfig: Setting CVar [[con.DebugEarlyDefault:1]]
LogConfig: Setting CVar [[r.setres:1280x720]]
[2021.10.03-13.48.22:755][  0]LogConfig: Setting CVar [[r.VSync:0]]
[2021.10.03-13.48.22:755][  0]LogConfig: Setting CVar [[r.RHICmdBypass:0]]
[2021.10.03-13.48.22:756][  0]LogConfig: Applying CVar settings from Section [/Script/Engine.RendererSettings] File [D:/assignment3 agp/Assessment-3-AGP/Week8StartingPoint/Saved/Config/Windows/Engine.ini]
[2021.10.03-13.48.22:756][  0]LogConfig: Setting CVar [[r.GPUCrashDebugging:0]]
[2021.10.03-13.48.22:756][  0]LogConfig: Applying CVar settings from Section [/Script/Engine.RendererOverrideSettings] File [D:/assignment3 agp/Assessment-3-AGP/Week8StartingPoint/Saved/Config/Windows/Engine.ini]
[2021.10.03-13.48.22:756][  0]LogConfig: Applying CVar settings from Section [/Script/Engine.StreamingSettings] File [D:/assignment3 agp/Assessment-3-AGP/Week8StartingPoint/Saved/Config/Windows/Engine.ini]
[2021.10.03-13.48.22:756][  0]LogConfig: Setting CVar [[s.MinBulkDataSizeForAsyncLoading:131072]]
[2021.10.03-13.48.22:756][  0]LogConfig: Setting CVar [[s.AsyncLoadingThreadEnabled:0]]
[2021.10.03-13.48.22:756][  0]LogConfig: Setting CVar [[s.EventDrivenLoaderEnabled:1]]
[2021.10.03-13.48.22:756][  0]LogConfig: Setting CVar [[s.WarnIfTimeLimitExceeded:0]]
[2021.10.03-13.48.22:756][  0]LogConfig: Setting CVar [[s.TimeLimitExceededMultiplier:1.5]]
[2021.10.03-13.48.22:756][  0]LogConfig: Setting CVar [[s.TimeLimitExceededMinTime:0.005]]
[2021.10.03-13.48.22:756][  0]LogConfig: Setting CVar [[s.UseBackgroundLevelStreaming:1]]
[2021.10.03-13.48.22:756][  0]LogConfig: Setting CVar [[s.PriorityAsyncLoadingExtraTime:15.0]]
[2021.10.03-13.48.22:756][  0]LogConfig: Setting CVar [[s.LevelStreamingActorsUpdateTimeLimit:5.0]]
[2021.10.03-13.48.22:756][  0]LogConfig: Setting CVar [[s.PriorityLevelStreamingActorsUpdateExtraTime:5.0]]
[2021.10.03-13.48.22:756][  0]LogConfig: Setting CVar [[s.LevelStreamingComponentsRegistrationGranularity:10]]
[2021.10.03-13.48.22:756][  0]LogConfig: Setting CVar [[s.UnregisterComponentsTimeLimit:1.0]]
[2021.10.03-13.48.22:756][  0]LogConfig: Setting CVar [[s.LevelStreamingComponentsUnregistrationGranularity:5]]
[2021.10.03-13.48.22:756][  0]LogConfig: Setting CVar [[s.FlushStreamingOnExit:1]]
[2021.10.03-13.48.22:756][  0]LogConfig: Applying CVar settings from Section [/Script/Engine.GarbageCollectionSettings] File [D:/assignment3 agp/Assessment-3-AGP/Week8StartingPoint/Saved/Config/Windows/Engine.ini]
[2021.10.03-13.48.22:756][  0]LogConfig: Setting CVar [[gc.MaxObjectsNotConsideredByGC:1]]
[2021.10.03-13.48.22:756][  0]LogConfig: Setting CVar [[gc.SizeOfPermanentObjectPool:0]]
[2021.10.03-13.48.22:756][  0]LogConfig: Setting CVar [[gc.FlushStreamingOnGC:0]]
[2021.10.03-13.48.22:756][  0]LogConfig: Setting CVar [[gc.NumRetriesBeforeForcingGC:10]]
[2021.10.03-13.48.22:756][  0]LogConfig: Setting CVar [[gc.AllowParallelGC:1]]
[2021.10.03-13.48.22:756][  0]LogConfig: Setting CVar [[gc.TimeBetweenPurgingPendingKillObjects:61.1]]
[2021.10.03-13.48.22:756][  0]LogConfig: Setting CVar [[gc.MaxObjectsInEditor:25165824]]
[2021.10.03-13.48.22:756][  0]LogConfig: Setting CVar [[gc.IncrementalBeginDestroyEnabled:1]]
[2021.10.03-13.48.22:756][  0]LogConfig: Setting CVar [[gc.CreateGCClusters:1]]
[2021.10.03-13.48.22:756][  0]LogConfig: Setting CVar [[gc.MinGCClusterSize:5]]
[2021.10.03-13.48.22:756][  0]LogConfig: Setting CVar [[gc.ActorClusteringEnabled:0]]
[2021.10.03-13.48.22:756][  0]LogConfig: Setting CVar [[gc.BlueprintClusteringEnabled:0]]
[2021.10.03-13.48.22:756][  0]LogConfig: Setting CVar [[gc.UseDisregardForGCOnDedicatedServers:0]]
[2021.10.03-13.48.22:756][  0]LogConfig: Applying CVar settings from Section [/Script/Engine.NetworkSettings] File [D:/assignment3 agp/Assessment-3-AGP/Week8StartingPoint/Saved/Config/Windows/Engine.ini]
[2021.10.03-13.48.22:756][  0]LogConfig: Applying CVar settings from Section [/Script/UnrealEd.CookerSettings] File [D:/assignment3 agp/Assessment-3-AGP/Week8StartingPoint/Saved/Config/Windows/Engine.ini]
[2021.10.03-13.48.22:759][  0]LogConfig: Applying CVar settings from Section [ViewDistanceQuality@3] File [D:/assignment3 agp/Assessment-3-AGP/Week8StartingPoint/Saved/Config/Windows/Scalability.ini]
[2021.10.03-13.48.22:759][  0]LogConfig: Setting CVar [[r.SkeletalMeshLODBias:0]]
[2021.10.03-13.48.22:759][  0]LogConfig: Setting CVar [[r.ViewDistanceScale:1.0]]
[2021.10.03-13.48.22:759][  0]LogConfig: Applying CVar settings from Section [AntiAliasingQuality@3] File [D:/assignment3 agp/Assessment-3-AGP/Week8StartingPoint/Saved/Config/Windows/Scalability.ini]
[2021.10.03-13.48.22:759][  0]LogConfig: Setting CVar [[r.PostProcessAAQuality:4]]
[2021.10.03-13.48.22:759][  0]LogConfig: Applying CVar settings from Section [ShadowQuality@3] File [D:/assignment3 agp/Assessment-3-AGP/Week8StartingPoint/Saved/Config/Windows/Scalability.ini]
[2021.10.03-13.48.22:759][  0]LogConfig: Setting CVar [[r.LightFunctionQuality:1]]
[2021.10.03-13.48.22:759][  0]LogConfig: Setting CVar [[r.ShadowQuality:5]]
[2021.10.03-13.48.22:760][  0]LogConfig: Setting CVar [[r.Shadow.CSM.MaxCascades:10]]
[2021.10.03-13.48.22:760][  0]LogConfig: Setting CVar [[r.Shadow.MaxResolution:2048]]
[2021.10.03-13.48.22:760][  0]LogConfig: Setting CVar [[r.Shadow.MaxCSMResolution:2048]]
[2021.10.03-13.48.22:760][  0]LogConfig: Setting CVar [[r.Shadow.RadiusThreshold:0.01]]
[2021.10.03-13.48.22:760][  0]LogConfig: Setting CVar [[r.Shadow.DistanceScale:1.0]]
[2021.10.03-13.48.22:760][  0]LogConfig: Setting CVar [[r.Shadow.CSM.TransitionScale:1.0]]
[2021.10.03-13.48.22:760][  0]LogConfig: Setting CVar [[r.Shadow.PreShadowResolutionFactor:1.0]]
[2021.10.03-13.48.22:760][  0]LogConfig: Setting CVar [[r.DistanceFieldShadowing:1]]
[2021.10.03-13.48.22:760][  0]LogConfig: Setting CVar [[r.DistanceFieldAO:1]]
[2021.10.03-13.48.22:760][  0]LogConfig: Setting CVar [[r.AOQuality:2]]
[2021.10.03-13.48.22:760][  0]LogConfig: Setting CVar [[r.VolumetricFog:1]]
[2021.10.03-13.48.22:760][  0]LogConfig: Setting CVar [[r.VolumetricFog.GridPixelSize:8]]
[2021.10.03-13.48.22:760][  0]LogConfig: Setting CVar [[r.VolumetricFog.GridSizeZ:128]]
[2021.10.03-13.48.22:760][  0]LogConfig: Setting CVar [[r.VolumetricFog.HistoryMissSupersampleCount:4]]
[2021.10.03-13.48.22:760][  0]LogConfig: Setting CVar [[r.LightMaxDrawDistanceScale:1]]
[2021.10.03-13.48.22:760][  0]LogConfig: Setting CVar [[r.CapsuleShadows:1]]
[2021.10.03-13.48.22:760][  0]LogConfig: Applying CVar settings from Section [PostProcessQuality@3] File [D:/assignment3 agp/Assessment-3-AGP/Week8StartingPoint/Saved/Config/Windows/Scalability.ini]
[2021.10.03-13.48.22:760][  0]LogConfig: Setting CVar [[r.MotionBlurQuality:4]]
[2021.10.03-13.48.22:760][  0]LogConfig: Setting CVar [[r.AmbientOcclusionMipLevelFactor:0.4]]
[2021.10.03-13.48.22:760][  0]LogConfig: Setting CVar [[r.AmbientOcclusionMaxQuality:100]]
[2021.10.03-13.48.22:760][  0]LogConfig: Setting CVar [[r.AmbientOcclusionLevels:-1]]
[2021.10.03-13.48.22:760][  0]LogConfig: Setting CVar [[r.AmbientOcclusionRadiusScale:1.0]]
[2021.10.03-13.48.22:760][  0]LogConfig: Setting CVar [[r.DepthOfFieldQuality:2]]
[2021.10.03-13.48.22:760][  0]LogConfig: Setting CVar [[r.RenderTargetPoolMin:400]]
[2021.10.03-13.48.22:760][  0]LogConfig: Setting CVar [[r.LensFlareQuality:2]]
[2021.10.03-13.48.22:760][  0]LogConfig: Setting CVar [[r.SceneColorFringeQuality:1]]
[2021.10.03-13.48.22:760][  0]LogConfig: Setting CVar [[r.EyeAdaptationQuality:2]]
[2021.10.03-13.48.22:760][  0]LogConfig: Setting CVar [[r.BloomQuality:5]]
[2021.10.03-13.48.22:760][  0]LogConfig: Setting CVar [[r.FastBlurThreshold:100]]
[2021.10.03-13.48.22:760][  0]LogConfig: Setting CVar [[r.Upscale.Quality:3]]
[2021.10.03-13.48.22:760][  0]LogConfig: Setting CVar [[r.Tonemapper.GrainQuantization:1]]
[2021.10.03-13.48.22:760][  0]LogConfig: Setting CVar [[r.LightShaftQuality:1]]
[2021.10.03-13.48.22:760][  0]LogConfig: Setting CVar [[r.Filter.SizeScale:1]]
[2021.10.03-13.48.22:760][  0]LogConfig: Setting CVar [[r.Tonemapper.Quality:5]]
[2021.10.03-13.48.22:760][  0]LogConfig: Setting CVar [[r.DOF.Gather.AccumulatorQuality:1        ; higher gathering accumulator quality]]
[2021.10.03-13.48.22:760][  0]LogConfig: Setting CVar [[r.DOF.Gather.PostfilterMethod:1          ; Median3x3 postfilering method]]
[2021.10.03-13.48.22:760][  0]LogConfig: Setting CVar [[r.DOF.Gather.EnableBokehSettings:0       ; no bokeh simulation when gathering]]
[2021.10.03-13.48.22:760][  0]LogConfig: Setting CVar [[r.DOF.Gather.RingCount:4                 ; medium number of samples when gathering]]
[2021.10.03-13.48.22:760][  0]LogConfig: Setting CVar [[r.DOF.Scatter.ForegroundCompositing:1    ; additive foreground scattering]]
[2021.10.03-13.48.22:760][  0]LogConfig: Setting CVar [[r.DOF.Scatter.BackgroundCompositing:2    ; additive background scattering]]
[2021.10.03-13.48.22:760][  0]LogConfig: Setting CVar [[r.DOF.Scatter.EnableBokehSettings:1      ; bokeh simulation when scattering]]
[2021.10.03-13.48.22:760][  0]LogConfig: Setting CVar [[r.DOF.Scatter.MaxSpriteRatio:0.1         ; only a maximum of 10% of scattered bokeh]]
[2021.10.03-13.48.22:761][  0]LogConfig: Setting CVar [[r.DOF.Recombine.Quality:1                ; cheap slight out of focus]]
[2021.10.03-13.48.22:761][  0]LogConfig: Setting CVar [[r.DOF.Recombine.EnableBokehSettings:0    ; no bokeh simulation on slight out of focus]]
[2021.10.03-13.48.22:761][  0]LogConfig: Setting CVar [[r.DOF.TemporalAAQuality:1                ; more stable temporal accumulation]]
[2021.10.03-13.48.22:761][  0]LogConfig: Setting CVar [[r.DOF.Kernel.MaxForegroundRadius:0.025]]
[2021.10.03-13.48.22:761][  0]LogConfig: Setting CVar [[r.DOF.Kernel.MaxBackgroundRadius:0.025]]
[2021.10.03-13.48.22:761][  0]LogConfig: Applying CVar settings from Section [TextureQuality@3] File [D:/assignment3 agp/Assessment-3-AGP/Week8StartingPoint/Saved/Config/Windows/Scalability.ini]
[2021.10.03-13.48.22:761][  0]LogConfig: Setting CVar [[r.Streaming.MipBias:0]]
[2021.10.03-13.48.22:761][  0]LogConfig: Setting CVar [[r.Streaming.AmortizeCPUToGPUCopy:0]]
[2021.10.03-13.48.22:761][  0]LogConfig: Setting CVar [[r.Streaming.MaxNumTexturesToStreamPerFrame:0]]
[2021.10.03-13.48.22:761][  0]LogConfig: Setting CVar [[r.Streaming.Boost:1]]
[2021.10.03-13.48.22:761][  0]LogConfig: Setting CVar [[r.MaxAnisotropy:8]]
[2021.10.03-13.48.22:761][  0]LogConfig: Setting CVar [[r.VT.MaxAnisotropy:8]]
[2021.10.03-13.48.22:761][  0]LogConfig: Setting CVar [[r.Streaming.LimitPoolSizeToVRAM:0]]
[2021.10.03-13.48.22:761][  0]LogConfig: Setting CVar [[r.Streaming.PoolSize:1000]]
[2021.10.03-13.48.22:761][  0]LogConfig: Setting CVar [[r.Streaming.MaxEffectiveScreenSize:0]]
[2021.10.03-13.48.22:761][  0]LogConfig: Applying CVar settings from Section [EffectsQuality@3] File [D:/assignment3 agp/Assessment-3-AGP/Week8StartingPoint/Saved/Config/Windows/Scalability.ini]
[2021.10.03-13.48.22:761][  0]LogConfig: Setting CVar [[r.TranslucencyLightingVolumeDim:64]]
[2021.10.03-13.48.22:761][  0]LogConfig: Setting CVar [[r.RefractionQuality:2]]
[2021.10.03-13.48.22:761][  0]LogConfig: Setting CVar [[r.SSR.Quality:3]]
[2021.10.03-13.48.22:761][  0]LogConfig: Setting CVar [[r.SSR.HalfResSceneColor:0]]
[2021.10.03-13.48.22:761][  0]LogConfig: Setting CVar [[r.SceneColorFormat:4]]
[2021.10.03-13.48.22:761][  0]LogConfig: Setting CVar [[r.DetailMode:2]]
[2021.10.03-13.48.22:761][  0]LogConfig: Setting CVar [[r.TranslucencyVolumeBlur:1]]
[2021.10.03-13.48.22:761][  0]LogConfig: Setting CVar [[r.MaterialQualityLevel:1 ; High quality]]
[2021.10.03-13.48.22:761][  0]LogConfig: Setting CVar [[r.SSS.Scale:1]]
[2021.10.03-13.48.22:761][  0]LogConfig: Setting CVar [[r.SSS.SampleSet:2]]
[2021.10.03-13.48.22:761][  0]LogConfig: Setting CVar [[r.SSS.Quality:1]]
[2021.10.03-13.48.22:761][  0]LogConfig: Setting CVar [[r.SSS.HalfRes:1]]
[2021.10.03-13.48.22:761][  0]LogConfig: Setting CVar [[r.SSGI.Quality:3]]
[2021.10.03-13.48.22:761][  0]LogConfig: Setting CVar [[r.EmitterSpawnRateScale:1.0]]
[2021.10.03-13.48.22:761][  0]LogConfig: Setting CVar [[r.ParticleLightQuality:2]]
[2021.10.03-13.48.22:761][  0]LogConfig: Setting CVar [[r.SkyAtmosphere.AerialPerspectiveLUT.FastApplyOnOpaque:1 ; Always have FastSkyLUT 1 in this case to avoid wrong sky]]
[2021.10.03-13.48.22:761][  0]LogConfig: Setting CVar [[r.SkyAtmosphere.AerialPerspectiveLUT.SampleCountPerSlice:1]]
[2021.10.03-13.48.22:761][  0]LogConfig: Setting CVar [[r.SkyAtmosphere.AerialPerspectiveLUT.DepthResolution:16.0]]
[2021.10.03-13.48.22:761][  0]LogConfig: Setting CVar [[r.SkyAtmosphere.FastSkyLUT:1]]
[2021.10.03-13.48.22:761][  0]LogConfig: Setting CVar [[r.SkyAtmosphere.FastSkyLUT.SampleCountMin:4.0]]
[2021.10.03-13.48.22:761][  0]LogConfig: Setting CVar [[r.SkyAtmosphere.FastSkyLUT.SampleCountMax:32.0]]
[2021.10.03-13.48.22:761][  0]LogConfig: Setting CVar [[r.SkyAtmosphere.SampleCountMin:4.0]]
[2021.10.03-13.48.22:761][  0]LogConfig: Setting CVar [[r.SkyAtmosphere.SampleCountMax:32.0]]
[2021.10.03-13.48.22:761][  0]LogConfig: Setting CVar [[r.SkyAtmosphere.TransmittanceLUT.UseSmallFormat:0]]
[2021.10.03-13.48.22:761][  0]LogConfig: Setting CVar [[r.SkyAtmosphere.TransmittanceLUT.SampleCount:10.0]]
[2021.10.03-13.48.22:761][  0]LogConfig: Setting CVar [[r.SkyAtmosphere.MultiScatteringLUT.SampleCount:15.0]]
[2021.10.03-13.48.22:761][  0]LogConfig: Applying CVar settings from Section [FoliageQuality@3] File [D:/assignment3 agp/Assessment-3-AGP/Week8StartingPoint/Saved/Config/Windows/Scalability.ini]
[2021.10.03-13.48.22:761][  0]LogConfig: Setting CVar [[foliage.DensityScale:1.0]]
[2021.10.03-13.48.22:762][  0]LogConfig: Setting CVar [[grass.DensityScale:1.0]]
[2021.10.03-13.48.22:762][  0]LogConfig: Applying CVar settings from Section [ShadingQuality@3] File [D:/assignment3 agp/Assessment-3-AGP/Week8StartingPoint/Saved/Config/Windows/Scalability.ini]
[2021.10.03-13.48.22:762][  0]LogConfig: Setting CVar [[r.HairStrands.SkyLighting.SampleCount:16]]
[2021.10.03-13.48.22:762][  0]LogConfig: Setting CVar [[r.HairStrands.SkyLighting.JitterIntegration:0]]
[2021.10.03-13.48.22:762][  0]LogConfig: Setting CVar [[r.HairStrands.SkyAO.SampleCount:16]]
[2021.10.03-13.48.22:762][  0]LogInit: Selected Device Profile: [Windows]
[2021.10.03-13.48.22:762][  0]LogInit: Applying CVar settings loaded from the selected device profile: [Windows]
[2021.10.03-13.48.22:766][  0]LogHAL: Display: Platform has ~ 8 GB [8464355328 / 8589934592 / 8], which maps to Default [LargestMinGB=32, LargerMinGB=12, DefaultMinGB=8, SmallerMinGB=6, SmallestMinGB=0)
[2021.10.03-13.48.22:766][  0]LogInit: Going up to parent DeviceProfile []
[2021.10.03-13.48.22:766][  0]LogConfig: Applying CVar settings from Section [ViewDistanceQuality@3] File [D:/assignment3 agp/Assessment-3-AGP/Week8StartingPoint/Saved/Config/Windows/Scalability.ini]
[2021.10.03-13.48.22:766][  0]LogConfig: Setting CVar [[r.SkeletalMeshLODBias:0]]
[2021.10.03-13.48.22:766][  0]LogConfig: Setting CVar [[r.ViewDistanceScale:1.0]]
[2021.10.03-13.48.22:766][  0]LogConfig: Applying CVar settings from Section [AntiAliasingQuality@3] File [D:/assignment3 agp/Assessment-3-AGP/Week8StartingPoint/Saved/Config/Windows/Scalability.ini]
[2021.10.03-13.48.22:766][  0]LogConfig: Setting CVar [[r.PostProcessAAQuality:4]]
[2021.10.03-13.48.22:766][  0]LogConfig: Applying CVar settings from Section [ShadowQuality@3] File [D:/assignment3 agp/Assessment-3-AGP/Week8StartingPoint/Saved/Config/Windows/Scalability.ini]
[2021.10.03-13.48.22:766][  0]LogConfig: Setting CVar [[r.LightFunctionQuality:1]]
[2021.10.03-13.48.22:766][  0]LogConfig: Setting CVar [[r.ShadowQuality:5]]
[2021.10.03-13.48.22:766][  0]LogConfig: Setting CVar [[r.Shadow.CSM.MaxCascades:10]]
[2021.10.03-13.48.22:766][  0]LogConfig: Setting CVar [[r.Shadow.MaxResolution:2048]]
[2021.10.03-13.48.22:766][  0]LogConfig: Setting CVar [[r.Shadow.MaxCSMResolution:2048]]
[2021.10.03-13.48.22:766][  0]LogConfig: Setting CVar [[r.Shadow.RadiusThreshold:0.01]]
[2021.10.03-13.48.22:766][  0]LogConfig: Setting CVar [[r.Shadow.DistanceScale:1.0]]
[2021.10.03-13.48.22:766][  0]LogConfig: Setting CVar [[r.Shadow.CSM.TransitionScale:1.0]]
[2021.10.03-13.48.22:766][  0]LogConfig: Setting CVar [[r.Shadow.PreShadowResolutionFactor:1.0]]
[2021.10.03-13.48.22:766][  0]LogConfig: Setting CVar [[r.DistanceFieldShadowing:1]]
[2021.10.03-13.48.22:766][  0]LogConfig: Setting CVar [[r.DistanceFieldAO:1]]
[2021.10.03-13.48.22:766][  0]LogConfig: Setting CVar [[r.AOQuality:2]]
[2021.10.03-13.48.22:766][  0]LogConfig: Setting CVar [[r.VolumetricFog:1]]
[2021.10.03-13.48.22:766][  0]LogConfig: Setting CVar [[r.VolumetricFog.GridPixelSize:8]]
[2021.10.03-13.48.22:766][  0]LogConfig: Setting CVar [[r.VolumetricFog.GridSizeZ:128]]
[2021.10.03-13.48.22:766][  0]LogConfig: Setting CVar [[r.VolumetricFog.HistoryMissSupersampleCount:4]]
[2021.10.03-13.48.22:766][  0]LogConfig: Setting CVar [[r.LightMaxDrawDistanceScale:1]]
[2021.10.03-13.48.22:766][  0]LogConfig: Setting CVar [[r.CapsuleShadows:1]]
[2021.10.03-13.48.22:766][  0]LogConfig: Applying CVar settings from Section [PostProcessQuality@3] File [D:/assignment3 agp/Assessment-3-AGP/Week8StartingPoint/Saved/Config/Windows/Scalability.ini]
[2021.10.03-13.48.22:766][  0]LogConfig: Setting CVar [[r.MotionBlurQuality:4]]
[2021.10.03-13.48.22:766][  0]LogConfig: Setting CVar [[r.AmbientOcclusionMipLevelFactor:0.4]]
[2021.10.03-13.48.22:766][  0]LogConfig: Setting CVar [[r.AmbientOcclusionMaxQuality:100]]
[2021.10.03-13.48.22:766][  0]LogConfig: Setting CVar [[r.AmbientOcclusionLevels:-1]]
[2021.10.03-13.48.22:766][  0]LogConfig: Setting CVar [[r.AmbientOcclusionRadiusScale:1.0]]
[2021.10.03-13.48.22:766][  0]LogConfig: Setting CVar [[r.DepthOfFieldQuality:2]]
[2021.10.03-13.48.22:766][  0]LogConfig: Setting CVar [[r.RenderTargetPoolMin:400]]
[2021.10.03-13.48.22:766][  0]LogConfig: Setting CVar [[r.LensFlareQuality:2]]
[2021.10.03-13.48.22:766][  0]LogConfig: Setting CVar [[r.SceneColorFringeQuality:1]]
[2021.10.03-13.48.22:766][  0]LogConfig: Setting CVar [[r.EyeAdaptationQuality:2]]
[2021.10.03-13.48.22:766][  0]LogConfig: Setting CVar [[r.BloomQuality:5]]
[2021.10.03-13.48.22:766][  0]LogConfig: Setting CVar [[r.FastBlurThreshold:100]]
[2021.10.03-13.48.22:766][  0]LogConfig: Setting CVar [[r.Upscale.Quality:3]]
[2021.10.03-13.48.22:766][  0]LogConfig: Setting CVar [[r.Tonemapper.GrainQuantization:1]]
[2021.10.03-13.48.22:767][  0]LogConfig: Setting CVar [[r.LightShaftQuality:1]]
[2021.10.03-13.48.22:767][  0]LogConfig: Setting CVar [[r.Filter.SizeScale:1]]
[2021.10.03-13.48.22:767][  0]LogConfig: Setting CVar [[r.Tonemapper.Quality:5]]
[2021.10.03-13.48.22:767][  0]LogConfig: Setting CVar [[r.DOF.Gather.AccumulatorQuality:1        ; higher gathering accumulator quality]]
[2021.10.03-13.48.22:767][  0]LogConfig: Setting CVar [[r.DOF.Gather.PostfilterMethod:1          ; Median3x3 postfilering method]]
[2021.10.03-13.48.22:767][  0]LogConfig: Setting CVar [[r.DOF.Gather.EnableBokehSettings:0       ; no bokeh simulation when gathering]]
[2021.10.03-13.48.22:767][  0]LogConfig: Setting CVar [[r.DOF.Gather.RingCount:4                 ; medium number of samples when gathering]]
[2021.10.03-13.48.22:767][  0]LogConfig: Setting CVar [[r.DOF.Scatter.ForegroundCompositing:1    ; additive foreground scattering]]
[2021.10.03-13.48.22:767][  0]LogConfig: Setting CVar [[r.DOF.Scatter.BackgroundCompositing:2    ; additive background scattering]]
[2021.10.03-13.48.22:767][  0]LogConfig: Setting CVar [[r.DOF.Scatter.EnableBokehSettings:1      ; bokeh simulation when scattering]]
[2021.10.03-13.48.22:767][  0]LogConfig: Setting CVar [[r.DOF.Scatter.MaxSpriteRatio:0.1         ; only a maximum of 10% of scattered bokeh]]
[2021.10.03-13.48.22:767][  0]LogConfig: Setting CVar [[r.DOF.Recombine.Quality:1                ; cheap slight out of focus]]
[2021.10.03-13.48.22:767][  0]LogConfig: Setting CVar [[r.DOF.Recombine.EnableBokehSettings:0    ; no bokeh simulation on slight out of focus]]
[2021.10.03-13.48.22:767][  0]LogConfig: Setting CVar [[r.DOF.TemporalAAQuality:1                ; more stable temporal accumulation]]
[2021.10.03-13.48.22:767][  0]LogConfig: Setting CVar [[r.DOF.Kernel.MaxForegroundRadius:0.025]]
[2021.10.03-13.48.22:767][  0]LogConfig: Setting CVar [[r.DOF.Kernel.MaxBackgroundRadius:0.025]]
[2021.10.03-13.48.22:767][  0]LogConfig: Applying CVar settings from Section [TextureQuality@3] File [D:/assignment3 agp/Assessment-3-AGP/Week8StartingPoint/Saved/Config/Windows/Scalability.ini]
[2021.10.03-13.48.22:767][  0]LogConfig: Setting CVar [[r.Streaming.MipBias:0]]
[2021.10.03-13.48.22:767][  0]LogConfig: Setting CVar [[r.Streaming.AmortizeCPUToGPUCopy:0]]
[2021.10.03-13.48.22:767][  0]LogConfig: Setting CVar [[r.Streaming.MaxNumTexturesToStreamPerFrame:0]]
[2021.10.03-13.48.22:767][  0]LogConfig: Setting CVar [[r.Streaming.Boost:1]]
[2021.10.03-13.48.22:767][  0]LogConfig: Setting CVar [[r.MaxAnisotropy:8]]
[2021.10.03-13.48.22:767][  0]LogConfig: Setting CVar [[r.VT.MaxAnisotropy:8]]
[2021.10.03-13.48.22:767][  0]LogConfig: Setting CVar [[r.Streaming.LimitPoolSizeToVRAM:0]]
[2021.10.03-13.48.22:767][  0]LogConfig: Setting CVar [[r.Streaming.PoolSize:1000]]
[2021.10.03-13.48.22:767][  0]LogConfig: Setting CVar [[r.Streaming.MaxEffectiveScreenSize:0]]
[2021.10.03-13.48.22:767][  0]LogConfig: Applying CVar settings from Section [EffectsQuality@3] File [D:/assignment3 agp/Assessment-3-AGP/Week8StartingPoint/Saved/Config/Windows/Scalability.ini]
[2021.10.03-13.48.22:767][  0]LogConfig: Setting CVar [[r.TranslucencyLightingVolumeDim:64]]
[2021.10.03-13.48.22:767][  0]LogConfig: Setting CVar [[r.RefractionQuality:2]]
[2021.10.03-13.48.22:767][  0]LogConfig: Setting CVar [[r.SSR.Quality:3]]
[2021.10.03-13.48.22:767][  0]LogConfig: Setting CVar [[r.SSR.HalfResSceneColor:0]]
[2021.10.03-13.48.22:767][  0]LogConfig: Setting CVar [[r.SceneColorFormat:4]]
[2021.10.03-13.48.22:767][  0]LogConfig: Setting CVar [[r.DetailMode:2]]
[2021.10.03-13.48.22:767][  0]LogConfig: Setting CVar [[r.TranslucencyVolumeBlur:1]]
[2021.10.03-13.48.22:767][  0]LogConfig: Setting CVar [[r.MaterialQualityLevel:1 ; High quality]]
[2021.10.03-13.48.22:767][  0]LogConfig: Setting CVar [[r.SSS.Scale:1]]
[2021.10.03-13.48.22:767][  0]LogConfig: Setting CVar [[r.SSS.SampleSet:2]]
[2021.10.03-13.48.22:767][  0]LogConfig: Setting CVar [[r.SSS.Quality:1]]
[2021.10.03-13.48.22:767][  0]LogConfig: Setting CVar [[r.SSS.HalfRes:1]]
[2021.10.03-13.48.22:767][  0]LogConfig: Setting CVar [[r.SSGI.Quality:3]]
[2021.10.03-13.48.22:767][  0]LogConfig: Setting CVar [[r.EmitterSpawnRateScale:1.0]]
[2021.10.03-13.48.22:767][  0]LogConfig: Setting CVar [[r.ParticleLightQuality:2]]
[2021.10.03-13.48.22:767][  0]LogConfig: Setting CVar [[r.SkyAtmosphere.AerialPerspectiveLUT.FastApplyOnOpaque:1 ; Always have FastSkyLUT 1 in this case to avoid wrong sky]]
[2021.10.03-13.48.22:767][  0]LogConfig: Setting CVar [[r.SkyAtmosphere.AerialPerspectiveLUT.SampleCountPerSlice:1]]
[2021.10.03-13.48.22:767][  0]LogConfig: Setting CVar [[r.SkyAtmosphere.AerialPerspectiveLUT.DepthResolution:16.0]]
[2021.10.03-13.48.22:767][  0]LogConfig: Setting CVar [[r.SkyAtmosphere.FastSkyLUT:1]]
[2021.10.03-13.48.22:767][  0]LogConfig: Setting CVar [[r.SkyAtmosphere.FastSkyLUT.SampleCountMin:4.0]]
[2021.10.03-13.48.22:767][  0]LogConfig: Setting CVar [[r.SkyAtmosphere.FastSkyLUT.SampleCountMax:32.0]]
[2021.10.03-13.48.22:767][  0]LogConfig: Setting CVar [[r.SkyAtmosphere.SampleCountMin:4.0]]
[2021.10.03-13.48.22:767][  0]LogConfig: Setting CVar [[r.SkyAtmosphere.SampleCountMax:32.0]]
[2021.10.03-13.48.22:767][  0]LogConfig: Setting CVar [[r.SkyAtmosphere.TransmittanceLUT.UseSmallFormat:0]]
[2021.10.03-13.48.22:767][  0]LogConfig: Setting CVar [[r.SkyAtmosphere.TransmittanceLUT.SampleCount:10.0]]
[2021.10.03-13.48.22:767][  0]LogConfig: Setting CVar [[r.SkyAtmosphere.MultiScatteringLUT.SampleCount:15.0]]
[2021.10.03-13.48.22:767][  0]LogConfig: Applying CVar settings from Section [FoliageQuality@3] File [D:/assignment3 agp/Assessment-3-AGP/Week8StartingPoint/Saved/Config/Windows/Scalability.ini]
[2021.10.03-13.48.22:767][  0]LogConfig: Setting CVar [[foliage.DensityScale:1.0]]
[2021.10.03-13.48.22:767][  0]LogConfig: Setting CVar [[grass.DensityScale:1.0]]
[2021.10.03-13.48.22:767][  0]LogConfig: Applying CVar settings from Section [ShadingQuality@3] File [D:/assignment3 agp/Assessment-3-AGP/Week8StartingPoint/Saved/Config/Windows/Scalability.ini]
[2021.10.03-13.48.22:767][  0]LogConfig: Setting CVar [[r.HairStrands.SkyLighting.SampleCount:16]]
[2021.10.03-13.48.22:767][  0]LogConfig: Setting CVar [[r.HairStrands.SkyLighting.JitterIntegration:0]]
[2021.10.03-13.48.22:767][  0]LogConfig: Setting CVar [[r.HairStrands.SkyAO.SampleCount:16]]
[2021.10.03-13.48.22:767][  0]LogConfig: Applying CVar settings from Section [Startup] File [../../../Engine/Config/ConsoleVariables.ini]
[2021.10.03-13.48.22:768][  0]LogConfig: Setting CVar [[net.UseAdaptiveNetUpdateFrequency:0]]
[2021.10.03-13.48.22:768][  0]LogConfig: Setting CVar [[p.chaos.AllowCreatePhysxBodies:1]]
[2021.10.03-13.48.22:768][  0]LogConfig: Applying CVar settings from Section [ConsoleVariables] File [D:/assignment3 agp/Assessment-3-AGP/Week8StartingPoint/Saved/Config/Windows/Engine.ini]
[2021.10.03-13.48.22:768][  0]LogInit: Computer: LAPTOP-OUI9A870
[2021.10.03-13.48.22:768][  0]LogInit: User: habib
[2021.10.03-13.48.22:768][  0]LogInit: CPU Page size=4096, Cores=4
[2021.10.03-13.48.22:768][  0]LogInit: High frequency timer resolution =10.000000 MHz
[2021.10.03-13.48.22:768][  0]LogMemory: Memory total: Physical=7.9GB (8GB approx)
[2021.10.03-13.48.22:768][  0]LogMemory: Platform Memory Stats for Windows
[2021.10.03-13.48.22:768][  0]LogMemory: Process Physical Memory: 109.42 MB used, 109.43 MB peak
[2021.10.03-13.48.22:768][  0]LogMemory: Process Virtual Memory: 104.62 MB used, 104.62 MB peak
[2021.10.03-13.48.22:768][  0]LogMemory: Physical Memory: 6490.74 MB used,  1581.50 MB free, 8072.24 MB total
[2021.10.03-13.48.22:768][  0]LogMemory: Virtual Memory: 5180.87 MB used,  134212544.00 MB free, 134217728.00 MB total
[2021.10.03-13.48.22:771][  0]LogWindows: WindowsPlatformFeatures enabled
[2021.10.03-13.48.22:810][  0]LogInit: Using OS detected language (en-US).
[2021.10.03-13.48.22:810][  0]LogInit: Using OS detected locale (en-AU).
[2021.10.03-13.48.22:810][  0]LogTextLocalizationManager: No specific localization for 'en-US' exists, so the 'en' localization will be used.
[2021.10.03-13.48.22:958][  0]LogInit: Setting process to per monitor DPI aware
[2021.10.03-13.48.22:988][  0]LogSlate: New Slate User Created.  User Index 0, Is Virtual User: 0
[2021.10.03-13.48.22:988][  0]LogSlate: Slate User Registered.  User Index 0, Is Virtual User: 0
[2021.10.03-13.48.23:208][  0]LogHMD: Failed to initialize OpenVR with code 108
[2021.10.03-13.48.23:208][  0]LogD3D11RHI: D3D11 min allowed feature level: 11_0
[2021.10.03-13.48.23:208][  0]LogD3D11RHI: D3D11 max allowed feature level: 11_0
[2021.10.03-13.48.23:208][  0]LogD3D11RHI: D3D11 adapters:
[2021.10.03-13.48.23:333][  0]LogD3D11RHI:    0. 'NVIDIA GeForce GTX 1650' (Feature Level 11_0)
[2021.10.03-13.48.23:333][  0]LogD3D11RHI:       3962/0/4036 MB DedicatedVideo/DedicatedSystem/SharedSystem, Outputs:1, VendorId:0x10de
[2021.10.03-13.48.23:412][  0]LogD3D11RHI:    1. 'Intel(R) UHD Graphics 630' (Feature Level 11_0)
[2021.10.03-13.48.23:412][  0]LogD3D11RHI:       128/0/4036 MB DedicatedVideo/DedicatedSystem/SharedSystem, Outputs:0, VendorId:0x8086
[2021.10.03-13.48.23:415][  0]LogD3D11RHI:    2. 'Microsoft Basic Render Driver' (Feature Level 11_0)
[2021.10.03-13.48.23:415][  0]LogD3D11RHI:       0/0/4036 MB DedicatedVideo/DedicatedSystem/SharedSystem, Outputs:0, VendorId:0x1414
[2021.10.03-13.48.23:415][  0]LogD3D11RHI: Chosen D3D11 Adapter: 0
[2021.10.03-13.48.23:422][  0]LogD3D11RHI: Creating new Direct3DDevice
[2021.10.03-13.48.23:422][  0]LogD3D11RHI:     GPU DeviceId: 0x1f91 (for the marketing name, search the web for "GPU Device Id")
[2021.10.03-13.48.23:422][  0]LogWindows: EnumDisplayDevices:
[2021.10.03-13.48.23:422][  0]LogWindows:    0. 'Intel(R) UHD Graphics 630' (P:1 D:1)
[2021.10.03-13.48.23:422][  0]LogWindows:    1. 'Intel(R) UHD Graphics 630' (P:0 D:0)
[2021.10.03-13.48.23:422][  0]LogWindows:    2. 'Intel(R) UHD Graphics 630' (P:0 D:0)
[2021.10.03-13.48.23:423][  0]LogWindows:    3. 'NVIDIA GeForce GTX 1650' (P:0 D:0)
[2021.10.03-13.48.23:423][  0]LogWindows:    4. 'NVIDIA GeForce GTX 1650' (P:0 D:0)
[2021.10.03-13.48.23:423][  0]LogWindows:    5. 'NVIDIA GeForce GTX 1650' (P:0 D:0)
[2021.10.03-13.48.23:423][  0]LogWindows:    6. 'NVIDIA GeForce GTX 1650' (P:0 D:0)
[2021.10.03-13.48.23:424][  0]LogWindows: DebugString: PrimaryIsNotTheChoosenAdapter PrimaryIsNotTheChoosenAdapter PrimaryIsNotTheChoosenAdapter FoundDriverCount:4 
[2021.10.03-13.48.23:424][  0]LogD3D11RHI:     Adapter Name: NVIDIA GeForce GTX 1650
[2021.10.03-13.48.23:424][  0]LogD3D11RHI:   Driver Version: 460.79 (internal:27.21.14.6079, unified:460.79)
[2021.10.03-13.48.23:424][  0]LogD3D11RHI:      Driver Date: 12-3-2020
[2021.10.03-13.48.23:424][  0]LogRHI: Texture pool is 2773 MB (70% of 3962 MB)
[2021.10.03-13.48.23:512][  0]LogD3D11RHI: RHI has support for 64 bit atomics
[2021.10.03-13.48.23:512][  0]LogD3D11RHI: Async texture creation enabled
[2021.10.03-13.48.23:528][  0]LogD3D11RHI: GPU Timing Frequency: 1000.000000 (Debug: 2 1)
[2021.10.03-13.48.23:832][  0]LogTargetPlatformManager: Display: Loaded TargetPlatform 'AllDesktop'
[2021.10.03-13.48.23:861][  0]LogTargetPlatformManager: Display: Loaded TargetPlatform 'Android'
[2021.10.03-13.48.23:861][  0]LogTargetPlatformManager: Display: Loaded TargetPlatform 'Android_ASTC'
[2021.10.03-13.48.23:861][  0]LogTargetPlatformManager: Display: Loaded TargetPlatform 'Android_ATC'
[2021.10.03-13.48.23:861][  0]LogTargetPlatformManager: Display: Loaded TargetPlatform 'Android_DXT'
[2021.10.03-13.48.23:861][  0]LogTargetPlatformManager: Display: Loaded TargetPlatform 'Android_ETC1'
[2021.10.03-13.48.23:861][  0]LogTargetPlatformManager: Display: Loaded TargetPlatform 'Android_ETC1a'
[2021.10.03-13.48.23:861][  0]LogTargetPlatformManager: Display: Loaded TargetPlatform 'Android_ETC2'
[2021.10.03-13.48.23:861][  0]LogTargetPlatformManager: Display: Loaded TargetPlatform 'Android_PVRTC'
[2021.10.03-13.48.23:861][  0]LogTargetPlatformManager: Display: Loaded TargetPlatform 'AndroidClient'
[2021.10.03-13.48.23:861][  0]LogTargetPlatformManager: Display: Loaded TargetPlatform 'Android_ASTCClient'
[2021.10.03-13.48.23:861][  0]LogTargetPlatformManager: Display: Loaded TargetPlatform 'Android_ATCClient'
[2021.10.03-13.48.23:861][  0]LogTargetPlatformManager: Display: Loaded TargetPlatform 'Android_DXTClient'
[2021.10.03-13.48.23:861][  0]LogTargetPlatformManager: Display: Loaded TargetPlatform 'Android_ETC1Client'
[2021.10.03-13.48.23:861][  0]LogTargetPlatformManager: Display: Loaded TargetPlatform 'Android_ETC1aClient'
[2021.10.03-13.48.23:861][  0]LogTargetPlatformManager: Display: Loaded TargetPlatform 'Android_ETC2Client'
[2021.10.03-13.48.23:861][  0]LogTargetPlatformManager: Display: Loaded TargetPlatform 'Android_PVRTCClient'
[2021.10.03-13.48.23:861][  0]LogTargetPlatformManager: Display: Loaded TargetPlatform 'Android_Multi'
[2021.10.03-13.48.23:861][  0]LogTargetPlatformManager: Display: Loaded TargetPlatform 'Android_MultiClient'
[2021.10.03-13.48.23:881][  0]LogTargetPlatformManager: Display: Loaded TargetPlatform 'IOSClient'
[2021.10.03-13.48.23:881][  0]LogTargetPlatformManager: Display: Loaded TargetPlatform 'IOS'
[2021.10.03-13.48.23:888][  0]LogTargetPlatformManager: Display: Loaded TargetPlatform 'LinuxNoEditor'
[2021.10.03-13.48.23:896][  0]LogTargetPlatformManager: Display: Loaded TargetPlatform 'LinuxClient'
[2021.10.03-13.48.23:904][  0]LogTargetPlatformManager: Display: Loaded TargetPlatform 'LinuxServer'
[2021.10.03-13.48.23:911][  0]LogTargetPlatformManager: Display: Loaded TargetPlatform 'LinuxAArch64NoEditor'
[2021.10.03-13.48.23:919][  0]LogTargetPlatformManager: Display: Loaded TargetPlatform 'LinuxAArch64Client'
[2021.10.03-13.48.23:926][  0]LogTargetPlatformManager: Display: Loaded TargetPlatform 'LinuxAArch64Server'
[2021.10.03-13.48.23:955][  0]LogTargetPlatformManager: Display: Loaded TargetPlatform 'Lumin'
[2021.10.03-13.48.23:955][  0]LogTargetPlatformManager: Display: Loaded TargetPlatform 'LuminClient'
[2021.10.03-13.48.23:971][  0]LogTargetPlatformManager: Display: Loaded TargetPlatform 'TVOSClient'
[2021.10.03-13.48.23:971][  0]LogTargetPlatformManager: Display: Loaded TargetPlatform 'TVOS'
[2021.10.03-13.48.23:979][  0]LogTargetPlatformManager: Display: Loaded TargetPlatform 'WindowsNoEditor'
[2021.10.03-13.48.23:987][  0]LogTargetPlatformManager: Display: Loaded TargetPlatform 'Windows'
[2021.10.03-13.48.23:995][  0]LogTargetPlatformManager: Display: Loaded TargetPlatform 'WindowsClient'
[2021.10.03-13.48.24:002][  0]LogTargetPlatformManager: Display: Loaded TargetPlatform 'WindowsServer'
[2021.10.03-13.48.24:002][  0]LogTargetPlatformManager: Display: Building Assets For Windows
[2021.10.03-13.48.24:006][  0]LogAudioDebug: Display: Lib vorbis DLL was dynamically loaded.
[2021.10.03-13.48.24:030][  0]LogShaderCompilers: Guid format shader working directory is -8 characters bigger than the processId version (D:/assignment3 agp/Assessment-3-AGP/Week8StartingPoint/Intermediate/Shaders/WorkingDirectory/9396/).
[2021.10.03-13.48.24:030][  0]LogShaderCompilers: Cleaned the shader compiler working directory 'C:/Users/habib/AppData/Local/Temp/UnrealShaderWorkingDir/64915F2D4346048CC5782AAA180AFE5C/'.
[2021.10.03-13.48.24:031][  0]LogXGEController: Cannot use XGE Controller as Incredibuild is not installed on this machine.
[2021.10.03-13.48.24:031][  0]LogShaderCompilers: Cannot use XGE Shader Compiler as Incredibuild is not installed on this machine.
[2021.10.03-13.48.24:031][  0]LogShaderCompilers: Display: Using Local Shader Compiler.
[2021.10.03-13.48.24:788][  0]LogDerivedDataCache: Display: Max Cache Size: 512 MB
[2021.10.03-13.48.24:864][  0]LogDerivedDataCache: Loaded boot cache 0.08s 81MB C:/Users/habib/AppData/Local/UnrealEngine/4.24/DerivedDataCache/Boot.ddc.
[2021.10.03-13.48.24:865][  0]LogDerivedDataCache: Display: Loaded Boot cache: C:/Users/habib/AppData/Local/UnrealEngine/4.24/DerivedDataCache/Boot.ddc
[2021.10.03-13.48.24:865][  0]LogDerivedDataCache: FDerivedDataBackendGraph:  Pak pak cache file D:/assignment3 agp/Assessment-3-AGP/Week8StartingPoint/DerivedDataCache/DDC.ddp not found, will not use a pak cache.
[2021.10.03-13.48.24:865][  0]LogDerivedDataCache: Unable to find inner node Pak for hierarchical cache Hierarchy.
[2021.10.03-13.48.24:865][  0]LogDerivedDataCache: FDerivedDataBackendGraph:  CompressedPak pak cache file D:/assignment3 agp/Assessment-3-AGP/Week8StartingPoint/DerivedDataCache/Compressed.ddp not found, will not use a pak cache.
[2021.10.03-13.48.24:865][  0]LogDerivedDataCache: Unable to find inner node CompressedPak for hierarchical cache Hierarchy.
[2021.10.03-13.48.24:879][  0]LogDerivedDataCache: Display: Pak cache opened for reading ../../../Engine/DerivedDataCache/Compressed.ddp.
[2021.10.03-13.48.24:879][  0]LogDerivedDataCache: FDerivedDataBackendGraph:  EnterprisePak pak cache file ../../../Enterprise/DerivedDataCache/Compressed.ddp not found, will not use a pak cache.
[2021.10.03-13.48.24:880][  0]LogDerivedDataCache: Unable to find inner node EnterprisePak for hierarchical cache Hierarchy.
[2021.10.03-13.48.24:881][  0]LogDerivedDataCache: Using Local data cache path C:/Users/habib/AppData/Local/UnrealEngine/Common/DerivedDataCache: Writable
[2021.10.03-13.48.24:881][  0]LogDerivedDataCache: Shared data cache path not found in *engine.ini, will not use an Shared cache.
[2021.10.03-13.48.24:881][  0]LogDerivedDataCache: Unable to find inner node Shared for hierarchical cache Hierarchy.
[2021.10.03-13.48.24:916][  0]LogMaterial: Verifying Global Shaders for PCD3D_SM5
[2021.10.03-13.48.24:920][  0]LogSlate: Using FreeType 2.10.0
[2021.10.03-13.48.24:920][  0]LogSlate: SlateFontServices - WITH_FREETYPE: 1, WITH_HARFBUZZ: 1
[2021.10.03-13.48.24:992][  0]LogAssetRegistry: FAssetRegistry took 0.0040 seconds to start up
[2021.10.03-13.48.25:422][  0]LogInit: Selected Device Profile: [Windows]
[2021.10.03-13.48.25:651][  0]LogMeshReduction: Using QuadricMeshReduction for automatic static mesh reduction
[2021.10.03-13.48.25:651][  0]LogMeshReduction: Using SimplygonMeshReduction for automatic skeletal mesh reduction
[2021.10.03-13.48.25:651][  0]LogMeshReduction: Using ProxyLODMeshReduction for automatic mesh merging
[2021.10.03-13.48.25:651][  0]LogMeshReduction: No distributed automatic mesh merging module available
[2021.10.03-13.48.25:651][  0]LogMeshMerging: No distributed automatic mesh merging module available
[2021.10.03-13.48.25:673][  0]LogNetVersion: AdvGamesProgramming 1.0.0, NetCL: 10570792, EngineNetVer: 13, GameNetVer: 0 (Checksum: 489682494)
[2021.10.03-13.48.26:769][  0]LogPackageLocalizationCache: Processed 10 localized package path(s) for 1 prioritized culture(s) in 0.075831 seconds
[2021.10.03-13.48.26:781][  0]LogUObjectArray: 46750 objects as part of root set at end of initial load.
[2021.10.03-13.48.26:781][  0]LogUObjectAllocator: 8137160 out of 0 bytes used by permanent object pool.
[2021.10.03-13.48.26:781][  0]LogUObjectArray: CloseDisregardForGC: 0/0 objects in disregard for GC pool
[2021.10.03-13.48.27:192][  0]LogTcpMessaging: Initializing TcpMessaging bridge
[2021.10.03-13.48.27:195][  0]LogUdpMessaging: Initializing bridge on interface 0.0.0.0:0 to multicast group 230.0.0.1:6666.
[2021.10.03-13.48.27:245][  0]SourceControl: Source control is disabled
[2021.10.03-13.48.27:245][  0]SourceControl: Source control is disabled
[2021.10.03-13.48.27:246][  0]SourceControl: Source control is disabled
[2021.10.03-13.48.27:247][  0]SourceControl: Source control is disabled
[2021.10.03-13.48.27:248][  0]SourceControl: Source control is disabled
[2021.10.03-13.48.27:336][  0]LogAndroidPermission: UAndroidPermissionCallbackProxy::GetInstance
[2021.10.03-13.48.27:349][  0]LogAudioCaptureCore: Display: No Audio Capture implementations found. Audio input will be silent.
[2021.10.03-13.48.27:349][  0]LogAudioCaptureCore: Display: No Audio Capture implementations found. Audio input will be silent.
[2021.10.03-13.48.27:433][  0]LogOcInput: OculusInput pre-init called
[2021.10.03-13.48.28:002][  0]LogEngine: Initializing Engine...
[2021.10.03-13.48.28:069][  0]LogHMD: Failed to initialize OpenVR with code 108
[2021.10.03-13.48.28:071][  0]LogStats: UGameplayTagsManager::InitializeManager -  0.001 s
[2021.10.03-13.48.28:410][  0]LogInit: Initializing FReadOnlyCVARCache
[2021.10.03-13.48.28:418][  0]LogAIModule: Creating AISystem for world Untitled
[2021.10.03-13.48.28:447][  0]LogAudioMixer: Display: Audio Mixer Platform Settings:
[2021.10.03-13.48.28:447][  0]LogAudioMixer: Display: 	Sample Rate:						  48000
[2021.10.03-13.48.28:447][  0]LogAudioMixer: Display: 	Callback Buffer Frame Size Requested: 1024
[2021.10.03-13.48.28:447][  0]LogAudioMixer: Display: 	Callback Buffer Frame Size To Use:	  1024
[2021.10.03-13.48.28:447][  0]LogAudioMixer: Display: 	Number of buffers to queue:			  2
[2021.10.03-13.48.28:447][  0]LogAudioMixer: Display: 	Max Channels (voices):				  32
[2021.10.03-13.48.28:447][  0]LogAudioMixer: Display: 	Number of Async Source Workers:		  0
[2021.10.03-13.48.28:447][  0]LogAudio: Display: AudioDevice MaxSources: 32
[2021.10.03-13.48.28:448][  0]LogAudio: Display: Using built-in audio occlusion.
[2021.10.03-13.48.28:448][  0]LogAudioMixer: Display: Initializing audio mixer.
[2021.10.03-13.48.28:488][  0]LogAudioMixer: Display: Audio Device Output Speaker Info:
[2021.10.03-13.48.28:488][  0]LogAudioMixer: Display: Name: Speakers (Realtek(R) Audio)
[2021.10.03-13.48.28:488][  0]LogAudioMixer: Display: Is Default: Yes
[2021.10.03-13.48.28:488][  0]LogAudioMixer: Display: Sample Rate: 48000
[2021.10.03-13.48.28:488][  0]LogAudioMixer: Display: Channel Count Used: 2
[2021.10.03-13.48.28:488][  0]LogAudioMixer: Display: Device Channel Count: 2
[2021.10.03-13.48.28:488][  0]LogAudioMixer: Display: Channel Order:
[2021.10.03-13.48.28:488][  0]LogAudioMixer: Display: 0: FrontLeft
[2021.10.03-13.48.28:488][  0]LogAudioMixer: Display: 1: FrontRight
[2021.10.03-13.48.28:512][  0]LogAudioMixer: Display: Using Audio Device Speakers (Realtek(R) Audio)
[2021.10.03-13.48.28:519][  0]LogInit: FAudioDevice initialized.
[2021.10.03-13.48.28:520][  0]LogNetVersion: Set ProjectVersion to 1.0.0.0. Version Checksum will be recalculated on next use.
[2021.10.03-13.48.28:608][  0]LogDerivedDataCache: Saved boot cache 0.09s 81MB C:/Users/habib/AppData/Local/UnrealEngine/4.24/DerivedDataCache/Boot.ddc.
[2021.10.03-13.48.28:608][  0]LogInit: Texture streaming: Enabled
[2021.10.03-13.48.28:619][  0]LogEngineSessionManager: EngineSessionManager initialized
[2021.10.03-13.48.28:619][  0]LogEditorSessionSummary: Verbose: Initializing EditorSessionSummaryWriter for editor session tracking
[2021.10.03-13.48.28:621][  0]LogEditorSessionSummary: EditorSessionSummaryWriter initialized
[2021.10.03-13.48.28:649][  0]LogInit: Transaction tracking system initialized
[2021.10.03-13.48.28:658][  0]BlueprintLog: New page: Editor Load
[2021.10.03-13.48.28:692][  0]LocalizationService: Localization service is disabled
[2021.10.03-13.48.28:968][  0]LogFileCache: Scanning file cache for directory 'D:/assignment3 agp/Assessment-3-AGP/Week8StartingPoint/Content/' took 0.01s
[2021.10.03-13.48.28:968][  0]LogCook: Display: Max memory allowance for cook 16384mb min free memory 0mb
[2021.10.03-13.48.28:968][  0]LogCook: Display: Mobile HDR setting 1
[2021.10.03-13.48.29:523][  0]SourceControl: Source control is disabled
[2021.10.03-13.48.29:704][  0]LogSlate: Took 0.000249 seconds to synchronously load lazily loaded font '../../../Engine/Content/Slate/Fonts/Roboto-Regular.ttf' (155K)
[2021.10.03-13.48.36:071][  0]LogSlate: Window 'Restore Packages' being destroyed
[2021.10.03-13.48.36:072][  0]LogWindowsTextInputMethodSystem: Display: IME system now deactivated.
[2021.10.03-13.48.36:077][  0]LogWindowsTextInputMethodSystem: Display: IME system now deactivated.
[2021.10.03-13.48.36:090][  0]Cmd: MAP LOAD FILE="D:/assignment3 agp/Assessment-3-AGP/Week8StartingPoint/Content/Levels/TestingMap.umap" TEMPLATE=0 SHOWPROGRESS=1 FEATURELEVEL=3
[2021.10.03-13.48.36:155][  0]LightingResults: New page: Lighting Build
[2021.10.03-13.48.36:157][  0]LogWorld: UWorld::CleanupWorld for Untitled, bSessionEnded=true, bCleanupResources=true
[2021.10.03-13.48.36:157][  0]LogSlate: InvalidateAllWidgets triggered.  All widgets were invalidated
[2021.10.03-13.48.36:157][  0]MapCheck: New page: Map Check
[2021.10.03-13.48.36:157][  0]LightingResults: New page: Lighting Build
[2021.10.03-13.48.36:195][  0]LogUObjectHash: Compacting FUObjectHashTables data took   3.70ms
[2021.10.03-13.48.36:863][  0]LogBlueprint: Warning: [Compiler Ue4ASP_Character] InputAction Event references unknown Action 'Crouch' for  InputAction Crouch
[2021.10.03-13.48.36:864][  0]LogBlueprint: Warning: [Compiler Ue4ASP_Character] Input Axis Event references unknown Axis 'MoveRight' for  InputAxis MoveRight
[2021.10.03-13.48.37:322][  0]LogLinker: Warning: While loading 'D:/assignment3 agp/Assessment-3-AGP/Week8StartingPoint/Content/Levels/TestingMap.umap' failed to load '/Game/Levels/TestingMap_BuiltData': Can't find file.
[2021.10.03-13.48.37:323][  0]LogLinker: Warning: While loading 'D:/assignment3 agp/Assessment-3-AGP/Week8StartingPoint/Content/Levels/TestingMap.umap' failed to load '/Game/Levels/TestingMap_BuiltData': Can't find file.
[2021.10.03-13.48.37:346][  0]LogLinker: Warning: While loading 'D:/assignment3 agp/Assessment-3-AGP/Week8StartingPoint/Content/Levels/TestingMap.umap' failed to load '/Game/Levels/TestingMap_BuiltData': Can't find file.
[2021.10.03-13.48.37:347][  0]LogLinker: Warning: While loading 'D:/assignment3 agp/Assessment-3-AGP/Week8StartingPoint/Content/Levels/TestingMap.umap' failed to load '/Game/Levels/TestingMap_BuiltData': Can't find file.
[2021.10.03-13.48.37:402][  0]LogLinker: Warning: While loading 'D:/assignment3 agp/Assessment-3-AGP/Week8StartingPoint/Content/Levels/TestingMap.umap' failed to load '/Game/Levels/TestingMap_BuiltData': Can't find file.
[2021.10.03-13.48.37:402][  0]LoadErrors: Failed to load /Game/Levels/TestingMap_BuiltData.TestingMap_BuiltData Referenced by PersistentLevel
[2021.10.03-13.48.37:402][  0]LogLinker: Warning: While loading 'D:/assignment3 agp/Assessment-3-AGP/Week8StartingPoint/Content/Levels/TestingMap.umap' failed to load '/Game/Levels/TestingMap_BuiltData': Can't find file.
[2021.10.03-13.48.37:402][  0]LoadErrors: Failed to load /Game/Levels/TestingMap_BuiltData.TestingMap_BuiltData Referenced by PersistentLevel
[2021.10.03-13.48.37:650][  0]LogAIModule: Creating AISystem for world TestingMap
[2021.10.03-13.48.37:697][  0]LogEditorServer: Finished looking for orphan Actors (0.000 secs)
[2021.10.03-13.48.37:744][  0]LogUObjectHash: Compacting FUObjectHashTables data took   5.26ms
[2021.10.03-13.48.37:744][  0]Cmd: MAP CHECKDEP NOCLEARLOG
[2021.10.03-13.48.37:745][  0]MapCheck: Map check complete: 0 Error(s), 0 Warning(s), took 0.25ms to complete.
[2021.10.03-13.48.37:745][  0]LogFileHelpers: Loading map 'TestingMap' took 1.655
[2021.10.03-13.48.37:859][  0]LogSlate: Updating window title bar state: overlay mode, drag disabled, window buttons hidden, title bar hidden
[2021.10.03-13.48.37:870][  0]LogSlate: Updating window title bar state: overlay mode, drag disabled, window buttons hidden, title bar hidden
[2021.10.03-13.48.37:877][  0]LogSlate: Updating window title bar state: overlay mode, drag disabled, window buttons hidden, title bar hidden
[2021.10.03-13.48.37:888][  0]LogSlate: Updating window title bar state: overlay mode, drag disabled, window buttons hidden, title bar hidden
[2021.10.03-13.48.37:896][  0]LogCollectionManager: Loaded 0 collections in 0.002545 seconds
[2021.10.03-13.48.37:923][  0]LogFileCache: Scanning file cache for directory 'D:/assignment3 agp/Assessment-3-AGP/Week8StartingPoint/Saved/Collections/' took 0.00s
[2021.10.03-13.48.37:924][  0]LogFileCache: Scanning file cache for directory 'D:/assignment3 agp/Assessment-3-AGP/Week8StartingPoint/Content/Developers/habib/Collections/' took 0.01s
[2021.10.03-13.48.37:924][  0]LogFileCache: Scanning file cache for directory 'D:/assignment3 agp/Assessment-3-AGP/Week8StartingPoint/Content/Collections/' took 0.00s
[2021.10.03-13.48.37:924][  0]LogContentBrowser: Native class hierarchy populated in 0.0144 seconds. Added 3026 classes and 719 folders.
[2021.10.03-13.48.37:929][  0]LogContentBrowser: Native class hierarchy updated for 'WidgetCarousel' in 0.0005 seconds. Added 0 classes and 0 folders.
[2021.10.03-13.48.38:086][  0]LogContentBrowser: Native class hierarchy updated for 'AddContentDialog' in 0.0004 seconds. Added 0 classes and 0 folders.
[2021.10.03-13.48.38:102][  0]LogContentBrowser: Native class hierarchy updated for 'SceneOutliner' in 0.0005 seconds. Added 2 classes and 3 folders.
[2021.10.03-13.48.38:150][  0]LogSlate: Took 0.000299 seconds to synchronously load lazily loaded font '../../../Engine/Content/Slate/Fonts/Roboto-Bold.ttf' (160K)
[2021.10.03-13.48.38:156][  0]LogSlate: Took 0.000775 seconds to synchronously load lazily loaded font '../../../Engine/Content/Editor/Slate/Fonts/FontAwesome.ttf' (139K)
[2021.10.03-13.48.38:207][  0]LogRenderer: Reallocating scene render targets to support 1208x600 Format 10 NumSamples 1 (Frame:1).
[2021.10.03-13.48.38:313][  0]LogContentBrowser: Native class hierarchy updated for 'HierarchicalLODOutliner' in 0.0004 seconds. Added 0 classes and 0 folders.
[2021.10.03-13.48.38:313][  0]LogLoad: (Engine Initialization) Total time: 17.60 seconds
[2021.10.03-13.48.38:313][  0]LogLoad: (Engine Initialization) Total Blueprint compile time: 0.00 seconds
[2021.10.03-13.48.38:376][  0]LogAssetRegistry: Asset discovery search completed in 13.3850 seconds
[2021.10.03-13.48.38:378][  0]LogCollectionManager: Fixed up redirectors for 0 collections in 0.000007 seconds (updated 0 objects)
[2021.10.03-13.48.38:380][  0]LogContentStreaming: Texture pool size now 1000 MB
[2021.10.03-13.48.38:507][  0]LogSlate: Took 0.000901 seconds to synchronously load lazily loaded font '../../../Engine/Content/Slate/Fonts/Roboto-Light.ttf' (167K)
[2021.10.03-13.48.39:339][ 47]LogSlate: Took 0.000158 seconds to synchronously load lazily loaded font '../../../Engine/Content/Slate/Fonts/Roboto-Light.ttf' (167K)
[2021.10.03-13.48.40:205][ 83]LogSlate: Window 'Message Log' being destroyed
[2021.10.03-13.48.40:212][ 83]LogSlate: Window 'Message Log' being destroyed
[2021.10.03-13.48.43:666][266]LogAssetEditorSubsystem: Opening Asset editor for Blueprint /Game/Blueprints/PlayerCharacterBlueprint.PlayerCharacterBlueprint
[2021.10.03-13.48.43:963][266]LogContentBrowser: Native class hierarchy updated for 'BlueprintGraph' in 0.0012 seconds. Added 121 classes and 0 folders.
[2021.10.03-13.48.45:214][266]LogSlate: Took 0.000207 seconds to synchronously load lazily loaded font '../../../Engine/Content/Slate/Fonts/Roboto-BoldCondensed.ttf' (158K)
[2021.10.03-13.48.45:418][267]LogSlate: Took 0.042487 seconds to synchronously load lazily loaded font '../../../Engine/Content/Slate/Fonts/Roboto-Italic.ttf' (157K)
[2021.10.03-13.48.48:709][410]LogSlate: Window 'PlayerCharacterBlueprint' being destroyed
[2021.10.03-13.48.48:721][410]LogSlate: Window 'PlayerCharacterBlueprint' being destroyed
[2021.10.03-13.48.48:746][410]LogWorld: UWorld::CleanupWorld for World_4, bSessionEnded=true, bCleanupResources=true
[2021.10.03-13.48.48:746][410]LogSlate: InvalidateAllWidgets triggered.  All widgets were invalidated
[2021.10.03-13.48.54:234][716]LogAIModule: Creating AISystem for world Assesment3Map
[2021.10.03-13.48.54:239][716]LogAssetEditorSubsystem: Opening Asset editor for World /Game/Levels/Assesment3Map.Assesment3Map
[2021.10.03-13.48.54:292][716]LogUObjectHash: Compacting FUObjectHashTables data took   4.55ms
[2021.10.03-13.48.54:295][716]Cmd: MAP LOAD FILE="D:/assignment3 agp/Assessment-3-AGP/Week8StartingPoint/Content/Levels/Assesment3Map.umap" TEMPLATE=0 SHOWPROGRESS=1 FEATURELEVEL=3
[2021.10.03-13.48.54:295][716]LightingResults: New page: Lighting Build
[2021.10.03-13.48.54:295][716]LoadErrors: New page: Loading map: Assesment3Map.umap
[2021.10.03-13.48.54:324][716]LogWorld: UWorld::CleanupWorld for TestingMap, bSessionEnded=true, bCleanupResources=true
[2021.10.03-13.48.54:325][716]LogSlate: InvalidateAllWidgets triggered.  All widgets were invalidated
[2021.10.03-13.48.54:325][716]MapCheck: New page: Map Check
[2021.10.03-13.48.54:325][716]LightingResults: New page: Lighting Build
[2021.10.03-13.48.54:371][716]LogUObjectHash: Compacting FUObjectHashTables data took   3.60ms
[2021.10.03-13.48.54:388][716]LogEditorServer: Finished looking for orphan Actors (0.000 secs)
[2021.10.03-13.48.54:434][716]LogUObjectHash: Compacting FUObjectHashTables data took   3.58ms
[2021.10.03-13.48.54:449][716]Cmd: MAP CHECKDEP NOCLEARLOG
[2021.10.03-13.48.54:450][716]MapCheck: Map check complete: 0 Error(s), 0 Warning(s), took 0.288ms to complete.
[2021.10.03-13.48.54:450][716]LogFileHelpers: Loading map 'Assesment3Map' took 0.156
[2021.10.03-13.50.32:679][522]LogSlate: Took 0.000517 seconds to synchronously load lazily loaded font '../../../Engine/Content/Slate/Fonts/DroidSansMono.ttf' (77K)
[2021.10.03-13.50.39:654][934]Cmd: EDIT COPY
[2021.10.03-13.50.40:386][977]Cmd: EDIT PASTE
[2021.10.03-13.51.21:330][384]LogEditorViewport: Clicking on Actor (LMB): StaticMeshActor (Floor)
[2021.10.03-13.51.21:612][396]Cmd: TRANSACTION UNDO
[2021.10.03-13.51.21:612][396]LogEditorTransaction: Undo Clicking on Actors
[2021.10.03-13.51.22:204][412]Cmd: TRANSACTION UNDO
[2021.10.03-13.51.22:204][412]LogEditorTransaction: Undo Select Brush Surface
[2021.10.03-13.51.24:119][522]Cmd: TRANSACTION UNDO
[2021.10.03-13.51.24:119][522]LogEditorTransaction: Undo Move Actors
[2021.10.03-13.51.26:156][636]LogEditorViewport: Clicking on Actor (LMB): Brush (LevelWall12)
[2021.10.03-13.51.26:997][684]Cmd: EDIT COPY
[2021.10.03-13.51.27:412][708]Cmd: EDIT PASTE
[2021.10.03-13.51.34:085][ 95]Cmd: TRANSACTION UNDO
[2021.10.03-13.51.34:085][ 95]LogEditorTransaction: Undo Set Rotation
[2021.10.03-13.51.37:469][273]Cmd: TRANSACTION UNDO
[2021.10.03-13.51.37:470][273]LogEditorTransaction: Undo Set Rotation
[2021.10.03-13.52.25:120][  5]Cmd: EDIT COPY
[2021.10.03-13.52.25:373][ 20]Cmd: EDIT PASTE
[2021.10.03-13.52.59:950][ 54]LogEditorViewport: Clicking on Actor (context menu): StaticMeshActor (Floor)
[2021.10.03-13.53.01:270][127]LogEditorViewport: Clicking on Actor (LMB): StaticMeshActor (Floor)
[2021.10.03-13.53.03:779][273]LogEditorViewport: Clicking on Actor (LMB): StaticMeshActor (Floor)
[2021.10.03-13.53.57:876][383]LogEditorViewport: Clicking on Actor (LMB): Brush (LevelWall12)
[2021.10.03-13.54.00:065][509]Cmd: EDIT COPY
[2021.10.03-13.54.00:622][542]Cmd: EDIT PASTE
[2021.10.03-13.55.41:650][345]LogEditorViewport: Clicking on Actor (LMB): Brush (LevelWall15)
[2021.10.03-13.56.01:215][484]Cmd: DELETE
[2021.10.03-13.56.01:215][484]Cmd: ACTOR DELETE
[2021.10.03-13.56.01:244][484]LogEditorActor: Deleted Actor: Brush
[2021.10.03-13.56.01:289][484]LogUObjectHash: Compacting FUObjectHashTables data took   3.99ms
[2021.10.03-13.56.01:325][484]LogEditorActor: Deleted 1 Actors (0.110 secs)
[2021.10.03-13.56.23:189][784]Cmd: EDIT COPY
[2021.10.03-13.56.24:190][844]Cmd: EDIT PASTE
[2021.10.03-13.56.50:139][332]Cmd: TRANSACTION UNDO
[2021.10.03-13.56.50:139][332]LogEditorTransaction: Undo Set Scale
[2021.10.03-13.57.38:140][842]LogAudioMixer: Display: Audio Buffer Underrun detected.
[2021.10.03-13.58.02:615][915]LogAudioMixer: Display: Audio Buffer Underrun detected.
[2021.10.03-13.58.03:283][917]LogAudioMixer: Display: Audio Buffer Underrun detected.
[2021.10.03-13.58.03:966][919]LogAudioMixer: Display: Audio Buffer Underrun detected.
[2021.10.03-13.58.20:709][969]LogAudioMixer: Display: Audio Buffer Underrun detected.
[2021.10.03-13.58.27:453][989]LogAudioMixer: Display: Audio Buffer Underrun detected.
[2021.10.03-13.58.50:047][ 56]LogAudioMixer: Display: Audio Buffer Underrun detected.
[2021.10.03-13.58.54:372][123]LogUObjectHash: Compacting FUObjectHashTables data took   6.26ms
[2021.10.03-13.58.54:567][123]LogSavePackage: Moving 'D:/assignment3 agp/Assessment-3-AGP/Week8StartingPoint/Saved/Assesment3Map_Auto1C7AD92F1462DAF5838B5B2A697CE2DF0.tmp' to 'D:/assignment3 agp/Assessment-3-AGP/Week8StartingPoint/Saved/Autosaves/Game/Levels/Assesment3Map_Auto1.umap'
[2021.10.03-13.58.54:574][123]LogFileHelpers: Editor autosave (incl. sublevels) for '/Game/Levels/Assesment3Map' took 0.259
[2021.10.03-13.58.54:574][123]LogFileHelpers: Editor autosave (incl. sublevels) for all levels took 0.259
[2021.10.03-13.58.58:252][306]LogAudioMixer: Display: Audio Buffer Underrun detected.
[2021.10.03-13.59.10:687][371]LogAudioMixer: Display: Audio Buffer Underrun detected.
[2021.10.03-13.59.19:073][396]LogAudioMixer: Display: Audio Buffer Underrun detected.
[2021.10.03-13.59.19:739][398]LogAudioMixer: Display: Audio Buffer Underrun detected.
[2021.10.03-13.59.29:838][428]LogAudioMixer: Display: Audio Buffer Underrun detected.
[2021.10.03-13.59.50:325][489]LogAudioMixer: Display: Audio Buffer Underrun detected.
[2021.10.03-14.00.33:986][ 70]Cmd: EDIT COPY
[2021.10.03-14.00.34:345][ 91]Cmd: EDIT PASTE
[2021.10.03-14.01.14:746][436]Cmd: EDIT COPY
[2021.10.03-14.01.15:848][502]Cmd: EDIT PASTE
[2021.10.03-14.02.55:137][ 59]LogAudioMixer: Display: Audio Buffer Underrun detected.
[2021.10.03-14.03.22:114][ 36]Cmd: EDIT COPY
[2021.10.03-14.03.25:854][258]Cmd: EDIT PASTE
[2021.10.03-14.03.46:462][431]Cmd: DELETE
[2021.10.03-14.03.46:462][431]Cmd: ACTOR DELETE
[2021.10.03-14.03.46:489][431]LogEditorActor: Deleted Actor: Brush
[2021.10.03-14.03.46:541][431]LogUObjectHash: Compacting FUObjectHashTables data took   4.14ms
[2021.10.03-14.03.46:578][431]LogEditorActor: Deleted 1 Actors (0.115 secs)
[2021.10.03-14.04.28:997][209]LogEditorViewport: Clicking on Actor (LMB): StaticMeshActor (Floor)
[2021.10.03-14.04.29:485][232]LogEditorViewport: Clicking on Actor (LMB): StaticMeshActor (Floor)
[2021.10.03-14.04.29:671][242]LogEditorViewport: Clicking on Component (LMB): StaticMeshComponent (StaticMeshComponent0)
[2021.10.03-14.04.29:948][257]LogEditorViewport: Clicking on Component (LMB): StaticMeshComponent (StaticMeshComponent0)
[2021.10.03-14.04.30:061][263]LogEditorViewport: Clicking on Actor (double click): StaticMeshActor (Floor)
[2021.10.03-14.04.30:692][299]LogEditorViewport: Clicking on Actor (LMB): StaticMeshActor (Floor)
[2021.10.03-14.04.30:793][304]LogEditorViewport: Clicking on Component (LMB): StaticMeshComponent (StaticMeshComponent0)
[2021.10.03-14.04.48:115][546]LogEditorViewport: Clicking on Actor (LMB): BP_Sky_Sphere_C (Sky Sphere)
[2021.10.03-14.05.37:812][514]Cmd: EDIT COPY
[2021.10.03-14.05.38:031][527]Cmd: EDIT PASTE
[2021.10.03-14.06.00:825][782]Cmd: TRANSACTION UNDO
[2021.10.03-14.06.00:825][782]LogEditorTransaction: Undo Set Scale
[2021.10.03-14.06.36:810][853]Cmd: DELETE
[2021.10.03-14.06.36:811][853]Cmd: ACTOR DELETE
[2021.10.03-14.06.36:834][853]LogEditorActor: Deleted Actor: Brush
[2021.10.03-14.06.36:884][853]LogUObjectHash: Compacting FUObjectHashTables data took   4.09ms
[2021.10.03-14.06.36:914][853]LogEditorActor: Deleted 1 Actors (0.102 secs)
[2021.10.03-14.07.26:308][732]LogEditorViewport: Clicking on Actor (LMB): StaticMeshActor (Floor)
[2021.10.03-14.07.29:489][910]LogEditorViewport: Clicking on Actor (LMB): StaticMeshActor (Floor)
[2021.10.03-14.07.45:271][834]LogEditorViewport: Clicking on Actor (LMB): BP_Sky_Sphere_C (Sky Sphere)
[2021.10.03-14.08.03:636][885]Cmd: TRANSACTION UNDO
[2021.10.03-14.08.03:636][885]LogEditorTransaction: Undo Set Scale
[2021.10.03-14.08.39:018][868]LogEditorViewport: Clicking on Actor (LMB): BP_Sky_Sphere_C (Sky Sphere)
[2021.10.03-14.10.24:848][ 69]LogEditorViewport: Clicking on Actor (LMB): StaticMeshActor (Floor)
[2021.10.03-14.10.26:970][183]LogEditorViewport: Clicking on Actor (LMB): BP_Sky_Sphere_C (Sky Sphere)
[2021.10.03-14.11.38:674][388]Cmd: EDIT COPY
[2021.10.03-14.11.44:298][701]Cmd: TRANSACTION UNDO
[2021.10.03-14.11.44:298][701]LogEditorTransaction: Undo Select Surfaces
[2021.10.03-14.11.47:394][847]Cmd: EDIT COPY
[2021.10.03-14.11.49:573][974]Cmd: EDIT PASTE
[2021.10.03-14.11.55:658][298]Cmd: TRANSACTION UNDO
[2021.10.03-14.11.55:658][298]LogEditorTransaction: Undo Move Actors
[2021.10.03-14.12.58:698][887]LogTemp: Repeating last play command: Selected Viewport
[2021.10.03-14.12.58:718][887]LogPlayLevel: PlayLevel: No blueprints needed recompiling
[2021.10.03-14.12.58:723][887]PIE: New page: PIE session: Assesment3Map (4 Oct 2021, 12:12:58 pm)
[2021.10.03-14.12.58:732][887]LogOnline: OSS: Creating online subsystem instance for: NULL
[2021.10.03-14.12.58:734][887]LogOnline: OSS: TryLoadSubsystemAndSetDefault: Loaded subsystem for module [NULL]
[2021.10.03-14.12.58:736][887]LogPlayLevel: Creating play world package: /Game/Levels/UEDPIE_0_Assesment3Map
[2021.10.03-14.12.58:765][887]LogPlayLevel: PIE: StaticDuplicateObject took: (0.028004s)
[2021.10.03-14.12.58:767][887]LogAIModule: Creating AISystem for world Assesment3Map
[2021.10.03-14.12.58:768][887]LogPlayLevel: PIE: World Init took: (0.002923s)
[2021.10.03-14.12.58:768][887]LogPlayLevel: PIE: Created PIE world by copying editor world from /Game/Levels/Assesment3Map.Assesment3Map to /Game/Levels/UEDPIE_0_Assesment3Map.Assesment3Map (0.031838s)
[2021.10.03-14.12.58:823][887]LogUObjectHash: Compacting FUObjectHashTables data took   4.81ms
[2021.10.03-14.12.58:831][887]LogAudioMixer: Display: Audio Mixer Platform Settings:
[2021.10.03-14.12.58:831][887]LogAudioMixer: Display: 	Sample Rate:						  48000
[2021.10.03-14.12.58:831][887]LogAudioMixer: Display: 	Callback Buffer Frame Size Requested: 1024
[2021.10.03-14.12.58:831][887]LogAudioMixer: Display: 	Callback Buffer Frame Size To Use:	  1024
[2021.10.03-14.12.58:831][887]LogAudioMixer: Display: 	Number of buffers to queue:			  2
[2021.10.03-14.12.58:831][887]LogAudioMixer: Display: 	Max Channels (voices):				  32
[2021.10.03-14.12.58:831][887]LogAudioMixer: Display: 	Number of Async Source Workers:		  0
[2021.10.03-14.12.58:831][887]LogAudio: Display: AudioDevice MaxSources: 32
[2021.10.03-14.12.58:832][887]LogAudio: Display: Using built-in audio occlusion.
[2021.10.03-14.12.58:832][887]LogAudioMixer: Display: Initializing audio mixer.
[2021.10.03-14.12.58:856][887]LogAudioMixer: Display: Audio Device Output Speaker Info:
[2021.10.03-14.12.58:856][887]LogAudioMixer: Display: Name: Speakers (Realtek(R) Audio)
[2021.10.03-14.12.58:856][887]LogAudioMixer: Display: Is Default: Yes
[2021.10.03-14.12.58:856][887]LogAudioMixer: Display: Sample Rate: 48000
[2021.10.03-14.12.58:856][887]LogAudioMixer: Display: Channel Count Used: 2
[2021.10.03-14.12.58:856][887]LogAudioMixer: Display: Device Channel Count: 2
[2021.10.03-14.12.58:856][887]LogAudioMixer: Display: Channel Order:
[2021.10.03-14.12.58:856][887]LogAudioMixer: Display: 0: FrontLeft
[2021.10.03-14.12.58:856][887]LogAudioMixer: Display: 1: FrontRight
[2021.10.03-14.12.58:887][887]LogAudioMixer: Display: Using Audio Device Speakers (Realtek(R) Audio)
[2021.10.03-14.12.58:890][887]LogInit: FAudioDevice initialized.
[2021.10.03-14.12.58:905][887]LogLoad: Game class is 'GameModeBase'
[2021.10.03-14.12.58:922][887]LogWorld: Bringing World /Game/Levels/UEDPIE_0_Assesment3Map.Assesment3Map up for play (max tick rate 60) at 2021.10.04-01.12.58
[2021.10.03-14.12.58:924][887]LogWorld: Bringing up level for play took: 0.005564
[2021.10.03-14.12.58:926][887]LogOnline: OSS: Creating online subsystem instance for: :Context_8
[2021.10.03-14.12.58:964][887]LogContentBrowser: Native class hierarchy updated for 'MovieSceneCapture' in 0.0020 seconds. Added 20 classes and 0 folders.
[2021.10.03-14.12.58:965][887]LogTemp: Warning: X=1000.000 Y=-250.000 Z=50.000
[2021.10.03-14.12.58:984][887]PIE: Play in editor start time for /Game/Levels/UEDPIE_0_Assesment3Map 0.432
[2021.10.03-14.12.59:728][889]LogBlueprintUserMessages: [Gun_GEN_VARIABLE_GunBlueprint_C_CAT_0] Nothing with health has been hit
[2021.10.03-14.12.59:731][889]LogCharacterMovement: Warning: GetSimulationTimeStep() - Max iterations 8 hit while remaining time 0.090117 > MaxSimulationTimeStep (0.050) for 'EnemyCharacterBlueprint_C_0', movement 'Walking'
[2021.10.03-14.12.59:732][889]LogBlueprintUserMessages: [Gun_GEN_VARIABLE_GunBlueprint_C_CAT_1] Nothing with health has been hit
[2021.10.03-14.12.59:805][892]LogBlueprintUserMessages: [Gun_GEN_VARIABLE_GunBlueprint_C_CAT_2] Nothing with health has been hit
[2021.10.03-14.12.59:971][901]LogBlueprintUserMessages: [Gun_GEN_VARIABLE_GunBlueprint_C_CAT_1] Nothing with health has been hit
[2021.10.03-14.13.00:068][905]LogBlueprintUserMessages: [Gun_GEN_VARIABLE_GunBlueprint_C_CAT_2] Nothing with health has been hit
[2021.10.03-14.13.00:240][913]LogBlueprintUserMessages: [Gun_GEN_VARIABLE_GunBlueprint_C_CAT_1] Nothing with health has been hit
[2021.10.03-14.13.00:331][917]LogBlueprintUserMessages: [Gun_GEN_VARIABLE_GunBlueprint_C_CAT_2] Nothing with health has been hit
[2021.10.03-14.13.00:515][925]LogBlueprintUserMessages: [Gun_GEN_VARIABLE_GunBlueprint_C_CAT_1] Nothing with health has been hit
[2021.10.03-14.13.00:657][931]LogBlueprintUserMessages: [Gun_GEN_VARIABLE_GunBlueprint_C_CAT_2] Nothing with health has been hit
[2021.10.03-14.13.00:806][936]LogBlueprintUserMessages: [Gun_GEN_VARIABLE_GunBlueprint_C_CAT_1] Nothing with health has been hit
[2021.10.03-14.13.04:610][134]LogBlueprintUserMessages: [Gun_GEN_VARIABLE_GunBlueprint_C_CAT_2] 80.0
[2021.10.03-14.13.08:164][344]LogAudioMixer: Display: No commands were queued while flushing the source manager.
[2021.10.03-14.13.08:164][344]LogAudioMixer: Display: No commands were queued while flushing the source manager.
[2021.10.03-14.13.08:167][344]LogSlate: Updating window title bar state: overlay mode, drag disabled, window buttons hidden, title bar hidden
[2021.10.03-14.13.08:167][344]LogWorld: BeginTearingDown for /Game/Levels/UEDPIE_0_Assesment3Map
[2021.10.03-14.13.08:167][344]LogAudioMixer: Display: No commands were queued while flushing the source manager.
[2021.10.03-14.13.08:168][344]LogWorld: UWorld::CleanupWorld for Assesment3Map, bSessionEnded=true, bCleanupResources=true
[2021.10.03-14.13.08:170][344]LogSlate: InvalidateAllWidgets triggered.  All widgets were invalidated
[2021.10.03-14.13.08:182][344]LogPlayLevel: Display: Shutting down PIE online subsystems
[2021.10.03-14.13.08:192][344]LogSlate: InvalidateAllWidgets triggered.  All widgets were invalidated
[2021.10.03-14.13.08:268][344]LogAudioMixer: Display: No commands were queued while flushing the source manager.
[2021.10.03-14.13.08:276][344]LogSlate: Updating window title bar state: overlay mode, drag disabled, window buttons hidden, title bar hidden
[2021.10.03-14.13.08:444][344]LogUObjectHash: Compacting FUObjectHashTables data took   6.22ms
[2021.10.03-14.13.08:470][345]LogPlayLevel: Display: Destroying online subsystem :Context_8
[2021.10.03-14.13.24:911][323]Cmd: EDIT COPY
[2021.10.03-14.13.49:884][420]LogUObjectHash: Compacting FUObjectHashTables data took   3.20ms
[2021.10.03-14.13.49:974][420]LogSavePackage: Moving 'D:/assignment3 agp/Assessment-3-AGP/Week8StartingPoint/Saved/Assesment3Map_Auto222E844F0439A541F2DA48088E670CFDB.tmp' to 'D:/assignment3 agp/Assessment-3-AGP/Week8StartingPoint/Saved/Autosaves/Game/Levels/Assesment3Map_Auto2.umap'
[2021.10.03-14.13.49:977][420]LogFileHelpers: Editor autosave (incl. sublevels) for '/Game/Levels/Assesment3Map' took 0.164
[2021.10.03-14.13.49:977][420]LogFileHelpers: Editor autosave (incl. sublevels) for all levels took 0.164
[2021.10.03-14.16.08:361][ 12]Cmd: EDIT COPY
[2021.10.03-14.16.08:928][ 46]Cmd: EDIT PASTE
[2021.10.03-14.17.32:080][917]LogEditorViewport: Clicking on Actor (LMB): StaticMeshActor (Floor)
[2021.10.03-14.17.32:602][940]LogEditorViewport: Clicking on Actor (LMB): BP_Sky_Sphere_C (Sky Sphere)
[2021.10.03-14.17.42:638][516]LogEditorViewport: Clicking on Actor (LMB): BP_Sky_Sphere_C (Sky Sphere)
[2021.10.03-14.18.23:458][944]Cmd: EDIT COPY
[2021.10.03-14.23.50:529][950]LogUObjectHash: Compacting FUObjectHashTables data took   4.60ms
[2021.10.03-14.23.50:625][950]LogSavePackage: Moving 'D:/assignment3 agp/Assessment-3-AGP/Week8StartingPoint/Saved/Assesment3Map_Auto31C335EED4DB8BEB4050534A9F7385FE0.tmp' to 'D:/assignment3 agp/Assessment-3-AGP/Week8StartingPoint/Saved/Autosaves/Game/Levels/Assesment3Map_Auto3.umap'
[2021.10.03-14.23.50:627][950]LogFileHelpers: Editor autosave (incl. sublevels) for '/Game/Levels/Assesment3Map' took 0.140
[2021.10.03-14.23.50:628][950]LogFileHelpers: Editor autosave (incl. sublevels) for all levels took 0.140
[2021.10.03-14.44.46:137][232]Cmd: EDIT COPY
[2021.10.03-14.44.46:374][245]Cmd: EDIT PASTE
[2021.10.03-14.45.05:329][324]Cmd: TRANSACTION UNDO
[2021.10.03-14.45.05:329][324]LogEditorTransaction: Undo Move Actors
[2021.10.03-14.45.31:389][788]Cmd: EDIT COPY
[2021.10.03-14.45.31:662][804]Cmd: EDIT PASTE
[2021.10.03-14.46.01:404][540]Cmd: TRANSACTION UNDO
[2021.10.03-14.46.01:404][540]LogEditorTransaction: Undo Move Actors
[2021.10.03-14.47.10:638][871]LogEditorViewport: Clicking on Actor (LMB): StaticMeshActor (Floor)
[2021.10.03-14.47.15:138][122]LogEditorViewport: Clicking on Actor (context menu): StaticMeshActor (Floor)
[2021.10.03-14.47.15:812][156]LogEditorViewport: Clicking on Actor (LMB): StaticMeshActor (Floor)
[2021.10.03-14.47.41:931][715]LogEditorViewport: Clicking on Actor (LMB): BP_Sky_Sphere_C (Sky Sphere)
[2021.10.03-14.48.30:805][218]LogUObjectHash: Compacting FUObjectHashTables data took   6.51ms
[2021.10.03-14.48.30:918][218]LogSavePackage: Moving 'D:/assignment3 agp/Assessment-3-AGP/Week8StartingPoint/Saved/Assesment3Map_Auto412A230E649B6AD3ED6FAF3A93FBF016A.tmp' to 'D:/assignment3 agp/Assessment-3-AGP/Week8StartingPoint/Saved/Autosaves/Game/Levels/Assesment3Map_Auto4.umap'
[2021.10.03-14.48.30:921][218]LogFileHelpers: Editor autosave (incl. sublevels) for '/Game/Levels/Assesment3Map' took 0.182
[2021.10.03-14.48.30:921][218]LogFileHelpers: Editor autosave (incl. sublevels) for all levels took 0.182
[2021.10.03-14.51.26:883][577]LogTemp: Repeating last play command: Selected Viewport
[2021.10.03-14.51.26:897][577]LogPlayLevel: PlayLevel: No blueprints needed recompiling
[2021.10.03-14.51.26:898][577]PIE: New page: PIE session: Assesment3Map (4 Oct 2021, 12:51:26 pm)
[2021.10.03-14.51.26:903][577]LogPlayLevel: Creating play world package: /Game/Levels/UEDPIE_0_Assesment3Map
[2021.10.03-14.51.26:941][577]LogPlayLevel: PIE: StaticDuplicateObject took: (0.038268s)
[2021.10.03-14.51.26:943][577]LogAIModule: Creating AISystem for world Assesment3Map
[2021.10.03-14.51.26:943][577]LogPlayLevel: PIE: World Init took: (0.002838s)
[2021.10.03-14.51.26:944][577]LogPlayLevel: PIE: Created PIE world by copying editor world from /Game/Levels/Assesment3Map.Assesment3Map to /Game/Levels/UEDPIE_0_Assesment3Map.Assesment3Map (0.041647s)
[2021.10.03-14.51.26:996][577]LogUObjectHash: Compacting FUObjectHashTables data took   3.42ms
[2021.10.03-14.51.27:002][577]LogAudioMixer: Display: Audio Mixer Platform Settings:
[2021.10.03-14.51.27:002][577]LogAudioMixer: Display: 	Sample Rate:						  48000
[2021.10.03-14.51.27:002][577]LogAudioMixer: Display: 	Callback Buffer Frame Size Requested: 1024
[2021.10.03-14.51.27:002][577]LogAudioMixer: Display: 	Callback Buffer Frame Size To Use:	  1024
[2021.10.03-14.51.27:002][577]LogAudioMixer: Display: 	Number of buffers to queue:			  2
[2021.10.03-14.51.27:002][577]LogAudioMixer: Display: 	Max Channels (voices):				  32
[2021.10.03-14.51.27:002][577]LogAudioMixer: Display: 	Number of Async Source Workers:		  0
[2021.10.03-14.51.27:003][577]LogAudio: Display: AudioDevice MaxSources: 32
[2021.10.03-14.51.27:003][577]LogAudio: Display: Using built-in audio occlusion.
[2021.10.03-14.51.27:004][577]LogAudioMixer: Display: Initializing audio mixer.
[2021.10.03-14.51.27:027][577]LogAudioMixer: Display: Audio Device Output Speaker Info:
[2021.10.03-14.51.27:028][577]LogAudioMixer: Display: Name: Speakers (Realtek(R) Audio)
[2021.10.03-14.51.27:028][577]LogAudioMixer: Display: Is Default: Yes
[2021.10.03-14.51.27:028][577]LogAudioMixer: Display: Sample Rate: 48000
[2021.10.03-14.51.27:028][577]LogAudioMixer: Display: Channel Count Used: 2
[2021.10.03-14.51.27:028][577]LogAudioMixer: Display: Device Channel Count: 2
[2021.10.03-14.51.27:028][577]LogAudioMixer: Display: Channel Order:
[2021.10.03-14.51.27:028][577]LogAudioMixer: Display: 0: FrontLeft
[2021.10.03-14.51.27:028][577]LogAudioMixer: Display: 1: FrontRight
[2021.10.03-14.51.27:055][577]LogAudioMixer: Display: Using Audio Device Speakers (Realtek(R) Audio)
[2021.10.03-14.51.27:068][577]LogInit: FAudioDevice initialized.
[2021.10.03-14.51.27:084][577]LogLoad: Game class is 'GameModeBase'
[2021.10.03-14.51.27:091][577]LogWorld: Bringing World /Game/Levels/UEDPIE_0_Assesment3Map.Assesment3Map up for play (max tick rate 60) at 2021.10.04-01.51.27
[2021.10.03-14.51.27:091][577]LogWorld: Bringing up level for play took: 0.005392
[2021.10.03-14.51.27:091][577]LogOnline: OSS: Creating online subsystem instance for: :Context_9
[2021.10.03-14.51.27:096][577]LogTemp: Warning: X=1000.000 Y=-250.000 Z=50.000
[2021.10.03-14.51.27:100][577]PIE: Play in editor start time for /Game/Levels/UEDPIE_0_Assesment3Map 0.548
[2021.10.03-14.51.27:188][579]LogBlueprintUserMessages: [Gun_GEN_VARIABLE_GunBlueprint_C_CAT_1] 80.0
[2021.10.03-14.51.27:189][579]LogBlueprintUserMessages: [Gun_GEN_VARIABLE_GunBlueprint_C_CAT_2] Nothing with health has been hit
[2021.10.03-14.51.27:404][591]LogBlueprintUserMessages: [Gun_GEN_VARIABLE_GunBlueprint_C_CAT_0] Nothing with health has been hit
[2021.10.03-14.51.27:455][594]LogBlueprintUserMessages: [Gun_GEN_VARIABLE_GunBlueprint_C_CAT_1] Nothing with health has been hit
[2021.10.03-14.51.27:458][594]LogBlueprintUserMessages: [Gun_GEN_VARIABLE_GunBlueprint_C_CAT_2] Nothing with health has been hit
[2021.10.03-14.51.27:714][609]LogBlueprintUserMessages: [Gun_GEN_VARIABLE_GunBlueprint_C_CAT_1] Nothing with health has been hit
[2021.10.03-14.51.27:720][609]LogBlueprintUserMessages: [Gun_GEN_VARIABLE_GunBlueprint_C_CAT_2] Nothing with health has been hit
[2021.10.03-14.51.27:966][624]LogBlueprintUserMessages: [Gun_GEN_VARIABLE_GunBlueprint_C_CAT_1] Nothing with health has been hit
[2021.10.03-14.51.27:967][624]LogBlueprintUserMessages: [Gun_GEN_VARIABLE_GunBlueprint_C_CAT_2] Nothing with health has been hit
[2021.10.03-14.51.28:215][639]LogBlueprintUserMessages: [Gun_GEN_VARIABLE_GunBlueprint_C_CAT_1] Nothing with health has been hit
[2021.10.03-14.51.29:491][715]LogBlueprintUserMessages: [Gun_GEN_VARIABLE_GunBlueprint_C_CAT_2] 80.0
[2021.10.03-14.52.26:581][124]LogAudioMixer: Display: No commands were queued while flushing the source manager.
[2021.10.03-14.52.26:581][124]LogAudioMixer: Display: No commands were queued while flushing the source manager.
[2021.10.03-14.52.26:581][124]LogSlate: Updating window title bar state: overlay mode, drag disabled, window buttons hidden, title bar hidden
[2021.10.03-14.52.26:581][124]LogWorld: BeginTearingDown for /Game/Levels/UEDPIE_0_Assesment3Map
[2021.10.03-14.52.26:581][124]LogAudioMixer: Display: No commands were queued while flushing the source manager.
[2021.10.03-14.52.26:582][124]LogWorld: UWorld::CleanupWorld for Assesment3Map, bSessionEnded=true, bCleanupResources=true
[2021.10.03-14.52.26:583][124]LogSlate: InvalidateAllWidgets triggered.  All widgets were invalidated
[2021.10.03-14.52.26:594][124]LogPlayLevel: Display: Shutting down PIE online subsystems
[2021.10.03-14.52.26:602][124]LogSlate: InvalidateAllWidgets triggered.  All widgets were invalidated
[2021.10.03-14.52.26:676][124]LogAudioMixer: Display: No commands were queued while flushing the source manager.
[2021.10.03-14.52.26:707][124]LogSlate: Updating window title bar state: overlay mode, drag disabled, window buttons hidden, title bar hidden
[2021.10.03-14.52.26:713][124]LogUObjectHash: Compacting FUObjectHashTables data took   3.28ms
[2021.10.03-14.52.26:732][125]LogPlayLevel: Display: Destroying online subsystem :Context_9
[2021.10.03-14.52.35:130][609]Cmd: TRANSACTION UNDO
[2021.10.03-14.52.35:130][609]LogEditorTransaction: Undo Set Scale
[2021.10.03-14.53.30:116][758]LogTemp: Repeating last play command: Selected Viewport
[2021.10.03-14.53.30:125][758]LogPlayLevel: PlayLevel: No blueprints needed recompiling
[2021.10.03-14.53.30:125][758]PIE: New page: PIE session: Assesment3Map (4 Oct 2021, 12:53:30 pm)
[2021.10.03-14.53.30:125][758]LogPlayLevel: Creating play world package: /Game/Levels/UEDPIE_0_Assesment3Map
[2021.10.03-14.53.30:155][758]LogPlayLevel: PIE: StaticDuplicateObject took: (0.030739s)
[2021.10.03-14.53.30:157][758]LogAIModule: Creating AISystem for world Assesment3Map
[2021.10.03-14.53.30:157][758]LogPlayLevel: PIE: World Init took: (0.001799s)
[2021.10.03-14.53.30:157][758]LogPlayLevel: PIE: Created PIE world by copying editor world from /Game/Levels/Assesment3Map.Assesment3Map to /Game/Levels/UEDPIE_0_Assesment3Map.Assesment3Map (0.032750s)
[2021.10.03-14.53.30:201][758]LogUObjectHash: Compacting FUObjectHashTables data took   4.12ms
[2021.10.03-14.53.30:211][758]LogAudioMixer: Display: Audio Mixer Platform Settings:
[2021.10.03-14.53.30:211][758]LogAudioMixer: Display: 	Sample Rate:						  48000
[2021.10.03-14.53.30:211][758]LogAudioMixer: Display: 	Callback Buffer Frame Size Requested: 1024
[2021.10.03-14.53.30:211][758]LogAudioMixer: Display: 	Callback Buffer Frame Size To Use:	  1024
[2021.10.03-14.53.30:211][758]LogAudioMixer: Display: 	Number of buffers to queue:			  2
[2021.10.03-14.53.30:211][758]LogAudioMixer: Display: 	Max Channels (voices):				  32
[2021.10.03-14.53.30:211][758]LogAudioMixer: Display: 	Number of Async Source Workers:		  0
[2021.10.03-14.53.30:211][758]LogAudio: Display: AudioDevice MaxSources: 32
[2021.10.03-14.53.30:212][758]LogAudio: Display: Using built-in audio occlusion.
[2021.10.03-14.53.30:212][758]LogAudioMixer: Display: Initializing audio mixer.
[2021.10.03-14.53.30:233][758]LogAudioMixer: Display: Audio Device Output Speaker Info:
[2021.10.03-14.53.30:234][758]LogAudioMixer: Display: Name: Speakers (Realtek(R) Audio)
[2021.10.03-14.53.30:234][758]LogAudioMixer: Display: Is Default: Yes
[2021.10.03-14.53.30:234][758]LogAudioMixer: Display: Sample Rate: 48000
[2021.10.03-14.53.30:234][758]LogAudioMixer: Display: Channel Count Used: 2
[2021.10.03-14.53.30:234][758]LogAudioMixer: Display: Device Channel Count: 2
[2021.10.03-14.53.30:234][758]LogAudioMixer: Display: Channel Order:
[2021.10.03-14.53.30:234][758]LogAudioMixer: Display: 0: FrontLeft
[2021.10.03-14.53.30:234][758]LogAudioMixer: Display: 1: FrontRight
[2021.10.03-14.53.30:257][758]LogAudioMixer: Display: Using Audio Device Speakers (Realtek(R) Audio)
[2021.10.03-14.53.30:261][758]LogInit: FAudioDevice initialized.
[2021.10.03-14.53.30:273][758]LogLoad: Game class is 'GameModeBase'
[2021.10.03-14.53.30:277][758]LogWorld: Bringing World /Game/Levels/UEDPIE_0_Assesment3Map.Assesment3Map up for play (max tick rate 60) at 2021.10.04-01.53.30
[2021.10.03-14.53.30:277][758]LogWorld: Bringing up level for play took: 0.002876
[2021.10.03-14.53.30:278][758]LogOnline: OSS: Creating online subsystem instance for: :Context_10
[2021.10.03-14.53.30:280][758]LogTemp: Warning: X=1000.000 Y=-250.000 Z=50.000
[2021.10.03-14.53.30:284][758]PIE: Play in editor start time for /Game/Levels/UEDPIE_0_Assesment3Map -0.268
[2021.10.03-14.53.30:353][760]LogBlueprintUserMessages: [Gun_GEN_VARIABLE_GunBlueprint_C_CAT_2] Nothing with health has been hit
[2021.10.03-14.53.30:501][768]LogBlueprintUserMessages: [Gun_GEN_VARIABLE_GunBlueprint_C_CAT_1] 80.0
[2021.10.03-14.53.30:620][775]LogBlueprintUserMessages: [Gun_GEN_VARIABLE_GunBlueprint_C_CAT_2] 80.0
[2021.10.03-14.53.30:755][783]LogBlueprintUserMessages: [Gun_GEN_VARIABLE_GunBlueprint_C_CAT_1] Nothing with health has been hit
[2021.10.03-14.53.30:829][787]LogBlueprintUserMessages: [Gun_GEN_VARIABLE_GunBlueprint_C_CAT_0] Nothing with health has been hit
[2021.10.03-14.53.30:881][790]LogBlueprintUserMessages: [Gun_GEN_VARIABLE_GunBlueprint_C_CAT_2] Nothing with health has been hit
[2021.10.03-14.53.31:033][798]LogBlueprintUserMessages: [Gun_GEN_VARIABLE_GunBlueprint_C_CAT_1] Nothing with health has been hit
[2021.10.03-14.53.31:141][803]LogBlueprintUserMessages: [Gun_GEN_VARIABLE_GunBlueprint_C_CAT_2] Nothing with health has been hit
[2021.10.03-14.53.31:400][818]LogBlueprintUserMessages: [Gun_GEN_VARIABLE_GunBlueprint_C_CAT_2] Nothing with health has been hit
[2021.10.03-14.53.32:434][878]LogBlueprintUserMessages: [Gun_GEN_VARIABLE_GunBlueprint_C_CAT_1] Nothing with health has been hit
[2021.10.03-14.53.32:688][892]LogBlueprintUserMessages: [Gun_GEN_VARIABLE_GunBlueprint_C_CAT_1] 60.0
[2021.10.03-14.54.00:264][536]LogBlueprintUserMessages: [Gun_GEN_VARIABLE_GunBlueprint_C_CAT_0] Nothing with health has been hit
[2021.10.03-14.54.31:474][400]LogBlueprintUserMessages: [Gun_GEN_VARIABLE_GunBlueprint_C_CAT_0] Nothing with health has been hit
[2021.10.03-14.54.33:522][523]LogBlueprintUserMessages: [Gun_GEN_VARIABLE_GunBlueprint_C_CAT_0] Nothing with health has been hit
[2021.10.03-14.54.33:857][543]LogBlueprintUserMessages: [Gun_GEN_VARIABLE_GunBlueprint_C_CAT_0] Nothing with health has been hit
[2021.10.03-14.54.35:167][621]LogBlueprintUserMessages: [Gun_GEN_VARIABLE_GunBlueprint_C_CAT_0] Nothing with health has been hit
[2021.10.03-14.54.35:574][642]LogBlueprintUserMessages: [Gun_GEN_VARIABLE_GunBlueprint_C_CAT_0] Nothing with health has been hit
[2021.10.03-14.54.35:877][655]LogBlueprintUserMessages: [Gun_GEN_VARIABLE_GunBlueprint_C_CAT_0] Nothing with health has been hit
[2021.10.03-14.54.36:217][667]LogBlueprintUserMessages: [Gun_GEN_VARIABLE_GunBlueprint_C_CAT_0] Nothing with health has been hit
[2021.10.03-14.54.36:589][679]LogBlueprintUserMessages: [Gun_GEN_VARIABLE_GunBlueprint_C_CAT_0] Nothing with health has been hit
[2021.10.03-14.54.57:829][914]LogBlueprintUserMessages: [Gun_GEN_VARIABLE_GunBlueprint_C_CAT_0] Nothing with health has been hit
[2021.10.03-14.54.58:163][934]LogBlueprintUserMessages: [Gun_GEN_VARIABLE_GunBlueprint_C_CAT_0] Nothing with health has been hit
[2021.10.03-14.55.01:279][121]LogAudioMixer: Display: No commands were queued while flushing the source manager.
[2021.10.03-14.55.01:279][121]LogAudioMixer: Display: No commands were queued while flushing the source manager.
[2021.10.03-14.55.01:280][121]LogSlate: Updating window title bar state: overlay mode, drag disabled, window buttons hidden, title bar hidden
[2021.10.03-14.55.01:280][121]LogWorld: BeginTearingDown for /Game/Levels/UEDPIE_0_Assesment3Map
[2021.10.03-14.55.01:280][121]LogAudioMixer: Display: No commands were queued while flushing the source manager.
[2021.10.03-14.55.01:280][121]LogWorld: UWorld::CleanupWorld for Assesment3Map, bSessionEnded=true, bCleanupResources=true
[2021.10.03-14.55.01:281][121]LogSlate: InvalidateAllWidgets triggered.  All widgets were invalidated
[2021.10.03-14.55.01:295][121]LogPlayLevel: Display: Shutting down PIE online subsystems
[2021.10.03-14.55.01:301][121]LogSlate: InvalidateAllWidgets triggered.  All widgets were invalidated
[2021.10.03-14.55.01:340][121]LogAudioMixer: Display: No commands were queued while flushing the source manager.
[2021.10.03-14.55.01:344][121]LogSlate: Updating window title bar state: overlay mode, drag disabled, window buttons hidden, title bar hidden
[2021.10.03-14.55.01:350][121]LogUObjectHash: Compacting FUObjectHashTables data took   3.81ms
[2021.10.03-14.55.01:408][123]LogPlayLevel: Display: Destroying online subsystem :Context_10
[2021.10.03-15.01.02:367][217]LogUObjectHash: Compacting FUObjectHashTables data took   0.95ms
[2021.10.03-15.01.02:482][217]LogSavePackage: Moving 'D:/assignment3 agp/Assessment-3-AGP/Week8StartingPoint/Saved/Assesment3Map_Auto5D9F438D144AB0A20C35FA086EAF3CCE4.tmp' to 'D:/assignment3 agp/Assessment-3-AGP/Week8StartingPoint/Saved/Autosaves/Game/Levels/Assesment3Map_Auto5.umap'
[2021.10.03-15.01.02:486][217]LogFileHelpers: Editor autosave (incl. sublevels) for '/Game/Levels/Assesment3Map' took 0.155
[2021.10.03-15.01.02:486][217]LogFileHelpers: Editor autosave (incl. sublevels) for all levels took 0.155
