Log file open, 10/04/21 00:12:12
LogWindows: Failed to load 'aqProf.dll' (GetLastError=126)
LogWindows: File 'aqProf.dll' does not exist
LogWindows: Failed to load 'VtuneApi.dll' (GetLastError=126)
LogWindows: File 'VtuneApi.dll' does not exist
LogWindows: Failed to load 'VtuneApi32e.dll' (GetLastError=126)
LogWindows: File 'VtuneApi32e.dll' does not exist
LogConsoleResponse: Display: Failed to find resolution value strings in scalability ini. Falling back to default.
LogInit: Display: Running engine for game: AdvGamesProgramming
LogPlatformFile: Not using cached read wrapper
LogTaskGraph: Started task graph with 5 named threads and 23 total threads with 3 sets of task threads.
LogStats: Stats thread started at 0.380786
LogD3D11RHI: Loaded GFSDK_Aftermath_Lib.x64.dll
LogICUInternationalization: ICU TimeZone Detection - Raw Offset: +10:00, Platform Override: ''
LogPluginManager: Mounting plugin Paper2D
LogPluginManager: Mounting plugin AISupport
LogPluginManager: Mounting plugin LightPropagationVolume
LogPluginManager: Mounting plugin ActorLayerUtilities
LogPluginManager: Mounting plugin AnimationSharing
LogPluginManager: Mounting plugin CLionSourceCodeAccess
LogPluginManager: Mounting plugin CodeLiteSourceCodeAccess
LogPluginManager: Mounting plugin GitSourceControl
LogPluginManager: Mounting plugin KDevelopSourceCodeAccess
LogPluginManager: Mounting plugin NullSourceCodeAccess
LogPluginManager: Mounting plugin PerforceSourceControl
LogPluginManager: Mounting plugin PlasticSourceControl
LogPluginManager: Mounting plugin RiderLink
LogPluginManager: Mounting plugin SubversionSourceControl
LogPluginManager: Mounting plugin UObjectPlugin
LogPluginManager: Mounting plugin VisualStudioCodeSourceCodeAccess
LogPluginManager: Mounting plugin VisualStudioSourceCodeAccess
LogPluginManager: Mounting plugin XCodeSourceCodeAccess
LogPluginManager: Mounting plugin AssetManagerEditor
LogPluginManager: Mounting plugin CryptoKeys
LogPluginManager: Mounting plugin CurveEditorTools
LogPluginManager: Mounting plugin DataValidation
LogPluginManager: Mounting plugin FacialAnimation
LogPluginManager: Mounting plugin GameplayTagsEditor
LogPluginManager: Mounting plugin MacGraphicsSwitching
LogPluginManager: Mounting plugin MaterialAnalyzer
LogPluginManager: Mounting plugin MobileLauncherProfileWizard
LogPluginManager: Mounting plugin PluginBrowser
LogPluginManager: Mounting plugin SpeedTreeImporter
LogPluginManager: Mounting plugin DatasmithContent
LogPluginManager: Mounting plugin VariantManagerContent
LogPluginManager: Mounting plugin AlembicImporter
LogPluginManager: Mounting plugin AutomationUtils
LogPluginManager: Mounting plugin BackChannel
LogPluginManager: Mounting plugin CharacterAI
LogPluginManager: Mounting plugin GeometryCache
LogPluginManager: Mounting plugin PlatformCrypto
LogPluginManager: Mounting plugin ProxyLODPlugin
LogPluginManager: Mounting plugin SkeletalReduction
LogPluginManager: Mounting plugin MagicLeap
LogPluginManager: Mounting plugin MagicLeapMedia
LogPluginManager: Mounting plugin MLSDK
LogPluginManager: Mounting plugin RiderSourceCodeAccess
LogPluginManager: Mounting plugin AndroidMedia
LogPluginManager: Mounting plugin AvfMedia
LogPluginManager: Mounting plugin ImgMedia
LogPluginManager: Mounting plugin MediaCompositing
LogPluginManager: Mounting plugin MediaPlayerEditor
LogPluginManager: Mounting plugin WebMMedia
LogPluginManager: Mounting plugin WmfMedia
LogPluginManager: Mounting plugin TcpMessaging
LogPluginManager: Mounting plugin UdpMessaging
LogPluginManager: Mounting plugin ActorSequence
LogPluginManager: Mounting plugin LevelSequenceEditor
LogPluginManager: Mounting plugin MatineeToLevelSequence
LogPluginManager: Mounting plugin NetcodeUnitTest
LogPluginManager: Mounting plugin NUTUnrealEngine4
LogPluginManager: Mounting plugin OnlineSubsystemGooglePlay
LogPluginManager: Mounting plugin OnlineSubsystemIOS
LogPluginManager: Mounting plugin OnlineSubsystem
LogPluginManager: Mounting plugin OnlineSubsystemNull
LogPluginManager: Mounting plugin OnlineSubsystemUtils
LogPluginManager: Mounting plugin LauncherChunkInstaller
LogPluginManager: Mounting plugin AndroidDeviceProfileSelector
LogPluginManager: Mounting plugin AndroidMoviePlayer
LogPluginManager: Mounting plugin AndroidPermission
LogPluginManager: Mounting plugin AppleImageUtils
LogPluginManager: Mounting plugin AppleMoviePlayer
LogPluginManager: Mounting plugin ArchVisCharacter
LogPluginManager: Mounting plugin AssetTags
LogPluginManager: Mounting plugin AudioCapture
LogPluginManager: Mounting plugin CableComponent
LogPluginManager: Mounting plugin CustomMeshComponent
LogPluginManager: Mounting plugin EditableMesh
LogPluginManager: Mounting plugin ExampleDeviceProfileSelector
LogPluginManager: Mounting plugin GoogleCloudMessaging
LogPluginManager: Mounting plugin IOSDeviceProfileSelector
LogPluginManager: Mounting plugin LinuxDeviceProfileSelector
LogPluginManager: Mounting plugin LocationServicesBPLibrary
LogPluginManager: Mounting plugin MobilePatchingUtils
LogPluginManager: Mounting plugin OculusVR
LogPluginManager: Mounting plugin PhysXVehicles
LogPluginManager: Mounting plugin PostSplashScreen
LogPluginManager: Mounting plugin ProceduralMeshComponent
LogPluginManager: Mounting plugin RuntimePhysXCooking
LogPluginManager: Mounting plugin SignificanceManager
LogPluginManager: Mounting plugin SteamVR
LogPluginManager: Mounting plugin WebMMoviePlayer
LogPluginManager: Mounting plugin WindowsMoviePlayer
LogPluginManager: Mounting plugin ScreenshotTools
LogInit: Using libcurl 7.55.1-DEV
LogInit:  - built for x86_64-pc-win32
LogInit:  - supports SSL with OpenSSL/1.1.1
LogInit:  - supports HTTP deflate (compression) using libz 1.2.8
LogInit:  - other features:
LogInit:      CURL_VERSION_SSL
LogInit:      CURL_VERSION_LIBZ
LogInit:      CURL_VERSION_IPV6
LogInit:      CURL_VERSION_ASYNCHDNS
LogInit:      CURL_VERSION_LARGEFILE
LogInit:      CURL_VERSION_IDN
LogInit:  CurlRequestOptions (configurable via config and command line):
LogInit:  - bVerifyPeer = true  - Libcurl will verify peer certificate
LogInit:  - bUseHttpProxy = false  - Libcurl will NOT use HTTP proxy
LogInit:  - bDontReuseConnections = false  - Libcurl will reuse connections
LogInit:  - MaxHostConnections = 16  - Libcurl will limit the number of connections to a host
LogInit:  - LocalHostAddr = Default
LogInit:  - BufferSize = 65536
LogOnline: OSS: Creating online subsystem instance for: NULL
LogInit: WinSock: version 1.1 (2.2), MaxSocks=32767, MaxUdp=65467
LogOnline: OSS: TryLoadSubsystemAndSetDefault: Loaded subsystem for module [NULL]
LogHMD: Failed initializing OVRPlugin 1.40.0
LogInit: Build: ++UE4+Release-4.24-CL-11590370
LogInit: Engine Version: 4.24.3-11590370+++UE4+Release-4.24
LogInit: Compatible Engine Version: 4.24.0-10570792+++UE4+Release-4.24
LogInit: Net CL: 10570792
LogInit: OS: Windows 10 (Release 2009) (), CPU: Intel(R) Core(TM) i5-9300H CPU @ 2.40GHz, GPU: Intel(R) UHD Graphics 630
LogInit: Compiled (64-bit): Feb 24 2020 15:39:18
LogInit: Compiled with Visual C++: 19.16.27032.01
LogInit: Build Configuration: Development
LogInit: Branch Name: ++UE4+Release-4.24
LogInit: Command Line: 
LogInit: Base Directory: C:/Program Files/Epic Games/UE_4.24/Engine/Binaries/Win64/
LogInit: Installed Engine Build: 1
LogDevObjectVersion: Number of dev versions registered: 25
LogDevObjectVersion:   Dev-Blueprints (B0D832E4-1F89-4F0D-ACCF-7EB736FD4AA2): 10
LogDevObjectVersion:   Dev-Build (E1C64328-A22C-4D53-A36C-8E866417BD8C): 0
LogDevObjectVersion:   Dev-Core (375EC13C-06E4-48FB-B500-84F0262A717E): 3
LogDevObjectVersion:   Dev-Editor (E4B068ED-F494-42E9-A231-DA0B2E46BB41): 37
LogDevObjectVersion:   Dev-Framework (CFFC743F-43B0-4480-9391-14DF171D2073): 36
LogDevObjectVersion:   Dev-Mobile (B02B49B5-BB20-44E9-A304-32B752E40360): 2
LogDevObjectVersion:   Dev-Networking (A4E4105C-59A1-49B5-A7C5-40C4547EDFEE): 0
LogDevObjectVersion:   Dev-Online (39C831C9-5AE6-47DC-9A44-9C173E1C8E7C): 0
LogDevObjectVersion:   Dev-Physics (78F01B33-EBEA-4F98-B9B4-84EACCB95AA2): 2
LogDevObjectVersion:   Dev-Platform (6631380F-2D4D-43E0-8009-CF276956A95A): 0
LogDevObjectVersion:   Dev-Rendering (12F88B9F-8875-4AFC-A67C-D90C383ABD29): 36
LogDevObjectVersion:   Dev-Sequencer (7B5AE74C-D270-4C10-A958-57980B212A5A): 11
LogDevObjectVersion:   Dev-VR (D7296918-1DD6-4BDD-9DE2-64A83CC13884): 2
LogDevObjectVersion:   Dev-LoadTimes (C2A15278-BFE7-4AFE-6C17-90FF531DF755): 1
LogDevObjectVersion:   Private-Geometry (6EACA3D4-40EC-4CC1-B786-8BED09428FC5): 3
LogDevObjectVersion:   Dev-AnimPhys (29E575DD-E0A3-4627-9D10-D276232CDCEA): 17
LogDevObjectVersion:   Dev-Anim (AF43A65D-7FD3-4947-9873-3E8ED9C1BB05): 2
LogDevObjectVersion:   Dev-ReflectionCapture (6B266CEC-1EC7-4B8F-A30B-E4D90942FC07): 1
LogDevObjectVersion:   Dev-Automation (0DF73D61-A23F-47EA-B727-89E90C41499A): 1
LogDevObjectVersion:   FortniteMain (601D1886-AC64-4F84-AA16-D3DE0DEAC7D6): 31
LogDevObjectVersion:   Dev-Enterprise (9DFFBCD6-494F-0158-E221-12823C92A888): 8
LogDevObjectVersion:   Dev-Niagara (F2AED0AC-9AFE-416F-8664-AA7FFA26D6FC): 1
LogDevObjectVersion:   Dev-Destruction (174F1F0B-B4C6-45A5-B13F-2EE8D0FB917D): 9
LogDevObjectVersion:   Dev-Physics-Ext (35F94A83-E258-406C-A318-09F59610247C): 8
LogDevObjectVersion:   Dev-CineCamera (B2E18506-4273-CFC2-A54E-F4BB758BBA07): 1
LogInit: Presizing for max 25165824 objects, including 0 objects not considered by GC, pre-allocating 0 bytes for permanent pool.
LogInit: Object subsystem initialized
LogConfig: Setting CVar [[con.DebugEarlyDefault:1]]
LogConfig: Setting CVar [[r.setres:1280x720]]
[2021.10.03-13.12.13:613][  0]LogConfig: Setting CVar [[r.VSync:0]]
[2021.10.03-13.12.13:613][  0]LogConfig: Setting CVar [[r.RHICmdBypass:0]]
[2021.10.03-13.12.13:614][  0]LogConfig: Applying CVar settings from Section [/Script/Engine.RendererSettings] File [D:/assignment3 agp/Assessment-3-AGP/Week8StartingPoint/Saved/Config/Windows/Engine.ini]
[2021.10.03-13.12.13:614][  0]LogConfig: Setting CVar [[r.GPUCrashDebugging:0]]
[2021.10.03-13.12.13:614][  0]LogConfig: Applying CVar settings from Section [/Script/Engine.RendererOverrideSettings] File [D:/assignment3 agp/Assessment-3-AGP/Week8StartingPoint/Saved/Config/Windows/Engine.ini]
[2021.10.03-13.12.13:614][  0]LogConfig: Applying CVar settings from Section [/Script/Engine.StreamingSettings] File [D:/assignment3 agp/Assessment-3-AGP/Week8StartingPoint/Saved/Config/Windows/Engine.ini]
[2021.10.03-13.12.13:614][  0]LogConfig: Setting CVar [[s.MinBulkDataSizeForAsyncLoading:131072]]
[2021.10.03-13.12.13:614][  0]LogConfig: Setting CVar [[s.AsyncLoadingThreadEnabled:0]]
[2021.10.03-13.12.13:614][  0]LogConfig: Setting CVar [[s.EventDrivenLoaderEnabled:1]]
[2021.10.03-13.12.13:614][  0]LogConfig: Setting CVar [[s.WarnIfTimeLimitExceeded:0]]
[2021.10.03-13.12.13:614][  0]LogConfig: Setting CVar [[s.TimeLimitExceededMultiplier:1.5]]
[2021.10.03-13.12.13:614][  0]LogConfig: Setting CVar [[s.TimeLimitExceededMinTime:0.005]]
[2021.10.03-13.12.13:614][  0]LogConfig: Setting CVar [[s.UseBackgroundLevelStreaming:1]]
[2021.10.03-13.12.13:614][  0]LogConfig: Setting CVar [[s.PriorityAsyncLoadingExtraTime:15.0]]
[2021.10.03-13.12.13:614][  0]LogConfig: Setting CVar [[s.LevelStreamingActorsUpdateTimeLimit:5.0]]
[2021.10.03-13.12.13:614][  0]LogConfig: Setting CVar [[s.PriorityLevelStreamingActorsUpdateExtraTime:5.0]]
[2021.10.03-13.12.13:614][  0]LogConfig: Setting CVar [[s.LevelStreamingComponentsRegistrationGranularity:10]]
[2021.10.03-13.12.13:614][  0]LogConfig: Setting CVar [[s.UnregisterComponentsTimeLimit:1.0]]
[2021.10.03-13.12.13:614][  0]LogConfig: Setting CVar [[s.LevelStreamingComponentsUnregistrationGranularity:5]]
[2021.10.03-13.12.13:614][  0]LogConfig: Setting CVar [[s.FlushStreamingOnExit:1]]
[2021.10.03-13.12.13:614][  0]LogConfig: Applying CVar settings from Section [/Script/Engine.GarbageCollectionSettings] File [D:/assignment3 agp/Assessment-3-AGP/Week8StartingPoint/Saved/Config/Windows/Engine.ini]
[2021.10.03-13.12.13:614][  0]LogConfig: Setting CVar [[gc.MaxObjectsNotConsideredByGC:1]]
[2021.10.03-13.12.13:614][  0]LogConfig: Setting CVar [[gc.SizeOfPermanentObjectPool:0]]
[2021.10.03-13.12.13:614][  0]LogConfig: Setting CVar [[gc.FlushStreamingOnGC:0]]
[2021.10.03-13.12.13:614][  0]LogConfig: Setting CVar [[gc.NumRetriesBeforeForcingGC:10]]
[2021.10.03-13.12.13:614][  0]LogConfig: Setting CVar [[gc.AllowParallelGC:1]]
[2021.10.03-13.12.13:614][  0]LogConfig: Setting CVar [[gc.TimeBetweenPurgingPendingKillObjects:61.1]]
[2021.10.03-13.12.13:614][  0]LogConfig: Setting CVar [[gc.MaxObjectsInEditor:25165824]]
[2021.10.03-13.12.13:614][  0]LogConfig: Setting CVar [[gc.IncrementalBeginDestroyEnabled:1]]
[2021.10.03-13.12.13:614][  0]LogConfig: Setting CVar [[gc.CreateGCClusters:1]]
[2021.10.03-13.12.13:614][  0]LogConfig: Setting CVar [[gc.MinGCClusterSize:5]]
[2021.10.03-13.12.13:614][  0]LogConfig: Setting CVar [[gc.ActorClusteringEnabled:0]]
[2021.10.03-13.12.13:614][  0]LogConfig: Setting CVar [[gc.BlueprintClusteringEnabled:0]]
[2021.10.03-13.12.13:614][  0]LogConfig: Setting CVar [[gc.UseDisregardForGCOnDedicatedServers:0]]
[2021.10.03-13.12.13:614][  0]LogConfig: Applying CVar settings from Section [/Script/Engine.NetworkSettings] File [D:/assignment3 agp/Assessment-3-AGP/Week8StartingPoint/Saved/Config/Windows/Engine.ini]
[2021.10.03-13.12.13:614][  0]LogConfig: Applying CVar settings from Section [/Script/UnrealEd.CookerSettings] File [D:/assignment3 agp/Assessment-3-AGP/Week8StartingPoint/Saved/Config/Windows/Engine.ini]
[2021.10.03-13.12.13:620][  0]LogConfig: Applying CVar settings from Section [ViewDistanceQuality@3] File [D:/assignment3 agp/Assessment-3-AGP/Week8StartingPoint/Saved/Config/Windows/Scalability.ini]
[2021.10.03-13.12.13:620][  0]LogConfig: Setting CVar [[r.SkeletalMeshLODBias:0]]
[2021.10.03-13.12.13:620][  0]LogConfig: Setting CVar [[r.ViewDistanceScale:1.0]]
[2021.10.03-13.12.13:620][  0]LogConfig: Applying CVar settings from Section [AntiAliasingQuality@3] File [D:/assignment3 agp/Assessment-3-AGP/Week8StartingPoint/Saved/Config/Windows/Scalability.ini]
[2021.10.03-13.12.13:620][  0]LogConfig: Setting CVar [[r.PostProcessAAQuality:4]]
[2021.10.03-13.12.13:620][  0]LogConfig: Applying CVar settings from Section [ShadowQuality@3] File [D:/assignment3 agp/Assessment-3-AGP/Week8StartingPoint/Saved/Config/Windows/Scalability.ini]
[2021.10.03-13.12.13:620][  0]LogConfig: Setting CVar [[r.LightFunctionQuality:1]]
[2021.10.03-13.12.13:620][  0]LogConfig: Setting CVar [[r.ShadowQuality:5]]
[2021.10.03-13.12.13:620][  0]LogConfig: Setting CVar [[r.Shadow.CSM.MaxCascades:10]]
[2021.10.03-13.12.13:620][  0]LogConfig: Setting CVar [[r.Shadow.MaxResolution:2048]]
[2021.10.03-13.12.13:620][  0]LogConfig: Setting CVar [[r.Shadow.MaxCSMResolution:2048]]
[2021.10.03-13.12.13:620][  0]LogConfig: Setting CVar [[r.Shadow.RadiusThreshold:0.01]]
[2021.10.03-13.12.13:620][  0]LogConfig: Setting CVar [[r.Shadow.DistanceScale:1.0]]
[2021.10.03-13.12.13:620][  0]LogConfig: Setting CVar [[r.Shadow.CSM.TransitionScale:1.0]]
[2021.10.03-13.12.13:620][  0]LogConfig: Setting CVar [[r.Shadow.PreShadowResolutionFactor:1.0]]
[2021.10.03-13.12.13:620][  0]LogConfig: Setting CVar [[r.DistanceFieldShadowing:1]]
[2021.10.03-13.12.13:620][  0]LogConfig: Setting CVar [[r.DistanceFieldAO:1]]
[2021.10.03-13.12.13:620][  0]LogConfig: Setting CVar [[r.AOQuality:2]]
[2021.10.03-13.12.13:620][  0]LogConfig: Setting CVar [[r.VolumetricFog:1]]
[2021.10.03-13.12.13:620][  0]LogConfig: Setting CVar [[r.VolumetricFog.GridPixelSize:8]]
[2021.10.03-13.12.13:620][  0]LogConfig: Setting CVar [[r.VolumetricFog.GridSizeZ:128]]
[2021.10.03-13.12.13:620][  0]LogConfig: Setting CVar [[r.VolumetricFog.HistoryMissSupersampleCount:4]]
[2021.10.03-13.12.13:620][  0]LogConfig: Setting CVar [[r.LightMaxDrawDistanceScale:1]]
[2021.10.03-13.12.13:620][  0]LogConfig: Setting CVar [[r.CapsuleShadows:1]]
[2021.10.03-13.12.13:620][  0]LogConfig: Applying CVar settings from Section [PostProcessQuality@3] File [D:/assignment3 agp/Assessment-3-AGP/Week8StartingPoint/Saved/Config/Windows/Scalability.ini]
[2021.10.03-13.12.13:620][  0]LogConfig: Setting CVar [[r.MotionBlurQuality:4]]
[2021.10.03-13.12.13:620][  0]LogConfig: Setting CVar [[r.AmbientOcclusionMipLevelFactor:0.4]]
[2021.10.03-13.12.13:620][  0]LogConfig: Setting CVar [[r.AmbientOcclusionMaxQuality:100]]
[2021.10.03-13.12.13:620][  0]LogConfig: Setting CVar [[r.AmbientOcclusionLevels:-1]]
[2021.10.03-13.12.13:620][  0]LogConfig: Setting CVar [[r.AmbientOcclusionRadiusScale:1.0]]
[2021.10.03-13.12.13:620][  0]LogConfig: Setting CVar [[r.DepthOfFieldQuality:2]]
[2021.10.03-13.12.13:620][  0]LogConfig: Setting CVar [[r.RenderTargetPoolMin:400]]
[2021.10.03-13.12.13:620][  0]LogConfig: Setting CVar [[r.LensFlareQuality:2]]
[2021.10.03-13.12.13:620][  0]LogConfig: Setting CVar [[r.SceneColorFringeQuality:1]]
[2021.10.03-13.12.13:620][  0]LogConfig: Setting CVar [[r.EyeAdaptationQuality:2]]
[2021.10.03-13.12.13:620][  0]LogConfig: Setting CVar [[r.BloomQuality:5]]
[2021.10.03-13.12.13:620][  0]LogConfig: Setting CVar [[r.FastBlurThreshold:100]]
[2021.10.03-13.12.13:620][  0]LogConfig: Setting CVar [[r.Upscale.Quality:3]]
[2021.10.03-13.12.13:620][  0]LogConfig: Setting CVar [[r.Tonemapper.GrainQuantization:1]]
[2021.10.03-13.12.13:620][  0]LogConfig: Setting CVar [[r.LightShaftQuality:1]]
[2021.10.03-13.12.13:620][  0]LogConfig: Setting CVar [[r.Filter.SizeScale:1]]
[2021.10.03-13.12.13:620][  0]LogConfig: Setting CVar [[r.Tonemapper.Quality:5]]
[2021.10.03-13.12.13:620][  0]LogConfig: Setting CVar [[r.DOF.Gather.AccumulatorQuality:1        ; higher gathering accumulator quality]]
[2021.10.03-13.12.13:620][  0]LogConfig: Setting CVar [[r.DOF.Gather.PostfilterMethod:1          ; Median3x3 postfilering method]]
[2021.10.03-13.12.13:620][  0]LogConfig: Setting CVar [[r.DOF.Gather.EnableBokehSettings:0       ; no bokeh simulation when gathering]]
[2021.10.03-13.12.13:620][  0]LogConfig: Setting CVar [[r.DOF.Gather.RingCount:4                 ; medium number of samples when gathering]]
[2021.10.03-13.12.13:620][  0]LogConfig: Setting CVar [[r.DOF.Scatter.ForegroundCompositing:1    ; additive foreground scattering]]
[2021.10.03-13.12.13:620][  0]LogConfig: Setting CVar [[r.DOF.Scatter.BackgroundCompositing:2    ; additive background scattering]]
[2021.10.03-13.12.13:620][  0]LogConfig: Setting CVar [[r.DOF.Scatter.EnableBokehSettings:1      ; bokeh simulation when scattering]]
[2021.10.03-13.12.13:620][  0]LogConfig: Setting CVar [[r.DOF.Scatter.MaxSpriteRatio:0.1         ; only a maximum of 10% of scattered bokeh]]
[2021.10.03-13.12.13:620][  0]LogConfig: Setting CVar [[r.DOF.Recombine.Quality:1                ; cheap slight out of focus]]
[2021.10.03-13.12.13:620][  0]LogConfig: Setting CVar [[r.DOF.Recombine.EnableBokehSettings:0    ; no bokeh simulation on slight out of focus]]
[2021.10.03-13.12.13:620][  0]LogConfig: Setting CVar [[r.DOF.TemporalAAQuality:1                ; more stable temporal accumulation]]
[2021.10.03-13.12.13:620][  0]LogConfig: Setting CVar [[r.DOF.Kernel.MaxForegroundRadius:0.025]]
[2021.10.03-13.12.13:620][  0]LogConfig: Setting CVar [[r.DOF.Kernel.MaxBackgroundRadius:0.025]]
[2021.10.03-13.12.13:620][  0]LogConfig: Applying CVar settings from Section [TextureQuality@3] File [D:/assignment3 agp/Assessment-3-AGP/Week8StartingPoint/Saved/Config/Windows/Scalability.ini]
[2021.10.03-13.12.13:620][  0]LogConfig: Setting CVar [[r.Streaming.MipBias:0]]
[2021.10.03-13.12.13:620][  0]LogConfig: Setting CVar [[r.Streaming.AmortizeCPUToGPUCopy:0]]
[2021.10.03-13.12.13:620][  0]LogConfig: Setting CVar [[r.Streaming.MaxNumTexturesToStreamPerFrame:0]]
[2021.10.03-13.12.13:620][  0]LogConfig: Setting CVar [[r.Streaming.Boost:1]]
[2021.10.03-13.12.13:620][  0]LogConfig: Setting CVar [[r.MaxAnisotropy:8]]
[2021.10.03-13.12.13:620][  0]LogConfig: Setting CVar [[r.VT.MaxAnisotropy:8]]
[2021.10.03-13.12.13:620][  0]LogConfig: Setting CVar [[r.Streaming.LimitPoolSizeToVRAM:0]]
[2021.10.03-13.12.13:620][  0]LogConfig: Setting CVar [[r.Streaming.PoolSize:1000]]
[2021.10.03-13.12.13:620][  0]LogConfig: Setting CVar [[r.Streaming.MaxEffectiveScreenSize:0]]
[2021.10.03-13.12.13:620][  0]LogConfig: Applying CVar settings from Section [EffectsQuality@3] File [D:/assignment3 agp/Assessment-3-AGP/Week8StartingPoint/Saved/Config/Windows/Scalability.ini]
[2021.10.03-13.12.13:620][  0]LogConfig: Setting CVar [[r.TranslucencyLightingVolumeDim:64]]
[2021.10.03-13.12.13:620][  0]LogConfig: Setting CVar [[r.RefractionQuality:2]]
[2021.10.03-13.12.13:620][  0]LogConfig: Setting CVar [[r.SSR.Quality:3]]
[2021.10.03-13.12.13:620][  0]LogConfig: Setting CVar [[r.SSR.HalfResSceneColor:0]]
[2021.10.03-13.12.13:620][  0]LogConfig: Setting CVar [[r.SceneColorFormat:4]]
[2021.10.03-13.12.13:620][  0]LogConfig: Setting CVar [[r.DetailMode:2]]
[2021.10.03-13.12.13:620][  0]LogConfig: Setting CVar [[r.TranslucencyVolumeBlur:1]]
[2021.10.03-13.12.13:620][  0]LogConfig: Setting CVar [[r.MaterialQualityLevel:1 ; High quality]]
[2021.10.03-13.12.13:620][  0]LogConfig: Setting CVar [[r.SSS.Scale:1]]
[2021.10.03-13.12.13:621][  0]LogConfig: Setting CVar [[r.SSS.SampleSet:2]]
[2021.10.03-13.12.13:621][  0]LogConfig: Setting CVar [[r.SSS.Quality:1]]
[2021.10.03-13.12.13:621][  0]LogConfig: Setting CVar [[r.SSS.HalfRes:1]]
[2021.10.03-13.12.13:621][  0]LogConfig: Setting CVar [[r.SSGI.Quality:3]]
[2021.10.03-13.12.13:621][  0]LogConfig: Setting CVar [[r.EmitterSpawnRateScale:1.0]]
[2021.10.03-13.12.13:621][  0]LogConfig: Setting CVar [[r.ParticleLightQuality:2]]
[2021.10.03-13.12.13:621][  0]LogConfig: Setting CVar [[r.SkyAtmosphere.AerialPerspectiveLUT.FastApplyOnOpaque:1 ; Always have FastSkyLUT 1 in this case to avoid wrong sky]]
[2021.10.03-13.12.13:621][  0]LogConfig: Setting CVar [[r.SkyAtmosphere.AerialPerspectiveLUT.SampleCountPerSlice:1]]
[2021.10.03-13.12.13:621][  0]LogConfig: Setting CVar [[r.SkyAtmosphere.AerialPerspectiveLUT.DepthResolution:16.0]]
[2021.10.03-13.12.13:621][  0]LogConfig: Setting CVar [[r.SkyAtmosphere.FastSkyLUT:1]]
[2021.10.03-13.12.13:621][  0]LogConfig: Setting CVar [[r.SkyAtmosphere.FastSkyLUT.SampleCountMin:4.0]]
[2021.10.03-13.12.13:621][  0]LogConfig: Setting CVar [[r.SkyAtmosphere.FastSkyLUT.SampleCountMax:32.0]]
[2021.10.03-13.12.13:621][  0]LogConfig: Setting CVar [[r.SkyAtmosphere.SampleCountMin:4.0]]
[2021.10.03-13.12.13:621][  0]LogConfig: Setting CVar [[r.SkyAtmosphere.SampleCountMax:32.0]]
[2021.10.03-13.12.13:621][  0]LogConfig: Setting CVar [[r.SkyAtmosphere.TransmittanceLUT.UseSmallFormat:0]]
[2021.10.03-13.12.13:621][  0]LogConfig: Setting CVar [[r.SkyAtmosphere.TransmittanceLUT.SampleCount:10.0]]
[2021.10.03-13.12.13:621][  0]LogConfig: Setting CVar [[r.SkyAtmosphere.MultiScatteringLUT.SampleCount:15.0]]
[2021.10.03-13.12.13:621][  0]LogConfig: Applying CVar settings from Section [FoliageQuality@3] File [D:/assignment3 agp/Assessment-3-AGP/Week8StartingPoint/Saved/Config/Windows/Scalability.ini]
[2021.10.03-13.12.13:621][  0]LogConfig: Setting CVar [[foliage.DensityScale:1.0]]
[2021.10.03-13.12.13:621][  0]LogConfig: Setting CVar [[grass.DensityScale:1.0]]
[2021.10.03-13.12.13:621][  0]LogConfig: Applying CVar settings from Section [ShadingQuality@3] File [D:/assignment3 agp/Assessment-3-AGP/Week8StartingPoint/Saved/Config/Windows/Scalability.ini]
[2021.10.03-13.12.13:621][  0]LogConfig: Setting CVar [[r.HairStrands.SkyLighting.SampleCount:16]]
[2021.10.03-13.12.13:621][  0]LogConfig: Setting CVar [[r.HairStrands.SkyLighting.JitterIntegration:0]]
[2021.10.03-13.12.13:621][  0]LogConfig: Setting CVar [[r.HairStrands.SkyAO.SampleCount:16]]
[2021.10.03-13.12.13:621][  0]LogInit: Selected Device Profile: [Windows]
[2021.10.03-13.12.13:621][  0]LogInit: Applying CVar settings loaded from the selected device profile: [Windows]
[2021.10.03-13.12.13:626][  0]LogHAL: Display: Platform has ~ 8 GB [8464355328 / 8589934592 / 8], which maps to Default [LargestMinGB=32, LargerMinGB=12, DefaultMinGB=8, SmallerMinGB=6, SmallestMinGB=0)
[2021.10.03-13.12.13:626][  0]LogInit: Going up to parent DeviceProfile []
[2021.10.03-13.12.13:626][  0]LogConfig: Applying CVar settings from Section [ViewDistanceQuality@3] File [D:/assignment3 agp/Assessment-3-AGP/Week8StartingPoint/Saved/Config/Windows/Scalability.ini]
[2021.10.03-13.12.13:626][  0]LogConfig: Setting CVar [[r.SkeletalMeshLODBias:0]]
[2021.10.03-13.12.13:626][  0]LogConfig: Setting CVar [[r.ViewDistanceScale:1.0]]
[2021.10.03-13.12.13:626][  0]LogConfig: Applying CVar settings from Section [AntiAliasingQuality@3] File [D:/assignment3 agp/Assessment-3-AGP/Week8StartingPoint/Saved/Config/Windows/Scalability.ini]
[2021.10.03-13.12.13:626][  0]LogConfig: Setting CVar [[r.PostProcessAAQuality:4]]
[2021.10.03-13.12.13:626][  0]LogConfig: Applying CVar settings from Section [ShadowQuality@3] File [D:/assignment3 agp/Assessment-3-AGP/Week8StartingPoint/Saved/Config/Windows/Scalability.ini]
[2021.10.03-13.12.13:626][  0]LogConfig: Setting CVar [[r.LightFunctionQuality:1]]
[2021.10.03-13.12.13:626][  0]LogConfig: Setting CVar [[r.ShadowQuality:5]]
[2021.10.03-13.12.13:626][  0]LogConfig: Setting CVar [[r.Shadow.CSM.MaxCascades:10]]
[2021.10.03-13.12.13:626][  0]LogConfig: Setting CVar [[r.Shadow.MaxResolution:2048]]
[2021.10.03-13.12.13:626][  0]LogConfig: Setting CVar [[r.Shadow.MaxCSMResolution:2048]]
[2021.10.03-13.12.13:626][  0]LogConfig: Setting CVar [[r.Shadow.RadiusThreshold:0.01]]
[2021.10.03-13.12.13:626][  0]LogConfig: Setting CVar [[r.Shadow.DistanceScale:1.0]]
[2021.10.03-13.12.13:626][  0]LogConfig: Setting CVar [[r.Shadow.CSM.TransitionScale:1.0]]
[2021.10.03-13.12.13:626][  0]LogConfig: Setting CVar [[r.Shadow.PreShadowResolutionFactor:1.0]]
[2021.10.03-13.12.13:626][  0]LogConfig: Setting CVar [[r.DistanceFieldShadowing:1]]
[2021.10.03-13.12.13:626][  0]LogConfig: Setting CVar [[r.DistanceFieldAO:1]]
[2021.10.03-13.12.13:626][  0]LogConfig: Setting CVar [[r.AOQuality:2]]
[2021.10.03-13.12.13:626][  0]LogConfig: Setting CVar [[r.VolumetricFog:1]]
[2021.10.03-13.12.13:626][  0]LogConfig: Setting CVar [[r.VolumetricFog.GridPixelSize:8]]
[2021.10.03-13.12.13:626][  0]LogConfig: Setting CVar [[r.VolumetricFog.GridSizeZ:128]]
[2021.10.03-13.12.13:626][  0]LogConfig: Setting CVar [[r.VolumetricFog.HistoryMissSupersampleCount:4]]
[2021.10.03-13.12.13:626][  0]LogConfig: Setting CVar [[r.LightMaxDrawDistanceScale:1]]
[2021.10.03-13.12.13:626][  0]LogConfig: Setting CVar [[r.CapsuleShadows:1]]
[2021.10.03-13.12.13:626][  0]LogConfig: Applying CVar settings from Section [PostProcessQuality@3] File [D:/assignment3 agp/Assessment-3-AGP/Week8StartingPoint/Saved/Config/Windows/Scalability.ini]
[2021.10.03-13.12.13:626][  0]LogConfig: Setting CVar [[r.MotionBlurQuality:4]]
[2021.10.03-13.12.13:626][  0]LogConfig: Setting CVar [[r.AmbientOcclusionMipLevelFactor:0.4]]
[2021.10.03-13.12.13:626][  0]LogConfig: Setting CVar [[r.AmbientOcclusionMaxQuality:100]]
[2021.10.03-13.12.13:626][  0]LogConfig: Setting CVar [[r.AmbientOcclusionLevels:-1]]
[2021.10.03-13.12.13:626][  0]LogConfig: Setting CVar [[r.AmbientOcclusionRadiusScale:1.0]]
[2021.10.03-13.12.13:626][  0]LogConfig: Setting CVar [[r.DepthOfFieldQuality:2]]
[2021.10.03-13.12.13:626][  0]LogConfig: Setting CVar [[r.RenderTargetPoolMin:400]]
[2021.10.03-13.12.13:626][  0]LogConfig: Setting CVar [[r.LensFlareQuality:2]]
[2021.10.03-13.12.13:626][  0]LogConfig: Setting CVar [[r.SceneColorFringeQuality:1]]
[2021.10.03-13.12.13:626][  0]LogConfig: Setting CVar [[r.EyeAdaptationQuality:2]]
[2021.10.03-13.12.13:626][  0]LogConfig: Setting CVar [[r.BloomQuality:5]]
[2021.10.03-13.12.13:626][  0]LogConfig: Setting CVar [[r.FastBlurThreshold:100]]
[2021.10.03-13.12.13:626][  0]LogConfig: Setting CVar [[r.Upscale.Quality:3]]
[2021.10.03-13.12.13:626][  0]LogConfig: Setting CVar [[r.Tonemapper.GrainQuantization:1]]
[2021.10.03-13.12.13:626][  0]LogConfig: Setting CVar [[r.LightShaftQuality:1]]
[2021.10.03-13.12.13:626][  0]LogConfig: Setting CVar [[r.Filter.SizeScale:1]]
[2021.10.03-13.12.13:626][  0]LogConfig: Setting CVar [[r.Tonemapper.Quality:5]]
[2021.10.03-13.12.13:626][  0]LogConfig: Setting CVar [[r.DOF.Gather.AccumulatorQuality:1        ; higher gathering accumulator quality]]
[2021.10.03-13.12.13:626][  0]LogConfig: Setting CVar [[r.DOF.Gather.PostfilterMethod:1          ; Median3x3 postfilering method]]
[2021.10.03-13.12.13:626][  0]LogConfig: Setting CVar [[r.DOF.Gather.EnableBokehSettings:0       ; no bokeh simulation when gathering]]
[2021.10.03-13.12.13:626][  0]LogConfig: Setting CVar [[r.DOF.Gather.RingCount:4                 ; medium number of samples when gathering]]
[2021.10.03-13.12.13:626][  0]LogConfig: Setting CVar [[r.DOF.Scatter.ForegroundCompositing:1    ; additive foreground scattering]]
[2021.10.03-13.12.13:626][  0]LogConfig: Setting CVar [[r.DOF.Scatter.BackgroundCompositing:2    ; additive background scattering]]
[2021.10.03-13.12.13:626][  0]LogConfig: Setting CVar [[r.DOF.Scatter.EnableBokehSettings:1      ; bokeh simulation when scattering]]
[2021.10.03-13.12.13:626][  0]LogConfig: Setting CVar [[r.DOF.Scatter.MaxSpriteRatio:0.1         ; only a maximum of 10% of scattered bokeh]]
[2021.10.03-13.12.13:626][  0]LogConfig: Setting CVar [[r.DOF.Recombine.Quality:1                ; cheap slight out of focus]]
[2021.10.03-13.12.13:626][  0]LogConfig: Setting CVar [[r.DOF.Recombine.EnableBokehSettings:0    ; no bokeh simulation on slight out of focus]]
[2021.10.03-13.12.13:626][  0]LogConfig: Setting CVar [[r.DOF.TemporalAAQuality:1                ; more stable temporal accumulation]]
[2021.10.03-13.12.13:626][  0]LogConfig: Setting CVar [[r.DOF.Kernel.MaxForegroundRadius:0.025]]
[2021.10.03-13.12.13:626][  0]LogConfig: Setting CVar [[r.DOF.Kernel.MaxBackgroundRadius:0.025]]
[2021.10.03-13.12.13:626][  0]LogConfig: Applying CVar settings from Section [TextureQuality@3] File [D:/assignment3 agp/Assessment-3-AGP/Week8StartingPoint/Saved/Config/Windows/Scalability.ini]
[2021.10.03-13.12.13:626][  0]LogConfig: Setting CVar [[r.Streaming.MipBias:0]]
[2021.10.03-13.12.13:626][  0]LogConfig: Setting CVar [[r.Streaming.AmortizeCPUToGPUCopy:0]]
[2021.10.03-13.12.13:626][  0]LogConfig: Setting CVar [[r.Streaming.MaxNumTexturesToStreamPerFrame:0]]
[2021.10.03-13.12.13:626][  0]LogConfig: Setting CVar [[r.Streaming.Boost:1]]
[2021.10.03-13.12.13:626][  0]LogConfig: Setting CVar [[r.MaxAnisotropy:8]]
[2021.10.03-13.12.13:626][  0]LogConfig: Setting CVar [[r.VT.MaxAnisotropy:8]]
[2021.10.03-13.12.13:626][  0]LogConfig: Setting CVar [[r.Streaming.LimitPoolSizeToVRAM:0]]
[2021.10.03-13.12.13:626][  0]LogConfig: Setting CVar [[r.Streaming.PoolSize:1000]]
[2021.10.03-13.12.13:626][  0]LogConfig: Setting CVar [[r.Streaming.MaxEffectiveScreenSize:0]]
[2021.10.03-13.12.13:626][  0]LogConfig: Applying CVar settings from Section [EffectsQuality@3] File [D:/assignment3 agp/Assessment-3-AGP/Week8StartingPoint/Saved/Config/Windows/Scalability.ini]
[2021.10.03-13.12.13:626][  0]LogConfig: Setting CVar [[r.TranslucencyLightingVolumeDim:64]]
[2021.10.03-13.12.13:626][  0]LogConfig: Setting CVar [[r.RefractionQuality:2]]
[2021.10.03-13.12.13:626][  0]LogConfig: Setting CVar [[r.SSR.Quality:3]]
[2021.10.03-13.12.13:626][  0]LogConfig: Setting CVar [[r.SSR.HalfResSceneColor:0]]
[2021.10.03-13.12.13:626][  0]LogConfig: Setting CVar [[r.SceneColorFormat:4]]
[2021.10.03-13.12.13:626][  0]LogConfig: Setting CVar [[r.DetailMode:2]]
[2021.10.03-13.12.13:626][  0]LogConfig: Setting CVar [[r.TranslucencyVolumeBlur:1]]
[2021.10.03-13.12.13:627][  0]LogConfig: Setting CVar [[r.MaterialQualityLevel:1 ; High quality]]
[2021.10.03-13.12.13:627][  0]LogConfig: Setting CVar [[r.SSS.Scale:1]]
[2021.10.03-13.12.13:627][  0]LogConfig: Setting CVar [[r.SSS.SampleSet:2]]
[2021.10.03-13.12.13:627][  0]LogConfig: Setting CVar [[r.SSS.Quality:1]]
[2021.10.03-13.12.13:627][  0]LogConfig: Setting CVar [[r.SSS.HalfRes:1]]
[2021.10.03-13.12.13:627][  0]LogConfig: Setting CVar [[r.SSGI.Quality:3]]
[2021.10.03-13.12.13:627][  0]LogConfig: Setting CVar [[r.EmitterSpawnRateScale:1.0]]
[2021.10.03-13.12.13:627][  0]LogConfig: Setting CVar [[r.ParticleLightQuality:2]]
[2021.10.03-13.12.13:627][  0]LogConfig: Setting CVar [[r.SkyAtmosphere.AerialPerspectiveLUT.FastApplyOnOpaque:1 ; Always have FastSkyLUT 1 in this case to avoid wrong sky]]
[2021.10.03-13.12.13:627][  0]LogConfig: Setting CVar [[r.SkyAtmosphere.AerialPerspectiveLUT.SampleCountPerSlice:1]]
[2021.10.03-13.12.13:627][  0]LogConfig: Setting CVar [[r.SkyAtmosphere.AerialPerspectiveLUT.DepthResolution:16.0]]
[2021.10.03-13.12.13:627][  0]LogConfig: Setting CVar [[r.SkyAtmosphere.FastSkyLUT:1]]
[2021.10.03-13.12.13:627][  0]LogConfig: Setting CVar [[r.SkyAtmosphere.FastSkyLUT.SampleCountMin:4.0]]
[2021.10.03-13.12.13:627][  0]LogConfig: Setting CVar [[r.SkyAtmosphere.FastSkyLUT.SampleCountMax:32.0]]
[2021.10.03-13.12.13:627][  0]LogConfig: Setting CVar [[r.SkyAtmosphere.SampleCountMin:4.0]]
[2021.10.03-13.12.13:627][  0]LogConfig: Setting CVar [[r.SkyAtmosphere.SampleCountMax:32.0]]
[2021.10.03-13.12.13:627][  0]LogConfig: Setting CVar [[r.SkyAtmosphere.TransmittanceLUT.UseSmallFormat:0]]
[2021.10.03-13.12.13:627][  0]LogConfig: Setting CVar [[r.SkyAtmosphere.TransmittanceLUT.SampleCount:10.0]]
[2021.10.03-13.12.13:627][  0]LogConfig: Setting CVar [[r.SkyAtmosphere.MultiScatteringLUT.SampleCount:15.0]]
[2021.10.03-13.12.13:627][  0]LogConfig: Applying CVar settings from Section [FoliageQuality@3] File [D:/assignment3 agp/Assessment-3-AGP/Week8StartingPoint/Saved/Config/Windows/Scalability.ini]
[2021.10.03-13.12.13:627][  0]LogConfig: Setting CVar [[foliage.DensityScale:1.0]]
[2021.10.03-13.12.13:627][  0]LogConfig: Setting CVar [[grass.DensityScale:1.0]]
[2021.10.03-13.12.13:627][  0]LogConfig: Applying CVar settings from Section [ShadingQuality@3] File [D:/assignment3 agp/Assessment-3-AGP/Week8StartingPoint/Saved/Config/Windows/Scalability.ini]
[2021.10.03-13.12.13:627][  0]LogConfig: Setting CVar [[r.HairStrands.SkyLighting.SampleCount:16]]
[2021.10.03-13.12.13:627][  0]LogConfig: Setting CVar [[r.HairStrands.SkyLighting.JitterIntegration:0]]
[2021.10.03-13.12.13:627][  0]LogConfig: Setting CVar [[r.HairStrands.SkyAO.SampleCount:16]]
[2021.10.03-13.12.13:627][  0]LogConfig: Applying CVar settings from Section [Startup] File [../../../Engine/Config/ConsoleVariables.ini]
[2021.10.03-13.12.13:628][  0]LogConfig: Setting CVar [[net.UseAdaptiveNetUpdateFrequency:0]]
[2021.10.03-13.12.13:628][  0]LogConfig: Setting CVar [[p.chaos.AllowCreatePhysxBodies:1]]
[2021.10.03-13.12.13:628][  0]LogConfig: Applying CVar settings from Section [ConsoleVariables] File [D:/assignment3 agp/Assessment-3-AGP/Week8StartingPoint/Saved/Config/Windows/Engine.ini]
[2021.10.03-13.12.13:629][  0]LogInit: Computer: LAPTOP-OUI9A870
[2021.10.03-13.12.13:629][  0]LogInit: User: habib
[2021.10.03-13.12.13:629][  0]LogInit: CPU Page size=4096, Cores=4
[2021.10.03-13.12.13:629][  0]LogInit: High frequency timer resolution =10.000000 MHz
[2021.10.03-13.12.13:629][  0]LogMemory: Memory total: Physical=7.9GB (8GB approx)
[2021.10.03-13.12.13:630][  0]LogMemory: Platform Memory Stats for Windows
[2021.10.03-13.12.13:630][  0]LogMemory: Process Physical Memory: 109.38 MB used, 109.39 MB peak
[2021.10.03-13.12.13:630][  0]LogMemory: Process Virtual Memory: 104.43 MB used, 104.43 MB peak
[2021.10.03-13.12.13:630][  0]LogMemory: Physical Memory: 5382.75 MB used,  2689.49 MB free, 8072.24 MB total
[2021.10.03-13.12.13:630][  0]LogMemory: Virtual Memory: 5180.87 MB used,  134212544.00 MB free, 134217728.00 MB total
[2021.10.03-13.12.13:634][  0]LogWindows: WindowsPlatformFeatures enabled
[2021.10.03-13.12.13:748][  0]LogInit: Using OS detected language (en-US).
[2021.10.03-13.12.13:748][  0]LogInit: Using OS detected locale (en-AU).
[2021.10.03-13.12.13:752][  0]LogTextLocalizationManager: No specific localization for 'en-US' exists, so the 'en' localization will be used.
[2021.10.03-13.12.14:102][  0]LogInit: Setting process to per monitor DPI aware
[2021.10.03-13.12.14:236][  0]LogSlate: New Slate User Created.  User Index 0, Is Virtual User: 0
[2021.10.03-13.12.14:236][  0]LogSlate: Slate User Registered.  User Index 0, Is Virtual User: 0
[2021.10.03-13.12.17:474][  0]LogHMD: Failed to initialize OpenVR with code 126
[2021.10.03-13.12.17:474][  0]LogD3D11RHI: D3D11 min allowed feature level: 11_0
[2021.10.03-13.12.17:474][  0]LogD3D11RHI: D3D11 max allowed feature level: 11_0
[2021.10.03-13.12.17:474][  0]LogD3D11RHI: D3D11 adapters:
[2021.10.03-13.12.17:815][  0]LogD3D11RHI:    0. 'NVIDIA GeForce GTX 1650' (Feature Level 11_0)
[2021.10.03-13.12.17:815][  0]LogD3D11RHI:       3962/0/4036 MB DedicatedVideo/DedicatedSystem/SharedSystem, Outputs:1, VendorId:0x10de
[2021.10.03-13.12.17:922][  0]LogD3D11RHI:    1. 'Intel(R) UHD Graphics 630' (Feature Level 11_0)
[2021.10.03-13.12.17:922][  0]LogD3D11RHI:       128/0/4036 MB DedicatedVideo/DedicatedSystem/SharedSystem, Outputs:0, VendorId:0x8086
[2021.10.03-13.12.17:925][  0]LogD3D11RHI:    2. 'Microsoft Basic Render Driver' (Feature Level 11_0)
[2021.10.03-13.12.17:925][  0]LogD3D11RHI:       0/0/4036 MB DedicatedVideo/DedicatedSystem/SharedSystem, Outputs:0, VendorId:0x1414
[2021.10.03-13.12.17:925][  0]LogD3D11RHI: Chosen D3D11 Adapter: 0
[2021.10.03-13.12.17:933][  0]LogD3D11RHI: Creating new Direct3DDevice
[2021.10.03-13.12.17:933][  0]LogD3D11RHI:     GPU DeviceId: 0x1f91 (for the marketing name, search the web for "GPU Device Id")
[2021.10.03-13.12.17:933][  0]LogWindows: EnumDisplayDevices:
[2021.10.03-13.12.17:934][  0]LogWindows:    0. 'Intel(R) UHD Graphics 630' (P:1 D:1)
[2021.10.03-13.12.17:934][  0]LogWindows:    1. 'Intel(R) UHD Graphics 630' (P:0 D:0)
[2021.10.03-13.12.17:934][  0]LogWindows:    2. 'Intel(R) UHD Graphics 630' (P:0 D:0)
[2021.10.03-13.12.17:935][  0]LogWindows:    3. 'NVIDIA GeForce GTX 1650' (P:0 D:0)
[2021.10.03-13.12.17:935][  0]LogWindows:    4. 'NVIDIA GeForce GTX 1650' (P:0 D:0)
[2021.10.03-13.12.17:936][  0]LogWindows:    5. 'NVIDIA GeForce GTX 1650' (P:0 D:0)
[2021.10.03-13.12.17:936][  0]LogWindows:    6. 'NVIDIA GeForce GTX 1650' (P:0 D:0)
[2021.10.03-13.12.17:936][  0]LogWindows: DebugString: PrimaryIsNotTheChoosenAdapter PrimaryIsNotTheChoosenAdapter PrimaryIsNotTheChoosenAdapter FoundDriverCount:4 
[2021.10.03-13.12.17:936][  0]LogD3D11RHI:     Adapter Name: NVIDIA GeForce GTX 1650
[2021.10.03-13.12.17:936][  0]LogD3D11RHI:   Driver Version: 460.79 (internal:27.21.14.6079, unified:460.79)
[2021.10.03-13.12.17:936][  0]LogD3D11RHI:      Driver Date: 12-3-2020
[2021.10.03-13.12.17:936][  0]LogRHI: Texture pool is 2773 MB (70% of 3962 MB)
[2021.10.03-13.12.18:032][  0]LogD3D11RHI: RHI has support for 64 bit atomics
[2021.10.03-13.12.18:032][  0]LogD3D11RHI: Async texture creation enabled
[2021.10.03-13.12.18:073][  0]LogD3D11RHI: GPU Timing Frequency: 1000.000000 (Debug: 2 1)
[2021.10.03-13.12.18:462][  0]LogTargetPlatformManager: Display: Loaded TargetPlatform 'AllDesktop'
[2021.10.03-13.12.18:495][  0]LogTargetPlatformManager: Display: Loaded TargetPlatform 'Android'
[2021.10.03-13.12.18:495][  0]LogTargetPlatformManager: Display: Loaded TargetPlatform 'Android_ASTC'
[2021.10.03-13.12.18:495][  0]LogTargetPlatformManager: Display: Loaded TargetPlatform 'Android_ATC'
[2021.10.03-13.12.18:495][  0]LogTargetPlatformManager: Display: Loaded TargetPlatform 'Android_DXT'
[2021.10.03-13.12.18:495][  0]LogTargetPlatformManager: Display: Loaded TargetPlatform 'Android_ETC1'
[2021.10.03-13.12.18:495][  0]LogTargetPlatformManager: Display: Loaded TargetPlatform 'Android_ETC1a'
[2021.10.03-13.12.18:495][  0]LogTargetPlatformManager: Display: Loaded TargetPlatform 'Android_ETC2'
[2021.10.03-13.12.18:495][  0]LogTargetPlatformManager: Display: Loaded TargetPlatform 'Android_PVRTC'
[2021.10.03-13.12.18:495][  0]LogTargetPlatformManager: Display: Loaded TargetPlatform 'AndroidClient'
[2021.10.03-13.12.18:495][  0]LogTargetPlatformManager: Display: Loaded TargetPlatform 'Android_ASTCClient'
[2021.10.03-13.12.18:495][  0]LogTargetPlatformManager: Display: Loaded TargetPlatform 'Android_ATCClient'
[2021.10.03-13.12.18:495][  0]LogTargetPlatformManager: Display: Loaded TargetPlatform 'Android_DXTClient'
[2021.10.03-13.12.18:495][  0]LogTargetPlatformManager: Display: Loaded TargetPlatform 'Android_ETC1Client'
[2021.10.03-13.12.18:495][  0]LogTargetPlatformManager: Display: Loaded TargetPlatform 'Android_ETC1aClient'
[2021.10.03-13.12.18:495][  0]LogTargetPlatformManager: Display: Loaded TargetPlatform 'Android_ETC2Client'
[2021.10.03-13.12.18:495][  0]LogTargetPlatformManager: Display: Loaded TargetPlatform 'Android_PVRTCClient'
[2021.10.03-13.12.18:495][  0]LogTargetPlatformManager: Display: Loaded TargetPlatform 'Android_Multi'
[2021.10.03-13.12.18:495][  0]LogTargetPlatformManager: Display: Loaded TargetPlatform 'Android_MultiClient'
[2021.10.03-13.12.18:519][  0]LogTargetPlatformManager: Display: Loaded TargetPlatform 'IOSClient'
[2021.10.03-13.12.18:519][  0]LogTargetPlatformManager: Display: Loaded TargetPlatform 'IOS'
[2021.10.03-13.12.18:529][  0]LogTargetPlatformManager: Display: Loaded TargetPlatform 'LinuxNoEditor'
[2021.10.03-13.12.18:538][  0]LogTargetPlatformManager: Display: Loaded TargetPlatform 'LinuxClient'
[2021.10.03-13.12.18:548][  0]LogTargetPlatformManager: Display: Loaded TargetPlatform 'LinuxServer'
[2021.10.03-13.12.18:560][  0]LogTargetPlatformManager: Display: Loaded TargetPlatform 'LinuxAArch64NoEditor'
[2021.10.03-13.12.18:570][  0]LogTargetPlatformManager: Display: Loaded TargetPlatform 'LinuxAArch64Client'
[2021.10.03-13.12.18:579][  0]LogTargetPlatformManager: Display: Loaded TargetPlatform 'LinuxAArch64Server'
[2021.10.03-13.12.18:609][  0]LogTargetPlatformManager: Display: Loaded TargetPlatform 'Lumin'
[2021.10.03-13.12.18:609][  0]LogTargetPlatformManager: Display: Loaded TargetPlatform 'LuminClient'
[2021.10.03-13.12.18:626][  0]LogTargetPlatformManager: Display: Loaded TargetPlatform 'TVOSClient'
[2021.10.03-13.12.18:626][  0]LogTargetPlatformManager: Display: Loaded TargetPlatform 'TVOS'
[2021.10.03-13.12.18:634][  0]LogTargetPlatformManager: Display: Loaded TargetPlatform 'WindowsNoEditor'
[2021.10.03-13.12.18:645][  0]LogTargetPlatformManager: Display: Loaded TargetPlatform 'Windows'
[2021.10.03-13.12.18:655][  0]LogTargetPlatformManager: Display: Loaded TargetPlatform 'WindowsClient'
[2021.10.03-13.12.18:670][  0]LogTargetPlatformManager: Display: Loaded TargetPlatform 'WindowsServer'
[2021.10.03-13.12.18:670][  0]LogTargetPlatformManager: Display: Building Assets For Windows
[2021.10.03-13.12.18:688][  0]LogAudioDebug: Display: Lib vorbis DLL was dynamically loaded.
[2021.10.03-13.12.18:784][  0]LogShaderCompilers: Guid format shader working directory is -9 characters bigger than the processId version (D:/assignment3 agp/Assessment-3-AGP/Week8StartingPoint/Intermediate/Shaders/WorkingDirectory/26196/).
[2021.10.03-13.12.18:784][  0]LogShaderCompilers: Cleaned the shader compiler working directory 'C:/Users/habib/AppData/Local/Temp/UnrealShaderWorkingDir/F1D5ABE649F3DAB39E8273A59D9C3220/'.
[2021.10.03-13.12.18:786][  0]LogXGEController: Cannot use XGE Controller as Incredibuild is not installed on this machine.
[2021.10.03-13.12.18:786][  0]LogShaderCompilers: Cannot use XGE Shader Compiler as Incredibuild is not installed on this machine.
[2021.10.03-13.12.18:786][  0]LogShaderCompilers: Display: Using Local Shader Compiler.
[2021.10.03-13.12.21:673][  0]LogDerivedDataCache: Display: Max Cache Size: 512 MB
[2021.10.03-13.12.21:812][  0]LogDerivedDataCache: Loaded boot cache 0.14s 81MB C:/Users/habib/AppData/Local/UnrealEngine/4.24/DerivedDataCache/Boot.ddc.
[2021.10.03-13.12.21:812][  0]LogDerivedDataCache: Display: Loaded Boot cache: C:/Users/habib/AppData/Local/UnrealEngine/4.24/DerivedDataCache/Boot.ddc
[2021.10.03-13.12.21:812][  0]LogDerivedDataCache: FDerivedDataBackendGraph:  Pak pak cache file D:/assignment3 agp/Assessment-3-AGP/Week8StartingPoint/DerivedDataCache/DDC.ddp not found, will not use a pak cache.
[2021.10.03-13.12.21:812][  0]LogDerivedDataCache: Unable to find inner node Pak for hierarchical cache Hierarchy.
[2021.10.03-13.12.21:812][  0]LogDerivedDataCache: FDerivedDataBackendGraph:  CompressedPak pak cache file D:/assignment3 agp/Assessment-3-AGP/Week8StartingPoint/DerivedDataCache/Compressed.ddp not found, will not use a pak cache.
[2021.10.03-13.12.21:812][  0]LogDerivedDataCache: Unable to find inner node CompressedPak for hierarchical cache Hierarchy.
[2021.10.03-13.12.21:827][  0]LogDerivedDataCache: Display: Pak cache opened for reading ../../../Engine/DerivedDataCache/Compressed.ddp.
[2021.10.03-13.12.21:827][  0]LogDerivedDataCache: FDerivedDataBackendGraph:  EnterprisePak pak cache file ../../../Enterprise/DerivedDataCache/Compressed.ddp not found, will not use a pak cache.
[2021.10.03-13.12.21:827][  0]LogDerivedDataCache: Unable to find inner node EnterprisePak for hierarchical cache Hierarchy.
[2021.10.03-13.12.21:829][  0]LogDerivedDataCache: Using Local data cache path C:/Users/habib/AppData/Local/UnrealEngine/Common/DerivedDataCache: Writable
[2021.10.03-13.12.21:829][  0]LogDerivedDataCache: Shared data cache path not found in *engine.ini, will not use an Shared cache.
[2021.10.03-13.12.21:829][  0]LogDerivedDataCache: Unable to find inner node Shared for hierarchical cache Hierarchy.
[2021.10.03-13.12.21:854][  0]LogMaterial: Verifying Global Shaders for PCD3D_SM5
[2021.10.03-13.12.21:857][  0]LogSlate: Using FreeType 2.10.0
[2021.10.03-13.12.21:874][  0]LogSlate: SlateFontServices - WITH_FREETYPE: 1, WITH_HARFBUZZ: 1
[2021.10.03-13.12.22:054][  0]LogAssetRegistry: FAssetRegistry took 0.0040 seconds to start up
[2021.10.03-13.12.22:524][  0]LogInit: Selected Device Profile: [Windows]
[2021.10.03-13.12.22:844][  0]LogMeshReduction: Using QuadricMeshReduction for automatic static mesh reduction
[2021.10.03-13.12.22:844][  0]LogMeshReduction: Using SimplygonMeshReduction for automatic skeletal mesh reduction
[2021.10.03-13.12.22:844][  0]LogMeshReduction: Using ProxyLODMeshReduction for automatic mesh merging
[2021.10.03-13.12.22:844][  0]LogMeshReduction: No distributed automatic mesh merging module available
[2021.10.03-13.12.22:844][  0]LogMeshMerging: No distributed automatic mesh merging module available
[2021.10.03-13.12.22:863][  0]LogNetVersion: AdvGamesProgramming 1.0.0, NetCL: 10570792, EngineNetVer: 13, GameNetVer: 0 (Checksum: 489682494)
[2021.10.03-13.12.25:449][  0]LogPackageLocalizationCache: Processed 10 localized package path(s) for 1 prioritized culture(s) in 0.056077 seconds
[2021.10.03-13.12.25:456][  0]LogUObjectArray: 46750 objects as part of root set at end of initial load.
[2021.10.03-13.12.25:456][  0]LogUObjectAllocator: 8137160 out of 0 bytes used by permanent object pool.
[2021.10.03-13.12.25:456][  0]LogUObjectArray: CloseDisregardForGC: 0/0 objects in disregard for GC pool
[2021.10.03-13.12.26:201][  0]LogTcpMessaging: Initializing TcpMessaging bridge
[2021.10.03-13.12.26:206][  0]LogUdpMessaging: Initializing bridge on interface 0.0.0.0:0 to multicast group 230.0.0.1:6666.
[2021.10.03-13.12.26:300][  0]SourceControl: Source control is disabled
[2021.10.03-13.12.26:300][  0]SourceControl: Source control is disabled
[2021.10.03-13.12.26:308][  0]SourceControl: Source control is disabled
[2021.10.03-13.12.26:311][  0]SourceControl: Source control is disabled
[2021.10.03-13.12.26:316][  0]SourceControl: Source control is disabled
[2021.10.03-13.12.26:535][  0]LogAndroidPermission: UAndroidPermissionCallbackProxy::GetInstance
[2021.10.03-13.12.26:555][  0]LogAudioCaptureCore: Display: No Audio Capture implementations found. Audio input will be silent.
[2021.10.03-13.12.26:555][  0]LogAudioCaptureCore: Display: No Audio Capture implementations found. Audio input will be silent.
[2021.10.03-13.12.26:677][  0]LogOcInput: OculusInput pre-init called
[2021.10.03-13.12.27:364][  0]LogEngine: Initializing Engine...
[2021.10.03-13.12.27:431][  0]LogHMD: Failed to initialize OpenVR with code 108
[2021.10.03-13.12.27:433][  0]LogStats: UGameplayTagsManager::InitializeManager -  0.001 s
[2021.10.03-13.12.27:766][  0]LogInit: Initializing FReadOnlyCVARCache
[2021.10.03-13.12.27:789][  0]LogAIModule: Creating AISystem for world Untitled
[2021.10.03-13.12.27:793][  0]LogAudioMixer: Display: Audio Mixer Platform Settings:
[2021.10.03-13.12.27:793][  0]LogAudioMixer: Display: 	Sample Rate:						  48000
[2021.10.03-13.12.27:793][  0]LogAudioMixer: Display: 	Callback Buffer Frame Size Requested: 1024
[2021.10.03-13.12.27:793][  0]LogAudioMixer: Display: 	Callback Buffer Frame Size To Use:	  1024
[2021.10.03-13.12.27:793][  0]LogAudioMixer: Display: 	Number of buffers to queue:			  2
[2021.10.03-13.12.27:793][  0]LogAudioMixer: Display: 	Max Channels (voices):				  32
[2021.10.03-13.12.27:793][  0]LogAudioMixer: Display: 	Number of Async Source Workers:		  0
[2021.10.03-13.12.27:793][  0]LogAudio: Display: AudioDevice MaxSources: 32
[2021.10.03-13.12.27:794][  0]LogAudio: Display: Using built-in audio occlusion.
[2021.10.03-13.12.27:794][  0]LogAudioMixer: Display: Initializing audio mixer.
[2021.10.03-13.12.27:835][  0]LogAudioMixer: Display: Audio Device Output Speaker Info:
[2021.10.03-13.12.27:835][  0]LogAudioMixer: Display: Name: Speakers (Realtek(R) Audio)
[2021.10.03-13.12.27:835][  0]LogAudioMixer: Display: Is Default: Yes
[2021.10.03-13.12.27:835][  0]LogAudioMixer: Display: Sample Rate: 48000
[2021.10.03-13.12.27:835][  0]LogAudioMixer: Display: Channel Count Used: 2
[2021.10.03-13.12.27:835][  0]LogAudioMixer: Display: Device Channel Count: 2
[2021.10.03-13.12.27:835][  0]LogAudioMixer: Display: Channel Order:
[2021.10.03-13.12.27:835][  0]LogAudioMixer: Display: 0: FrontLeft
[2021.10.03-13.12.27:835][  0]LogAudioMixer: Display: 1: FrontRight
[2021.10.03-13.12.27:865][  0]LogAudioMixer: Display: Using Audio Device Speakers (Realtek(R) Audio)
[2021.10.03-13.12.27:875][  0]LogInit: FAudioDevice initialized.
[2021.10.03-13.12.27:875][  0]LogNetVersion: Set ProjectVersion to 1.0.0.0. Version Checksum will be recalculated on next use.
[2021.10.03-13.12.27:968][  0]LogDerivedDataCache: Saved boot cache 0.09s 81MB C:/Users/habib/AppData/Local/UnrealEngine/4.24/DerivedDataCache/Boot.ddc.
[2021.10.03-13.12.27:969][  0]LogInit: Texture streaming: Enabled
[2021.10.03-13.12.27:985][  0]LogEngineSessionManager: EngineSessionManager initialized
[2021.10.03-13.12.27:985][  0]LogEditorSessionSummary: Verbose: Initializing EditorSessionSummaryWriter for editor session tracking
[2021.10.03-13.12.27:986][  0]LogEditorSessionSummary: EditorSessionSummaryWriter initialized
[2021.10.03-13.12.28:027][  0]LogInit: Transaction tracking system initialized
[2021.10.03-13.12.28:060][  0]BlueprintLog: New page: Editor Load
[2021.10.03-13.12.28:168][  0]LocalizationService: Localization service is disabled
[2021.10.03-13.12.28:511][  0]LogFileCache: Scanning file cache for directory 'D:/assignment3 agp/Assessment-3-AGP/Week8StartingPoint/Content/' took 0.01s
[2021.10.03-13.12.28:512][  0]LogCook: Display: Max memory allowance for cook 16384mb min free memory 0mb
[2021.10.03-13.12.28:512][  0]LogCook: Display: Mobile HDR setting 1
[2021.10.03-13.12.29:247][  0]SourceControl: Source control is disabled
[2021.10.03-13.12.29:247][  0]Cmd: MAP LOAD FILE="D:/assignment3 agp/Assessment-3-AGP/Week8StartingPoint/Content/Levels/TestingMap.umap" TEMPLATE=0 SHOWPROGRESS=1 FEATURELEVEL=3
[2021.10.03-13.12.29:254][  0]LightingResults: New page: Lighting Build
[2021.10.03-13.12.29:256][  0]LogWorld: UWorld::CleanupWorld for Untitled, bSessionEnded=true, bCleanupResources=true
[2021.10.03-13.12.29:256][  0]LogSlate: InvalidateAllWidgets triggered.  All widgets were invalidated
[2021.10.03-13.12.29:257][  0]MapCheck: New page: Map Check
[2021.10.03-13.12.29:257][  0]LightingResults: New page: Lighting Build
[2021.10.03-13.12.29:283][  0]LogUObjectHash: Compacting FUObjectHashTables data took   1.47ms
[2021.10.03-13.12.29:843][  0]LogBlueprint: Warning: [Compiler Ue4ASP_Character] InputAction Event references unknown Action 'Crouch' for  InputAction Crouch
[2021.10.03-13.12.29:844][  0]LogBlueprint: Warning: [Compiler Ue4ASP_Character] Input Axis Event references unknown Axis 'MoveRight' for  InputAxis MoveRight
[2021.10.03-13.12.30:551][  0]LogLinker: Warning: While loading 'D:/assignment3 agp/Assessment-3-AGP/Week8StartingPoint/Content/Levels/TestingMap.umap' failed to load '/Game/Levels/TestingMap_BuiltData': Can't find file.
[2021.10.03-13.12.30:552][  0]LogLinker: Warning: While loading 'D:/assignment3 agp/Assessment-3-AGP/Week8StartingPoint/Content/Levels/TestingMap.umap' failed to load '/Game/Levels/TestingMap_BuiltData': Can't find file.
[2021.10.03-13.12.30:570][  0]LogLinker: Warning: While loading 'D:/assignment3 agp/Assessment-3-AGP/Week8StartingPoint/Content/Levels/TestingMap.umap' failed to load '/Game/Levels/TestingMap_BuiltData': Can't find file.
[2021.10.03-13.12.30:571][  0]LogLinker: Warning: While loading 'D:/assignment3 agp/Assessment-3-AGP/Week8StartingPoint/Content/Levels/TestingMap.umap' failed to load '/Game/Levels/TestingMap_BuiltData': Can't find file.
[2021.10.03-13.12.30:705][  0]LogLinker: Warning: While loading 'D:/assignment3 agp/Assessment-3-AGP/Week8StartingPoint/Content/Levels/TestingMap.umap' failed to load '/Game/Levels/TestingMap_BuiltData': Can't find file.
[2021.10.03-13.12.30:706][  0]LoadErrors: Failed to load /Game/Levels/TestingMap_BuiltData.TestingMap_BuiltData Referenced by PersistentLevel
[2021.10.03-13.12.30:706][  0]LogLinker: Warning: While loading 'D:/assignment3 agp/Assessment-3-AGP/Week8StartingPoint/Content/Levels/TestingMap.umap' failed to load '/Game/Levels/TestingMap_BuiltData': Can't find file.
[2021.10.03-13.12.30:706][  0]LoadErrors: Failed to load /Game/Levels/TestingMap_BuiltData.TestingMap_BuiltData Referenced by PersistentLevel
[2021.10.03-13.12.31:170][  0]LogAIModule: Creating AISystem for world TestingMap
[2021.10.03-13.12.31:210][  0]LogEditorServer: Finished looking for orphan Actors (0.000 secs)
[2021.10.03-13.12.31:245][  0]LogUObjectHash: Compacting FUObjectHashTables data took   3.63ms
[2021.10.03-13.12.31:246][  0]Cmd: MAP CHECKDEP NOCLEARLOG
[2021.10.03-13.12.31:247][  0]MapCheck: Map check complete: 0 Error(s), 0 Warning(s), took 0.415ms to complete.
[2021.10.03-13.12.31:247][  0]LogFileHelpers: Loading map 'TestingMap' took 1.999
[2021.10.03-13.12.31:474][  0]LogSlate: Updating window title bar state: overlay mode, drag disabled, window buttons hidden, title bar hidden
[2021.10.03-13.12.31:489][  0]LogSlate: Updating window title bar state: overlay mode, drag disabled, window buttons hidden, title bar hidden
[2021.10.03-13.12.31:501][  0]LogSlate: Updating window title bar state: overlay mode, drag disabled, window buttons hidden, title bar hidden
[2021.10.03-13.12.31:509][  0]LogSlate: Updating window title bar state: overlay mode, drag disabled, window buttons hidden, title bar hidden
[2021.10.03-13.12.31:531][  0]LogCollectionManager: Loaded 0 collections in 0.002700 seconds
[2021.10.03-13.12.31:558][  0]LogFileCache: Scanning file cache for directory 'D:/assignment3 agp/Assessment-3-AGP/Week8StartingPoint/Saved/Collections/' took 0.00s
[2021.10.03-13.12.31:558][  0]LogFileCache: Scanning file cache for directory 'D:/assignment3 agp/Assessment-3-AGP/Week8StartingPoint/Content/Developers/habib/Collections/' took 0.00s
[2021.10.03-13.12.31:558][  0]LogFileCache: Scanning file cache for directory 'D:/assignment3 agp/Assessment-3-AGP/Week8StartingPoint/Content/Collections/' took 0.00s
[2021.10.03-13.12.31:558][  0]LogContentBrowser: Native class hierarchy populated in 0.0153 seconds. Added 3026 classes and 719 folders.
[2021.10.03-13.12.31:571][  0]LogContentBrowser: Native class hierarchy updated for 'WidgetCarousel' in 0.0011 seconds. Added 0 classes and 0 folders.
[2021.10.03-13.12.32:024][  0]LogContentBrowser: Native class hierarchy updated for 'AddContentDialog' in 0.0008 seconds. Added 0 classes and 0 folders.
[2021.10.03-13.12.32:040][  0]LogContentBrowser: Native class hierarchy updated for 'SceneOutliner' in 0.0004 seconds. Added 2 classes and 3 folders.
[2021.10.03-13.12.32:224][  0]LogSlate: Took 0.012176 seconds to synchronously load lazily loaded font '../../../Engine/Content/Slate/Fonts/Roboto-Regular.ttf' (155K)
[2021.10.03-13.12.32:241][  0]LogSlate: Took 0.014725 seconds to synchronously load lazily loaded font '../../../Engine/Content/Slate/Fonts/Roboto-Bold.ttf' (160K)
[2021.10.03-13.12.32:262][  0]LogSlate: Took 0.011956 seconds to synchronously load lazily loaded font '../../../Engine/Content/Editor/Slate/Fonts/FontAwesome.ttf' (139K)
[2021.10.03-13.12.32:366][  0]LogRenderer: Reallocating scene render targets to support 1208x600 Format 10 NumSamples 1 (Frame:1).
[2021.10.03-13.12.32:533][  0]LogContentBrowser: Native class hierarchy updated for 'HierarchicalLODOutliner' in 0.0004 seconds. Added 0 classes and 0 folders.
[2021.10.03-13.12.32:533][  0]LogLoad: (Engine Initialization) Total time: 26.09 seconds
[2021.10.03-13.12.32:533][  0]LogLoad: (Engine Initialization) Total Blueprint compile time: 0.00 seconds
[2021.10.03-13.12.32:752][  0]LogContentStreaming: Texture pool size now 1000 MB
[2021.10.03-13.12.32:844][  0]LogSlate: Took 0.006220 seconds to synchronously load lazily loaded font '../../../Engine/Content/Slate/Fonts/Roboto-Light.ttf' (167K)
[2021.10.03-13.12.33:561][ 13]LogAssetRegistry: Asset discovery search completed in 11.5084 seconds
[2021.10.03-13.12.33:565][ 13]LogCollectionManager: Fixed up redirectors for 0 collections in 0.000009 seconds (updated 0 objects)
[2021.10.03-13.14.56:858][545]LogSlate: Window 'Plugins' being destroyed
[2021.10.03-13.14.56:866][545]LogSlate: Window 'Plugins' being destroyed
[2021.10.03-13.14.56:866][545]LogDirectoryWatcher: A directory notification for '../../../Engine/Plugins/' was aborted.
[2021.10.03-13.14.58:241][628]LogSlate: Window 'Message Log' being destroyed
[2021.10.03-13.14.58:247][628]LogSlate: Window 'Message Log' being destroyed
[2021.10.03-13.15.05:552][ 63]LogSlate: Took 0.000162 seconds to synchronously load lazily loaded font '../../../Engine/Content/Slate/Fonts/Roboto-Light.ttf' (167K)
[2021.10.03-13.15.05:600][ 63]LogAIModule: Creating AISystem for world Assesment3Map
[2021.10.03-13.15.05:606][ 63]LogAssetEditorSubsystem: Opening Asset editor for World /Game/Levels/Assesment3Map.Assesment3Map
[2021.10.03-13.15.05:631][ 63]LogUObjectHash: Compacting FUObjectHashTables data took   1.39ms
[2021.10.03-13.15.05:633][ 63]Cmd: MAP LOAD FILE="D:/assignment3 agp/Assessment-3-AGP/Week8StartingPoint/Content/Levels/Assesment3Map.umap" TEMPLATE=0 SHOWPROGRESS=1 FEATURELEVEL=3
[2021.10.03-13.15.05:633][ 63]LightingResults: New page: Lighting Build
[2021.10.03-13.15.05:633][ 63]LoadErrors: New page: Loading map: Assesment3Map.umap
[2021.10.03-13.15.05:634][ 63]LogWorld: UWorld::CleanupWorld for TestingMap, bSessionEnded=true, bCleanupResources=true
[2021.10.03-13.15.05:634][ 63]LogSlate: InvalidateAllWidgets triggered.  All widgets were invalidated
[2021.10.03-13.15.05:635][ 63]MapCheck: New page: Map Check
[2021.10.03-13.15.05:635][ 63]LightingResults: New page: Lighting Build
[2021.10.03-13.15.05:658][ 63]LogUObjectHash: Compacting FUObjectHashTables data took   1.67ms
[2021.10.03-13.15.05:664][ 63]LogEditorServer: Finished looking for orphan Actors (0.000 secs)
[2021.10.03-13.15.05:687][ 63]LogUObjectHash: Compacting FUObjectHashTables data took   1.50ms
[2021.10.03-13.15.05:696][ 63]Cmd: MAP CHECKDEP NOCLEARLOG
[2021.10.03-13.15.05:696][ 63]MapCheck: Map check complete: 0 Error(s), 0 Warning(s), took 0.189ms to complete.
[2021.10.03-13.15.05:696][ 63]LogFileHelpers: Loading map 'Assesment3Map' took 0.065
[2021.10.03-13.26.55:208][940]LogAssetEditorSubsystem: Opening Asset editor for Blueprint /Game/Blueprints/PlayerCharacterBlueprint.PlayerCharacterBlueprint
[2021.10.03-13.26.55:589][940]LogContentBrowser: Native class hierarchy updated for 'BlueprintGraph' in 0.0017 seconds. Added 121 classes and 0 folders.
[2021.10.03-13.26.56:885][940]LogSlate: Took 0.000236 seconds to synchronously load lazily loaded font '../../../Engine/Content/Slate/Fonts/Roboto-BoldCondensed.ttf' (158K)
[2021.10.03-13.26.57:014][941]LogSlate: Took 0.000391 seconds to synchronously load lazily loaded font '../../../Engine/Content/Slate/Fonts/Roboto-Italic.ttf' (157K)
[2021.10.03-13.27.10:966][565]LogRenderer: Reallocating scene render targets to support 1248x720 Format 10 NumSamples 1 (Frame:1).
[2021.10.03-13.27.53:101][939]LogUObjectHash: Compacting FUObjectHashTables data took   5.38ms
[2021.10.03-13.27.53:102][939]LogFileHelpers: Editor autosave (incl. sublevels) for '/Game/Levels/Assesment3Map' took 0.057
[2021.10.03-13.27.53:132][939]OBJ SavePackage: Generating thumbnails for [1] asset(s) in package [/Game/Blueprints/PlayerCharacterBlueprint] ([1] browsable assets)...
[2021.10.03-13.27.53:159][939]OBJ SavePackage:     Rendered thumbnail for [Blueprint /Game/Blueprints/PlayerCharacterBlueprint.PlayerCharacterBlueprint]
[2021.10.03-13.27.53:159][939]OBJ SavePackage: Finished generating thumbnails for package [/Game/Blueprints/PlayerCharacterBlueprint]
[2021.10.03-13.27.53:239][939]LogSavePackage: Moving 'D:/assignment3 agp/Assessment-3-AGP/Week8StartingPoint/Saved/PlayerCharacterBlueprint_Auto1FC2E49E245479EBDA1A08E9A2B939099.tmp' to 'D:/assignment3 agp/Assessment-3-AGP/Week8StartingPoint/Saved/Autosaves/Game/Blueprints/PlayerCharacterBlueprint_Auto1.uasset'
[2021.10.03-13.27.53:241][939]LogFileHelpers: Auto-saving content packages took 0.138
[2021.10.03-13.28.44:893][560]LogSlate: Took 0.017981 seconds to synchronously load lazily loaded font '../../../Engine/Content/Slate/Fonts/DroidSansMono.ttf' (77K)
[2021.10.03-13.35.44:984][237]LogTemp: Repeating last play command: Selected Viewport
[2021.10.03-13.35.44:998][237]LogPlayLevel: PlayLevel: No blueprints needed recompiling
[2021.10.03-13.35.45:000][237]PIE: New page: PIE session: Assesment3Map (4 Oct 2021, 11:35:44 am)
[2021.10.03-13.35.45:010][237]LogOnline: OSS: Creating online subsystem instance for: NULL
[2021.10.03-13.35.45:012][237]LogOnline: OSS: TryLoadSubsystemAndSetDefault: Loaded subsystem for module [NULL]
[2021.10.03-13.35.45:015][237]LogPlayLevel: Creating play world package: /Game/Levels/UEDPIE_0_Assesment3Map
[2021.10.03-13.35.45:047][237]LogPlayLevel: PIE: StaticDuplicateObject took: (0.031875s)
[2021.10.03-13.35.45:050][237]LogAIModule: Creating AISystem for world Assesment3Map
[2021.10.03-13.35.45:050][237]LogPlayLevel: PIE: World Init took: (0.002858s)
[2021.10.03-13.35.45:050][237]LogPlayLevel: PIE: Created PIE world by copying editor world from /Game/Levels/Assesment3Map.Assesment3Map to /Game/Levels/UEDPIE_0_Assesment3Map.Assesment3Map (0.035792s)
[2021.10.03-13.35.45:112][237]LogUObjectHash: Compacting FUObjectHashTables data took   3.76ms
[2021.10.03-13.35.45:115][237]LogAudioMixer: Display: Audio Mixer Platform Settings:
[2021.10.03-13.35.45:115][237]LogAudioMixer: Display: 	Sample Rate:						  48000
[2021.10.03-13.35.45:115][237]LogAudioMixer: Display: 	Callback Buffer Frame Size Requested: 1024
[2021.10.03-13.35.45:115][237]LogAudioMixer: Display: 	Callback Buffer Frame Size To Use:	  1024
[2021.10.03-13.35.45:115][237]LogAudioMixer: Display: 	Number of buffers to queue:			  2
[2021.10.03-13.35.45:115][237]LogAudioMixer: Display: 	Max Channels (voices):				  32
[2021.10.03-13.35.45:115][237]LogAudioMixer: Display: 	Number of Async Source Workers:		  0
[2021.10.03-13.35.45:116][237]LogAudio: Display: AudioDevice MaxSources: 32
[2021.10.03-13.35.45:116][237]LogAudio: Display: Using built-in audio occlusion.
[2021.10.03-13.35.45:116][237]LogAudioMixer: Display: Initializing audio mixer.
[2021.10.03-13.35.45:139][237]LogAudioMixer: Display: Audio Device Output Speaker Info:
[2021.10.03-13.35.45:139][237]LogAudioMixer: Display: Name: Speakers (Realtek(R) Audio)
[2021.10.03-13.35.45:139][237]LogAudioMixer: Display: Is Default: Yes
[2021.10.03-13.35.45:140][237]LogAudioMixer: Display: Sample Rate: 48000
[2021.10.03-13.35.45:140][237]LogAudioMixer: Display: Channel Count Used: 2
[2021.10.03-13.35.45:140][237]LogAudioMixer: Display: Device Channel Count: 2
[2021.10.03-13.35.45:140][237]LogAudioMixer: Display: Channel Order:
[2021.10.03-13.35.45:140][237]LogAudioMixer: Display: 0: FrontLeft
[2021.10.03-13.35.45:140][237]LogAudioMixer: Display: 1: FrontRight
[2021.10.03-13.35.45:164][237]LogAudioMixer: Display: Using Audio Device Speakers (Realtek(R) Audio)
[2021.10.03-13.35.45:169][237]LogInit: FAudioDevice initialized.
[2021.10.03-13.35.45:194][237]LogLoad: Game class is 'GameModeBase'
[2021.10.03-13.35.45:208][237]LogWorld: Bringing World /Game/Levels/UEDPIE_0_Assesment3Map.Assesment3Map up for play (max tick rate 60) at 2021.10.04-00.35.45
[2021.10.03-13.35.45:210][237]LogWorld: Bringing up level for play took: 0.004862
[2021.10.03-13.35.45:210][237]LogOnline: OSS: Creating online subsystem instance for: :Context_6
[2021.10.03-13.35.45:238][237]LogContentBrowser: Native class hierarchy updated for 'MovieSceneCapture' in 0.0015 seconds. Added 20 classes and 0 folders.
[2021.10.03-13.35.45:241][237]LogTemp: Warning: X=1000.000 Y=-250.000 Z=50.000
[2021.10.03-13.35.45:258][237]PIE: Play in editor start time for /Game/Levels/UEDPIE_0_Assesment3Map 0.705
[2021.10.03-13.35.45:792][239]LogBlueprintUserMessages: [Gun_GEN_VARIABLE_GunBlueprint_C_CAT_2] Nothing with health has been hit
[2021.10.03-13.35.45:834][240]LogBlueprintUserMessages: [Gun_GEN_VARIABLE_GunBlueprint_C_CAT_0] Nothing with health has been hit
[2021.10.03-13.35.45:887][243]LogBlueprintUserMessages: [Gun_GEN_VARIABLE_GunBlueprint_C_CAT_1] Nothing with health has been hit
[2021.10.03-13.35.46:080][252]LogBlueprintUserMessages: [Gun_GEN_VARIABLE_GunBlueprint_C_CAT_2] Nothing with health has been hit
[2021.10.03-13.35.46:165][255]LogBlueprintUserMessages: [Gun_GEN_VARIABLE_GunBlueprint_C_CAT_1] Nothing with health has been hit
[2021.10.03-13.35.46:372][267]LogBlueprintUserMessages: [Gun_GEN_VARIABLE_GunBlueprint_C_CAT_2] Nothing with health has been hit
[2021.10.03-13.35.46:407][269]LogBlueprintUserMessages: [Gun_GEN_VARIABLE_GunBlueprint_C_CAT_1] Nothing with health has been hit
[2021.10.03-13.35.46:663][283]LogBlueprintUserMessages: [Gun_GEN_VARIABLE_GunBlueprint_C_CAT_1] Nothing with health has been hit
[2021.10.03-13.35.46:930][297]LogBlueprintUserMessages: [Gun_GEN_VARIABLE_GunBlueprint_C_CAT_1] Nothing with health has been hit
[2021.10.03-13.35.46:993][301]LogBlueprintUserMessages: [Gun_GEN_VARIABLE_GunBlueprint_C_CAT_2] Nothing with health has been hit
[2021.10.03-13.35.47:264][314]LogBlueprintUserMessages: [Gun_GEN_VARIABLE_GunBlueprint_C_CAT_2] 80.0
[2021.10.03-13.36.04:758][354]LogBlueprintUserMessages: [Gun_GEN_VARIABLE_GunBlueprint_C_CAT_0] Nothing with health has been hit
[2021.10.03-13.37.16:212][631]LogAudioMixer: Display: No commands were queued while flushing the source manager.
[2021.10.03-13.37.16:226][631]LogAudioMixer: Display: Flush succeeded in the source manager command queue (1).
[2021.10.03-13.37.16:246][631]LogAudioMixer: Display: Flush succeeded the source manager command queue (2).
[2021.10.03-13.37.16:250][631]LogSlate: Updating window title bar state: overlay mode, drag disabled, window buttons hidden, title bar hidden
[2021.10.03-13.37.16:250][631]LogWorld: BeginTearingDown for /Game/Levels/UEDPIE_0_Assesment3Map
[2021.10.03-13.37.16:251][631]LogAudioMixer: Display: No commands were queued while flushing the source manager.
[2021.10.03-13.37.16:253][631]LogWorld: UWorld::CleanupWorld for Assesment3Map, bSessionEnded=true, bCleanupResources=true
[2021.10.03-13.37.16:254][631]LogSlate: InvalidateAllWidgets triggered.  All widgets were invalidated
[2021.10.03-13.37.16:322][631]LogPlayLevel: Display: Shutting down PIE online subsystems
[2021.10.03-13.37.16:330][631]LogSlate: InvalidateAllWidgets triggered.  All widgets were invalidated
[2021.10.03-13.37.16:381][631]LogAudioMixer: Display: No commands were queued while flushing the source manager.
[2021.10.03-13.37.16:413][631]LogSlate: Updating window title bar state: overlay mode, drag disabled, window buttons hidden, title bar hidden
[2021.10.03-13.37.16:433][631]LogUObjectHash: Compacting FUObjectHashTables data took   6.38ms
[2021.10.03-13.37.16:466][632]LogPlayLevel: Display: Destroying online subsystem :Context_6
[2021.10.03-13.40.51:468][423]LogEditorTransaction: Undo Paste clipboard contents
[2021.10.03-13.41.00:788][585]LogLinker: Failed to load '/Game/FirstPersonBP/Blueprints/FirstPersonCharacter': Can't find file.
[2021.10.03-13.41.00:789][585]LogLinker: Failed to load '/Game/FirstPersonBP/Blueprints/FirstPersonCharacter': Can't find file.
[2021.10.03-13.41.35:933][615]LogEditorTransaction: Undo Paste clipboard contents
[2021.10.03-13.45.53:336][518]BlueprintLog: New page: Compile PlayerCharacterBlueprint
[2021.10.03-13.45.53:358][518]LogBlueprint: Warning: [Compiler PlayerCharacterBlueprint] Get Input Axis references unknown Axis 'MoveRight' for  Get MoveRight
[2021.10.03-13.45.53:359][518]LogBlueprint: Warning: [Compiler PlayerCharacterBlueprint] Could not find a variable named "CanDash" in 'PlayerCharacterBlueprint_C'.
Make sure 'PlayerCharacterBlueprint_C' has been compiled for  Set CanDash
[2021.10.03-13.45.53:359][518]LogBlueprint: Warning: [Compiler PlayerCharacterBlueprint] Could not find a variable named "CanDash" in 'PlayerCharacterBlueprint_C'.
Make sure 'PlayerCharacterBlueprint_C' has been compiled for  Get CanDash
[2021.10.03-13.45.53:359][518]LogBlueprint: Warning: [Compiler PlayerCharacterBlueprint] InputAction Event references unknown Action 'Dash' for  InputAction Dash
[2021.10.03-13.45.53:359][518]LogBlueprint: Warning: [Compiler PlayerCharacterBlueprint] Could not find a variable named "FirstPersonCamera" in 'PlayerCharacterBlueprint_C'.
Make sure 'PlayerCharacterBlueprint_C' has been compiled for  Get FirstPersonCamera
[2021.10.03-13.45.53:359][518]LogBlueprint: Warning: [Compiler PlayerCharacterBlueprint] Could not find a variable named "FirstPersonCamera" in 'PlayerCharacterBlueprint_C'.
Make sure 'PlayerCharacterBlueprint_C' has been compiled for  Get FirstPersonCamera
[2021.10.03-13.45.53:360][518]LogBlueprint: Warning: [Compiler PlayerCharacterBlueprint] Get Input Axis references unknown Axis 'MoveRight' for  Get MoveRight
[2021.10.03-13.45.53:360][518]LogBlueprint: Warning: [Compiler PlayerCharacterBlueprint] InputAction Event references unknown Action 'Crouch' for  InputAction Crouch
[2021.10.03-13.45.53:360][518]LogBlueprint: Warning: [Compiler PlayerCharacterBlueprint] Could not find a variable named "CanDash" in 'PlayerCharacterBlueprint_C'.
Make sure 'PlayerCharacterBlueprint_C' has been compiled for  Set CanDash
[2021.10.03-13.45.53:360][518]LogBlueprint: Warning: [Compiler PlayerCharacterBlueprint] Could not find a variable named "JumpUp" in 'PlayerCharacterBlueprint_C'.
Make sure 'PlayerCharacterBlueprint_C' has been compiled for  Set JumpUp
[2021.10.03-13.45.53:360][518]LogBlueprint: Warning: [Compiler PlayerCharacterBlueprint] Could not find a variable named "JumpUp" in 'PlayerCharacterBlueprint_C'.
Make sure 'PlayerCharacterBlueprint_C' has been compiled for  Get JumpUp
[2021.10.03-13.45.53:360][518]LogBlueprint: Warning: [Compiler PlayerCharacterBlueprint] Could not find a variable named "JumpUp" in 'PlayerCharacterBlueprint_C'.
Make sure 'PlayerCharacterBlueprint_C' has been compiled for  Set JumpUp
[2021.10.03-13.45.53:362][518]LogBlueprint: Error: [Compiler PlayerCharacterBlueprint] The property associated with  Jump Up  could not be found in '/Game/Blueprints/PlayerCharacterBlueprint.PlayerCharacterBlueprint_C'
[2021.10.03-13.45.53:362][518]LogBlueprint: Error: [Compiler PlayerCharacterBlueprint] The property associated with  Jump Up  could not be found in '/Game/Blueprints/PlayerCharacterBlueprint.PlayerCharacterBlueprint_C'
[2021.10.03-13.45.53:362][518]LogBlueprint: Error: [Compiler PlayerCharacterBlueprint] The property associated with  Jump Up  could not be found in '/Game/Blueprints/PlayerCharacterBlueprint.PlayerCharacterBlueprint_C'
[2021.10.03-13.45.53:362][518]LogBlueprint: Error: [Compiler PlayerCharacterBlueprint] The property associated with  Can Dash  could not be found in '/Game/Blueprints/PlayerCharacterBlueprint.PlayerCharacterBlueprint_C'
[2021.10.03-13.45.53:362][518]LogBlueprint: Error: [Compiler PlayerCharacterBlueprint] The property associated with  First Person Camera  could not be found in '/Game/Blueprints/PlayerCharacterBlueprint.PlayerCharacterBlueprint_C'
[2021.10.03-13.45.53:362][518]LogBlueprint: Error: [Compiler PlayerCharacterBlueprint] The property associated with  First Person Camera  could not be found in '/Game/Blueprints/PlayerCharacterBlueprint.PlayerCharacterBlueprint_C'
[2021.10.03-13.45.53:362][518]LogBlueprint: Error: [Compiler PlayerCharacterBlueprint] The property associated with  Can Dash  could not be found in '/Game/Blueprints/PlayerCharacterBlueprint.PlayerCharacterBlueprint_C'
[2021.10.03-13.45.53:363][518]LogBlueprint: Error: [Compiler PlayerCharacterBlueprint] The property associated with  Can Dash  could not be found in '/Game/Blueprints/PlayerCharacterBlueprint.PlayerCharacterBlueprint_C'
[2021.10.03-13.45.53:835][518]LogUObjectHash: Compacting FUObjectHashTables data took   5.23ms
[2021.10.03-13.46.56:523][280]Cmd: OBJ SAVEPACKAGE PACKAGE="/Game/Levels/Assesment3Map" FILE="D:/assignment3 agp/Assessment-3-AGP/Week8StartingPoint/Content/Levels/Assesment3Map.umap" SILENT=true AUTOSAVING=false KEEPDIRTY=false
[2021.10.03-13.46.56:565][280]LogUObjectHash: Compacting FUObjectHashTables data took   3.99ms
[2021.10.03-13.46.56:620][280]LogSavePackage: Moving 'D:/assignment3 agp/Assessment-3-AGP/Week8StartingPoint/Saved/Assesment3Map790B080D4E4542A23BAADDB0C3F4835C.tmp' to 'D:/assignment3 agp/Assessment-3-AGP/Week8StartingPoint/Content/Levels/Assesment3Map.umap'
[2021.10.03-13.46.56:635][280]Cmd: OBJ SAVEPACKAGE PACKAGE="/Game/Levels/Assesment3Map_BuiltData" FILE="D:/assignment3 agp/Assessment-3-AGP/Week8StartingPoint/Content/Levels/Assesment3Map_BuiltData.uasset" SILENT=true
[2021.10.03-13.46.56:735][280]LogSavePackage: Moving 'D:/assignment3 agp/Assessment-3-AGP/Week8StartingPoint/Saved/Assesment3Map_BuiltData2FD52E514CE05F2879FFF6BE184ED858.tmp' to 'D:/assignment3 agp/Assessment-3-AGP/Week8StartingPoint/Content/Levels/Assesment3Map_BuiltData.uasset'
[2021.10.03-13.46.56:764][280]AssetCheck: New page: Asset Save: multiple assets
[2021.10.03-13.46.56:764][280]LogContentValidation: Display: Validating World /Game/Levels/Assesment3Map.Assesment3Map
[2021.10.03-13.46.56:764][280]LogContentValidation: Display: Validating MapBuildDataRegistry /Game/Levels/Assesment3Map_BuiltData.Assesment3Map_BuiltData
[2021.10.03-13.47.00:035][466]LogTemp: Repeating last play command: Selected Viewport
[2021.10.03-13.47.00:046][466]LogPlayLevel: PlayLevel: No blueprints needed recompiling
[2021.10.03-13.47.00:047][466]BlueprintLog: Warning: Blueprint failed to compile:  PlayerCharacterBlueprint
[2021.10.03-13.47.00:077][466]LogCustomDialog: Dialog displayed:
[2021.10.03-13.47.07:125][466]LogSlate: Window 'Blueprint Compilation Errors' being destroyed
[2021.10.03-13.47.07:132][466]PIE: New page: PIE session: Assesment3Map (4 Oct 2021, 11:47:07 am)
[2021.10.03-13.47.07:133][466]LogPlayLevel: Creating play world package: /Game/Levels/UEDPIE_0_Assesment3Map
[2021.10.03-13.47.07:161][466]LogPlayLevel: PIE: StaticDuplicateObject took: (0.028324s)
[2021.10.03-13.47.07:163][466]LogAIModule: Creating AISystem for world Assesment3Map
[2021.10.03-13.47.07:163][466]LogPlayLevel: PIE: World Init took: (0.001871s)
[2021.10.03-13.47.07:163][466]LogPlayLevel: PIE: Created PIE world by copying editor world from /Game/Levels/Assesment3Map.Assesment3Map to /Game/Levels/UEDPIE_0_Assesment3Map.Assesment3Map (0.030411s)
[2021.10.03-13.47.07:220][466]LogUObjectHash: Compacting FUObjectHashTables data took   4.21ms
[2021.10.03-13.47.07:221][466]LogAudioMixer: Display: Audio Mixer Platform Settings:
[2021.10.03-13.47.07:222][466]LogAudioMixer: Display: 	Sample Rate:						  48000
[2021.10.03-13.47.07:222][466]LogAudioMixer: Display: 	Callback Buffer Frame Size Requested: 1024
[2021.10.03-13.47.07:222][466]LogAudioMixer: Display: 	Callback Buffer Frame Size To Use:	  1024
[2021.10.03-13.47.07:222][466]LogAudioMixer: Display: 	Number of buffers to queue:			  2
[2021.10.03-13.47.07:222][466]LogAudioMixer: Display: 	Max Channels (voices):				  32
[2021.10.03-13.47.07:222][466]LogAudioMixer: Display: 	Number of Async Source Workers:		  0
[2021.10.03-13.47.07:222][466]LogAudio: Display: AudioDevice MaxSources: 32
[2021.10.03-13.47.07:222][466]LogAudio: Display: Using built-in audio occlusion.
[2021.10.03-13.47.07:222][466]LogAudioMixer: Display: Initializing audio mixer.
[2021.10.03-13.47.07:246][466]LogAudioMixer: Display: Audio Device Output Speaker Info:
[2021.10.03-13.47.07:246][466]LogAudioMixer: Display: Name: Speakers (Realtek(R) Audio)
[2021.10.03-13.47.07:246][466]LogAudioMixer: Display: Is Default: Yes
[2021.10.03-13.47.07:246][466]LogAudioMixer: Display: Sample Rate: 48000
[2021.10.03-13.47.07:246][466]LogAudioMixer: Display: Channel Count Used: 2
[2021.10.03-13.47.07:246][466]LogAudioMixer: Display: Device Channel Count: 2
[2021.10.03-13.47.07:246][466]LogAudioMixer: Display: Channel Order:
[2021.10.03-13.47.07:246][466]LogAudioMixer: Display: 0: FrontLeft
[2021.10.03-13.47.07:246][466]LogAudioMixer: Display: 1: FrontRight
[2021.10.03-13.47.07:271][466]LogAudioMixer: Display: Using Audio Device Speakers (Realtek(R) Audio)
[2021.10.03-13.47.07:274][466]LogInit: FAudioDevice initialized.
[2021.10.03-13.47.07:286][466]LogLoad: Game class is 'GameModeBase'
[2021.10.03-13.47.07:289][466]LogWorld: Bringing World /Game/Levels/UEDPIE_0_Assesment3Map.Assesment3Map up for play (max tick rate 60) at 2021.10.04-00.47.07
[2021.10.03-13.47.07:290][466]LogWorld: Bringing up level for play took: 0.002222
[2021.10.03-13.47.07:290][466]LogOnline: OSS: Creating online subsystem instance for: :Context_7
[2021.10.03-13.47.07:292][466]LogTemp: Warning: X=1000.000 Y=-250.000 Z=50.000
[2021.10.03-13.47.07:298][466]PIE: Play in editor start time for /Game/Levels/UEDPIE_0_Assesment3Map 6.745
[2021.10.03-13.47.10:539][466]LogWindows: Error: === Critical error: ===
[2021.10.03-13.47.10:539][466]LogWindows: Error: 
[2021.10.03-13.47.10:539][466]LogWindows: Error: Fatal error!
[2021.10.03-13.47.10:539][466]LogWindows: Error: 
[2021.10.03-13.47.10:539][466]LogWindows: Error: Unhandled Exception: EXCEPTION_ACCESS_VIOLATION reading address 0x00000148
[2021.10.03-13.47.10:539][466]LogWindows: Error: 
[2021.10.03-13.47.10:539][466]LogWindows: Error: [Callstack] 0x00007ffc9372aeef UE4Editor-AdvGamesProgramming-8447.dll!APlayerCharacter::LookUp() [D:\assignment3 agp\Assessment-3-AGP\Week8StartingPoint\Source\AdvGamesProgramming\PlayerCharacter.cpp:106]
[2021.10.03-13.47.10:539][466]LogWindows: Error: [Callstack] 0x00007ffca0e1e944 UE4Editor-Engine.dll!UnknownFunction []
[2021.10.03-13.47.10:539][466]LogWindows: Error: [Callstack] 0x00007ffca0900043 UE4Editor-Engine.dll!UnknownFunction []
[2021.10.03-13.47.10:539][466]LogWindows: Error: [Callstack] 0x00007ffca0911e3d UE4Editor-Engine.dll!UnknownFunction []
[2021.10.03-13.47.10:539][466]LogWindows: Error: [Callstack] 0x00007ffca08fdfcb UE4Editor-Engine.dll!UnknownFunction []
[2021.10.03-13.47.10:539][466]LogWindows: Error: [Callstack] 0x00007ffca0910267 UE4Editor-Engine.dll!UnknownFunction []
[2021.10.03-13.47.10:539][466]LogWindows: Error: [Callstack] 0x00007ffc9fbb7866 UE4Editor-Engine.dll!UnknownFunction []
[2021.10.03-13.47.10:540][466]LogWindows: Error: [Callstack] 0x00007ffca0cf7223 UE4Editor-Engine.dll!UnknownFunction []
[2021.10.03-13.47.10:540][466]LogWindows: Error: [Callstack] 0x00007ffca0d05256 UE4Editor-Engine.dll!UnknownFunction []
[2021.10.03-13.47.10:540][466]LogWindows: Error: [Callstack] 0x00007ffcba099ff2 UE4Editor-Core.dll!UnknownFunction []
[2021.10.03-13.47.10:540][466]LogWindows: Error: [Callstack] 0x00007ffcba09a393 UE4Editor-Core.dll!UnknownFunction []
[2021.10.03-13.47.10:540][466]LogWindows: Error: [Callstack] 0x00007ffcba0aaa68 UE4Editor-Core.dll!UnknownFunction []
[2021.10.03-13.47.10:540][466]LogWindows: Error: [Callstack] 0x00007ffca0d238b0 UE4Editor-Engine.dll!UnknownFunction []
[2021.10.03-13.47.10:540][466]LogWindows: Error: [Callstack] 0x00007ffca0d297c2 UE4Editor-Engine.dll!UnknownFunction []
[2021.10.03-13.47.10:540][466]LogWindows: Error: [Callstack] 0x00007ffca04aa25f UE4Editor-Engine.dll!UnknownFunction []
[2021.10.03-13.47.10:540][466]LogWindows: Error: [Callstack] 0x00007ffca04b5127 UE4Editor-Engine.dll!UnknownFunction []
[2021.10.03-13.47.10:540][466]LogWindows: Error: [Callstack] 0x00007ffca30cad60 UE4Editor-UnrealEd.dll!UnknownFunction []
[2021.10.03-13.47.10:540][466]LogWindows: Error: [Callstack] 0x00007ffca392e476 UE4Editor-UnrealEd.dll!UnknownFunction []
[2021.10.03-13.47.10:540][466]LogWindows: Error: [Callstack] 0x00007ff6e6ce7f62 UE4Editor.exe!UnknownFunction []
[2021.10.03-13.47.10:540][466]LogWindows: Error: [Callstack] 0x00007ff6e6cfc3ec UE4Editor.exe!UnknownFunction []
[2021.10.03-13.47.10:540][466]LogWindows: Error: [Callstack] 0x00007ff6e6cfc4ca UE4Editor.exe!UnknownFunction []
[2021.10.03-13.47.10:540][466]LogWindows: Error: [Callstack] 0x00007ff6e6d0ceae UE4Editor.exe!UnknownFunction []
[2021.10.03-13.47.10:540][466]LogWindows: Error: [Callstack] 0x00007ff6e6d0fcbe UE4Editor.exe!UnknownFunction []
[2021.10.03-13.47.10:540][466]LogWindows: Error: [Callstack] 0x00007ffd4a057034 KERNEL32.DLL!UnknownFunction []
[2021.10.03-13.47.10:540][466]LogWindows: Error: [Callstack] 0x00007ffd4a282651 ntdll.dll!UnknownFunction []
[2021.10.03-13.47.10:540][466]LogWindows: Error: 
[2021.10.03-13.47.10:555][466]LogExit: Executing StaticShutdownAfterError
[2021.10.03-13.47.10:596][466]LogWindows: FPlatformMisc::RequestExit(1)
[2021.10.03-13.47.10:596][466]LogCore: Engine exit requested (reason: Win RequestExit)
[2021.10.03-13.47.10:602][466]Log file closed, 10/04/21 00:47:10
