Log file open, 10/05/21 21:30:12
LogWindows: Failed to load 'aqProf.dll' (GetLastError=126)
LogWindows: File 'aqProf.dll' does not exist
LogWindows: Failed to load 'VtuneApi.dll' (GetLastError=126)
LogWindows: File 'VtuneApi.dll' does not exist
LogWindows: Failed to load 'VtuneApi32e.dll' (GetLastError=126)
LogWindows: File 'VtuneApi32e.dll' does not exist
LogConsoleResponse: Display: Failed to find resolution value strings in scalability ini. Falling back to default.
LogInit: Display: Running engine for game: AdvGamesProgramming
LogPlatformFile: Not using cached read wrapper
LogTaskGraph: Started task graph with 5 named threads and 23 total threads with 3 sets of task threads.
LogStats: Stats thread started at 0.182772
LogD3D11RHI: Loaded GFSDK_Aftermath_Lib.x64.dll
LogICUInternationalization: ICU TimeZone Detection - Raw Offset: +10:00, Platform Override: ''
LogPluginManager: Mounting plugin Paper2D
LogPluginManager: Mounting plugin AISupport
LogPluginManager: Mounting plugin LightPropagationVolume
LogPluginManager: Mounting plugin ActorLayerUtilities
LogPluginManager: Mounting plugin AnimationSharing
LogPluginManager: Mounting plugin CLionSourceCodeAccess
LogPluginManager: Mounting plugin CodeLiteSourceCodeAccess
LogPluginManager: Mounting plugin GitSourceControl
LogPluginManager: Mounting plugin KDevelopSourceCodeAccess
LogPluginManager: Mounting plugin NullSourceCodeAccess
LogPluginManager: Mounting plugin PerforceSourceControl
LogPluginManager: Mounting plugin PlasticSourceControl
LogPluginManager: Mounting plugin RiderLink
LogPluginManager: Mounting plugin SubversionSourceControl
LogPluginManager: Mounting plugin UObjectPlugin
LogPluginManager: Mounting plugin VisualStudioCodeSourceCodeAccess
LogPluginManager: Mounting plugin VisualStudioSourceCodeAccess
LogPluginManager: Mounting plugin XCodeSourceCodeAccess
LogPluginManager: Mounting plugin AssetManagerEditor
LogPluginManager: Mounting plugin CryptoKeys
LogPluginManager: Mounting plugin CurveEditorTools
LogPluginManager: Mounting plugin DataValidation
LogPluginManager: Mounting plugin FacialAnimation
LogPluginManager: Mounting plugin GameplayTagsEditor
LogPluginManager: Mounting plugin MacGraphicsSwitching
LogPluginManager: Mounting plugin MaterialAnalyzer
LogPluginManager: Mounting plugin MobileLauncherProfileWizard
LogPluginManager: Mounting plugin PluginBrowser
LogPluginManager: Mounting plugin SpeedTreeImporter
LogPluginManager: Mounting plugin DatasmithContent
LogPluginManager: Mounting plugin VariantManagerContent
LogPluginManager: Mounting plugin AlembicImporter
LogPluginManager: Mounting plugin AutomationUtils
LogPluginManager: Mounting plugin BackChannel
LogPluginManager: Mounting plugin CharacterAI
LogPluginManager: Mounting plugin GeometryCache
LogPluginManager: Mounting plugin PlatformCrypto
LogPluginManager: Mounting plugin ProxyLODPlugin
LogPluginManager: Mounting plugin SkeletalReduction
LogPluginManager: Mounting plugin MagicLeap
LogPluginManager: Mounting plugin MagicLeapMedia
LogPluginManager: Mounting plugin MLSDK
LogPluginManager: Mounting plugin RiderSourceCodeAccess
LogPluginManager: Mounting plugin AndroidMedia
LogPluginManager: Mounting plugin AvfMedia
LogPluginManager: Mounting plugin ImgMedia
LogPluginManager: Mounting plugin MediaCompositing
LogPluginManager: Mounting plugin MediaPlayerEditor
LogPluginManager: Mounting plugin WebMMedia
LogPluginManager: Mounting plugin WmfMedia
LogPluginManager: Mounting plugin TcpMessaging
LogPluginManager: Mounting plugin UdpMessaging
LogPluginManager: Mounting plugin ActorSequence
LogPluginManager: Mounting plugin LevelSequenceEditor
LogPluginManager: Mounting plugin MatineeToLevelSequence
LogPluginManager: Mounting plugin NetcodeUnitTest
LogPluginManager: Mounting plugin NUTUnrealEngine4
LogPluginManager: Mounting plugin OnlineSubsystemGooglePlay
LogPluginManager: Mounting plugin OnlineSubsystemIOS
LogPluginManager: Mounting plugin OnlineSubsystem
LogPluginManager: Mounting plugin OnlineSubsystemNull
LogPluginManager: Mounting plugin OnlineSubsystemUtils
LogPluginManager: Mounting plugin LauncherChunkInstaller
LogPluginManager: Mounting plugin AndroidDeviceProfileSelector
LogPluginManager: Mounting plugin AndroidMoviePlayer
LogPluginManager: Mounting plugin AndroidPermission
LogPluginManager: Mounting plugin AppleImageUtils
LogPluginManager: Mounting plugin AppleMoviePlayer
LogPluginManager: Mounting plugin ArchVisCharacter
LogPluginManager: Mounting plugin AssetTags
LogPluginManager: Mounting plugin AudioCapture
LogPluginManager: Mounting plugin CableComponent
LogPluginManager: Mounting plugin CustomMeshComponent
LogPluginManager: Mounting plugin EditableMesh
LogPluginManager: Mounting plugin ExampleDeviceProfileSelector
LogPluginManager: Mounting plugin GoogleCloudMessaging
LogPluginManager: Mounting plugin IOSDeviceProfileSelector
LogPluginManager: Mounting plugin LinuxDeviceProfileSelector
LogPluginManager: Mounting plugin LocationServicesBPLibrary
LogPluginManager: Mounting plugin MobilePatchingUtils
LogPluginManager: Mounting plugin OculusVR
LogPluginManager: Mounting plugin PhysXVehicles
LogPluginManager: Mounting plugin PostSplashScreen
LogPluginManager: Mounting plugin ProceduralMeshComponent
LogPluginManager: Mounting plugin RuntimePhysXCooking
LogPluginManager: Mounting plugin SignificanceManager
LogPluginManager: Mounting plugin SteamVR
LogPluginManager: Mounting plugin WebMMoviePlayer
LogPluginManager: Mounting plugin WindowsMoviePlayer
LogPluginManager: Mounting plugin ScreenshotTools
LogInit: Using libcurl 7.55.1-DEV
LogInit:  - built for x86_64-pc-win32
LogInit:  - supports SSL with OpenSSL/1.1.1
LogInit:  - supports HTTP deflate (compression) using libz 1.2.8
LogInit:  - other features:
LogInit:      CURL_VERSION_SSL
LogInit:      CURL_VERSION_LIBZ
LogInit:      CURL_VERSION_IPV6
LogInit:      CURL_VERSION_ASYNCHDNS
LogInit:      CURL_VERSION_LARGEFILE
LogInit:      CURL_VERSION_IDN
LogInit:  CurlRequestOptions (configurable via config and command line):
LogInit:  - bVerifyPeer = true  - Libcurl will verify peer certificate
LogInit:  - bUseHttpProxy = false  - Libcurl will NOT use HTTP proxy
LogInit:  - bDontReuseConnections = false  - Libcurl will reuse connections
LogInit:  - MaxHostConnections = 16  - Libcurl will limit the number of connections to a host
LogInit:  - LocalHostAddr = Default
LogInit:  - BufferSize = 65536
LogOnline: OSS: Creating online subsystem instance for: NULL
LogInit: WinSock: version 1.1 (2.2), MaxSocks=32767, MaxUdp=65467
LogOnline: OSS: TryLoadSubsystemAndSetDefault: Loaded subsystem for module [NULL]
LogHMD: Failed initializing OVRPlugin 1.40.0
LogInit: Build: ++UE4+Release-4.24-CL-11590370
LogInit: Engine Version: 4.24.3-11590370+++UE4+Release-4.24
LogInit: Compatible Engine Version: 4.24.0-10570792+++UE4+Release-4.24
LogInit: Net CL: 10570792
LogInit: OS: Windows 10 (Release 2009) (), CPU: Intel(R) Core(TM) i5-9300H CPU @ 2.40GHz, GPU: Intel(R) UHD Graphics 630
LogInit: Compiled (64-bit): Feb 24 2020 15:39:18
LogInit: Compiled with Visual C++: 19.16.27032.01
LogInit: Build Configuration: Development
LogInit: Branch Name: ++UE4+Release-4.24
LogInit: Command Line:  -EpicPortal -epicusername=1tsRai -epicuserid=6a8080169c7640e4aecb3a71a06048a4 -epiclocale=en -epicsandboxid=ue
LogInit: Base Directory: C:/Program Files/Epic Games/UE_4.24/Engine/Binaries/Win64/
LogInit: Installed Engine Build: 1
LogDevObjectVersion: Number of dev versions registered: 25
LogDevObjectVersion:   Dev-Blueprints (B0D832E4-1F89-4F0D-ACCF-7EB736FD4AA2): 10
LogDevObjectVersion:   Dev-Build (E1C64328-A22C-4D53-A36C-8E866417BD8C): 0
LogDevObjectVersion:   Dev-Core (375EC13C-06E4-48FB-B500-84F0262A717E): 3
LogDevObjectVersion:   Dev-Editor (E4B068ED-F494-42E9-A231-DA0B2E46BB41): 37
LogDevObjectVersion:   Dev-Framework (CFFC743F-43B0-4480-9391-14DF171D2073): 36
LogDevObjectVersion:   Dev-Mobile (B02B49B5-BB20-44E9-A304-32B752E40360): 2
LogDevObjectVersion:   Dev-Networking (A4E4105C-59A1-49B5-A7C5-40C4547EDFEE): 0
LogDevObjectVersion:   Dev-Online (39C831C9-5AE6-47DC-9A44-9C173E1C8E7C): 0
LogDevObjectVersion:   Dev-Physics (78F01B33-EBEA-4F98-B9B4-84EACCB95AA2): 2
LogDevObjectVersion:   Dev-Platform (6631380F-2D4D-43E0-8009-CF276956A95A): 0
LogDevObjectVersion:   Dev-Rendering (12F88B9F-8875-4AFC-A67C-D90C383ABD29): 36
LogDevObjectVersion:   Dev-Sequencer (7B5AE74C-D270-4C10-A958-57980B212A5A): 11
LogDevObjectVersion:   Dev-VR (D7296918-1DD6-4BDD-9DE2-64A83CC13884): 2
LogDevObjectVersion:   Dev-LoadTimes (C2A15278-BFE7-4AFE-6C17-90FF531DF755): 1
LogDevObjectVersion:   Private-Geometry (6EACA3D4-40EC-4CC1-B786-8BED09428FC5): 3
LogDevObjectVersion:   Dev-AnimPhys (29E575DD-E0A3-4627-9D10-D276232CDCEA): 17
LogDevObjectVersion:   Dev-Anim (AF43A65D-7FD3-4947-9873-3E8ED9C1BB05): 2
LogDevObjectVersion:   Dev-ReflectionCapture (6B266CEC-1EC7-4B8F-A30B-E4D90942FC07): 1
LogDevObjectVersion:   Dev-Automation (0DF73D61-A23F-47EA-B727-89E90C41499A): 1
LogDevObjectVersion:   FortniteMain (601D1886-AC64-4F84-AA16-D3DE0DEAC7D6): 31
LogDevObjectVersion:   Dev-Enterprise (9DFFBCD6-494F-0158-E221-12823C92A888): 8
LogDevObjectVersion:   Dev-Niagara (F2AED0AC-9AFE-416F-8664-AA7FFA26D6FC): 1
LogDevObjectVersion:   Dev-Destruction (174F1F0B-B4C6-45A5-B13F-2EE8D0FB917D): 9
LogDevObjectVersion:   Dev-Physics-Ext (35F94A83-E258-406C-A318-09F59610247C): 8
LogDevObjectVersion:   Dev-CineCamera (B2E18506-4273-CFC2-A54E-F4BB758BBA07): 1
LogInit: Presizing for max 25165824 objects, including 0 objects not considered by GC, pre-allocating 0 bytes for permanent pool.
LogInit: Object subsystem initialized
LogConfig: Setting CVar [[con.DebugEarlyDefault:1]]
LogConfig: Setting CVar [[r.setres:1280x720]]
[2021.10.05-10.30.14:337][  0]LogConfig: Setting CVar [[r.VSync:0]]
[2021.10.05-10.30.14:337][  0]LogConfig: Setting CVar [[r.RHICmdBypass:0]]
[2021.10.05-10.30.14:338][  0]LogConfig: Applying CVar settings from Section [/Script/Engine.RendererSettings] File [D:/assignment3 agp/Assessment-3-AGP/Week8StartingPoint/Saved/Config/Windows/Engine.ini]
[2021.10.05-10.30.14:338][  0]LogConfig: Setting CVar [[r.GPUCrashDebugging:0]]
[2021.10.05-10.30.14:338][  0]LogConfig: Applying CVar settings from Section [/Script/Engine.RendererOverrideSettings] File [D:/assignment3 agp/Assessment-3-AGP/Week8StartingPoint/Saved/Config/Windows/Engine.ini]
[2021.10.05-10.30.14:338][  0]LogConfig: Applying CVar settings from Section [/Script/Engine.StreamingSettings] File [D:/assignment3 agp/Assessment-3-AGP/Week8StartingPoint/Saved/Config/Windows/Engine.ini]
[2021.10.05-10.30.14:338][  0]LogConfig: Setting CVar [[s.MinBulkDataSizeForAsyncLoading:131072]]
[2021.10.05-10.30.14:338][  0]LogConfig: Setting CVar [[s.AsyncLoadingThreadEnabled:0]]
[2021.10.05-10.30.14:338][  0]LogConfig: Setting CVar [[s.EventDrivenLoaderEnabled:1]]
[2021.10.05-10.30.14:339][  0]LogConfig: Setting CVar [[s.WarnIfTimeLimitExceeded:0]]
[2021.10.05-10.30.14:339][  0]LogConfig: Setting CVar [[s.TimeLimitExceededMultiplier:1.5]]
[2021.10.05-10.30.14:339][  0]LogConfig: Setting CVar [[s.TimeLimitExceededMinTime:0.005]]
[2021.10.05-10.30.14:339][  0]LogConfig: Setting CVar [[s.UseBackgroundLevelStreaming:1]]
[2021.10.05-10.30.14:339][  0]LogConfig: Setting CVar [[s.PriorityAsyncLoadingExtraTime:15.0]]
[2021.10.05-10.30.14:339][  0]LogConfig: Setting CVar [[s.LevelStreamingActorsUpdateTimeLimit:5.0]]
[2021.10.05-10.30.14:339][  0]LogConfig: Setting CVar [[s.PriorityLevelStreamingActorsUpdateExtraTime:5.0]]
[2021.10.05-10.30.14:339][  0]LogConfig: Setting CVar [[s.LevelStreamingComponentsRegistrationGranularity:10]]
[2021.10.05-10.30.14:339][  0]LogConfig: Setting CVar [[s.UnregisterComponentsTimeLimit:1.0]]
[2021.10.05-10.30.14:339][  0]LogConfig: Setting CVar [[s.LevelStreamingComponentsUnregistrationGranularity:5]]
[2021.10.05-10.30.14:339][  0]LogConfig: Setting CVar [[s.FlushStreamingOnExit:1]]
[2021.10.05-10.30.14:339][  0]LogConfig: Applying CVar settings from Section [/Script/Engine.GarbageCollectionSettings] File [D:/assignment3 agp/Assessment-3-AGP/Week8StartingPoint/Saved/Config/Windows/Engine.ini]
[2021.10.05-10.30.14:339][  0]LogConfig: Setting CVar [[gc.MaxObjectsNotConsideredByGC:1]]
[2021.10.05-10.30.14:339][  0]LogConfig: Setting CVar [[gc.SizeOfPermanentObjectPool:0]]
[2021.10.05-10.30.14:339][  0]LogConfig: Setting CVar [[gc.FlushStreamingOnGC:0]]
[2021.10.05-10.30.14:339][  0]LogConfig: Setting CVar [[gc.NumRetriesBeforeForcingGC:10]]
[2021.10.05-10.30.14:340][  0]LogConfig: Setting CVar [[gc.AllowParallelGC:1]]
[2021.10.05-10.30.14:340][  0]LogConfig: Setting CVar [[gc.TimeBetweenPurgingPendingKillObjects:61.1]]
[2021.10.05-10.30.14:340][  0]LogConfig: Setting CVar [[gc.MaxObjectsInEditor:25165824]]
[2021.10.05-10.30.14:340][  0]LogConfig: Setting CVar [[gc.IncrementalBeginDestroyEnabled:1]]
[2021.10.05-10.30.14:340][  0]LogConfig: Setting CVar [[gc.CreateGCClusters:1]]
[2021.10.05-10.30.14:340][  0]LogConfig: Setting CVar [[gc.MinGCClusterSize:5]]
[2021.10.05-10.30.14:340][  0]LogConfig: Setting CVar [[gc.ActorClusteringEnabled:0]]
[2021.10.05-10.30.14:340][  0]LogConfig: Setting CVar [[gc.BlueprintClusteringEnabled:0]]
[2021.10.05-10.30.14:340][  0]LogConfig: Setting CVar [[gc.UseDisregardForGCOnDedicatedServers:0]]
[2021.10.05-10.30.14:340][  0]LogConfig: Applying CVar settings from Section [/Script/Engine.NetworkSettings] File [D:/assignment3 agp/Assessment-3-AGP/Week8StartingPoint/Saved/Config/Windows/Engine.ini]
[2021.10.05-10.30.14:340][  0]LogConfig: Applying CVar settings from Section [/Script/UnrealEd.CookerSettings] File [D:/assignment3 agp/Assessment-3-AGP/Week8StartingPoint/Saved/Config/Windows/Engine.ini]
[2021.10.05-10.30.14:349][  0]LogConfig: Applying CVar settings from Section [ViewDistanceQuality@3] File [D:/assignment3 agp/Assessment-3-AGP/Week8StartingPoint/Saved/Config/Windows/Scalability.ini]
[2021.10.05-10.30.14:349][  0]LogConfig: Setting CVar [[r.SkeletalMeshLODBias:0]]
[2021.10.05-10.30.14:349][  0]LogConfig: Setting CVar [[r.ViewDistanceScale:1.0]]
[2021.10.05-10.30.14:349][  0]LogConfig: Applying CVar settings from Section [AntiAliasingQuality@3] File [D:/assignment3 agp/Assessment-3-AGP/Week8StartingPoint/Saved/Config/Windows/Scalability.ini]
[2021.10.05-10.30.14:349][  0]LogConfig: Setting CVar [[r.PostProcessAAQuality:4]]
[2021.10.05-10.30.14:349][  0]LogConfig: Applying CVar settings from Section [ShadowQuality@3] File [D:/assignment3 agp/Assessment-3-AGP/Week8StartingPoint/Saved/Config/Windows/Scalability.ini]
[2021.10.05-10.30.14:349][  0]LogConfig: Setting CVar [[r.LightFunctionQuality:1]]
[2021.10.05-10.30.14:349][  0]LogConfig: Setting CVar [[r.ShadowQuality:5]]
[2021.10.05-10.30.14:349][  0]LogConfig: Setting CVar [[r.Shadow.CSM.MaxCascades:10]]
[2021.10.05-10.30.14:350][  0]LogConfig: Setting CVar [[r.Shadow.MaxResolution:2048]]
[2021.10.05-10.30.14:350][  0]LogConfig: Setting CVar [[r.Shadow.MaxCSMResolution:2048]]
[2021.10.05-10.30.14:350][  0]LogConfig: Setting CVar [[r.Shadow.RadiusThreshold:0.01]]
[2021.10.05-10.30.14:350][  0]LogConfig: Setting CVar [[r.Shadow.DistanceScale:1.0]]
[2021.10.05-10.30.14:350][  0]LogConfig: Setting CVar [[r.Shadow.CSM.TransitionScale:1.0]]
[2021.10.05-10.30.14:350][  0]LogConfig: Setting CVar [[r.Shadow.PreShadowResolutionFactor:1.0]]
[2021.10.05-10.30.14:350][  0]LogConfig: Setting CVar [[r.DistanceFieldShadowing:1]]
[2021.10.05-10.30.14:350][  0]LogConfig: Setting CVar [[r.DistanceFieldAO:1]]
[2021.10.05-10.30.14:350][  0]LogConfig: Setting CVar [[r.AOQuality:2]]
[2021.10.05-10.30.14:350][  0]LogConfig: Setting CVar [[r.VolumetricFog:1]]
[2021.10.05-10.30.14:350][  0]LogConfig: Setting CVar [[r.VolumetricFog.GridPixelSize:8]]
[2021.10.05-10.30.14:350][  0]LogConfig: Setting CVar [[r.VolumetricFog.GridSizeZ:128]]
[2021.10.05-10.30.14:350][  0]LogConfig: Setting CVar [[r.VolumetricFog.HistoryMissSupersampleCount:4]]
[2021.10.05-10.30.14:350][  0]LogConfig: Setting CVar [[r.LightMaxDrawDistanceScale:1]]
[2021.10.05-10.30.14:350][  0]LogConfig: Setting CVar [[r.CapsuleShadows:1]]
[2021.10.05-10.30.14:350][  0]LogConfig: Applying CVar settings from Section [PostProcessQuality@3] File [D:/assignment3 agp/Assessment-3-AGP/Week8StartingPoint/Saved/Config/Windows/Scalability.ini]
[2021.10.05-10.30.14:350][  0]LogConfig: Setting CVar [[r.MotionBlurQuality:4]]
[2021.10.05-10.30.14:350][  0]LogConfig: Setting CVar [[r.AmbientOcclusionMipLevelFactor:0.4]]
[2021.10.05-10.30.14:350][  0]LogConfig: Setting CVar [[r.AmbientOcclusionMaxQuality:100]]
[2021.10.05-10.30.14:350][  0]LogConfig: Setting CVar [[r.AmbientOcclusionLevels:-1]]
[2021.10.05-10.30.14:350][  0]LogConfig: Setting CVar [[r.AmbientOcclusionRadiusScale:1.0]]
[2021.10.05-10.30.14:350][  0]LogConfig: Setting CVar [[r.DepthOfFieldQuality:2]]
[2021.10.05-10.30.14:350][  0]LogConfig: Setting CVar [[r.RenderTargetPoolMin:400]]
[2021.10.05-10.30.14:351][  0]LogConfig: Setting CVar [[r.LensFlareQuality:2]]
[2021.10.05-10.30.14:351][  0]LogConfig: Setting CVar [[r.SceneColorFringeQuality:1]]
[2021.10.05-10.30.14:351][  0]LogConfig: Setting CVar [[r.EyeAdaptationQuality:2]]
[2021.10.05-10.30.14:351][  0]LogConfig: Setting CVar [[r.BloomQuality:5]]
[2021.10.05-10.30.14:351][  0]LogConfig: Setting CVar [[r.FastBlurThreshold:100]]
[2021.10.05-10.30.14:351][  0]LogConfig: Setting CVar [[r.Upscale.Quality:3]]
[2021.10.05-10.30.14:351][  0]LogConfig: Setting CVar [[r.Tonemapper.GrainQuantization:1]]
[2021.10.05-10.30.14:351][  0]LogConfig: Setting CVar [[r.LightShaftQuality:1]]
[2021.10.05-10.30.14:351][  0]LogConfig: Setting CVar [[r.Filter.SizeScale:1]]
[2021.10.05-10.30.14:351][  0]LogConfig: Setting CVar [[r.Tonemapper.Quality:5]]
[2021.10.05-10.30.14:351][  0]LogConfig: Setting CVar [[r.DOF.Gather.AccumulatorQuality:1        ; higher gathering accumulator quality]]
[2021.10.05-10.30.14:351][  0]LogConfig: Setting CVar [[r.DOF.Gather.PostfilterMethod:1          ; Median3x3 postfilering method]]
[2021.10.05-10.30.14:351][  0]LogConfig: Setting CVar [[r.DOF.Gather.EnableBokehSettings:0       ; no bokeh simulation when gathering]]
[2021.10.05-10.30.14:351][  0]LogConfig: Setting CVar [[r.DOF.Gather.RingCount:4                 ; medium number of samples when gathering]]
[2021.10.05-10.30.14:351][  0]LogConfig: Setting CVar [[r.DOF.Scatter.ForegroundCompositing:1    ; additive foreground scattering]]
[2021.10.05-10.30.14:351][  0]LogConfig: Setting CVar [[r.DOF.Scatter.BackgroundCompositing:2    ; additive background scattering]]
[2021.10.05-10.30.14:351][  0]LogConfig: Setting CVar [[r.DOF.Scatter.EnableBokehSettings:1      ; bokeh simulation when scattering]]
[2021.10.05-10.30.14:351][  0]LogConfig: Setting CVar [[r.DOF.Scatter.MaxSpriteRatio:0.1         ; only a maximum of 10% of scattered bokeh]]
[2021.10.05-10.30.14:351][  0]LogConfig: Setting CVar [[r.DOF.Recombine.Quality:1                ; cheap slight out of focus]]
[2021.10.05-10.30.14:351][  0]LogConfig: Setting CVar [[r.DOF.Recombine.EnableBokehSettings:0    ; no bokeh simulation on slight out of focus]]
[2021.10.05-10.30.14:351][  0]LogConfig: Setting CVar [[r.DOF.TemporalAAQuality:1                ; more stable temporal accumulation]]
[2021.10.05-10.30.14:351][  0]LogConfig: Setting CVar [[r.DOF.Kernel.MaxForegroundRadius:0.025]]
[2021.10.05-10.30.14:352][  0]LogConfig: Setting CVar [[r.DOF.Kernel.MaxBackgroundRadius:0.025]]
[2021.10.05-10.30.14:352][  0]LogConfig: Applying CVar settings from Section [TextureQuality@3] File [D:/assignment3 agp/Assessment-3-AGP/Week8StartingPoint/Saved/Config/Windows/Scalability.ini]
[2021.10.05-10.30.14:352][  0]LogConfig: Setting CVar [[r.Streaming.MipBias:0]]
[2021.10.05-10.30.14:352][  0]LogConfig: Setting CVar [[r.Streaming.AmortizeCPUToGPUCopy:0]]
[2021.10.05-10.30.14:352][  0]LogConfig: Setting CVar [[r.Streaming.MaxNumTexturesToStreamPerFrame:0]]
[2021.10.05-10.30.14:352][  0]LogConfig: Setting CVar [[r.Streaming.Boost:1]]
[2021.10.05-10.30.14:352][  0]LogConfig: Setting CVar [[r.MaxAnisotropy:8]]
[2021.10.05-10.30.14:352][  0]LogConfig: Setting CVar [[r.VT.MaxAnisotropy:8]]
[2021.10.05-10.30.14:352][  0]LogConfig: Setting CVar [[r.Streaming.LimitPoolSizeToVRAM:0]]
[2021.10.05-10.30.14:352][  0]LogConfig: Setting CVar [[r.Streaming.PoolSize:1000]]
[2021.10.05-10.30.14:352][  0]LogConfig: Setting CVar [[r.Streaming.MaxEffectiveScreenSize:0]]
[2021.10.05-10.30.14:352][  0]LogConfig: Applying CVar settings from Section [EffectsQuality@3] File [D:/assignment3 agp/Assessment-3-AGP/Week8StartingPoint/Saved/Config/Windows/Scalability.ini]
[2021.10.05-10.30.14:352][  0]LogConfig: Setting CVar [[r.TranslucencyLightingVolumeDim:64]]
[2021.10.05-10.30.14:352][  0]LogConfig: Setting CVar [[r.RefractionQuality:2]]
[2021.10.05-10.30.14:352][  0]LogConfig: Setting CVar [[r.SSR.Quality:3]]
[2021.10.05-10.30.14:352][  0]LogConfig: Setting CVar [[r.SSR.HalfResSceneColor:0]]
[2021.10.05-10.30.14:352][  0]LogConfig: Setting CVar [[r.SceneColorFormat:4]]
[2021.10.05-10.30.14:352][  0]LogConfig: Setting CVar [[r.DetailMode:2]]
[2021.10.05-10.30.14:352][  0]LogConfig: Setting CVar [[r.TranslucencyVolumeBlur:1]]
[2021.10.05-10.30.14:353][  0]LogConfig: Setting CVar [[r.MaterialQualityLevel:1 ; High quality]]
[2021.10.05-10.30.14:353][  0]LogConfig: Setting CVar [[r.SSS.Scale:1]]
[2021.10.05-10.30.14:353][  0]LogConfig: Setting CVar [[r.SSS.SampleSet:2]]
[2021.10.05-10.30.14:353][  0]LogConfig: Setting CVar [[r.SSS.Quality:1]]
[2021.10.05-10.30.14:353][  0]LogConfig: Setting CVar [[r.SSS.HalfRes:1]]
[2021.10.05-10.30.14:353][  0]LogConfig: Setting CVar [[r.SSGI.Quality:3]]
[2021.10.05-10.30.14:353][  0]LogConfig: Setting CVar [[r.EmitterSpawnRateScale:1.0]]
[2021.10.05-10.30.14:353][  0]LogConfig: Setting CVar [[r.ParticleLightQuality:2]]
[2021.10.05-10.30.14:353][  0]LogConfig: Setting CVar [[r.SkyAtmosphere.AerialPerspectiveLUT.FastApplyOnOpaque:1 ; Always have FastSkyLUT 1 in this case to avoid wrong sky]]
[2021.10.05-10.30.14:353][  0]LogConfig: Setting CVar [[r.SkyAtmosphere.AerialPerspectiveLUT.SampleCountPerSlice:1]]
[2021.10.05-10.30.14:353][  0]LogConfig: Setting CVar [[r.SkyAtmosphere.AerialPerspectiveLUT.DepthResolution:16.0]]
[2021.10.05-10.30.14:353][  0]LogConfig: Setting CVar [[r.SkyAtmosphere.FastSkyLUT:1]]
[2021.10.05-10.30.14:353][  0]LogConfig: Setting CVar [[r.SkyAtmosphere.FastSkyLUT.SampleCountMin:4.0]]
[2021.10.05-10.30.14:353][  0]LogConfig: Setting CVar [[r.SkyAtmosphere.FastSkyLUT.SampleCountMax:32.0]]
[2021.10.05-10.30.14:353][  0]LogConfig: Setting CVar [[r.SkyAtmosphere.SampleCountMin:4.0]]
[2021.10.05-10.30.14:353][  0]LogConfig: Setting CVar [[r.SkyAtmosphere.SampleCountMax:32.0]]
[2021.10.05-10.30.14:353][  0]LogConfig: Setting CVar [[r.SkyAtmosphere.TransmittanceLUT.UseSmallFormat:0]]
[2021.10.05-10.30.14:353][  0]LogConfig: Setting CVar [[r.SkyAtmosphere.TransmittanceLUT.SampleCount:10.0]]
[2021.10.05-10.30.14:353][  0]LogConfig: Setting CVar [[r.SkyAtmosphere.MultiScatteringLUT.SampleCount:15.0]]
[2021.10.05-10.30.14:354][  0]LogConfig: Applying CVar settings from Section [FoliageQuality@3] File [D:/assignment3 agp/Assessment-3-AGP/Week8StartingPoint/Saved/Config/Windows/Scalability.ini]
[2021.10.05-10.30.14:354][  0]LogConfig: Setting CVar [[foliage.DensityScale:1.0]]
[2021.10.05-10.30.14:354][  0]LogConfig: Setting CVar [[grass.DensityScale:1.0]]
[2021.10.05-10.30.14:354][  0]LogConfig: Applying CVar settings from Section [ShadingQuality@3] File [D:/assignment3 agp/Assessment-3-AGP/Week8StartingPoint/Saved/Config/Windows/Scalability.ini]
[2021.10.05-10.30.14:354][  0]LogConfig: Setting CVar [[r.HairStrands.SkyLighting.SampleCount:16]]
[2021.10.05-10.30.14:354][  0]LogConfig: Setting CVar [[r.HairStrands.SkyLighting.JitterIntegration:0]]
[2021.10.05-10.30.14:354][  0]LogConfig: Setting CVar [[r.HairStrands.SkyAO.SampleCount:16]]
[2021.10.05-10.30.14:354][  0]LogInit: Selected Device Profile: [Windows]
[2021.10.05-10.30.14:354][  0]LogInit: Applying CVar settings loaded from the selected device profile: [Windows]
[2021.10.05-10.30.14:371][  0]LogHAL: Display: Platform has ~ 8 GB [8464355328 / 8589934592 / 8], which maps to Default [LargestMinGB=32, LargerMinGB=12, DefaultMinGB=8, SmallerMinGB=6, SmallestMinGB=0)
[2021.10.05-10.30.14:371][  0]LogInit: Going up to parent DeviceProfile []
[2021.10.05-10.30.14:371][  0]LogConfig: Applying CVar settings from Section [ViewDistanceQuality@3] File [D:/assignment3 agp/Assessment-3-AGP/Week8StartingPoint/Saved/Config/Windows/Scalability.ini]
[2021.10.05-10.30.14:371][  0]LogConfig: Setting CVar [[r.SkeletalMeshLODBias:0]]
[2021.10.05-10.30.14:371][  0]LogConfig: Setting CVar [[r.ViewDistanceScale:1.0]]
[2021.10.05-10.30.14:371][  0]LogConfig: Applying CVar settings from Section [AntiAliasingQuality@3] File [D:/assignment3 agp/Assessment-3-AGP/Week8StartingPoint/Saved/Config/Windows/Scalability.ini]
[2021.10.05-10.30.14:371][  0]LogConfig: Setting CVar [[r.PostProcessAAQuality:4]]
[2021.10.05-10.30.14:372][  0]LogConfig: Applying CVar settings from Section [ShadowQuality@3] File [D:/assignment3 agp/Assessment-3-AGP/Week8StartingPoint/Saved/Config/Windows/Scalability.ini]
[2021.10.05-10.30.14:372][  0]LogConfig: Setting CVar [[r.LightFunctionQuality:1]]
[2021.10.05-10.30.14:372][  0]LogConfig: Setting CVar [[r.ShadowQuality:5]]
[2021.10.05-10.30.14:372][  0]LogConfig: Setting CVar [[r.Shadow.CSM.MaxCascades:10]]
[2021.10.05-10.30.14:372][  0]LogConfig: Setting CVar [[r.Shadow.MaxResolution:2048]]
[2021.10.05-10.30.14:372][  0]LogConfig: Setting CVar [[r.Shadow.MaxCSMResolution:2048]]
[2021.10.05-10.30.14:372][  0]LogConfig: Setting CVar [[r.Shadow.RadiusThreshold:0.01]]
[2021.10.05-10.30.14:372][  0]LogConfig: Setting CVar [[r.Shadow.DistanceScale:1.0]]
[2021.10.05-10.30.14:372][  0]LogConfig: Setting CVar [[r.Shadow.CSM.TransitionScale:1.0]]
[2021.10.05-10.30.14:372][  0]LogConfig: Setting CVar [[r.Shadow.PreShadowResolutionFactor:1.0]]
[2021.10.05-10.30.14:372][  0]LogConfig: Setting CVar [[r.DistanceFieldShadowing:1]]
[2021.10.05-10.30.14:372][  0]LogConfig: Setting CVar [[r.DistanceFieldAO:1]]
[2021.10.05-10.30.14:372][  0]LogConfig: Setting CVar [[r.AOQuality:2]]
[2021.10.05-10.30.14:372][  0]LogConfig: Setting CVar [[r.VolumetricFog:1]]
[2021.10.05-10.30.14:372][  0]LogConfig: Setting CVar [[r.VolumetricFog.GridPixelSize:8]]
[2021.10.05-10.30.14:372][  0]LogConfig: Setting CVar [[r.VolumetricFog.GridSizeZ:128]]
[2021.10.05-10.30.14:372][  0]LogConfig: Setting CVar [[r.VolumetricFog.HistoryMissSupersampleCount:4]]
[2021.10.05-10.30.14:372][  0]LogConfig: Setting CVar [[r.LightMaxDrawDistanceScale:1]]
[2021.10.05-10.30.14:372][  0]LogConfig: Setting CVar [[r.CapsuleShadows:1]]
[2021.10.05-10.30.14:372][  0]LogConfig: Applying CVar settings from Section [PostProcessQuality@3] File [D:/assignment3 agp/Assessment-3-AGP/Week8StartingPoint/Saved/Config/Windows/Scalability.ini]
[2021.10.05-10.30.14:372][  0]LogConfig: Setting CVar [[r.MotionBlurQuality:4]]
[2021.10.05-10.30.14:372][  0]LogConfig: Setting CVar [[r.AmbientOcclusionMipLevelFactor:0.4]]
[2021.10.05-10.30.14:372][  0]LogConfig: Setting CVar [[r.AmbientOcclusionMaxQuality:100]]
[2021.10.05-10.30.14:372][  0]LogConfig: Setting CVar [[r.AmbientOcclusionLevels:-1]]
[2021.10.05-10.30.14:372][  0]LogConfig: Setting CVar [[r.AmbientOcclusionRadiusScale:1.0]]
[2021.10.05-10.30.14:372][  0]LogConfig: Setting CVar [[r.DepthOfFieldQuality:2]]
[2021.10.05-10.30.14:372][  0]LogConfig: Setting CVar [[r.RenderTargetPoolMin:400]]
[2021.10.05-10.30.14:372][  0]LogConfig: Setting CVar [[r.LensFlareQuality:2]]
[2021.10.05-10.30.14:373][  0]LogConfig: Setting CVar [[r.SceneColorFringeQuality:1]]
[2021.10.05-10.30.14:373][  0]LogConfig: Setting CVar [[r.EyeAdaptationQuality:2]]
[2021.10.05-10.30.14:373][  0]LogConfig: Setting CVar [[r.BloomQuality:5]]
[2021.10.05-10.30.14:373][  0]LogConfig: Setting CVar [[r.FastBlurThreshold:100]]
[2021.10.05-10.30.14:373][  0]LogConfig: Setting CVar [[r.Upscale.Quality:3]]
[2021.10.05-10.30.14:373][  0]LogConfig: Setting CVar [[r.Tonemapper.GrainQuantization:1]]
[2021.10.05-10.30.14:373][  0]LogConfig: Setting CVar [[r.LightShaftQuality:1]]
[2021.10.05-10.30.14:373][  0]LogConfig: Setting CVar [[r.Filter.SizeScale:1]]
[2021.10.05-10.30.14:373][  0]LogConfig: Setting CVar [[r.Tonemapper.Quality:5]]
[2021.10.05-10.30.14:373][  0]LogConfig: Setting CVar [[r.DOF.Gather.AccumulatorQuality:1        ; higher gathering accumulator quality]]
[2021.10.05-10.30.14:373][  0]LogConfig: Setting CVar [[r.DOF.Gather.PostfilterMethod:1          ; Median3x3 postfilering method]]
[2021.10.05-10.30.14:373][  0]LogConfig: Setting CVar [[r.DOF.Gather.EnableBokehSettings:0       ; no bokeh simulation when gathering]]
[2021.10.05-10.30.14:373][  0]LogConfig: Setting CVar [[r.DOF.Gather.RingCount:4                 ; medium number of samples when gathering]]
[2021.10.05-10.30.14:373][  0]LogConfig: Setting CVar [[r.DOF.Scatter.ForegroundCompositing:1    ; additive foreground scattering]]
[2021.10.05-10.30.14:373][  0]LogConfig: Setting CVar [[r.DOF.Scatter.BackgroundCompositing:2    ; additive background scattering]]
[2021.10.05-10.30.14:373][  0]LogConfig: Setting CVar [[r.DOF.Scatter.EnableBokehSettings:1      ; bokeh simulation when scattering]]
[2021.10.05-10.30.14:373][  0]LogConfig: Setting CVar [[r.DOF.Scatter.MaxSpriteRatio:0.1         ; only a maximum of 10% of scattered bokeh]]
[2021.10.05-10.30.14:373][  0]LogConfig: Setting CVar [[r.DOF.Recombine.Quality:1                ; cheap slight out of focus]]
[2021.10.05-10.30.14:373][  0]LogConfig: Setting CVar [[r.DOF.Recombine.EnableBokehSettings:0    ; no bokeh simulation on slight out of focus]]
[2021.10.05-10.30.14:373][  0]LogConfig: Setting CVar [[r.DOF.TemporalAAQuality:1                ; more stable temporal accumulation]]
[2021.10.05-10.30.14:373][  0]LogConfig: Setting CVar [[r.DOF.Kernel.MaxForegroundRadius:0.025]]
[2021.10.05-10.30.14:373][  0]LogConfig: Setting CVar [[r.DOF.Kernel.MaxBackgroundRadius:0.025]]
[2021.10.05-10.30.14:373][  0]LogConfig: Applying CVar settings from Section [TextureQuality@3] File [D:/assignment3 agp/Assessment-3-AGP/Week8StartingPoint/Saved/Config/Windows/Scalability.ini]
[2021.10.05-10.30.14:373][  0]LogConfig: Setting CVar [[r.Streaming.MipBias:0]]
[2021.10.05-10.30.14:373][  0]LogConfig: Setting CVar [[r.Streaming.AmortizeCPUToGPUCopy:0]]
[2021.10.05-10.30.14:373][  0]LogConfig: Setting CVar [[r.Streaming.MaxNumTexturesToStreamPerFrame:0]]
[2021.10.05-10.30.14:373][  0]LogConfig: Setting CVar [[r.Streaming.Boost:1]]
[2021.10.05-10.30.14:373][  0]LogConfig: Setting CVar [[r.MaxAnisotropy:8]]
[2021.10.05-10.30.14:374][  0]LogConfig: Setting CVar [[r.VT.MaxAnisotropy:8]]
[2021.10.05-10.30.14:374][  0]LogConfig: Setting CVar [[r.Streaming.LimitPoolSizeToVRAM:0]]
[2021.10.05-10.30.14:374][  0]LogConfig: Setting CVar [[r.Streaming.PoolSize:1000]]
[2021.10.05-10.30.14:374][  0]LogConfig: Setting CVar [[r.Streaming.MaxEffectiveScreenSize:0]]
[2021.10.05-10.30.14:374][  0]LogConfig: Applying CVar settings from Section [EffectsQuality@3] File [D:/assignment3 agp/Assessment-3-AGP/Week8StartingPoint/Saved/Config/Windows/Scalability.ini]
[2021.10.05-10.30.14:374][  0]LogConfig: Setting CVar [[r.TranslucencyLightingVolumeDim:64]]
[2021.10.05-10.30.14:374][  0]LogConfig: Setting CVar [[r.RefractionQuality:2]]
[2021.10.05-10.30.14:374][  0]LogConfig: Setting CVar [[r.SSR.Quality:3]]
[2021.10.05-10.30.14:374][  0]LogConfig: Setting CVar [[r.SSR.HalfResSceneColor:0]]
[2021.10.05-10.30.14:374][  0]LogConfig: Setting CVar [[r.SceneColorFormat:4]]
[2021.10.05-10.30.14:374][  0]LogConfig: Setting CVar [[r.DetailMode:2]]
[2021.10.05-10.30.14:374][  0]LogConfig: Setting CVar [[r.TranslucencyVolumeBlur:1]]
[2021.10.05-10.30.14:374][  0]LogConfig: Setting CVar [[r.MaterialQualityLevel:1 ; High quality]]
[2021.10.05-10.30.14:374][  0]LogConfig: Setting CVar [[r.SSS.Scale:1]]
[2021.10.05-10.30.14:374][  0]LogConfig: Setting CVar [[r.SSS.SampleSet:2]]
[2021.10.05-10.30.14:374][  0]LogConfig: Setting CVar [[r.SSS.Quality:1]]
[2021.10.05-10.30.14:374][  0]LogConfig: Setting CVar [[r.SSS.HalfRes:1]]
[2021.10.05-10.30.14:374][  0]LogConfig: Setting CVar [[r.SSGI.Quality:3]]
[2021.10.05-10.30.14:374][  0]LogConfig: Setting CVar [[r.EmitterSpawnRateScale:1.0]]
[2021.10.05-10.30.14:374][  0]LogConfig: Setting CVar [[r.ParticleLightQuality:2]]
[2021.10.05-10.30.14:374][  0]LogConfig: Setting CVar [[r.SkyAtmosphere.AerialPerspectiveLUT.FastApplyOnOpaque:1 ; Always have FastSkyLUT 1 in this case to avoid wrong sky]]
[2021.10.05-10.30.14:374][  0]LogConfig: Setting CVar [[r.SkyAtmosphere.AerialPerspectiveLUT.SampleCountPerSlice:1]]
[2021.10.05-10.30.14:374][  0]LogConfig: Setting CVar [[r.SkyAtmosphere.AerialPerspectiveLUT.DepthResolution:16.0]]
[2021.10.05-10.30.14:375][  0]LogConfig: Setting CVar [[r.SkyAtmosphere.FastSkyLUT:1]]
[2021.10.05-10.30.14:375][  0]LogConfig: Setting CVar [[r.SkyAtmosphere.FastSkyLUT.SampleCountMin:4.0]]
[2021.10.05-10.30.14:375][  0]LogConfig: Setting CVar [[r.SkyAtmosphere.FastSkyLUT.SampleCountMax:32.0]]
[2021.10.05-10.30.14:375][  0]LogConfig: Setting CVar [[r.SkyAtmosphere.SampleCountMin:4.0]]
[2021.10.05-10.30.14:375][  0]LogConfig: Setting CVar [[r.SkyAtmosphere.SampleCountMax:32.0]]
[2021.10.05-10.30.14:375][  0]LogConfig: Setting CVar [[r.SkyAtmosphere.TransmittanceLUT.UseSmallFormat:0]]
[2021.10.05-10.30.14:375][  0]LogConfig: Setting CVar [[r.SkyAtmosphere.TransmittanceLUT.SampleCount:10.0]]
[2021.10.05-10.30.14:375][  0]LogConfig: Setting CVar [[r.SkyAtmosphere.MultiScatteringLUT.SampleCount:15.0]]
[2021.10.05-10.30.14:375][  0]LogConfig: Applying CVar settings from Section [FoliageQuality@3] File [D:/assignment3 agp/Assessment-3-AGP/Week8StartingPoint/Saved/Config/Windows/Scalability.ini]
[2021.10.05-10.30.14:375][  0]LogConfig: Setting CVar [[foliage.DensityScale:1.0]]
[2021.10.05-10.30.14:375][  0]LogConfig: Setting CVar [[grass.DensityScale:1.0]]
[2021.10.05-10.30.14:375][  0]LogConfig: Applying CVar settings from Section [ShadingQuality@3] File [D:/assignment3 agp/Assessment-3-AGP/Week8StartingPoint/Saved/Config/Windows/Scalability.ini]
[2021.10.05-10.30.14:375][  0]LogConfig: Setting CVar [[r.HairStrands.SkyLighting.SampleCount:16]]
[2021.10.05-10.30.14:375][  0]LogConfig: Setting CVar [[r.HairStrands.SkyLighting.JitterIntegration:0]]
[2021.10.05-10.30.14:375][  0]LogConfig: Setting CVar [[r.HairStrands.SkyAO.SampleCount:16]]
[2021.10.05-10.30.14:375][  0]LogConfig: Applying CVar settings from Section [Startup] File [../../../Engine/Config/ConsoleVariables.ini]
[2021.10.05-10.30.14:377][  0]LogConfig: Setting CVar [[net.UseAdaptiveNetUpdateFrequency:0]]
[2021.10.05-10.30.14:377][  0]LogConfig: Setting CVar [[p.chaos.AllowCreatePhysxBodies:1]]
[2021.10.05-10.30.14:377][  0]LogConfig: Applying CVar settings from Section [ConsoleVariables] File [D:/assignment3 agp/Assessment-3-AGP/Week8StartingPoint/Saved/Config/Windows/Engine.ini]
[2021.10.05-10.30.14:379][  0]LogInit: Computer: LAPTOP-OUI9A870
[2021.10.05-10.30.14:379][  0]LogInit: User: habib
[2021.10.05-10.30.14:379][  0]LogInit: CPU Page size=4096, Cores=4
[2021.10.05-10.30.14:379][  0]LogInit: High frequency timer resolution =10.000000 MHz
[2021.10.05-10.30.14:379][  0]LogMemory: Memory total: Physical=7.9GB (8GB approx)
[2021.10.05-10.30.14:380][  0]LogMemory: Platform Memory Stats for Windows
[2021.10.05-10.30.14:380][  0]LogMemory: Process Physical Memory: 109.64 MB used, 109.64 MB peak
[2021.10.05-10.30.14:380][  0]LogMemory: Process Virtual Memory: 104.68 MB used, 104.68 MB peak
[2021.10.05-10.30.14:380][  0]LogMemory: Physical Memory: 7262.80 MB used,  809.44 MB free, 8072.24 MB total
[2021.10.05-10.30.14:380][  0]LogMemory: Virtual Memory: 5180.87 MB used,  134212544.00 MB free, 134217728.00 MB total
[2021.10.05-10.30.14:386][  0]LogWindows: WindowsPlatformFeatures enabled
[2021.10.05-10.30.14:577][  0]LogInit: Using OS detected language (en-US).
[2021.10.05-10.30.14:577][  0]LogInit: Using OS detected locale (en-AU).
[2021.10.05-10.30.14:579][  0]LogTextLocalizationManager: No specific localization for 'en-US' exists, so the 'en' localization will be used.
[2021.10.05-10.30.15:194][  0]LogInit: Setting process to per monitor DPI aware
[2021.10.05-10.30.15:271][  0]LogSlate: New Slate User Created.  User Index 0, Is Virtual User: 0
[2021.10.05-10.30.15:271][  0]LogSlate: Slate User Registered.  User Index 0, Is Virtual User: 0
[2021.10.05-10.30.16:313][  0]LogHMD: Failed to initialize OpenVR with code 126
[2021.10.05-10.30.16:313][  0]LogD3D11RHI: D3D11 min allowed feature level: 11_0
[2021.10.05-10.30.16:313][  0]LogD3D11RHI: D3D11 max allowed feature level: 11_0
[2021.10.05-10.30.16:313][  0]LogD3D11RHI: D3D11 adapters:
[2021.10.05-10.30.17:018][  0]LogD3D11RHI:    0. 'NVIDIA GeForce GTX 1650' (Feature Level 11_0)
[2021.10.05-10.30.17:018][  0]LogD3D11RHI:       3962/0/4036 MB DedicatedVideo/DedicatedSystem/SharedSystem, Outputs:1, VendorId:0x10de
[2021.10.05-10.30.17:182][  0]LogD3D11RHI:    1. 'Intel(R) UHD Graphics 630' (Feature Level 11_0)
[2021.10.05-10.30.17:182][  0]LogD3D11RHI:       128/0/4036 MB DedicatedVideo/DedicatedSystem/SharedSystem, Outputs:0, VendorId:0x8086
[2021.10.05-10.30.17:187][  0]LogD3D11RHI:    2. 'Microsoft Basic Render Driver' (Feature Level 11_0)
[2021.10.05-10.30.17:187][  0]LogD3D11RHI:       0/0/4036 MB DedicatedVideo/DedicatedSystem/SharedSystem, Outputs:0, VendorId:0x1414
[2021.10.05-10.30.17:187][  0]LogD3D11RHI: Chosen D3D11 Adapter: 0
[2021.10.05-10.30.17:202][  0]LogD3D11RHI: Creating new Direct3DDevice
[2021.10.05-10.30.17:202][  0]LogD3D11RHI:     GPU DeviceId: 0x1f91 (for the marketing name, search the web for "GPU Device Id")
[2021.10.05-10.30.17:202][  0]LogWindows: EnumDisplayDevices:
[2021.10.05-10.30.17:202][  0]LogWindows:    0. 'Intel(R) UHD Graphics 630' (P:1 D:1)
[2021.10.05-10.30.17:203][  0]LogWindows:    1. 'Intel(R) UHD Graphics 630' (P:0 D:0)
[2021.10.05-10.30.17:204][  0]LogWindows:    2. 'Intel(R) UHD Graphics 630' (P:0 D:0)
[2021.10.05-10.30.17:204][  0]LogWindows:    3. 'NVIDIA GeForce GTX 1650' (P:0 D:0)
[2021.10.05-10.30.17:205][  0]LogWindows:    4. 'NVIDIA GeForce GTX 1650' (P:0 D:0)
[2021.10.05-10.30.17:205][  0]LogWindows:    5. 'NVIDIA GeForce GTX 1650' (P:0 D:0)
[2021.10.05-10.30.17:206][  0]LogWindows:    6. 'NVIDIA GeForce GTX 1650' (P:0 D:0)
[2021.10.05-10.30.17:206][  0]LogWindows: DebugString: PrimaryIsNotTheChoosenAdapter PrimaryIsNotTheChoosenAdapter PrimaryIsNotTheChoosenAdapter FoundDriverCount:4 
[2021.10.05-10.30.17:206][  0]LogD3D11RHI:     Adapter Name: NVIDIA GeForce GTX 1650
[2021.10.05-10.30.17:206][  0]LogD3D11RHI:   Driver Version: 460.79 (internal:27.21.14.6079, unified:460.79)
[2021.10.05-10.30.17:207][  0]LogD3D11RHI:      Driver Date: 12-3-2020
[2021.10.05-10.30.17:207][  0]LogRHI: Texture pool is 2773 MB (70% of 3962 MB)
[2021.10.05-10.30.17:418][  0]LogD3D11RHI: RHI has support for 64 bit atomics
[2021.10.05-10.30.17:419][  0]LogD3D11RHI: Async texture creation enabled
[2021.10.05-10.30.17:493][  0]LogD3D11RHI: GPU Timing Frequency: 1000.000000 (Debug: 2 1)
[2021.10.05-10.30.18:291][  0]LogTargetPlatformManager: Display: Loaded TargetPlatform 'AllDesktop'
[2021.10.05-10.30.18:385][  0]LogTargetPlatformManager: Display: Loaded TargetPlatform 'Android'
[2021.10.05-10.30.18:385][  0]LogTargetPlatformManager: Display: Loaded TargetPlatform 'Android_ASTC'
[2021.10.05-10.30.18:385][  0]LogTargetPlatformManager: Display: Loaded TargetPlatform 'Android_ATC'
[2021.10.05-10.30.18:385][  0]LogTargetPlatformManager: Display: Loaded TargetPlatform 'Android_DXT'
[2021.10.05-10.30.18:385][  0]LogTargetPlatformManager: Display: Loaded TargetPlatform 'Android_ETC1'
[2021.10.05-10.30.18:385][  0]LogTargetPlatformManager: Display: Loaded TargetPlatform 'Android_ETC1a'
[2021.10.05-10.30.18:385][  0]LogTargetPlatformManager: Display: Loaded TargetPlatform 'Android_ETC2'
[2021.10.05-10.30.18:385][  0]LogTargetPlatformManager: Display: Loaded TargetPlatform 'Android_PVRTC'
[2021.10.05-10.30.18:385][  0]LogTargetPlatformManager: Display: Loaded TargetPlatform 'AndroidClient'
[2021.10.05-10.30.18:386][  0]LogTargetPlatformManager: Display: Loaded TargetPlatform 'Android_ASTCClient'
[2021.10.05-10.30.18:386][  0]LogTargetPlatformManager: Display: Loaded TargetPlatform 'Android_ATCClient'
[2021.10.05-10.30.18:386][  0]LogTargetPlatformManager: Display: Loaded TargetPlatform 'Android_DXTClient'
[2021.10.05-10.30.18:386][  0]LogTargetPlatformManager: Display: Loaded TargetPlatform 'Android_ETC1Client'
[2021.10.05-10.30.18:386][  0]LogTargetPlatformManager: Display: Loaded TargetPlatform 'Android_ETC1aClient'
[2021.10.05-10.30.18:386][  0]LogTargetPlatformManager: Display: Loaded TargetPlatform 'Android_ETC2Client'
[2021.10.05-10.30.18:386][  0]LogTargetPlatformManager: Display: Loaded TargetPlatform 'Android_PVRTCClient'
[2021.10.05-10.30.18:386][  0]LogTargetPlatformManager: Display: Loaded TargetPlatform 'Android_Multi'
[2021.10.05-10.30.18:386][  0]LogTargetPlatformManager: Display: Loaded TargetPlatform 'Android_MultiClient'
[2021.10.05-10.30.18:441][  0]LogTargetPlatformManager: Display: Loaded TargetPlatform 'IOSClient'
[2021.10.05-10.30.18:441][  0]LogTargetPlatformManager: Display: Loaded TargetPlatform 'IOS'
[2021.10.05-10.30.18:462][  0]LogTargetPlatformManager: Display: Loaded TargetPlatform 'LinuxNoEditor'
[2021.10.05-10.30.18:488][  0]LogTargetPlatformManager: Display: Loaded TargetPlatform 'LinuxClient'
[2021.10.05-10.30.18:512][  0]LogTargetPlatformManager: Display: Loaded TargetPlatform 'LinuxServer'
[2021.10.05-10.30.18:535][  0]LogTargetPlatformManager: Display: Loaded TargetPlatform 'LinuxAArch64NoEditor'
[2021.10.05-10.30.18:565][  0]LogTargetPlatformManager: Display: Loaded TargetPlatform 'LinuxAArch64Client'
[2021.10.05-10.30.18:588][  0]LogTargetPlatformManager: Display: Loaded TargetPlatform 'LinuxAArch64Server'
[2021.10.05-10.30.18:674][  0]LogTargetPlatformManager: Display: Loaded TargetPlatform 'Lumin'
[2021.10.05-10.30.18:675][  0]LogTargetPlatformManager: Display: Loaded TargetPlatform 'LuminClient'
[2021.10.05-10.30.18:718][  0]LogTargetPlatformManager: Display: Loaded TargetPlatform 'TVOSClient'
[2021.10.05-10.30.18:718][  0]LogTargetPlatformManager: Display: Loaded TargetPlatform 'TVOS'
[2021.10.05-10.30.18:742][  0]LogTargetPlatformManager: Display: Loaded TargetPlatform 'WindowsNoEditor'
[2021.10.05-10.30.18:769][  0]LogTargetPlatformManager: Display: Loaded TargetPlatform 'Windows'
[2021.10.05-10.30.18:791][  0]LogTargetPlatformManager: Display: Loaded TargetPlatform 'WindowsClient'
[2021.10.05-10.30.18:816][  0]LogTargetPlatformManager: Display: Loaded TargetPlatform 'WindowsServer'
[2021.10.05-10.30.18:816][  0]LogTargetPlatformManager: Display: Building Assets For Windows
[2021.10.05-10.30.18:833][  0]LogAudioDebug: Display: Lib vorbis DLL was dynamically loaded.
[2021.10.05-10.30.18:979][  0]LogShaderCompilers: Guid format shader working directory is -9 characters bigger than the processId version (D:/assignment3 agp/Assessment-3-AGP/Week8StartingPoint/Intermediate/Shaders/WorkingDirectory/19148/).
[2021.10.05-10.30.18:979][  0]LogShaderCompilers: Cleaned the shader compiler working directory 'C:/Users/habib/AppData/Local/Temp/UnrealShaderWorkingDir/3201FE90478F4B5549A107954A51BCF2/'.
[2021.10.05-10.30.18:981][  0]LogXGEController: Cannot use XGE Controller as Incredibuild is not installed on this machine.
[2021.10.05-10.30.18:981][  0]LogShaderCompilers: Cannot use XGE Shader Compiler as Incredibuild is not installed on this machine.
[2021.10.05-10.30.18:981][  0]LogShaderCompilers: Display: Using Local Shader Compiler.
[2021.10.05-10.30.21:249][  0]LogDerivedDataCache: Display: Max Cache Size: 512 MB
[2021.10.05-10.30.21:482][  0]LogDerivedDataCache: Loaded boot cache 0.23s 81MB C:/Users/habib/AppData/Local/UnrealEngine/4.24/DerivedDataCache/Boot.ddc.
[2021.10.05-10.30.21:482][  0]LogDerivedDataCache: Display: Loaded Boot cache: C:/Users/habib/AppData/Local/UnrealEngine/4.24/DerivedDataCache/Boot.ddc
[2021.10.05-10.30.21:483][  0]LogDerivedDataCache: FDerivedDataBackendGraph:  Pak pak cache file D:/assignment3 agp/Assessment-3-AGP/Week8StartingPoint/DerivedDataCache/DDC.ddp not found, will not use a pak cache.
[2021.10.05-10.30.21:483][  0]LogDerivedDataCache: Unable to find inner node Pak for hierarchical cache Hierarchy.
[2021.10.05-10.30.21:483][  0]LogDerivedDataCache: FDerivedDataBackendGraph:  CompressedPak pak cache file D:/assignment3 agp/Assessment-3-AGP/Week8StartingPoint/DerivedDataCache/Compressed.ddp not found, will not use a pak cache.
[2021.10.05-10.30.21:483][  0]LogDerivedDataCache: Unable to find inner node CompressedPak for hierarchical cache Hierarchy.
[2021.10.05-10.30.21:508][  0]LogDerivedDataCache: Display: Pak cache opened for reading ../../../Engine/DerivedDataCache/Compressed.ddp.
[2021.10.05-10.30.21:508][  0]LogDerivedDataCache: FDerivedDataBackendGraph:  EnterprisePak pak cache file ../../../Enterprise/DerivedDataCache/Compressed.ddp not found, will not use a pak cache.
[2021.10.05-10.30.21:508][  0]LogDerivedDataCache: Unable to find inner node EnterprisePak for hierarchical cache Hierarchy.
[2021.10.05-10.30.21:511][  0]LogDerivedDataCache: Using Local data cache path C:/Users/habib/AppData/Local/UnrealEngine/Common/DerivedDataCache: Writable
[2021.10.05-10.30.21:512][  0]LogDerivedDataCache: Shared data cache path not found in *engine.ini, will not use an Shared cache.
[2021.10.05-10.30.21:512][  0]LogDerivedDataCache: Unable to find inner node Shared for hierarchical cache Hierarchy.
[2021.10.05-10.30.21:598][  0]LogMaterial: Verifying Global Shaders for PCD3D_SM5
[2021.10.05-10.30.21:616][  0]LogSlate: Using FreeType 2.10.0
[2021.10.05-10.30.21:634][  0]LogSlate: SlateFontServices - WITH_FREETYPE: 1, WITH_HARFBUZZ: 1
[2021.10.05-10.30.21:921][  0]LogAssetRegistry: FAssetRegistry took 0.0120 seconds to start up
[2021.10.05-10.30.23:376][  0]LogInit: Selected Device Profile: [Windows]
[2021.10.05-10.30.24:150][  0]LogMeshReduction: Using QuadricMeshReduction for automatic static mesh reduction
[2021.10.05-10.30.24:150][  0]LogMeshReduction: Using SimplygonMeshReduction for automatic skeletal mesh reduction
[2021.10.05-10.30.24:150][  0]LogMeshReduction: Using ProxyLODMeshReduction for automatic mesh merging
[2021.10.05-10.30.24:150][  0]LogMeshReduction: No distributed automatic mesh merging module available
[2021.10.05-10.30.24:150][  0]LogMeshMerging: No distributed automatic mesh merging module available
[2021.10.05-10.30.24:282][  0]LogNetVersion: AdvGamesProgramming 1.0.0, NetCL: 10570792, EngineNetVer: 13, GameNetVer: 0 (Checksum: 489682494)
[2021.10.05-10.30.28:887][  0]LogPackageLocalizationCache: Processed 10 localized package path(s) for 1 prioritized culture(s) in 0.201550 seconds
[2021.10.05-10.30.29:052][  0]LogUObjectArray: 46750 objects as part of root set at end of initial load.
[2021.10.05-10.30.29:052][  0]LogUObjectAllocator: 8137160 out of 0 bytes used by permanent object pool.
[2021.10.05-10.30.29:052][  0]LogUObjectArray: CloseDisregardForGC: 0/0 objects in disregard for GC pool
[2021.10.05-10.30.34:274][  0]LogTcpMessaging: Initializing TcpMessaging bridge
[2021.10.05-10.30.34:295][  0]LogUdpMessaging: Initializing bridge on interface 0.0.0.0:0 to multicast group 230.0.0.1:6666.
[2021.10.05-10.30.34:664][  0]SourceControl: Source control is disabled
[2021.10.05-10.30.34:666][  0]SourceControl: Source control is disabled
[2021.10.05-10.30.34:679][  0]SourceControl: Source control is disabled
[2021.10.05-10.30.34:686][  0]SourceControl: Source control is disabled
[2021.10.05-10.30.34:699][  0]SourceControl: Source control is disabled
[2021.10.05-10.30.35:163][  0]LogAndroidPermission: UAndroidPermissionCallbackProxy::GetInstance
[2021.10.05-10.30.35:195][  0]LogAudioCaptureCore: Display: No Audio Capture implementations found. Audio input will be silent.
[2021.10.05-10.30.35:195][  0]LogAudioCaptureCore: Display: No Audio Capture implementations found. Audio input will be silent.
[2021.10.05-10.30.35:470][  0]LogOcInput: OculusInput pre-init called
[2021.10.05-10.30.39:405][  0]LogEngine: Initializing Engine...
[2021.10.05-10.30.40:192][  0]LogHMD: Failed to initialize OpenVR with code 108
[2021.10.05-10.30.40:208][  0]LogStats: UGameplayTagsManager::InitializeManager -  0.004 s
[2021.10.05-10.30.41:035][  0]LogInit: Initializing FReadOnlyCVARCache
[2021.10.05-10.30.41:273][  0]LogAIModule: Creating AISystem for world Untitled
[2021.10.05-10.30.41:331][  0]LogAudioMixer: Display: Audio Mixer Platform Settings:
[2021.10.05-10.30.41:331][  0]LogAudioMixer: Display: 	Sample Rate:						  48000
[2021.10.05-10.30.41:331][  0]LogAudioMixer: Display: 	Callback Buffer Frame Size Requested: 1024
[2021.10.05-10.30.41:331][  0]LogAudioMixer: Display: 	Callback Buffer Frame Size To Use:	  1024
[2021.10.05-10.30.41:332][  0]LogAudioMixer: Display: 	Number of buffers to queue:			  2
[2021.10.05-10.30.41:332][  0]LogAudioMixer: Display: 	Max Channels (voices):				  32
[2021.10.05-10.30.41:332][  0]LogAudioMixer: Display: 	Number of Async Source Workers:		  0
[2021.10.05-10.30.41:333][  0]LogAudio: Display: AudioDevice MaxSources: 32
[2021.10.05-10.30.41:337][  0]LogAudio: Display: Using built-in audio occlusion.
[2021.10.05-10.30.41:338][  0]LogAudioMixer: Display: Initializing audio mixer.
[2021.10.05-10.30.41:420][  0]LogAudioMixer: Display: Audio Device Output Speaker Info:
[2021.10.05-10.30.41:421][  0]LogAudioMixer: Display: Name: Speakers (Realtek(R) Audio)
[2021.10.05-10.30.41:421][  0]LogAudioMixer: Display: Is Default: Yes
[2021.10.05-10.30.41:421][  0]LogAudioMixer: Display: Sample Rate: 48000
[2021.10.05-10.30.41:421][  0]LogAudioMixer: Display: Channel Count Used: 2
[2021.10.05-10.30.41:421][  0]LogAudioMixer: Display: Device Channel Count: 2
[2021.10.05-10.30.41:421][  0]LogAudioMixer: Display: Channel Order:
[2021.10.05-10.30.41:421][  0]LogAudioMixer: Display: 0: FrontLeft
[2021.10.05-10.30.41:421][  0]LogAudioMixer: Display: 1: FrontRight
[2021.10.05-10.30.41:471][  0]LogAudioMixer: Display: Using Audio Device Speakers (Realtek(R) Audio)
[2021.10.05-10.30.41:488][  0]LogInit: FAudioDevice initialized.
[2021.10.05-10.30.41:495][  0]LogNetVersion: Set ProjectVersion to 1.0.0.0. Version Checksum will be recalculated on next use.
[2021.10.05-10.30.41:808][  0]LogDerivedDataCache: Saved boot cache 0.31s 81MB C:/Users/habib/AppData/Local/UnrealEngine/4.24/DerivedDataCache/Boot.ddc.
[2021.10.05-10.30.41:825][  0]LogInit: Texture streaming: Enabled
[2021.10.05-10.30.41:951][  0]LogEngineSessionManager: EngineSessionManager initialized
[2021.10.05-10.30.41:955][  0]LogEditorSessionSummary: Verbose: Initializing EditorSessionSummaryWriter for editor session tracking
[2021.10.05-10.30.41:988][  0]LogEditorSessionSummary: EditorSessionSummaryWriter initialized
[2021.10.05-10.30.42:251][  0]LogInit: Transaction tracking system initialized
[2021.10.05-10.30.42:370][  0]BlueprintLog: New page: Editor Load
[2021.10.05-10.30.42:681][  0]LocalizationService: Localization service is disabled
[2021.10.05-10.30.43:979][  0]LogFileCache: Scanning file cache for directory 'D:/assignment3 agp/Assessment-3-AGP/Week8StartingPoint/Content/' took 0.02s
[2021.10.05-10.30.43:980][  0]LogCook: Display: Max memory allowance for cook 16384mb min free memory 0mb
[2021.10.05-10.30.43:980][  0]LogCook: Display: Mobile HDR setting 1
[2021.10.05-10.30.48:022][  0]LogAudioMixer: Display: Audio Buffer Underrun detected.
[2021.10.05-10.30.48:023][  0]LogAudioMixer: Display: Audio Buffer Underrun detected.
[2021.10.05-10.30.48:023][  0]LogAudioMixer: Display: Audio Buffer Underrun detected.
[2021.10.05-10.30.48:428][  0]SourceControl: Source control is disabled
[2021.10.05-10.30.48:437][  0]Cmd: MAP LOAD FILE="D:/assignment3 agp/Assessment-3-AGP/Week8StartingPoint/Content/Levels/TestingMap.umap" TEMPLATE=0 SHOWPROGRESS=1 FEATURELEVEL=3
[2021.10.05-10.30.48:463][  0]LightingResults: New page: Lighting Build
[2021.10.05-10.30.48:489][  0]LogWorld: UWorld::CleanupWorld for Untitled, bSessionEnded=true, bCleanupResources=true
[2021.10.05-10.30.48:498][  0]LogSlate: InvalidateAllWidgets triggered.  All widgets were invalidated
[2021.10.05-10.30.48:503][  0]MapCheck: New page: Map Check
[2021.10.05-10.30.48:504][  0]LightingResults: New page: Lighting Build
[2021.10.05-10.30.49:538][  0]LogUObjectHash: Compacting FUObjectHashTables data took  12.51ms
[2021.10.05-10.30.51:552][  0]LogBlueprint: Warning: [Compiler Ue4ASP_Character] InputAction Event references unknown Action 'Crouch' for  InputAction Crouch
[2021.10.05-10.30.51:555][  0]LogBlueprint: Warning: [Compiler Ue4ASP_Character] Input Axis Event references unknown Axis 'MoveRight' for  InputAxis MoveRight
[2021.10.05-10.30.54:290][  0]LogAIModule: Creating AISystem for world TestingMap
[2021.10.05-10.30.54:405][  0]LogEditorServer: Finished looking for orphan Actors (0.000 secs)
[2021.10.05-10.30.54:480][  0]LogUObjectHash: Compacting FUObjectHashTables data took   5.01ms
[2021.10.05-10.30.54:485][  0]Cmd: MAP CHECKDEP NOCLEARLOG
[2021.10.05-10.30.54:487][  0]MapCheck: Map check complete: 0 Error(s), 0 Warning(s), took 1.528ms to complete.
[2021.10.05-10.30.54:489][  0]LogFileHelpers: Loading map 'TestingMap' took 6.056
[2021.10.05-10.30.54:974][  0]LogSlate: Updating window title bar state: overlay mode, drag disabled, window buttons hidden, title bar hidden
[2021.10.05-10.30.54:998][  0]LogSlate: Updating window title bar state: overlay mode, drag disabled, window buttons hidden, title bar hidden
[2021.10.05-10.30.55:024][  0]LogSlate: Updating window title bar state: overlay mode, drag disabled, window buttons hidden, title bar hidden
[2021.10.05-10.30.55:046][  0]LogSlate: Updating window title bar state: overlay mode, drag disabled, window buttons hidden, title bar hidden
[2021.10.05-10.30.55:092][  0]LogCollectionManager: Loaded 0 collections in 0.006092 seconds
[2021.10.05-10.30.55:216][  0]LogFileCache: Scanning file cache for directory 'D:/assignment3 agp/Assessment-3-AGP/Week8StartingPoint/Saved/Collections/' took 0.00s
[2021.10.05-10.30.55:216][  0]LogFileCache: Scanning file cache for directory 'D:/assignment3 agp/Assessment-3-AGP/Week8StartingPoint/Content/Developers/habib/Collections/' took 0.00s
[2021.10.05-10.30.55:216][  0]LogFileCache: Scanning file cache for directory 'D:/assignment3 agp/Assessment-3-AGP/Week8StartingPoint/Content/Collections/' took 0.00s
[2021.10.05-10.30.55:216][  0]LogContentBrowser: Native class hierarchy populated in 0.0690 seconds. Added 3026 classes and 719 folders.
[2021.10.05-10.30.55:235][  0]LogContentBrowser: Native class hierarchy updated for 'WidgetCarousel' in 0.0010 seconds. Added 0 classes and 0 folders.
[2021.10.05-10.30.55:572][  0]LogContentBrowser: Native class hierarchy updated for 'AddContentDialog' in 0.0007 seconds. Added 0 classes and 0 folders.
[2021.10.05-10.30.55:609][  0]LogContentBrowser: Native class hierarchy updated for 'SceneOutliner' in 0.0010 seconds. Added 2 classes and 3 folders.
[2021.10.05-10.30.56:039][  0]LogSlate: Took 0.000993 seconds to synchronously load lazily loaded font '../../../Engine/Content/Slate/Fonts/Roboto-Regular.ttf' (155K)
[2021.10.05-10.30.56:048][  0]LogSlate: Took 0.001027 seconds to synchronously load lazily loaded font '../../../Engine/Content/Slate/Fonts/Roboto-Bold.ttf' (160K)
[2021.10.05-10.30.56:079][  0]LogSlate: Took 0.001424 seconds to synchronously load lazily loaded font '../../../Engine/Content/Editor/Slate/Fonts/FontAwesome.ttf' (139K)
[2021.10.05-10.30.56:356][  0]LogRenderer: Reallocating scene render targets to support 1208x600 Format 10 NumSamples 1 (Frame:1).
[2021.10.05-10.30.56:556][  0]LogSlate: Took 0.002374 seconds to synchronously load lazily loaded font '../../../Engine/Content/Slate/Fonts/Roboto-Light.ttf' (167K)
[2021.10.05-10.30.56:782][  0]LogContentBrowser: Native class hierarchy updated for 'HierarchicalLODOutliner' in 0.0013 seconds. Added 0 classes and 0 folders.
[2021.10.05-10.30.56:782][  0]LogLoad: (Engine Initialization) Total time: 50.52 seconds
[2021.10.05-10.30.56:782][  0]LogLoad: (Engine Initialization) Total Blueprint compile time: 0.00 seconds
[2021.10.05-10.30.56:933][  0]LogContentStreaming: Texture pool size now 1000 MB
[2021.10.05-10.30.57:389][  4]LogAssetRegistry: Asset discovery search completed in 35.4730 seconds
[2021.10.05-10.30.57:398][  4]LogCollectionManager: Fixed up redirectors for 0 collections in 0.000020 seconds (updated 0 objects)
[2021.10.05-10.30.59:883][ 88]LogSlate: Window 'Plugins' being destroyed
[2021.10.05-10.30.59:895][ 88]LogSlate: Window 'Plugins' being destroyed
[2021.10.05-10.30.59:896][ 88]LogDirectoryWatcher: A directory notification for '../../../Engine/Plugins/' was aborted.
[2021.10.05-10.31.10:648][488]LogSlate: Window 'Editor Preferences' being destroyed
[2021.10.05-10.31.10:675][488]LogSlate: Window 'Editor Preferences' being destroyed
[2021.10.05-10.31.12:532][520]LogSlate: Took 0.013433 seconds to synchronously load lazily loaded font '../../../Engine/Content/Slate/Fonts/Roboto-Light.ttf' (167K)
[2021.10.05-10.31.12:860][520]LogAssetEditorSubsystem: Opening Asset editor for Class /Script/AdvGamesProgramming.EnemyCharacter
[2021.10.05-10.31.14:792][589]LogAssetEditorSubsystem: Opening Asset editor for Class /Script/AdvGamesProgramming.AIManager
[2021.10.05-10.32.06:306][792]LogAssetEditorSubsystem: Opening Asset editor for Class /Script/AdvGamesProgramming.NavigationNode
[2021.10.05-10.33.34:612][533]LogAssetEditorSubsystem: Opening Asset editor for Class /Script/AdvGamesProgramming.AIManager
[2021.10.05-10.36.01:824][ 14]LogAudioMixer: Display: Audio Buffer Underrun detected.
[2021.10.05-11.02.04:004][209]LogAudioMixer: Display: Audio Buffer Underrun detected.
[2021.10.05-11.10.38:301][793]LogUObjectHash: Compacting FUObjectHashTables data took  34.80ms
[2021.10.05-11.10.38:704][793]LogSlate: Window 'AdvGamesProgramming - Unreal Editor' being destroyed
[2021.10.05-11.10.38:725][793]LogWindowsTextInputMethodSystem: Display: IME system now deactivated.
[2021.10.05-11.10.39:564][794]Cmd: QUIT_EDITOR
[2021.10.05-11.10.39:565][794]LogCore: Engine exit requested (reason: UUnrealEdEngine::CloseEditor())
[2021.10.05-11.10.39:650][794]LogCore: Engine exit requested (reason: EngineExit() was called; note: exit was already requested)
[2021.10.05-11.10.39:808][794]LogAudioMixer: Display: No commands were queued while flushing the source manager.
[2021.10.05-11.10.40:251][794]LogExit: Preparing to exit.
[2021.10.05-11.10.41:510][794]LogDemo: Cleaned up 0 splitscreen connections with owner deletion
[2021.10.05-11.10.41:642][794]LogWorld: UWorld::CleanupWorld for None, bSessionEnded=true, bCleanupResources=true
[2021.10.05-11.10.41:657][794]LogExit: Editor shut down
[2021.10.05-11.10.41:670][794]LogExit: Transaction tracking system shut down
[2021.10.05-11.10.42:759][794]LogExit: Object subsystem successfully closed.
[2021.10.05-11.10.42:870][794]LogShaderCompilers: Display: Shaders left to compile 0
[2021.10.05-11.10.43:417][794]LogModuleManager: Shutting down and abandoning module HierarchicalLODOutliner (710)
[2021.10.05-11.10.43:418][794]LogModuleManager: Shutting down and abandoning module SceneOutliner (708)
[2021.10.05-11.10.43:421][794]LogModuleManager: Shutting down and abandoning module AddContentDialog (706)
[2021.10.05-11.10.43:503][794]LogModuleManager: Shutting down and abandoning module WidgetCarousel (705)
[2021.10.05-11.10.43:503][794]LogModuleManager: Shutting down and abandoning module EditorWidgets (702)
[2021.10.05-11.10.43:503][794]LogModuleManager: Shutting down and abandoning module CollectionManager (700)
[2021.10.05-11.10.43:504][794]LogModuleManager: Shutting down and abandoning module StatsViewer (698)
[2021.10.05-11.10.43:506][794]LogModuleManager: Shutting down and abandoning module VirtualTexturingEditor (696)
[2021.10.05-11.10.43:506][794]LogModuleManager: Shutting down and abandoning module FoliageEdit (694)
[2021.10.05-11.10.43:507][794]LogModuleManager: Shutting down and abandoning module LandscapeEditor (692)
[2021.10.05-11.10.43:514][794]LogModuleManager: Shutting down and abandoning module MeshPaintMode (690)
[2021.10.05-11.10.43:514][794]LogModuleManager: Shutting down and abandoning module SceneDepthPickerMode (688)
[2021.10.05-11.10.43:514][794]LogModuleManager: Shutting down and abandoning module ActorPickerMode (686)
[2021.10.05-11.10.43:514][794]LogModuleManager: Shutting down and abandoning module GeometryMode (684)
[2021.10.05-11.10.43:515][794]LogModuleManager: Shutting down and abandoning module TextureAlignMode (682)
[2021.10.05-11.10.43:515][794]LogModuleManager: Shutting down and abandoning module BspMode (680)
[2021.10.05-11.10.43:515][794]LogModuleManager: Shutting down and abandoning module PIEPreviewDeviceProfileSelector (678)
[2021.10.05-11.10.43:517][794]LogModuleManager: Shutting down and abandoning module SequenceRecorderSections (676)
[2021.10.05-11.10.43:517][794]LogModuleManager: Shutting down and abandoning module AutomationWorker (674)
[2021.10.05-11.10.43:519][794]LogModuleManager: Shutting down and abandoning module SteamVREditor (672)
[2021.10.05-11.10.43:519][794]LogModuleManager: Shutting down and abandoning module OculusMR (670)
[2021.10.05-11.10.43:519][794]LogModuleManager: Shutting down and abandoning module AudioCaptureEditor (668)
[2021.10.05-11.10.43:520][794]LogModuleManager: Shutting down and abandoning module MatineeToLevelSequence (666)
[2021.10.05-11.10.43:522][794]LogModuleManager: Shutting down and abandoning module LevelSequenceEditor (664)
[2021.10.05-11.10.43:533][794]LogModuleManager: Shutting down and abandoning module PlacementMode (663)
[2021.10.05-11.10.43:534][794]LogModuleManager: Shutting down and abandoning module MaterialEditor (662)
[2021.10.05-11.10.43:571][794]LogModuleManager: Shutting down and abandoning module ActorSequenceEditor (658)
[2021.10.05-11.10.43:574][794]LogModuleManager: Shutting down and abandoning module WmfMediaFactory (656)
[2021.10.05-11.10.43:574][794]LogModuleManager: Shutting down and abandoning module WmfMediaEditor (654)
[2021.10.05-11.10.43:574][794]LogModuleManager: Shutting down and abandoning module WebMMediaFactory (652)
[2021.10.05-11.10.43:575][794]LogModuleManager: Shutting down and abandoning module WebMMediaEditor (650)
[2021.10.05-11.10.43:575][794]LogModuleManager: Shutting down and abandoning module WebMMedia (648)
[2021.10.05-11.10.43:575][794]LogModuleManager: Shutting down and abandoning module MediaPlayerEditor (646)
[2021.10.05-11.10.43:577][794]LogModuleManager: Shutting down and abandoning module MediaCompositingEditor (644)
[2021.10.05-11.10.43:581][794]LogModuleManager: Shutting down and abandoning module SequenceRecorder (643)
[2021.10.05-11.10.43:581][794]LogModuleManager: Shutting down and abandoning module OpenExrWrapper (640)
[2021.10.05-11.10.43:581][794]LogModuleManager: Shutting down and abandoning module ImgMediaFactory (638)
[2021.10.05-11.10.43:581][794]LogModuleManager: Shutting down and abandoning module ImgMediaEditor (636)
[2021.10.05-11.10.43:582][794]LogModuleManager: Shutting down and abandoning module AvfMediaFactory (634)
[2021.10.05-11.10.43:582][794]LogModuleManager: Shutting down and abandoning module AvfMediaEditor (632)
[2021.10.05-11.10.43:582][794]LogModuleManager: Shutting down and abandoning module AndroidMediaFactory (630)
[2021.10.05-11.10.43:582][794]LogModuleManager: Shutting down and abandoning module AndroidMediaEditor (628)
[2021.10.05-11.10.43:582][794]LogModuleManager: Shutting down and abandoning module MagicLeapMediaCodecFactory (626)
[2021.10.05-11.10.43:583][794]LogModuleManager: Shutting down and abandoning module MagicLeapMediaFactory (624)
[2021.10.05-11.10.43:583][794]LogModuleManager: Shutting down and abandoning module MagicLeapMediaEditor (622)
[2021.10.05-11.10.43:583][794]LogModuleManager: Shutting down and abandoning module CharacterAI (620)
[2021.10.05-11.10.43:583][794]LogModuleManager: Shutting down and abandoning module SmartSnapping (618)
[2021.10.05-11.10.43:584][794]LogModuleManager: Shutting down and abandoning module SessionServices (616)
[2021.10.05-11.10.43:584][794]LogModuleManager: Shutting down and abandoning module MeshPaint (614)
[2021.10.05-11.10.43:587][794]LogModuleManager: Shutting down and abandoning module ViewportSnapping (612)
[2021.10.05-11.10.43:587][794]LogModuleManager: Shutting down and abandoning module ViewportInteraction (610)
[2021.10.05-11.10.43:587][794]LogModuleManager: Shutting down and abandoning module ClothPainter (608)
[2021.10.05-11.10.43:590][794]LogModuleManager: Shutting down and abandoning module SkeletalMeshEditor (607)
[2021.10.05-11.10.43:593][794]LogModuleManager: Shutting down and abandoning module LogVisualizer (604)
[2021.10.05-11.10.43:596][794]LogModuleManager: Shutting down and abandoning module IntroTutorials (602)
[2021.10.05-11.10.43:598][794]LogModuleManager: Shutting down and abandoning module GameProjectGeneration (601)
[2021.10.05-11.10.43:601][794]LogModuleManager: Shutting down and abandoning module LuminPlatformEditor (598)
[2021.10.05-11.10.43:601][794]LogModuleManager: Shutting down and abandoning module IOSPlatformEditor (596)
[2021.10.05-11.10.43:602][794]LogModuleManager: Shutting down and abandoning module AndroidPlatformEditor (594)
[2021.10.05-11.10.43:602][794]LogModuleManager: Shutting down and abandoning module AndroidDeviceDetection (593)
[2021.10.05-11.10.44:199][794]LogModuleManager: Shutting down and abandoning module WindowsPlatformEditor (590)
[2021.10.05-11.10.44:199][794]LogModuleManager: Shutting down and abandoning module LuminRuntimeSettings (588)
[2021.10.05-11.10.44:199][794]LogModuleManager: Shutting down and abandoning module IOSRuntimeSettings (586)
[2021.10.05-11.10.44:199][794]LogModuleManager: Shutting down and abandoning module AndroidRuntimeSettings (584)
[2021.10.05-11.10.44:199][794]LogModuleManager: Shutting down and abandoning module EditorInteractiveToolsFramework (582)
[2021.10.05-11.10.44:199][794]LogModuleManager: Shutting down and abandoning module TimeManagementEditor (580)
[2021.10.05-11.10.44:200][794]LogModuleManager: Shutting down and abandoning module InputBindingEditor (578)
[2021.10.05-11.10.44:200][794]LogModuleManager: Shutting down and abandoning module MergeActors (576)
[2021.10.05-11.10.44:202][794]LogModuleManager: Shutting down and abandoning module LocalizationDashboard (574)
[2021.10.05-11.10.44:203][794]LogModuleManager: Shutting down and abandoning module LocalizationService (573)
[2021.10.05-11.10.44:204][794]LogModuleManager: Shutting down and abandoning module HardwareTargeting (570)
[2021.10.05-11.10.44:204][794]LogModuleManager: Shutting down and abandoning module DeviceProfileEditor (568)
[2021.10.05-11.10.44:205][794]LogModuleManager: Shutting down and abandoning module UndoHistory (566)
[2021.10.05-11.10.44:206][794]LogModuleManager: Shutting down and abandoning module XmlParser (564)
[2021.10.05-11.10.44:207][794]LogModuleManager: Shutting down and abandoning module Blutility (562)
[2021.10.05-11.10.44:207][794]LogModuleManager: Shutting down and abandoning module ProjectSettingsViewer (560)
[2021.10.05-11.10.44:210][794]LogModuleManager: Shutting down and abandoning module ProjectTargetPlatformEditor (559)
[2021.10.05-11.10.44:214][794]LogModuleManager: Shutting down and abandoning module EditorSettingsViewer (556)
[2021.10.05-11.10.44:216][794]LogModuleManager: Shutting down and abandoning module SettingsEditor (554)
[2021.10.05-11.10.44:222][794]LogModuleManager: Shutting down and abandoning module ProjectLauncher (552)
[2021.10.05-11.10.44:229][794]LogModuleManager: Shutting down and abandoning module SessionFrontend (550)
[2021.10.05-11.10.44:230][794]LogModuleManager: Shutting down and abandoning module ProfilerClient (548)
[2021.10.05-11.10.44:231][794]LogModuleManager: Shutting down and abandoning module DeviceManager (546)
[2021.10.05-11.10.44:232][794]LogModuleManager: Shutting down and abandoning module TargetDeviceServices (545)
[2021.10.05-11.10.44:269][794]LogModuleManager: Shutting down and abandoning module AutomationController (542)
[2021.10.05-11.10.44:270][794]LogModuleManager: Shutting down and abandoning module AutomationWindow (540)
[2021.10.05-11.10.44:271][794]LogModuleManager: Shutting down and abandoning module Layers (538)
[2021.10.05-11.10.44:274][794]LogModuleManager: Shutting down and abandoning module ComponentVisualizers (536)
[2021.10.05-11.10.44:274][794]LogModuleManager: Shutting down and abandoning module DetailCustomizations (534)
[2021.10.05-11.10.44:281][794]LogModuleManager: Shutting down and abandoning module PackagesDialog (532)
[2021.10.05-11.10.44:282][794]LogModuleManager: Shutting down and abandoning module AnimationBlueprintEditor (530)
[2021.10.05-11.10.44:298][794]LogModuleManager: Shutting down and abandoning module Persona (528)
[2021.10.05-11.10.44:302][794]LogModuleManager: Shutting down and abandoning module AdvancedPreviewScene (527)
[2021.10.05-11.10.44:302][794]LogModuleManager: Shutting down and abandoning module AnimGraph (525)
[2021.10.05-11.10.44:302][794]LogModuleManager: Shutting down and abandoning module Kismet (522)
[2021.10.05-11.10.44:313][794]LogModuleManager: Shutting down and abandoning module KismetWidgets (521)
[2021.10.05-11.10.44:313][794]LogModuleManager: Shutting down and abandoning module GraphEditor (518)
[2021.10.05-11.10.44:318][794]LogModuleManager: Shutting down and abandoning module StructViewer (516)
[2021.10.05-11.10.44:319][794]LogModuleManager: Shutting down and abandoning module ClassViewer (514)
[2021.10.05-11.10.44:319][794]LogModuleManager: Shutting down and abandoning module Toolbox (512)
[2021.10.05-11.10.44:319][794]LogModuleManager: Shutting down and abandoning module ModuleUI (510)
[2021.10.05-11.10.44:320][794]LogModuleManager: Shutting down and abandoning module OutputLog (508)
[2021.10.05-11.10.44:321][794]LogModuleManager: Shutting down and abandoning module GammaUI (506)
[2021.10.05-11.10.44:321][794]LogModuleManager: Shutting down and abandoning module Documentation (504)
[2021.10.05-11.10.44:328][794]LogModuleManager: Shutting down and abandoning module ToolMenus (502)
[2021.10.05-11.10.44:329][794]LogModuleManager: Shutting down and abandoning module LiveCoding (500)
[2021.10.05-11.10.44:330][794]LogModuleManager: Shutting down and abandoning module LevelSequence (498)
[2021.10.05-11.10.44:331][794]LogModuleManager: Shutting down and abandoning module MovieSceneTracks (496)
[2021.10.05-11.10.44:331][794]LogModuleManager: Shutting down and abandoning module MovieScene (494)
[2021.10.05-11.10.44:331][794]LogModuleManager: Shutting down and abandoning module StreamingPauseRendering (492)
[2021.10.05-11.10.44:333][794]LogModuleManager: Shutting down and abandoning module LauncherPlatform (490)
[2021.10.05-11.10.44:333][794]LogModuleManager: Shutting down and abandoning module AnalyticsET (488)
[2021.10.05-11.10.44:333][794]LogModuleManager: Shutting down and abandoning module PortalServices (486)
[2021.10.05-11.10.44:333][794]LogModuleManager: Shutting down and abandoning module PortalRpc (484)
[2021.10.05-11.10.44:333][794]LogModuleManager: Shutting down and abandoning module MessagingRpc (482)
[2021.10.05-11.10.44:333][794]LogModuleManager: Shutting down and abandoning module AudioMixerXAudio2 (480)
[2021.10.05-11.10.44:333][794]LogModuleManager: Shutting down and abandoning module AIModule (478)
[2021.10.05-11.10.44:334][794]LogModuleManager: Shutting down and abandoning module GameplayDebugger (477)
[2021.10.05-11.10.44:335][794]LogModuleManager: Shutting down and abandoning module AITestSuite (475)
[2021.10.05-11.10.44:335][794]LogModuleManager: Shutting down and abandoning module NavigationSystem (473)
[2021.10.05-11.10.44:336][794]LogModuleManager: Shutting down and abandoning module ImageWriteQueue (470)
[2021.10.05-11.10.44:358][794]LogModuleManager: Shutting down and abandoning module ProfilerService (468)
[2021.10.05-11.10.44:436][794]LogModuleManager: Shutting down and abandoning module TaskGraph (466)
[2021.10.05-11.10.44:438][794]LogModuleManager: Shutting down and abandoning module ScreenshotTools (464)
[2021.10.05-11.10.44:438][794]LogModuleManager: Shutting down and abandoning module ProceduralMeshComponentEditor (462)
[2021.10.05-11.10.44:439][794]LogModuleManager: Shutting down and abandoning module ProceduralMeshComponent (460)
[2021.10.05-11.10.44:439][794]LogModuleManager: Shutting down and abandoning module OculusEditor (458)
[2021.10.05-11.10.44:441][794]LogModuleManager: Shutting down and abandoning module OculusInput (456)
[2021.10.05-11.10.44:441][794]LogModuleManager: Shutting down and abandoning module MobilePatchingUtils (454)
[2021.10.05-11.10.44:441][794]LogModuleManager: Shutting down and abandoning module EditableMesh (452)
[2021.10.05-11.10.44:442][794]LogModuleManager: Shutting down and abandoning module CustomMeshComponent (450)
[2021.10.05-11.10.44:442][794]LogModuleManager: Shutting down and abandoning module CableComponent (448)
[2021.10.05-11.10.44:442][794]LogModuleManager: Shutting down and abandoning module AudioCapture (446)
[2021.10.05-11.10.44:442][794]LogModuleManager: Shutting down and abandoning module AudioCaptureRtAudio (445)
[2021.10.05-11.10.44:444][794]LogModuleManager: Shutting down and abandoning module AssetTags (442)
[2021.10.05-11.10.44:444][794]LogModuleManager: Shutting down and abandoning module ArchVisCharacter (440)
[2021.10.05-11.10.44:444][794]LogModuleManager: Shutting down and abandoning module AppleImageUtilsBlueprintSupport (438)
[2021.10.05-11.10.44:444][794]LogModuleManager: Shutting down and abandoning module AppleImageUtils (436)
[2021.10.05-11.10.44:444][794]LogModuleManager: Shutting down and abandoning module AndroidPermission (434)
[2021.10.05-11.10.44:444][794]LogModuleManager: Shutting down and abandoning module NUTUnrealEngine4 (432)
[2021.10.05-11.10.44:445][794]LogModuleManager: Shutting down and abandoning module NetcodeUnitTest (430)
[2021.10.05-11.10.44:448][794]LogModuleManager: Shutting down and abandoning module MediaCompositing (428)
[2021.10.05-11.10.44:448][794]LogModuleManager: Shutting down and abandoning module ImgMedia (426)
[2021.10.05-11.10.44:448][794]LogModuleManager: Shutting down and abandoning module RiderSourceCodeAccess (424)
[2021.10.05-11.10.44:448][794]LogModuleManager: Shutting down and abandoning module MagicLeapHelperVulkan (422)
[2021.10.05-11.10.44:449][794]LogModuleManager: Shutting down and abandoning module MagicLeapHelperOpenGL (420)
[2021.10.05-11.10.44:449][794]LogModuleManager: Shutting down and abandoning module MagicLeapAudio (418)
[2021.10.05-11.10.44:449][794]LogModuleManager: Shutting down and abandoning module GeometryCacheTracks (416)
[2021.10.05-11.10.44:449][794]LogModuleManager: Shutting down and abandoning module GeometryCacheSequencer (414)
[2021.10.05-11.10.44:449][794]LogModuleManager: Shutting down and abandoning module BackChannel (412)
[2021.10.05-11.10.44:449][794]LogModuleManager: Shutting down and abandoning module AutomationUtilsEditor (410)
[2021.10.05-11.10.44:449][794]LogModuleManager: Shutting down and abandoning module AutomationUtils (408)
[2021.10.05-11.10.44:449][794]LogModuleManager: Shutting down and abandoning module AlembicImporter (406)
[2021.10.05-11.10.44:449][794]LogModuleManager: Shutting down and abandoning module AlembicLibrary (405)
[2021.10.05-11.10.44:450][794]LogModuleManager: Shutting down and abandoning module GeometryCache (404)
[2021.10.05-11.10.44:450][794]LogModuleManager: Shutting down and abandoning module GeometryCacheEd (403)
[2021.10.05-11.10.44:450][794]LogModuleManager: Shutting down and abandoning module VariantManagerContentEditor (398)
[2021.10.05-11.10.44:450][794]LogModuleManager: Shutting down and abandoning module DatasmithContentEditor (396)
[2021.10.05-11.10.44:451][794]LogModuleManager: Shutting down and abandoning module SpeedTreeImporter (394)
[2021.10.05-11.10.44:451][794]LogModuleManager: Shutting down and abandoning module PluginBrowser (392)
[2021.10.05-11.10.44:458][794]LogModuleManager: Shutting down and abandoning module MobileLauncherProfileWizard (390)
[2021.10.05-11.10.44:459][794]LogModuleManager: Shutting down and abandoning module MaterialAnalyzer (388)
[2021.10.05-11.10.44:461][794]LogModuleManager: Shutting down and abandoning module CurveEditorTools (386)
[2021.10.05-11.10.44:463][794]LogModuleManager: Shutting down and abandoning module CryptoKeysOpenSSL (384)
[2021.10.05-11.10.44:464][794]LogModuleManager: Shutting down and abandoning module CryptoKeys (382)
[2021.10.05-11.10.44:464][794]LogModuleManager: Shutting down and abandoning module VisualStudioSourceCodeAccess (380)
[2021.10.05-11.10.44:464][794]LogModuleManager: Shutting down and abandoning module VisualStudioCodeSourceCodeAccess (378)
[2021.10.05-11.10.44:464][794]LogModuleManager: Shutting down and abandoning module UObjectPlugin (376)
[2021.10.05-11.10.44:464][794]LogModuleManager: Shutting down and abandoning module SubversionSourceControl (374)
[2021.10.05-11.10.44:465][794]LogModuleManager: Shutting down and abandoning module RiderGameControlExtension (372)
[2021.10.05-11.10.44:466][794]LogModuleManager: Shutting down and abandoning module RiderBlueprintExtension (370)
[2021.10.05-11.10.44:467][794]LogModuleManager: Shutting down and abandoning module PlasticSourceControl (368)
[2021.10.05-11.10.44:469][794]LogModuleManager: Shutting down and abandoning module PerforceSourceControl (366)
[2021.10.05-11.10.44:471][794]LogModuleManager: Shutting down and abandoning module GitSourceControl (364)
[2021.10.05-11.10.44:473][794]LogModuleManager: Shutting down and abandoning module SourceControl (363)
[2021.10.05-11.10.44:473][794]LogModuleManager: Shutting down and abandoning module CLionSourceCodeAccess (360)
[2021.10.05-11.10.44:473][794]LogModuleManager: Shutting down and abandoning module AnimationSharingEd (358)
[2021.10.05-11.10.44:473][794]LogModuleManager: Shutting down and abandoning module ActorLayerUtilitiesEditor (356)
[2021.10.05-11.10.44:474][794]LogModuleManager: Shutting down and abandoning module ActorLayerUtilities (354)
[2021.10.05-11.10.44:474][794]LogModuleManager: Shutting down and abandoning module LightPropagationVolumeEditor (352)
[2021.10.05-11.10.44:474][794]LogModuleManager: Shutting down and abandoning module PaperTiledImporter (350)
[2021.10.05-11.10.44:474][794]LogModuleManager: Shutting down and abandoning module PaperSpriteSheetImporter (348)
[2021.10.05-11.10.44:474][794]LogModuleManager: Shutting down and abandoning module Paper2DEditor (346)
[2021.10.05-11.10.44:476][794]LogModuleManager: Shutting down and abandoning module AdvGamesProgramming (344)
[2021.10.05-11.10.44:476][794]LogModuleManager: Shutting down and abandoning module SignificanceManager (342)
[2021.10.05-11.10.44:477][794]LogModuleManager: Shutting down and abandoning module RuntimePhysXCooking (340)
[2021.10.05-11.10.44:477][794]LogModuleManager: Shutting down and abandoning module PhysXVehiclesEditor (338)
[2021.10.05-11.10.44:477][794]LogModuleManager: Shutting down and abandoning module LocationServicesBPLibrary (334)
[2021.10.05-11.10.44:477][794]LogModuleManager: Shutting down and abandoning module ActorSequence (332)
[2021.10.05-11.10.44:477][794]LogModuleManager: Shutting down and abandoning module UdpMessaging (330)
[2021.10.05-11.10.44:579][794]LogModuleManager: Shutting down and abandoning module TcpMessaging (328)
[2021.10.05-11.10.44:681][794]LogModuleManager: Shutting down and abandoning module MagicLeapPrivileges (326)
[2021.10.05-11.10.44:681][794]LogModuleManager: Shutting down and abandoning module MagicLeapPlanes (324)
[2021.10.05-11.10.44:682][794]LogMagicLeapPlanes: Planes tracker already destroyed.
[2021.10.05-11.10.44:682][794]LogModuleManager: Shutting down and abandoning module MagicLeapIdentity (322)
[2021.10.05-11.10.44:682][794]LogModuleManager: Shutting down and abandoning module MagicLeapSecureStorage (320)
[2021.10.05-11.10.44:682][794]LogModuleManager: Shutting down and abandoning module MagicLeapImageTracker (318)
[2021.10.05-11.10.44:683][794]LogModuleManager: Shutting down and abandoning module MagicLeapHandTracking (316)
[2021.10.05-11.10.44:684][794]LogModuleManager: Shutting down and abandoning module MagicLeapHandMeshing (314)
[2021.10.05-11.10.44:684][794]LogModuleManager: Shutting down and abandoning module MagicLeapEyeTracker (312)
[2021.10.05-11.10.44:685][794]LogModuleManager: Shutting down and abandoning module MagicLeapController (310)
[2021.10.05-11.10.44:687][794]LogSlate: Slate User Destroyed.  User Index 0, Is Virtual User: 0
[2021.10.05-11.10.44:688][794]LogModuleManager: Shutting down and abandoning module MagicLeapARPin (308)
[2021.10.05-11.10.44:688][794]LogModuleManager: Shutting down and abandoning module MagicLeapAR (306)
[2021.10.05-11.10.44:688][794]LogModuleManager: Shutting down and abandoning module AugmentedReality (305)
[2021.10.05-11.10.44:688][794]LogModuleManager: Shutting down and abandoning module GameplayTagsEditor (302)
[2021.10.05-11.10.44:689][794]LogModuleManager: Shutting down and abandoning module FacialAnimationEditor (300)
[2021.10.05-11.10.44:689][794]LogModuleManager: Shutting down and abandoning module FacialAnimation (298)
[2021.10.05-11.10.44:689][794]LogModuleManager: Shutting down and abandoning module DataValidation (296)
[2021.10.05-11.10.44:690][794]LogModuleManager: Shutting down and abandoning module AssetManagerEditor (294)
[2021.10.05-11.10.44:691][794]LogModuleManager: Shutting down and abandoning module LevelEditor (293)
[2021.10.05-11.10.44:715][794]LogModuleManager: Shutting down and abandoning module PixelInspectorModule (292)
[2021.10.05-11.10.44:717][794]LogModuleManager: Shutting down and abandoning module CommonMenuExtensions (290)
[2021.10.05-11.10.44:718][794]LogModuleManager: Shutting down and abandoning module MainFrame (288)
[2021.10.05-11.10.44:720][794]LogModuleManager: Shutting down and abandoning module HotReload (287)
[2021.10.05-11.10.44:722][794]LogModuleManager: Shutting down and abandoning module ContentBrowser (283)
[2021.10.05-11.10.44:732][794]LogModuleManager: Shutting down and abandoning module TreeMap (281)
[2021.10.05-11.10.44:733][794]LogModuleManager: Shutting down and abandoning module RiderLoggingExtension (278)
[2021.10.05-11.10.44:733][794]LogModuleManager: Shutting down and abandoning module RiderLink (276)
[2021.10.05-11.10.44:742][794]LogModuleManager: Shutting down and abandoning module RD (274)
[2021.10.05-11.10.44:742][794]LogModuleManager: Shutting down and abandoning module AnimationSharing (272)
[2021.10.05-11.10.44:742][794]LogModuleManager: Shutting down and abandoning module LightPropagationVolumeRuntime (270)
[2021.10.05-11.10.44:742][794]LogModuleManager: Shutting down and abandoning module Paper2D (268)
[2021.10.05-11.10.44:743][794]LogModuleManager: Shutting down and abandoning module WindowsMoviePlayer (266)
[2021.10.05-11.10.44:755][794]LogModuleManager: Shutting down and abandoning module WebMMoviePlayer (264)
[2021.10.05-11.10.44:755][794]LogModuleManager: Shutting down and abandoning module NetworkReplayStreaming (262)
[2021.10.05-11.10.44:755][794]LogModuleManager: Shutting down and abandoning module PacketHandler (260)
[2021.10.05-11.10.44:755][794]LogModuleManager: Shutting down and abandoning module ClothingSystemEditor (258)
[2021.10.05-11.10.44:756][794]LogModuleManager: Shutting down and abandoning module ClothingSystemRuntimeNv (256)
[2021.10.05-11.10.44:758][794]LogModuleManager: Shutting down and abandoning module MediaAssets (254)
[2021.10.05-11.10.44:758][794]LogModuleManager: Shutting down and abandoning module Overlay (252)
[2021.10.05-11.10.44:758][794]LogModuleManager: Shutting down and abandoning module OverlayEditor (251)
[2021.10.05-11.10.44:758][794]LogModuleManager: Shutting down and abandoning module VREditor (248)
[2021.10.05-11.10.44:759][794]LogModuleManager: Shutting down and abandoning module StringTableEditor (246)
[2021.10.05-11.10.44:760][794]LogModuleManager: Shutting down and abandoning module GameplayTasksEditor (244)
[2021.10.05-11.10.44:761][794]LogModuleManager: Shutting down and abandoning module BehaviorTreeEditor (242)
[2021.10.05-11.10.44:765][794]LogModuleManager: Shutting down and abandoning module FunctionalTesting (240)
[2021.10.05-11.10.44:766][794]LogModuleManager: Shutting down and abandoning module CollisionAnalyzer (238)
[2021.10.05-11.10.44:768][794]LogModuleManager: Shutting down and abandoning module WorkspaceMenuStructure (237)
[2021.10.05-11.10.44:770][794]LogModuleManager: Shutting down and abandoning module UMG (234)
[2021.10.05-11.10.44:770][794]LogModuleManager: Shutting down and abandoning module UMGEditor (233)
[2021.10.05-11.10.44:773][794]LogModuleManager: Shutting down and abandoning module MessageLog (231)
[2021.10.05-11.10.44:774][794]LogModuleManager: Shutting down and abandoning module SlateReflector (226)
[2021.10.05-11.10.44:780][794]LogModuleManager: Shutting down and abandoning module Slate (224)
[2021.10.05-11.10.44:781][794]LogModuleManager: Shutting down and abandoning module SlateCore (222)
[2021.10.05-11.10.44:781][794]LogModuleManager: Shutting down and abandoning module LandscapeEditorUtilities (220)
[2021.10.05-11.10.44:781][794]LogModuleManager: Shutting down and abandoning module UnrealEd (218)
[2021.10.05-11.10.44:781][794]LogModuleManager: Shutting down and abandoning module MRMesh (216)
[2021.10.05-11.10.44:781][794]LogModuleManager: Shutting down and abandoning module SourceCodeAccess (214)
[2021.10.05-11.10.44:781][794]LogModuleManager: Shutting down and abandoning module HeadMountedDisplay (212)
[2021.10.05-11.10.44:781][794]LogModuleManager: Shutting down and abandoning module XAudio2 (210)
[2021.10.05-11.10.44:782][794]LogModuleManager: Shutting down and abandoning module Networking (208)
[2021.10.05-11.10.44:782][794]LogModuleManager: Shutting down and abandoning module Core (206)
[2021.10.05-11.10.44:782][794]LogModuleManager: Shutting down and abandoning module MovieSceneTools (204)
[2021.10.05-11.10.44:786][794]LogModuleManager: Shutting down and abandoning module CurveEditor (203)
[2021.10.05-11.10.44:788][794]LogModuleManager: Shutting down and abandoning module Sequencer (201)
[2021.10.05-11.10.44:794][794]LogModuleManager: Shutting down and abandoning module EditorStyle (200)
[2021.10.05-11.10.44:808][794]LogModuleManager: Shutting down and abandoning module KismetCompiler (196)
[2021.10.05-11.10.44:809][794]LogModuleManager: Shutting down and abandoning module MeshUtilities (194)
[2021.10.05-11.10.44:810][794]LogModuleManager: Shutting down and abandoning module MeshMergeUtilities (193)
[2021.10.05-11.10.44:811][794]LogModuleManager: Shutting down and abandoning module MeshReductionInterface (192)
[2021.10.05-11.10.44:812][794]LogModuleManager: Shutting down and abandoning module MeshBoneReduction (191)
[2021.10.05-11.10.44:813][794]LogModuleManager: Shutting down and abandoning module SkeletalMeshReduction (189)
[2021.10.05-11.10.44:813][794]LogModuleManager: Shutting down and abandoning module ProxyLODMeshReduction (187)
[2021.10.05-11.10.44:816][794]LogModuleManager: Shutting down and abandoning module QuadricMeshReduction (185)
[2021.10.05-11.10.44:816][794]LogModuleManager: Shutting down and abandoning module MaterialBaking (181)
[2021.10.05-11.10.44:816][794]LogModuleManager: Shutting down and abandoning module NullInstallBundleManager (176)
[2021.10.05-11.10.44:816][794]LogModuleManager: Shutting down and abandoning module DerivedDataCache (174)
[2021.10.05-11.10.44:817][794]LogDerivedDataCache: Shutdown
[2021.10.05-11.10.44:817][794]LogModuleManager: Shutting down and abandoning module XGEController (172)
[2021.10.05-11.10.44:819][794]LogModuleManager: Shutting down and abandoning module TargetPlatform (170)
[2021.10.05-11.10.44:821][794]LogModuleManager: Shutting down and abandoning module VulkanShaderFormat (169)
[2021.10.05-11.10.44:822][794]LogModuleManager: Shutting down and abandoning module ShaderFormatVectorVM (167)
[2021.10.05-11.10.44:822][794]LogModuleManager: Shutting down and abandoning module ShaderFormatOpenGL (165)
[2021.10.05-11.10.44:823][794]LogModuleManager: Shutting down and abandoning module ShaderFormatD3D (163)
[2021.10.05-11.10.44:823][794]LogModuleManager: Shutting down and abandoning module MetalShaderFormat (161)
[2021.10.05-11.10.44:824][794]LogModuleManager: Shutting down and abandoning module TextureFormatUncompressed (159)
[2021.10.05-11.10.44:824][794]LogModuleManager: Shutting down and abandoning module TextureFormatPVR (157)
[2021.10.05-11.10.44:824][794]LogModuleManager: Shutting down and abandoning module TextureFormatDXT (155)
[2021.10.05-11.10.44:825][794]LogModuleManager: Shutting down and abandoning module TextureFormatIntelISPCTexComp (153)
[2021.10.05-11.10.44:828][794]LogModuleManager: Shutting down and abandoning module TextureFormatASTC (151)
[2021.10.05-11.10.44:828][794]LogModuleManager: Shutting down and abandoning module ImageWrapper (150)
[2021.10.05-11.10.44:828][794]LogModuleManager: Shutting down and abandoning module TextureFormatAndroid (147)
[2021.10.05-11.10.44:828][794]LogModuleManager: Shutting down and abandoning module AudioFormatOpus (145)
[2021.10.05-11.10.44:829][794]LogModuleManager: Shutting down and abandoning module AudioFormatOgg (143)
[2021.10.05-11.10.44:829][794]LogModuleManager: Shutting down and abandoning module AudioFormatADPCM (141)
[2021.10.05-11.10.44:829][794]LogModuleManager: Shutting down and abandoning module WindowsServerTargetPlatform (139)
[2021.10.05-11.10.44:829][794]LogModuleManager: Shutting down and abandoning module WindowsClientTargetPlatform (137)
[2021.10.05-11.10.44:830][794]LogModuleManager: Shutting down and abandoning module WindowsTargetPlatform (135)
[2021.10.05-11.10.44:830][794]LogModuleManager: Shutting down and abandoning module WindowsNoEditorTargetPlatform (133)
[2021.10.05-11.10.44:831][794]LogModuleManager: Shutting down and abandoning module TVOSTargetPlatform (131)
[2021.10.05-11.10.44:878][794]LogModuleManager: Shutting down and abandoning module LuminTargetPlatform (129)
[2021.10.05-11.10.44:894][794]LogModuleManager: Shutting down and abandoning module LinuxAArch64ServerTargetPlatform (127)
[2021.10.05-11.10.44:895][794]LogModuleManager: Shutting down and abandoning module LinuxAArch64ClientTargetPlatform (125)
[2021.10.05-11.10.44:895][794]LogModuleManager: Shutting down and abandoning module LinuxAArch64NoEditorTargetPlatform (123)
[2021.10.05-11.10.44:896][794]LogModuleManager: Shutting down and abandoning module LinuxServerTargetPlatform (121)
[2021.10.05-11.10.44:897][794]LogModuleManager: Shutting down and abandoning module LinuxClientTargetPlatform (119)
[2021.10.05-11.10.44:897][794]LogModuleManager: Shutting down and abandoning module LinuxNoEditorTargetPlatform (117)
[2021.10.05-11.10.44:898][794]LogModuleManager: Shutting down and abandoning module Messaging (115)
[2021.10.05-11.10.44:898][794]LogModuleManager: Shutting down and abandoning module IOSTargetPlatform (113)
[2021.10.05-11.10.44:905][794]LogModuleManager: Shutting down and abandoning module AndroidTargetPlatform (111)
[2021.10.05-11.10.44:977][794]LogModuleManager: Shutting down and abandoning module AllDesktopTargetPlatform (109)
[2021.10.05-11.10.44:977][794]LogModuleManager: Shutting down and abandoning module InputCore (106)
[2021.10.05-11.10.44:978][794]LogModuleManager: Shutting down and abandoning module Settings (104)
[2021.10.05-11.10.44:979][794]LogModuleManager: Shutting down and abandoning module DirectoryWatcher (102)
[2021.10.05-11.10.44:984][794]LogModuleManager: Shutting down and abandoning module PhysXCooking (100)
[2021.10.05-11.10.44:984][794]LogModuleManager: Shutting down and abandoning module ChaosSolvers (98)
[2021.10.05-11.10.44:985][794]LogModuleManager: Shutting down and abandoning module FieldSystemEngine (97)
[2021.10.05-11.10.44:985][794]LogModuleManager: Shutting down and abandoning module Chaos (94)
[2021.10.05-11.10.44:986][794]LogModuleManager: Shutting down and abandoning module WindowsPlatformFeatures (92)
[2021.10.05-11.10.44:986][794]LogModuleManager: Shutting down and abandoning module GameplayMediaEncoder (91)
[2021.10.05-11.10.44:987][794]LogModuleManager: Shutting down and abandoning module SteamVRInputDevice (88)
[2021.10.05-11.10.44:987][794]LogModuleManager: Shutting down and abandoning module SteamVRInput (86)
[2021.10.05-11.10.44:987][794]LogModuleManager: Shutting down and abandoning module SteamVR (84)
[2021.10.05-11.10.44:987][794]LogHMD: Freeing OpenVRDLLHandle.
[2021.10.05-11.10.44:987][794]LogModuleManager: Shutting down and abandoning module OculusHMD (82)
[2021.10.05-11.10.44:988][794]LogModuleManager: Shutting down and abandoning module ExampleDeviceProfileSelector (80)
[2021.10.05-11.10.44:988][794]LogModuleManager: Shutting down and abandoning module LauncherChunkInstaller (78)
[2021.10.05-11.10.44:988][794]LogModuleManager: Shutting down and abandoning module OnlineBlueprintSupport (76)
[2021.10.05-11.10.44:988][794]LogModuleManager: Shutting down and abandoning module OnlineSubsystem (72)
[2021.10.05-11.10.44:996][794]LogModuleManager: Shutting down and abandoning module XMPP (67)
[2021.10.05-11.10.45:000][794]LogModuleManager: Shutting down and abandoning module WebSockets (66)
[2021.10.05-11.10.45:031][794]LogModuleManager: Shutting down and abandoning module HTTP (63)
[2021.10.05-11.10.45:031][794]LogHttp: Display: Http module shutting down, but needs to wait on 1 outstanding Http requests:
[2021.10.05-11.10.45:031][794]LogHttp: Display: 	verb=[POST] url=[https://datarouter.ol.epicgames.com/datarouter/api/v1/public/data?SessionID=%7BA64909C2-46CC-8FE2-D299-118A07D47B3C%7D&AppID=UEEditor.Rocket.Release&AppVersion=4.24.3-11590370%2B%2B%2BUE4%2BRelease-4.24&UserID=1f87d9034c2747740663b48038cddda1%7C6a8080169c7640e4aecb3a71a06048a4%7Ce012ab63-77f3-4b2f-b0ca-8c85682efe7e&AppEnvironment=datacollector-binary&UploadType=eteventstream] refs=[1] status=Processing
[2021.10.05-11.10.45:066][794]LogModuleManager: Shutting down and abandoning module SSL (62)
[2021.10.05-11.10.45:082][794]LogModuleManager: Shutting down and abandoning module WmfMedia (58)
[2021.10.05-11.10.45:086][794]LogModuleManager: Shutting down and abandoning module Media (57)
[2021.10.05-11.10.45:089][794]LogModuleManager: Shutting down and abandoning module MagicLeap (54)
[2021.10.05-11.10.45:089][794]LogModuleManager: Shutting down and abandoning module VariantManagerContent (52)
[2021.10.05-11.10.45:089][794]LogModuleManager: Shutting down and abandoning module DatasmithContent (50)
[2021.10.05-11.10.45:089][794]LogModuleManager: Shutting down and abandoning module AISupportModule (48)
[2021.10.05-11.10.45:089][794]LogModuleManager: Shutting down and abandoning module DesktopPlatform (46)
[2021.10.05-11.10.45:091][794]LogModuleManager: Shutting down and abandoning module PlatformCryptoOpenSSL (44)
[2021.10.05-11.10.45:092][794]LogModuleManager: Shutting down and abandoning module PlatformCryptoTypes (42)
[2021.10.05-11.10.45:092][794]LogModuleManager: Shutting down and abandoning module PlatformCrypto (40)
[2021.10.05-11.10.45:092][794]LogModuleManager: Shutting down and abandoning module AnimationModifiers (38)
[2021.10.05-11.10.45:093][794]LogModuleManager: Shutting down and abandoning module PropertyEditor (37)
[2021.10.05-11.10.45:098][794]LogModuleManager: Shutting down and abandoning module AudioEditor (34)
[2021.10.05-11.10.45:103][794]LogModuleManager: Shutting down and abandoning module TextureCompressor (32)
[2021.10.05-11.10.45:105][794]LogModuleManager: Shutting down and abandoning module RenderCore (30)
[2021.10.05-11.10.45:106][794]LogModuleManager: Shutting down and abandoning module Landscape (28)
[2021.10.05-11.10.45:106][794]LogModuleManager: Shutting down and abandoning module SlateRHIRenderer (26)
[2021.10.05-11.10.45:130][794]LogModuleManager: Shutting down and abandoning module OpenGLDrv (24)
[2021.10.05-11.10.45:130][794]LogModuleManager: Shutting down and abandoning module D3D11RHI (22)
[2021.10.05-11.10.45:130][794]LogModuleManager: Shutting down and abandoning module AnimGraphRuntime (20)
[2021.10.05-11.10.45:130][794]LogModuleManager: Shutting down and abandoning module Renderer (18)
[2021.10.05-11.10.45:132][794]LogModuleManager: Shutting down and abandoning module Engine (16)
[2021.10.05-11.10.45:132][794]LogModuleManager: Shutting down and abandoning module CoreUObject (14)
[2021.10.05-11.10.45:132][794]LogModuleManager: Shutting down and abandoning module NetworkFile (12)
[2021.10.05-11.10.45:133][794]LogModuleManager: Shutting down and abandoning module CookedIterativeFile (10)
[2021.10.05-11.10.45:133][794]LogModuleManager: Shutting down and abandoning module StreamingFile (8)
[2021.10.05-11.10.45:133][794]LogModuleManager: Shutting down and abandoning module SandboxFile (6)
[2021.10.05-11.10.45:133][794]LogModuleManager: Shutting down and abandoning module PakFile (4)
[2021.10.05-11.10.45:136][794]LogModuleManager: Shutting down and abandoning module RSA (3)
[2021.10.05-11.10.45:147][794]LogD3D11RHI: Shutdown
[2021.10.05-11.10.45:147][794]LogD3D11RHI: CleanupD3DDevice
[2021.10.05-11.10.45:200][794]LogExit: Exiting.
[2021.10.05-11.10.45:267][794]Log file closed, 10/05/21 22:10:45
