Log file open, 10/02/21 20:11:08
LogWindows: Failed to load 'aqProf.dll' (GetLastError=126)
LogWindows: File 'aqProf.dll' does not exist
LogWindows: Failed to load 'VtuneApi.dll' (GetLastError=126)
LogWindows: File 'VtuneApi.dll' does not exist
LogWindows: Failed to load 'VtuneApi32e.dll' (GetLastError=126)
LogWindows: File 'VtuneApi32e.dll' does not exist
LogConsoleResponse: Display: Failed to find resolution value strings in scalability ini. Falling back to default.
LogInit: Display: Running engine for game: AdvGamesProgramming
LogPlatformFile: Not using cached read wrapper
LogTaskGraph: Started task graph with 5 named threads and 20 total threads with 3 sets of task threads.
LogStats: Stats thread started at 0.068510
LogD3D11RHI: Loaded GFSDK_Aftermath_Lib.x64.dll
LogICUInternationalization: ICU TimeZone Detection - Raw Offset: +10:00, Platform Override: ''
LogPluginManager: Mounting plugin Paper2D
LogPluginManager: Mounting plugin AISupport
LogPluginManager: Mounting plugin LightPropagationVolume
LogPluginManager: Mounting plugin ActorLayerUtilities
LogPluginManager: Mounting plugin AnimationSharing
LogPluginManager: Mounting plugin CLionSourceCodeAccess
LogPluginManager: Mounting plugin CodeLiteSourceCodeAccess
LogPluginManager: Mounting plugin GitSourceControl
LogPluginManager: Mounting plugin KDevelopSourceCodeAccess
LogPluginManager: Mounting plugin NullSourceCodeAccess
LogPluginManager: Mounting plugin PerforceSourceControl
LogPluginManager: Mounting plugin PlasticSourceControl
LogPluginManager: Mounting plugin SubversionSourceControl
LogPluginManager: Mounting plugin UObjectPlugin
LogPluginManager: Mounting plugin VisualStudioCodeSourceCodeAccess
LogPluginManager: Mounting plugin VisualStudioSourceCodeAccess
LogPluginManager: Mounting plugin XCodeSourceCodeAccess
LogPluginManager: Mounting plugin AssetManagerEditor
LogPluginManager: Mounting plugin CryptoKeys
LogPluginManager: Mounting plugin CurveEditorTools
LogPluginManager: Mounting plugin DataValidation
LogPluginManager: Mounting plugin FacialAnimation
LogPluginManager: Mounting plugin GameplayTagsEditor
LogPluginManager: Mounting plugin MacGraphicsSwitching
LogPluginManager: Mounting plugin MaterialAnalyzer
LogPluginManager: Mounting plugin MobileLauncherProfileWizard
LogPluginManager: Mounting plugin PluginBrowser
LogPluginManager: Mounting plugin SpeedTreeImporter
LogPluginManager: Mounting plugin DatasmithContent
LogPluginManager: Mounting plugin VariantManagerContent
LogPluginManager: Mounting plugin AlembicImporter
LogPluginManager: Mounting plugin AutomationUtils
LogPluginManager: Mounting plugin BackChannel
LogPluginManager: Mounting plugin CharacterAI
LogPluginManager: Mounting plugin GeometryCache
LogPluginManager: Mounting plugin PlatformCrypto
LogPluginManager: Mounting plugin ProxyLODPlugin
LogPluginManager: Mounting plugin SkeletalReduction
LogPluginManager: Mounting plugin MagicLeap
LogPluginManager: Mounting plugin MagicLeapMedia
LogPluginManager: Mounting plugin MLSDK
LogPluginManager: Mounting plugin AndroidMedia
LogPluginManager: Mounting plugin AvfMedia
LogPluginManager: Mounting plugin ImgMedia
LogPluginManager: Mounting plugin MediaCompositing
LogPluginManager: Mounting plugin MediaPlayerEditor
LogPluginManager: Mounting plugin WebMMedia
LogPluginManager: Mounting plugin WmfMedia
LogPluginManager: Mounting plugin TcpMessaging
LogPluginManager: Mounting plugin UdpMessaging
LogPluginManager: Mounting plugin ActorSequence
LogPluginManager: Mounting plugin LevelSequenceEditor
LogPluginManager: Mounting plugin MatineeToLevelSequence
LogPluginManager: Mounting plugin NetcodeUnitTest
LogPluginManager: Mounting plugin NUTUnrealEngine4
LogPluginManager: Mounting plugin OnlineSubsystemGooglePlay
LogPluginManager: Mounting plugin OnlineSubsystemIOS
LogPluginManager: Mounting plugin OnlineSubsystem
LogPluginManager: Mounting plugin OnlineSubsystemNull
LogPluginManager: Mounting plugin OnlineSubsystemUtils
LogPluginManager: Mounting plugin LauncherChunkInstaller
LogPluginManager: Mounting plugin AndroidDeviceProfileSelector
LogPluginManager: Mounting plugin AndroidMoviePlayer
LogPluginManager: Mounting plugin AndroidPermission
LogPluginManager: Mounting plugin AppleImageUtils
LogPluginManager: Mounting plugin AppleMoviePlayer
LogPluginManager: Mounting plugin ArchVisCharacter
LogPluginManager: Mounting plugin AssetTags
LogPluginManager: Mounting plugin AudioCapture
LogPluginManager: Mounting plugin CableComponent
LogPluginManager: Mounting plugin CustomMeshComponent
LogPluginManager: Mounting plugin EditableMesh
LogPluginManager: Mounting plugin ExampleDeviceProfileSelector
LogPluginManager: Mounting plugin GoogleCloudMessaging
LogPluginManager: Mounting plugin IOSDeviceProfileSelector
LogPluginManager: Mounting plugin LinuxDeviceProfileSelector
LogPluginManager: Mounting plugin LocationServicesBPLibrary
LogPluginManager: Mounting plugin MobilePatchingUtils
LogPluginManager: Mounting plugin OculusVR
LogPluginManager: Mounting plugin PhysXVehicles
LogPluginManager: Mounting plugin PostSplashScreen
LogPluginManager: Mounting plugin ProceduralMeshComponent
LogPluginManager: Mounting plugin RuntimePhysXCooking
LogPluginManager: Mounting plugin SignificanceManager
LogPluginManager: Mounting plugin SteamVR
LogPluginManager: Mounting plugin WebMMoviePlayer
LogPluginManager: Mounting plugin WindowsMoviePlayer
LogPluginManager: Mounting plugin ScreenshotTools
LogInit: Using libcurl 7.55.1-DEV
LogInit:  - built for x86_64-pc-win32
LogInit:  - supports SSL with OpenSSL/1.1.1
LogInit:  - supports HTTP deflate (compression) using libz 1.2.8
LogInit:  - other features:
LogInit:      CURL_VERSION_SSL
LogInit:      CURL_VERSION_LIBZ
LogInit:      CURL_VERSION_IPV6
LogInit:      CURL_VERSION_ASYNCHDNS
LogInit:      CURL_VERSION_LARGEFILE
LogInit:      CURL_VERSION_IDN
LogInit:  CurlRequestOptions (configurable via config and command line):
LogInit:  - bVerifyPeer = true  - Libcurl will verify peer certificate
LogInit:  - bUseHttpProxy = false  - Libcurl will NOT use HTTP proxy
LogInit:  - bDontReuseConnections = false  - Libcurl will reuse connections
LogInit:  - MaxHostConnections = 16  - Libcurl will limit the number of connections to a host
LogInit:  - LocalHostAddr = Default
LogInit:  - BufferSize = 65536
LogOnline: OSS: Creating online subsystem instance for: NULL
LogInit: WinSock: version 1.1 (2.2), MaxSocks=32767, MaxUdp=65467
LogOnline: OSS: TryLoadSubsystemAndSetDefault: Loaded subsystem for module [NULL]
LogInit: Build: ++UE4+Release-4.24-CL-11590370
LogInit: Engine Version: 4.24.3-11590370+++UE4+Release-4.24
LogInit: Compatible Engine Version: 4.24.0-10570792+++UE4+Release-4.24
LogInit: Net CL: 10570792
LogInit: OS: Windows 10 (Release 2009) (), CPU: AMD Ryzen 5 3500X 6-Core Processor             , GPU: NVIDIA GeForce RTX 2060
LogInit: Compiled (64-bit): Feb 24 2020 15:39:18
LogInit: Compiled with Visual C++: 19.16.27032.01
LogInit: Build Configuration: Development
LogInit: Branch Name: ++UE4+Release-4.24
LogInit: Command Line: 
LogInit: Base Directory: D:/Epic Games/UE_4.24/Engine/Binaries/Win64/
LogInit: Installed Engine Build: 1
LogDevObjectVersion: Number of dev versions registered: 25
LogDevObjectVersion:   Dev-Blueprints (B0D832E4-1F89-4F0D-ACCF-7EB736FD4AA2): 10
LogDevObjectVersion:   Dev-Build (E1C64328-A22C-4D53-A36C-8E866417BD8C): 0
LogDevObjectVersion:   Dev-Core (375EC13C-06E4-48FB-B500-84F0262A717E): 3
LogDevObjectVersion:   Dev-Editor (E4B068ED-F494-42E9-A231-DA0B2E46BB41): 37
LogDevObjectVersion:   Dev-Framework (CFFC743F-43B0-4480-9391-14DF171D2073): 36
LogDevObjectVersion:   Dev-Mobile (B02B49B5-BB20-44E9-A304-32B752E40360): 2
LogDevObjectVersion:   Dev-Networking (A4E4105C-59A1-49B5-A7C5-40C4547EDFEE): 0
LogDevObjectVersion:   Dev-Online (39C831C9-5AE6-47DC-9A44-9C173E1C8E7C): 0
LogDevObjectVersion:   Dev-Physics (78F01B33-EBEA-4F98-B9B4-84EACCB95AA2): 2
LogDevObjectVersion:   Dev-Platform (6631380F-2D4D-43E0-8009-CF276956A95A): 0
LogDevObjectVersion:   Dev-Rendering (12F88B9F-8875-4AFC-A67C-D90C383ABD29): 36
LogDevObjectVersion:   Dev-Sequencer (7B5AE74C-D270-4C10-A958-57980B212A5A): 11
LogDevObjectVersion:   Dev-VR (D7296918-1DD6-4BDD-9DE2-64A83CC13884): 2
LogDevObjectVersion:   Dev-LoadTimes (C2A15278-BFE7-4AFE-6C17-90FF531DF755): 1
LogDevObjectVersion:   Private-Geometry (6EACA3D4-40EC-4CC1-B786-8BED09428FC5): 3
LogDevObjectVersion:   Dev-AnimPhys (29E575DD-E0A3-4627-9D10-D276232CDCEA): 17
LogDevObjectVersion:   Dev-Anim (AF43A65D-7FD3-4947-9873-3E8ED9C1BB05): 2
LogDevObjectVersion:   Dev-ReflectionCapture (6B266CEC-1EC7-4B8F-A30B-E4D90942FC07): 1
LogDevObjectVersion:   Dev-Automation (0DF73D61-A23F-47EA-B727-89E90C41499A): 1
LogDevObjectVersion:   FortniteMain (601D1886-AC64-4F84-AA16-D3DE0DEAC7D6): 31
LogDevObjectVersion:   Dev-Enterprise (9DFFBCD6-494F-0158-E221-12823C92A888): 8
LogDevObjectVersion:   Dev-Niagara (F2AED0AC-9AFE-416F-8664-AA7FFA26D6FC): 1
LogDevObjectVersion:   Dev-Destruction (174F1F0B-B4C6-45A5-B13F-2EE8D0FB917D): 9
LogDevObjectVersion:   Dev-Physics-Ext (35F94A83-E258-406C-A318-09F59610247C): 8
LogDevObjectVersion:   Dev-CineCamera (B2E18506-4273-CFC2-A54E-F4BB758BBA07): 1
LogInit: Presizing for max 25165824 objects, including 0 objects not considered by GC, pre-allocating 0 bytes for permanent pool.
LogInit: Object subsystem initialized
LogConfig: Setting CVar [[con.DebugEarlyDefault:1]]
LogConfig: Setting CVar [[r.setres:1280x720]]
[2021.10.02-10.11.08:977][  0]LogConfig: Setting CVar [[r.VSync:0]]
[2021.10.02-10.11.08:977][  0]LogConfig: Setting CVar [[r.RHICmdBypass:0]]
[2021.10.02-10.11.08:977][  0]LogConfig: Applying CVar settings from Section [/Script/Engine.RendererSettings] File [D:/Uni/Advanced Games 2021/Assessment 2/Attempt 2/Week8StartingPoint/Week8StartingPoint/Saved/Config/Windows/Engine.ini]
[2021.10.02-10.11.08:978][  0]LogConfig: Setting CVar [[r.GPUCrashDebugging:0]]
[2021.10.02-10.11.08:978][  0]LogConfig: Applying CVar settings from Section [/Script/Engine.RendererOverrideSettings] File [D:/Uni/Advanced Games 2021/Assessment 2/Attempt 2/Week8StartingPoint/Week8StartingPoint/Saved/Config/Windows/Engine.ini]
[2021.10.02-10.11.08:978][  0]LogConfig: Applying CVar settings from Section [/Script/Engine.StreamingSettings] File [D:/Uni/Advanced Games 2021/Assessment 2/Attempt 2/Week8StartingPoint/Week8StartingPoint/Saved/Config/Windows/Engine.ini]
[2021.10.02-10.11.08:978][  0]LogConfig: Setting CVar [[s.MinBulkDataSizeForAsyncLoading:131072]]
[2021.10.02-10.11.08:978][  0]LogConfig: Setting CVar [[s.AsyncLoadingThreadEnabled:0]]
[2021.10.02-10.11.08:978][  0]LogConfig: Setting CVar [[s.EventDrivenLoaderEnabled:1]]
[2021.10.02-10.11.08:978][  0]LogConfig: Setting CVar [[s.WarnIfTimeLimitExceeded:0]]
[2021.10.02-10.11.08:978][  0]LogConfig: Setting CVar [[s.TimeLimitExceededMultiplier:1.5]]
[2021.10.02-10.11.08:978][  0]LogConfig: Setting CVar [[s.TimeLimitExceededMinTime:0.005]]
[2021.10.02-10.11.08:978][  0]LogConfig: Setting CVar [[s.UseBackgroundLevelStreaming:1]]
[2021.10.02-10.11.08:978][  0]LogConfig: Setting CVar [[s.PriorityAsyncLoadingExtraTime:15.0]]
[2021.10.02-10.11.08:978][  0]LogConfig: Setting CVar [[s.LevelStreamingActorsUpdateTimeLimit:5.0]]
[2021.10.02-10.11.08:978][  0]LogConfig: Setting CVar [[s.PriorityLevelStreamingActorsUpdateExtraTime:5.0]]
[2021.10.02-10.11.08:978][  0]LogConfig: Setting CVar [[s.LevelStreamingComponentsRegistrationGranularity:10]]
[2021.10.02-10.11.08:978][  0]LogConfig: Setting CVar [[s.UnregisterComponentsTimeLimit:1.0]]
[2021.10.02-10.11.08:978][  0]LogConfig: Setting CVar [[s.LevelStreamingComponentsUnregistrationGranularity:5]]
[2021.10.02-10.11.08:978][  0]LogConfig: Setting CVar [[s.FlushStreamingOnExit:1]]
[2021.10.02-10.11.08:978][  0]LogConfig: Applying CVar settings from Section [/Script/Engine.GarbageCollectionSettings] File [D:/Uni/Advanced Games 2021/Assessment 2/Attempt 2/Week8StartingPoint/Week8StartingPoint/Saved/Config/Windows/Engine.ini]
[2021.10.02-10.11.08:978][  0]LogConfig: Setting CVar [[gc.MaxObjectsNotConsideredByGC:1]]
[2021.10.02-10.11.08:978][  0]LogConfig: Setting CVar [[gc.SizeOfPermanentObjectPool:0]]
[2021.10.02-10.11.08:978][  0]LogConfig: Setting CVar [[gc.FlushStreamingOnGC:0]]
[2021.10.02-10.11.08:978][  0]LogConfig: Setting CVar [[gc.NumRetriesBeforeForcingGC:10]]
[2021.10.02-10.11.08:978][  0]LogConfig: Setting CVar [[gc.AllowParallelGC:1]]
[2021.10.02-10.11.08:978][  0]LogConfig: Setting CVar [[gc.TimeBetweenPurgingPendingKillObjects:61.1]]
[2021.10.02-10.11.08:978][  0]LogConfig: Setting CVar [[gc.MaxObjectsInEditor:25165824]]
[2021.10.02-10.11.08:978][  0]LogConfig: Setting CVar [[gc.IncrementalBeginDestroyEnabled:1]]
[2021.10.02-10.11.08:978][  0]LogConfig: Setting CVar [[gc.CreateGCClusters:1]]
[2021.10.02-10.11.08:978][  0]LogConfig: Setting CVar [[gc.MinGCClusterSize:5]]
[2021.10.02-10.11.08:978][  0]LogConfig: Setting CVar [[gc.ActorClusteringEnabled:0]]
[2021.10.02-10.11.08:978][  0]LogConfig: Setting CVar [[gc.BlueprintClusteringEnabled:0]]
[2021.10.02-10.11.08:978][  0]LogConfig: Setting CVar [[gc.UseDisregardForGCOnDedicatedServers:0]]
[2021.10.02-10.11.08:978][  0]LogConfig: Applying CVar settings from Section [/Script/Engine.NetworkSettings] File [D:/Uni/Advanced Games 2021/Assessment 2/Attempt 2/Week8StartingPoint/Week8StartingPoint/Saved/Config/Windows/Engine.ini]
[2021.10.02-10.11.08:978][  0]LogConfig: Applying CVar settings from Section [/Script/UnrealEd.CookerSettings] File [D:/Uni/Advanced Games 2021/Assessment 2/Attempt 2/Week8StartingPoint/Week8StartingPoint/Saved/Config/Windows/Engine.ini]
[2021.10.02-10.11.08:981][  0]LogConfig: Applying CVar settings from Section [ViewDistanceQuality@3] File [D:/Uni/Advanced Games 2021/Assessment 2/Attempt 2/Week8StartingPoint/Week8StartingPoint/Saved/Config/Windows/Scalability.ini]
[2021.10.02-10.11.08:981][  0]LogConfig: Setting CVar [[r.SkeletalMeshLODBias:0]]
[2021.10.02-10.11.08:981][  0]LogConfig: Setting CVar [[r.ViewDistanceScale:1.0]]
[2021.10.02-10.11.08:981][  0]LogConfig: Applying CVar settings from Section [AntiAliasingQuality@3] File [D:/Uni/Advanced Games 2021/Assessment 2/Attempt 2/Week8StartingPoint/Week8StartingPoint/Saved/Config/Windows/Scalability.ini]
[2021.10.02-10.11.08:981][  0]LogConfig: Setting CVar [[r.PostProcessAAQuality:4]]
[2021.10.02-10.11.08:981][  0]LogConfig: Applying CVar settings from Section [ShadowQuality@3] File [D:/Uni/Advanced Games 2021/Assessment 2/Attempt 2/Week8StartingPoint/Week8StartingPoint/Saved/Config/Windows/Scalability.ini]
[2021.10.02-10.11.08:981][  0]LogConfig: Setting CVar [[r.LightFunctionQuality:1]]
[2021.10.02-10.11.08:981][  0]LogConfig: Setting CVar [[r.ShadowQuality:5]]
[2021.10.02-10.11.08:981][  0]LogConfig: Setting CVar [[r.Shadow.CSM.MaxCascades:10]]
[2021.10.02-10.11.08:981][  0]LogConfig: Setting CVar [[r.Shadow.MaxResolution:2048]]
[2021.10.02-10.11.08:981][  0]LogConfig: Setting CVar [[r.Shadow.MaxCSMResolution:2048]]
[2021.10.02-10.11.08:981][  0]LogConfig: Setting CVar [[r.Shadow.RadiusThreshold:0.01]]
[2021.10.02-10.11.08:981][  0]LogConfig: Setting CVar [[r.Shadow.DistanceScale:1.0]]
[2021.10.02-10.11.08:981][  0]LogConfig: Setting CVar [[r.Shadow.CSM.TransitionScale:1.0]]
[2021.10.02-10.11.08:981][  0]LogConfig: Setting CVar [[r.Shadow.PreShadowResolutionFactor:1.0]]
[2021.10.02-10.11.08:981][  0]LogConfig: Setting CVar [[r.DistanceFieldShadowing:1]]
[2021.10.02-10.11.08:981][  0]LogConfig: Setting CVar [[r.DistanceFieldAO:1]]
[2021.10.02-10.11.08:981][  0]LogConfig: Setting CVar [[r.AOQuality:2]]
[2021.10.02-10.11.08:981][  0]LogConfig: Setting CVar [[r.VolumetricFog:1]]
[2021.10.02-10.11.08:981][  0]LogConfig: Setting CVar [[r.VolumetricFog.GridPixelSize:8]]
[2021.10.02-10.11.08:981][  0]LogConfig: Setting CVar [[r.VolumetricFog.GridSizeZ:128]]
[2021.10.02-10.11.08:981][  0]LogConfig: Setting CVar [[r.VolumetricFog.HistoryMissSupersampleCount:4]]
[2021.10.02-10.11.08:981][  0]LogConfig: Setting CVar [[r.LightMaxDrawDistanceScale:1]]
[2021.10.02-10.11.08:981][  0]LogConfig: Setting CVar [[r.CapsuleShadows:1]]
[2021.10.02-10.11.08:981][  0]LogConfig: Applying CVar settings from Section [PostProcessQuality@3] File [D:/Uni/Advanced Games 2021/Assessment 2/Attempt 2/Week8StartingPoint/Week8StartingPoint/Saved/Config/Windows/Scalability.ini]
[2021.10.02-10.11.08:981][  0]LogConfig: Setting CVar [[r.MotionBlurQuality:4]]
[2021.10.02-10.11.08:981][  0]LogConfig: Setting CVar [[r.AmbientOcclusionMipLevelFactor:0.4]]
[2021.10.02-10.11.08:981][  0]LogConfig: Setting CVar [[r.AmbientOcclusionMaxQuality:100]]
[2021.10.02-10.11.08:981][  0]LogConfig: Setting CVar [[r.AmbientOcclusionLevels:-1]]
[2021.10.02-10.11.08:981][  0]LogConfig: Setting CVar [[r.AmbientOcclusionRadiusScale:1.0]]
[2021.10.02-10.11.08:981][  0]LogConfig: Setting CVar [[r.DepthOfFieldQuality:2]]
[2021.10.02-10.11.08:981][  0]LogConfig: Setting CVar [[r.RenderTargetPoolMin:400]]
[2021.10.02-10.11.08:981][  0]LogConfig: Setting CVar [[r.LensFlareQuality:2]]
[2021.10.02-10.11.08:981][  0]LogConfig: Setting CVar [[r.SceneColorFringeQuality:1]]
[2021.10.02-10.11.08:981][  0]LogConfig: Setting CVar [[r.EyeAdaptationQuality:2]]
[2021.10.02-10.11.08:982][  0]LogConfig: Setting CVar [[r.BloomQuality:5]]
[2021.10.02-10.11.08:982][  0]LogConfig: Setting CVar [[r.FastBlurThreshold:100]]
[2021.10.02-10.11.08:982][  0]LogConfig: Setting CVar [[r.Upscale.Quality:3]]
[2021.10.02-10.11.08:982][  0]LogConfig: Setting CVar [[r.Tonemapper.GrainQuantization:1]]
[2021.10.02-10.11.08:982][  0]LogConfig: Setting CVar [[r.LightShaftQuality:1]]
[2021.10.02-10.11.08:982][  0]LogConfig: Setting CVar [[r.Filter.SizeScale:1]]
[2021.10.02-10.11.08:982][  0]LogConfig: Setting CVar [[r.Tonemapper.Quality:5]]
[2021.10.02-10.11.08:982][  0]LogConfig: Setting CVar [[r.DOF.Gather.AccumulatorQuality:1        ; higher gathering accumulator quality]]
[2021.10.02-10.11.08:982][  0]LogConfig: Setting CVar [[r.DOF.Gather.PostfilterMethod:1          ; Median3x3 postfilering method]]
[2021.10.02-10.11.08:982][  0]LogConfig: Setting CVar [[r.DOF.Gather.EnableBokehSettings:0       ; no bokeh simulation when gathering]]
[2021.10.02-10.11.08:982][  0]LogConfig: Setting CVar [[r.DOF.Gather.RingCount:4                 ; medium number of samples when gathering]]
[2021.10.02-10.11.08:982][  0]LogConfig: Setting CVar [[r.DOF.Scatter.ForegroundCompositing:1    ; additive foreground scattering]]
[2021.10.02-10.11.08:982][  0]LogConfig: Setting CVar [[r.DOF.Scatter.BackgroundCompositing:2    ; additive background scattering]]
[2021.10.02-10.11.08:982][  0]LogConfig: Setting CVar [[r.DOF.Scatter.EnableBokehSettings:1      ; bokeh simulation when scattering]]
[2021.10.02-10.11.08:982][  0]LogConfig: Setting CVar [[r.DOF.Scatter.MaxSpriteRatio:0.1         ; only a maximum of 10% of scattered bokeh]]
[2021.10.02-10.11.08:982][  0]LogConfig: Setting CVar [[r.DOF.Recombine.Quality:1                ; cheap slight out of focus]]
[2021.10.02-10.11.08:982][  0]LogConfig: Setting CVar [[r.DOF.Recombine.EnableBokehSettings:0    ; no bokeh simulation on slight out of focus]]
[2021.10.02-10.11.08:982][  0]LogConfig: Setting CVar [[r.DOF.TemporalAAQuality:1                ; more stable temporal accumulation]]
[2021.10.02-10.11.08:982][  0]LogConfig: Setting CVar [[r.DOF.Kernel.MaxForegroundRadius:0.025]]
[2021.10.02-10.11.08:982][  0]LogConfig: Setting CVar [[r.DOF.Kernel.MaxBackgroundRadius:0.025]]
[2021.10.02-10.11.08:982][  0]LogConfig: Applying CVar settings from Section [TextureQuality@3] File [D:/Uni/Advanced Games 2021/Assessment 2/Attempt 2/Week8StartingPoint/Week8StartingPoint/Saved/Config/Windows/Scalability.ini]
[2021.10.02-10.11.08:982][  0]LogConfig: Setting CVar [[r.Streaming.MipBias:0]]
[2021.10.02-10.11.08:982][  0]LogConfig: Setting CVar [[r.Streaming.AmortizeCPUToGPUCopy:0]]
[2021.10.02-10.11.08:982][  0]LogConfig: Setting CVar [[r.Streaming.MaxNumTexturesToStreamPerFrame:0]]
[2021.10.02-10.11.08:982][  0]LogConfig: Setting CVar [[r.Streaming.Boost:1]]
[2021.10.02-10.11.08:982][  0]LogConfig: Setting CVar [[r.MaxAnisotropy:8]]
[2021.10.02-10.11.08:982][  0]LogConfig: Setting CVar [[r.VT.MaxAnisotropy:8]]
[2021.10.02-10.11.08:982][  0]LogConfig: Setting CVar [[r.Streaming.LimitPoolSizeToVRAM:0]]
[2021.10.02-10.11.08:982][  0]LogConfig: Setting CVar [[r.Streaming.PoolSize:1000]]
[2021.10.02-10.11.08:982][  0]LogConfig: Setting CVar [[r.Streaming.MaxEffectiveScreenSize:0]]
[2021.10.02-10.11.08:982][  0]LogConfig: Applying CVar settings from Section [EffectsQuality@3] File [D:/Uni/Advanced Games 2021/Assessment 2/Attempt 2/Week8StartingPoint/Week8StartingPoint/Saved/Config/Windows/Scalability.ini]
[2021.10.02-10.11.08:982][  0]LogConfig: Setting CVar [[r.TranslucencyLightingVolumeDim:64]]
[2021.10.02-10.11.08:982][  0]LogConfig: Setting CVar [[r.RefractionQuality:2]]
[2021.10.02-10.11.08:982][  0]LogConfig: Setting CVar [[r.SSR.Quality:3]]
[2021.10.02-10.11.08:982][  0]LogConfig: Setting CVar [[r.SSR.HalfResSceneColor:0]]
[2021.10.02-10.11.08:982][  0]LogConfig: Setting CVar [[r.SceneColorFormat:4]]
[2021.10.02-10.11.08:982][  0]LogConfig: Setting CVar [[r.DetailMode:2]]
[2021.10.02-10.11.08:982][  0]LogConfig: Setting CVar [[r.TranslucencyVolumeBlur:1]]
[2021.10.02-10.11.08:982][  0]LogConfig: Setting CVar [[r.MaterialQualityLevel:1 ; High quality]]
[2021.10.02-10.11.08:982][  0]LogConfig: Setting CVar [[r.SSS.Scale:1]]
[2021.10.02-10.11.08:982][  0]LogConfig: Setting CVar [[r.SSS.SampleSet:2]]
[2021.10.02-10.11.08:982][  0]LogConfig: Setting CVar [[r.SSS.Quality:1]]
[2021.10.02-10.11.08:982][  0]LogConfig: Setting CVar [[r.SSS.HalfRes:1]]
[2021.10.02-10.11.08:982][  0]LogConfig: Setting CVar [[r.SSGI.Quality:3]]
[2021.10.02-10.11.08:982][  0]LogConfig: Setting CVar [[r.EmitterSpawnRateScale:1.0]]
[2021.10.02-10.11.08:982][  0]LogConfig: Setting CVar [[r.ParticleLightQuality:2]]
[2021.10.02-10.11.08:982][  0]LogConfig: Setting CVar [[r.SkyAtmosphere.AerialPerspectiveLUT.FastApplyOnOpaque:1 ; Always have FastSkyLUT 1 in this case to avoid wrong sky]]
[2021.10.02-10.11.08:982][  0]LogConfig: Setting CVar [[r.SkyAtmosphere.AerialPerspectiveLUT.SampleCountPerSlice:1]]
[2021.10.02-10.11.08:982][  0]LogConfig: Setting CVar [[r.SkyAtmosphere.AerialPerspectiveLUT.DepthResolution:16.0]]
[2021.10.02-10.11.08:982][  0]LogConfig: Setting CVar [[r.SkyAtmosphere.FastSkyLUT:1]]
[2021.10.02-10.11.08:982][  0]LogConfig: Setting CVar [[r.SkyAtmosphere.FastSkyLUT.SampleCountMin:4.0]]
[2021.10.02-10.11.08:982][  0]LogConfig: Setting CVar [[r.SkyAtmosphere.FastSkyLUT.SampleCountMax:32.0]]
[2021.10.02-10.11.08:982][  0]LogConfig: Setting CVar [[r.SkyAtmosphere.SampleCountMin:4.0]]
[2021.10.02-10.11.08:982][  0]LogConfig: Setting CVar [[r.SkyAtmosphere.SampleCountMax:32.0]]
[2021.10.02-10.11.08:982][  0]LogConfig: Setting CVar [[r.SkyAtmosphere.TransmittanceLUT.UseSmallFormat:0]]
[2021.10.02-10.11.08:982][  0]LogConfig: Setting CVar [[r.SkyAtmosphere.TransmittanceLUT.SampleCount:10.0]]
[2021.10.02-10.11.08:982][  0]LogConfig: Setting CVar [[r.SkyAtmosphere.MultiScatteringLUT.SampleCount:15.0]]
[2021.10.02-10.11.08:982][  0]LogConfig: Applying CVar settings from Section [FoliageQuality@3] File [D:/Uni/Advanced Games 2021/Assessment 2/Attempt 2/Week8StartingPoint/Week8StartingPoint/Saved/Config/Windows/Scalability.ini]
[2021.10.02-10.11.08:982][  0]LogConfig: Setting CVar [[foliage.DensityScale:1.0]]
[2021.10.02-10.11.08:982][  0]LogConfig: Setting CVar [[grass.DensityScale:1.0]]
[2021.10.02-10.11.08:982][  0]LogConfig: Applying CVar settings from Section [ShadingQuality@3] File [D:/Uni/Advanced Games 2021/Assessment 2/Attempt 2/Week8StartingPoint/Week8StartingPoint/Saved/Config/Windows/Scalability.ini]
[2021.10.02-10.11.08:982][  0]LogConfig: Setting CVar [[r.HairStrands.SkyLighting.SampleCount:16]]
[2021.10.02-10.11.08:982][  0]LogConfig: Setting CVar [[r.HairStrands.SkyLighting.JitterIntegration:0]]
[2021.10.02-10.11.08:982][  0]LogConfig: Setting CVar [[r.HairStrands.SkyAO.SampleCount:16]]
[2021.10.02-10.11.08:982][  0]LogInit: Selected Device Profile: [Windows]
[2021.10.02-10.11.08:982][  0]LogInit: Applying CVar settings loaded from the selected device profile: [Windows]
[2021.10.02-10.11.08:984][  0]LogHAL: Display: Platform has ~ 16 GB [17126928384 / 17179869184 / 16], which maps to Larger [LargestMinGB=32, LargerMinGB=12, DefaultMinGB=8, SmallerMinGB=6, SmallestMinGB=0)
[2021.10.02-10.11.08:984][  0]LogInit: Going up to parent DeviceProfile []
[2021.10.02-10.11.08:984][  0]LogConfig: Applying CVar settings from Section [ViewDistanceQuality@3] File [D:/Uni/Advanced Games 2021/Assessment 2/Attempt 2/Week8StartingPoint/Week8StartingPoint/Saved/Config/Windows/Scalability.ini]
[2021.10.02-10.11.08:985][  0]LogConfig: Setting CVar [[r.SkeletalMeshLODBias:0]]
[2021.10.02-10.11.08:985][  0]LogConfig: Setting CVar [[r.ViewDistanceScale:1.0]]
[2021.10.02-10.11.08:985][  0]LogConfig: Applying CVar settings from Section [AntiAliasingQuality@3] File [D:/Uni/Advanced Games 2021/Assessment 2/Attempt 2/Week8StartingPoint/Week8StartingPoint/Saved/Config/Windows/Scalability.ini]
[2021.10.02-10.11.08:985][  0]LogConfig: Setting CVar [[r.PostProcessAAQuality:4]]
[2021.10.02-10.11.08:985][  0]LogConfig: Applying CVar settings from Section [ShadowQuality@3] File [D:/Uni/Advanced Games 2021/Assessment 2/Attempt 2/Week8StartingPoint/Week8StartingPoint/Saved/Config/Windows/Scalability.ini]
[2021.10.02-10.11.08:985][  0]LogConfig: Setting CVar [[r.LightFunctionQuality:1]]
[2021.10.02-10.11.08:985][  0]LogConfig: Setting CVar [[r.ShadowQuality:5]]
[2021.10.02-10.11.08:985][  0]LogConfig: Setting CVar [[r.Shadow.CSM.MaxCascades:10]]
[2021.10.02-10.11.08:985][  0]LogConfig: Setting CVar [[r.Shadow.MaxResolution:2048]]
[2021.10.02-10.11.08:985][  0]LogConfig: Setting CVar [[r.Shadow.MaxCSMResolution:2048]]
[2021.10.02-10.11.08:985][  0]LogConfig: Setting CVar [[r.Shadow.RadiusThreshold:0.01]]
[2021.10.02-10.11.08:985][  0]LogConfig: Setting CVar [[r.Shadow.DistanceScale:1.0]]
[2021.10.02-10.11.08:985][  0]LogConfig: Setting CVar [[r.Shadow.CSM.TransitionScale:1.0]]
[2021.10.02-10.11.08:985][  0]LogConfig: Setting CVar [[r.Shadow.PreShadowResolutionFactor:1.0]]
[2021.10.02-10.11.08:985][  0]LogConfig: Setting CVar [[r.DistanceFieldShadowing:1]]
[2021.10.02-10.11.08:985][  0]LogConfig: Setting CVar [[r.DistanceFieldAO:1]]
[2021.10.02-10.11.08:985][  0]LogConfig: Setting CVar [[r.AOQuality:2]]
[2021.10.02-10.11.08:985][  0]LogConfig: Setting CVar [[r.VolumetricFog:1]]
[2021.10.02-10.11.08:985][  0]LogConfig: Setting CVar [[r.VolumetricFog.GridPixelSize:8]]
[2021.10.02-10.11.08:985][  0]LogConfig: Setting CVar [[r.VolumetricFog.GridSizeZ:128]]
[2021.10.02-10.11.08:985][  0]LogConfig: Setting CVar [[r.VolumetricFog.HistoryMissSupersampleCount:4]]
[2021.10.02-10.11.08:985][  0]LogConfig: Setting CVar [[r.LightMaxDrawDistanceScale:1]]
[2021.10.02-10.11.08:985][  0]LogConfig: Setting CVar [[r.CapsuleShadows:1]]
[2021.10.02-10.11.08:985][  0]LogConfig: Applying CVar settings from Section [PostProcessQuality@3] File [D:/Uni/Advanced Games 2021/Assessment 2/Attempt 2/Week8StartingPoint/Week8StartingPoint/Saved/Config/Windows/Scalability.ini]
[2021.10.02-10.11.08:985][  0]LogConfig: Setting CVar [[r.MotionBlurQuality:4]]
[2021.10.02-10.11.08:985][  0]LogConfig: Setting CVar [[r.AmbientOcclusionMipLevelFactor:0.4]]
[2021.10.02-10.11.08:985][  0]LogConfig: Setting CVar [[r.AmbientOcclusionMaxQuality:100]]
[2021.10.02-10.11.08:985][  0]LogConfig: Setting CVar [[r.AmbientOcclusionLevels:-1]]
[2021.10.02-10.11.08:985][  0]LogConfig: Setting CVar [[r.AmbientOcclusionRadiusScale:1.0]]
[2021.10.02-10.11.08:985][  0]LogConfig: Setting CVar [[r.DepthOfFieldQuality:2]]
[2021.10.02-10.11.08:985][  0]LogConfig: Setting CVar [[r.RenderTargetPoolMin:400]]
[2021.10.02-10.11.08:985][  0]LogConfig: Setting CVar [[r.LensFlareQuality:2]]
[2021.10.02-10.11.08:985][  0]LogConfig: Setting CVar [[r.SceneColorFringeQuality:1]]
[2021.10.02-10.11.08:985][  0]LogConfig: Setting CVar [[r.EyeAdaptationQuality:2]]
[2021.10.02-10.11.08:985][  0]LogConfig: Setting CVar [[r.BloomQuality:5]]
[2021.10.02-10.11.08:985][  0]LogConfig: Setting CVar [[r.FastBlurThreshold:100]]
[2021.10.02-10.11.08:985][  0]LogConfig: Setting CVar [[r.Upscale.Quality:3]]
[2021.10.02-10.11.08:985][  0]LogConfig: Setting CVar [[r.Tonemapper.GrainQuantization:1]]
[2021.10.02-10.11.08:985][  0]LogConfig: Setting CVar [[r.LightShaftQuality:1]]
[2021.10.02-10.11.08:985][  0]LogConfig: Setting CVar [[r.Filter.SizeScale:1]]
[2021.10.02-10.11.08:985][  0]LogConfig: Setting CVar [[r.Tonemapper.Quality:5]]
[2021.10.02-10.11.08:985][  0]LogConfig: Setting CVar [[r.DOF.Gather.AccumulatorQuality:1        ; higher gathering accumulator quality]]
[2021.10.02-10.11.08:985][  0]LogConfig: Setting CVar [[r.DOF.Gather.PostfilterMethod:1          ; Median3x3 postfilering method]]
[2021.10.02-10.11.08:985][  0]LogConfig: Setting CVar [[r.DOF.Gather.EnableBokehSettings:0       ; no bokeh simulation when gathering]]
[2021.10.02-10.11.08:985][  0]LogConfig: Setting CVar [[r.DOF.Gather.RingCount:4                 ; medium number of samples when gathering]]
[2021.10.02-10.11.08:985][  0]LogConfig: Setting CVar [[r.DOF.Scatter.ForegroundCompositing:1    ; additive foreground scattering]]
[2021.10.02-10.11.08:985][  0]LogConfig: Setting CVar [[r.DOF.Scatter.BackgroundCompositing:2    ; additive background scattering]]
[2021.10.02-10.11.08:985][  0]LogConfig: Setting CVar [[r.DOF.Scatter.EnableBokehSettings:1      ; bokeh simulation when scattering]]
[2021.10.02-10.11.08:985][  0]LogConfig: Setting CVar [[r.DOF.Scatter.MaxSpriteRatio:0.1         ; only a maximum of 10% of scattered bokeh]]
[2021.10.02-10.11.08:985][  0]LogConfig: Setting CVar [[r.DOF.Recombine.Quality:1                ; cheap slight out of focus]]
[2021.10.02-10.11.08:985][  0]LogConfig: Setting CVar [[r.DOF.Recombine.EnableBokehSettings:0    ; no bokeh simulation on slight out of focus]]
[2021.10.02-10.11.08:985][  0]LogConfig: Setting CVar [[r.DOF.TemporalAAQuality:1                ; more stable temporal accumulation]]
[2021.10.02-10.11.08:985][  0]LogConfig: Setting CVar [[r.DOF.Kernel.MaxForegroundRadius:0.025]]
[2021.10.02-10.11.08:985][  0]LogConfig: Setting CVar [[r.DOF.Kernel.MaxBackgroundRadius:0.025]]
[2021.10.02-10.11.08:985][  0]LogConfig: Applying CVar settings from Section [TextureQuality@3] File [D:/Uni/Advanced Games 2021/Assessment 2/Attempt 2/Week8StartingPoint/Week8StartingPoint/Saved/Config/Windows/Scalability.ini]
[2021.10.02-10.11.08:985][  0]LogConfig: Setting CVar [[r.Streaming.MipBias:0]]
[2021.10.02-10.11.08:985][  0]LogConfig: Setting CVar [[r.Streaming.AmortizeCPUToGPUCopy:0]]
[2021.10.02-10.11.08:985][  0]LogConfig: Setting CVar [[r.Streaming.MaxNumTexturesToStreamPerFrame:0]]
[2021.10.02-10.11.08:985][  0]LogConfig: Setting CVar [[r.Streaming.Boost:1]]
[2021.10.02-10.11.08:985][  0]LogConfig: Setting CVar [[r.MaxAnisotropy:8]]
[2021.10.02-10.11.08:985][  0]LogConfig: Setting CVar [[r.VT.MaxAnisotropy:8]]
[2021.10.02-10.11.08:985][  0]LogConfig: Setting CVar [[r.Streaming.LimitPoolSizeToVRAM:0]]
[2021.10.02-10.11.08:985][  0]LogConfig: Setting CVar [[r.Streaming.PoolSize:1000]]
[2021.10.02-10.11.08:985][  0]LogConfig: Setting CVar [[r.Streaming.MaxEffectiveScreenSize:0]]
[2021.10.02-10.11.08:985][  0]LogConfig: Applying CVar settings from Section [EffectsQuality@3] File [D:/Uni/Advanced Games 2021/Assessment 2/Attempt 2/Week8StartingPoint/Week8StartingPoint/Saved/Config/Windows/Scalability.ini]
[2021.10.02-10.11.08:985][  0]LogConfig: Setting CVar [[r.TranslucencyLightingVolumeDim:64]]
[2021.10.02-10.11.08:985][  0]LogConfig: Setting CVar [[r.RefractionQuality:2]]
[2021.10.02-10.11.08:985][  0]LogConfig: Setting CVar [[r.SSR.Quality:3]]
[2021.10.02-10.11.08:985][  0]LogConfig: Setting CVar [[r.SSR.HalfResSceneColor:0]]
[2021.10.02-10.11.08:985][  0]LogConfig: Setting CVar [[r.SceneColorFormat:4]]
[2021.10.02-10.11.08:985][  0]LogConfig: Setting CVar [[r.DetailMode:2]]
[2021.10.02-10.11.08:985][  0]LogConfig: Setting CVar [[r.TranslucencyVolumeBlur:1]]
[2021.10.02-10.11.08:985][  0]LogConfig: Setting CVar [[r.MaterialQualityLevel:1 ; High quality]]
[2021.10.02-10.11.08:985][  0]LogConfig: Setting CVar [[r.SSS.Scale:1]]
[2021.10.02-10.11.08:985][  0]LogConfig: Setting CVar [[r.SSS.SampleSet:2]]
[2021.10.02-10.11.08:985][  0]LogConfig: Setting CVar [[r.SSS.Quality:1]]
[2021.10.02-10.11.08:985][  0]LogConfig: Setting CVar [[r.SSS.HalfRes:1]]
[2021.10.02-10.11.08:985][  0]LogConfig: Setting CVar [[r.SSGI.Quality:3]]
[2021.10.02-10.11.08:985][  0]LogConfig: Setting CVar [[r.EmitterSpawnRateScale:1.0]]
[2021.10.02-10.11.08:985][  0]LogConfig: Setting CVar [[r.ParticleLightQuality:2]]
[2021.10.02-10.11.08:985][  0]LogConfig: Setting CVar [[r.SkyAtmosphere.AerialPerspectiveLUT.FastApplyOnOpaque:1 ; Always have FastSkyLUT 1 in this case to avoid wrong sky]]
[2021.10.02-10.11.08:985][  0]LogConfig: Setting CVar [[r.SkyAtmosphere.AerialPerspectiveLUT.SampleCountPerSlice:1]]
[2021.10.02-10.11.08:985][  0]LogConfig: Setting CVar [[r.SkyAtmosphere.AerialPerspectiveLUT.DepthResolution:16.0]]
[2021.10.02-10.11.08:985][  0]LogConfig: Setting CVar [[r.SkyAtmosphere.FastSkyLUT:1]]
[2021.10.02-10.11.08:985][  0]LogConfig: Setting CVar [[r.SkyAtmosphere.FastSkyLUT.SampleCountMin:4.0]]
[2021.10.02-10.11.08:986][  0]LogConfig: Setting CVar [[r.SkyAtmosphere.FastSkyLUT.SampleCountMax:32.0]]
[2021.10.02-10.11.08:986][  0]LogConfig: Setting CVar [[r.SkyAtmosphere.SampleCountMin:4.0]]
[2021.10.02-10.11.08:986][  0]LogConfig: Setting CVar [[r.SkyAtmosphere.SampleCountMax:32.0]]
[2021.10.02-10.11.08:986][  0]LogConfig: Setting CVar [[r.SkyAtmosphere.TransmittanceLUT.UseSmallFormat:0]]
[2021.10.02-10.11.08:986][  0]LogConfig: Setting CVar [[r.SkyAtmosphere.TransmittanceLUT.SampleCount:10.0]]
[2021.10.02-10.11.08:986][  0]LogConfig: Setting CVar [[r.SkyAtmosphere.MultiScatteringLUT.SampleCount:15.0]]
[2021.10.02-10.11.08:986][  0]LogConfig: Applying CVar settings from Section [FoliageQuality@3] File [D:/Uni/Advanced Games 2021/Assessment 2/Attempt 2/Week8StartingPoint/Week8StartingPoint/Saved/Config/Windows/Scalability.ini]
[2021.10.02-10.11.08:986][  0]LogConfig: Setting CVar [[foliage.DensityScale:1.0]]
[2021.10.02-10.11.08:986][  0]LogConfig: Setting CVar [[grass.DensityScale:1.0]]
[2021.10.02-10.11.08:986][  0]LogConfig: Applying CVar settings from Section [ShadingQuality@3] File [D:/Uni/Advanced Games 2021/Assessment 2/Attempt 2/Week8StartingPoint/Week8StartingPoint/Saved/Config/Windows/Scalability.ini]
[2021.10.02-10.11.08:986][  0]LogConfig: Setting CVar [[r.HairStrands.SkyLighting.SampleCount:16]]
[2021.10.02-10.11.08:986][  0]LogConfig: Setting CVar [[r.HairStrands.SkyLighting.JitterIntegration:0]]
[2021.10.02-10.11.08:986][  0]LogConfig: Setting CVar [[r.HairStrands.SkyAO.SampleCount:16]]
[2021.10.02-10.11.08:986][  0]LogConfig: Applying CVar settings from Section [Startup] File [../../../Engine/Config/ConsoleVariables.ini]
[2021.10.02-10.11.08:986][  0]LogConfig: Setting CVar [[net.UseAdaptiveNetUpdateFrequency:0]]
[2021.10.02-10.11.08:986][  0]LogConfig: Setting CVar [[p.chaos.AllowCreatePhysxBodies:1]]
[2021.10.02-10.11.08:986][  0]LogConfig: Applying CVar settings from Section [ConsoleVariables] File [D:/Uni/Advanced Games 2021/Assessment 2/Attempt 2/Week8StartingPoint/Week8StartingPoint/Saved/Config/Windows/Engine.ini]
[2021.10.02-10.11.08:986][  0]LogInit: Computer: DESKTOP-42P0V0P
[2021.10.02-10.11.08:986][  0]LogInit: User: User
[2021.10.02-10.11.08:986][  0]LogInit: CPU Page size=4096, Cores=6
[2021.10.02-10.11.08:986][  0]LogInit: High frequency timer resolution =10.000000 MHz
[2021.10.02-10.11.08:986][  0]LogMemory: Memory total: Physical=16.0GB (16GB approx)
[2021.10.02-10.11.08:986][  0]LogMemory: Platform Memory Stats for Windows
[2021.10.02-10.11.08:986][  0]LogMemory: Process Physical Memory: 105.57 MB used, 105.57 MB peak
[2021.10.02-10.11.08:986][  0]LogMemory: Process Virtual Memory: 100.36 MB used, 100.36 MB peak
[2021.10.02-10.11.08:986][  0]LogMemory: Physical Memory: 9550.07 MB used,  6783.44 MB free, 16333.51 MB total
[2021.10.02-10.11.08:986][  0]LogMemory: Virtual Memory: 5133.39 MB used,  134212592.00 MB free, 134217728.00 MB total
[2021.10.02-10.11.08:989][  0]LogWindows: WindowsPlatformFeatures enabled
[2021.10.02-10.11.09:034][  0]LogInit: Using OS detected language (en-US).
[2021.10.02-10.11.09:034][  0]LogInit: Using OS detected locale (en-AU).
[2021.10.02-10.11.09:034][  0]LogTextLocalizationManager: No specific localization for 'en-US' exists, so the 'en' localization will be used.
[2021.10.02-10.11.09:168][  0]LogInit: Setting process to per monitor DPI aware
[2021.10.02-10.11.09:195][  0]LogSlate: New Slate User Created.  User Index 0, Is Virtual User: 0
[2021.10.02-10.11.09:195][  0]LogSlate: Slate User Registered.  User Index 0, Is Virtual User: 0
[2021.10.02-10.11.09:313][  0]LogHMD: Failed to initialize OpenVR with code 110
[2021.10.02-10.11.09:313][  0]LogD3D11RHI: D3D11 min allowed feature level: 11_0
[2021.10.02-10.11.09:313][  0]LogD3D11RHI: D3D11 max allowed feature level: 11_0
[2021.10.02-10.11.09:313][  0]LogD3D11RHI: D3D11 adapters:
[2021.10.02-10.11.09:473][  0]LogD3D11RHI:    0. 'NVIDIA GeForce RTX 2060' (Feature Level 11_0)
[2021.10.02-10.11.09:473][  0]LogD3D11RHI:       5967/0/8166 MB DedicatedVideo/DedicatedSystem/SharedSystem, Outputs:1, VendorId:0x10de
[2021.10.02-10.11.09:475][  0]LogD3D11RHI:    1. 'Microsoft Basic Render Driver' (Feature Level 11_0)
[2021.10.02-10.11.09:475][  0]LogD3D11RHI:       0/0/8166 MB DedicatedVideo/DedicatedSystem/SharedSystem, Outputs:0, VendorId:0x1414
[2021.10.02-10.11.09:475][  0]LogD3D11RHI: Chosen D3D11 Adapter: 0
[2021.10.02-10.11.09:482][  0]LogD3D11RHI: Creating new Direct3DDevice
[2021.10.02-10.11.09:482][  0]LogD3D11RHI:     GPU DeviceId: 0x1e89 (for the marketing name, search the web for "GPU Device Id")
[2021.10.02-10.11.09:482][  0]LogWindows: EnumDisplayDevices:
[2021.10.02-10.11.09:482][  0]LogWindows:    0. 'NVIDIA GeForce RTX 2060' (P:1 D:1)
[2021.10.02-10.11.09:483][  0]LogWindows:    1. 'NVIDIA GeForce RTX 2060' (P:0 D:0)
[2021.10.02-10.11.09:483][  0]LogWindows:    2. 'NVIDIA GeForce RTX 2060' (P:0 D:0)
[2021.10.02-10.11.09:483][  0]LogWindows:    3. 'NVIDIA GeForce RTX 2060' (P:0 D:0)
[2021.10.02-10.11.09:483][  0]LogWindows: DebugString: FoundDriverCount:4 
[2021.10.02-10.11.09:483][  0]LogD3D11RHI:     Adapter Name: NVIDIA GeForce RTX 2060
[2021.10.02-10.11.09:483][  0]LogD3D11RHI:   Driver Version: 471.11 (internal:30.0.14.7111, unified:471.11)
[2021.10.02-10.11.09:483][  0]LogD3D11RHI:      Driver Date: 6-21-2021
[2021.10.02-10.11.09:483][  0]LogRHI: Texture pool is 4176 MB (70% of 5967 MB)
[2021.10.02-10.11.09:609][  0]LogD3D11RHI: RHI has support for 64 bit atomics
[2021.10.02-10.11.09:609][  0]LogD3D11RHI: Async texture creation enabled
[2021.10.02-10.11.09:624][  0]LogD3D11RHI: GPU Timing Frequency: 1000.000000 (Debug: 2 1)
[2021.10.02-10.11.09:869][  0]LogTargetPlatformManager: Display: Loaded TargetPlatform 'AllDesktop'
[2021.10.02-10.11.09:897][  0]LogTargetPlatformManager: Display: Loaded TargetPlatform 'Android'
[2021.10.02-10.11.09:897][  0]LogTargetPlatformManager: Display: Loaded TargetPlatform 'Android_ASTC'
[2021.10.02-10.11.09:897][  0]LogTargetPlatformManager: Display: Loaded TargetPlatform 'Android_ATC'
[2021.10.02-10.11.09:897][  0]LogTargetPlatformManager: Display: Loaded TargetPlatform 'Android_DXT'
[2021.10.02-10.11.09:897][  0]LogTargetPlatformManager: Display: Loaded TargetPlatform 'Android_ETC1'
[2021.10.02-10.11.09:897][  0]LogTargetPlatformManager: Display: Loaded TargetPlatform 'Android_ETC1a'
[2021.10.02-10.11.09:897][  0]LogTargetPlatformManager: Display: Loaded TargetPlatform 'Android_ETC2'
[2021.10.02-10.11.09:897][  0]LogTargetPlatformManager: Display: Loaded TargetPlatform 'Android_PVRTC'
[2021.10.02-10.11.09:897][  0]LogTargetPlatformManager: Display: Loaded TargetPlatform 'AndroidClient'
[2021.10.02-10.11.09:897][  0]LogTargetPlatformManager: Display: Loaded TargetPlatform 'Android_ASTCClient'
[2021.10.02-10.11.09:897][  0]LogTargetPlatformManager: Display: Loaded TargetPlatform 'Android_ATCClient'
[2021.10.02-10.11.09:897][  0]LogTargetPlatformManager: Display: Loaded TargetPlatform 'Android_DXTClient'
[2021.10.02-10.11.09:897][  0]LogTargetPlatformManager: Display: Loaded TargetPlatform 'Android_ETC1Client'
[2021.10.02-10.11.09:897][  0]LogTargetPlatformManager: Display: Loaded TargetPlatform 'Android_ETC1aClient'
[2021.10.02-10.11.09:897][  0]LogTargetPlatformManager: Display: Loaded TargetPlatform 'Android_ETC2Client'
[2021.10.02-10.11.09:897][  0]LogTargetPlatformManager: Display: Loaded TargetPlatform 'Android_PVRTCClient'
[2021.10.02-10.11.09:897][  0]LogTargetPlatformManager: Display: Loaded TargetPlatform 'Android_Multi'
[2021.10.02-10.11.09:897][  0]LogTargetPlatformManager: Display: Loaded TargetPlatform 'Android_MultiClient'
[2021.10.02-10.11.09:917][  0]LogTargetPlatformManager: Display: Loaded TargetPlatform 'IOSClient'
[2021.10.02-10.11.09:917][  0]LogTargetPlatformManager: Display: Loaded TargetPlatform 'IOS'
[2021.10.02-10.11.09:924][  0]LogTargetPlatformManager: Display: Loaded TargetPlatform 'LinuxNoEditor'
[2021.10.02-10.11.09:930][  0]LogTargetPlatformManager: Display: Loaded TargetPlatform 'LinuxClient'
[2021.10.02-10.11.09:937][  0]LogTargetPlatformManager: Display: Loaded TargetPlatform 'LinuxServer'
[2021.10.02-10.11.09:943][  0]LogTargetPlatformManager: Display: Loaded TargetPlatform 'LinuxAArch64NoEditor'
[2021.10.02-10.11.09:950][  0]LogTargetPlatformManager: Display: Loaded TargetPlatform 'LinuxAArch64Client'
[2021.10.02-10.11.09:956][  0]LogTargetPlatformManager: Display: Loaded TargetPlatform 'LinuxAArch64Server'
[2021.10.02-10.11.09:978][  0]LogTargetPlatformManager: Display: Loaded TargetPlatform 'Lumin'
[2021.10.02-10.11.09:978][  0]LogTargetPlatformManager: Display: Loaded TargetPlatform 'LuminClient'
[2021.10.02-10.11.09:990][  0]LogTargetPlatformManager: Display: Loaded TargetPlatform 'TVOSClient'
[2021.10.02-10.11.09:990][  0]LogTargetPlatformManager: Display: Loaded TargetPlatform 'TVOS'
[2021.10.02-10.11.09:997][  0]LogTargetPlatformManager: Display: Loaded TargetPlatform 'WindowsNoEditor'
[2021.10.02-10.11.10:004][  0]LogTargetPlatformManager: Display: Loaded TargetPlatform 'Windows'
[2021.10.02-10.11.10:011][  0]LogTargetPlatformManager: Display: Loaded TargetPlatform 'WindowsClient'
[2021.10.02-10.11.10:017][  0]LogTargetPlatformManager: Display: Loaded TargetPlatform 'WindowsServer'
[2021.10.02-10.11.10:017][  0]LogTargetPlatformManager: Display: Building Assets For Windows
[2021.10.02-10.11.10:020][  0]LogAudioDebug: Display: Lib vorbis DLL was dynamically loaded.
[2021.10.02-10.11.10:039][  0]LogShaderCompilers: Guid format shader working directory is -55 characters bigger than the processId version (../../../../../Uni/Advanced Games 2021/Assessment 2/Attempt 2/Week8StartingPoint/Week8StartingPoint/Intermediate/Shaders/WorkingDirectory/25816/).
[2021.10.02-10.11.10:039][  0]LogShaderCompilers: Cleaned the shader compiler working directory 'C:/Users/User/AppData/Local/Temp/UnrealShaderWorkingDir/18567FF34BDBE8A6E150468C27FE5F8E/'.
[2021.10.02-10.11.10:040][  0]LogXGEController: Cleaning working directory: C:/Users/User/AppData/Local/Temp/UnrealXGEWorkingDir/
[2021.10.02-10.11.10:040][  0]LogXGEController: Cannot use XGE Controller as Incredibuild is not installed on this machine.
[2021.10.02-10.11.10:040][  0]LogShaderCompilers: Cannot use XGE Shader Compiler as Incredibuild is not installed on this machine.
[2021.10.02-10.11.10:040][  0]LogShaderCompilers: Display: Using Local Shader Compiler.
[2021.10.02-10.11.10:640][  0]LogDerivedDataCache: Display: Max Cache Size: 512 MB
[2021.10.02-10.11.10:683][  0]LogDerivedDataCache: Loaded boot cache 0.04s 78MB C:/Users/User/AppData/Local/UnrealEngine/4.24/DerivedDataCache/Boot.ddc.
[2021.10.02-10.11.10:683][  0]LogDerivedDataCache: Display: Loaded Boot cache: C:/Users/User/AppData/Local/UnrealEngine/4.24/DerivedDataCache/Boot.ddc
[2021.10.02-10.11.10:683][  0]LogDerivedDataCache: FDerivedDataBackendGraph:  Pak pak cache file ../../../../../Uni/Advanced Games 2021/Assessment 2/Attempt 2/Week8StartingPoint/Week8StartingPoint/DerivedDataCache/DDC.ddp not found, will not use a pak cache.
[2021.10.02-10.11.10:683][  0]LogDerivedDataCache: Unable to find inner node Pak for hierarchical cache Hierarchy.
[2021.10.02-10.11.10:683][  0]LogDerivedDataCache: FDerivedDataBackendGraph:  CompressedPak pak cache file ../../../../../Uni/Advanced Games 2021/Assessment 2/Attempt 2/Week8StartingPoint/Week8StartingPoint/DerivedDataCache/Compressed.ddp not found, will not use a pak cache.
[2021.10.02-10.11.10:683][  0]LogDerivedDataCache: Unable to find inner node CompressedPak for hierarchical cache Hierarchy.
[2021.10.02-10.11.10:693][  0]LogDerivedDataCache: Display: Pak cache opened for reading ../../../Engine/DerivedDataCache/Compressed.ddp.
[2021.10.02-10.11.10:694][  0]LogDerivedDataCache: FDerivedDataBackendGraph:  EnterprisePak pak cache file ../../../Enterprise/DerivedDataCache/Compressed.ddp not found, will not use a pak cache.
[2021.10.02-10.11.10:694][  0]LogDerivedDataCache: Unable to find inner node EnterprisePak for hierarchical cache Hierarchy.
[2021.10.02-10.11.10:695][  0]LogDerivedDataCache: Using Local data cache path C:/Users/User/AppData/Local/UnrealEngine/Common/DerivedDataCache: Writable
[2021.10.02-10.11.10:695][  0]LogDerivedDataCache: Shared data cache path not found in *engine.ini, will not use an Shared cache.
[2021.10.02-10.11.10:695][  0]LogDerivedDataCache: Unable to find inner node Shared for hierarchical cache Hierarchy.
[2021.10.02-10.11.10:717][  0]LogMaterial: Verifying Global Shaders for PCD3D_SM5
[2021.10.02-10.11.10:720][  0]LogSlate: Using FreeType 2.10.0
[2021.10.02-10.11.10:720][  0]LogSlate: SlateFontServices - WITH_FREETYPE: 1, WITH_HARFBUZZ: 1
[2021.10.02-10.11.10:763][  0]LogAssetRegistry: FAssetRegistry took 0.0024 seconds to start up
[2021.10.02-10.11.11:017][  0]LogInit: Selected Device Profile: [Windows]
[2021.10.02-10.11.11:147][  0]LogMeshReduction: Using QuadricMeshReduction for automatic static mesh reduction
[2021.10.02-10.11.11:147][  0]LogMeshReduction: Using SimplygonMeshReduction for automatic skeletal mesh reduction
[2021.10.02-10.11.11:147][  0]LogMeshReduction: Using ProxyLODMeshReduction for automatic mesh merging
[2021.10.02-10.11.11:147][  0]LogMeshReduction: No distributed automatic mesh merging module available
[2021.10.02-10.11.11:147][  0]LogMeshMerging: No distributed automatic mesh merging module available
[2021.10.02-10.11.11:156][  0]LogNetVersion: AdvGamesProgramming 1.0.0, NetCL: 10570792, EngineNetVer: 13, GameNetVer: 0 (Checksum: 489682494)
[2021.10.02-10.11.12:051][  0]LogPackageLocalizationCache: Processed 10 localized package path(s) for 1 prioritized culture(s) in 0.039839 seconds
[2021.10.02-10.11.12:058][  0]LogUObjectArray: 46750 objects as part of root set at end of initial load.
[2021.10.02-10.11.12:058][  0]LogUObjectAllocator: 8137160 out of 0 bytes used by permanent object pool.
[2021.10.02-10.11.12:058][  0]LogUObjectArray: CloseDisregardForGC: 0/0 objects in disregard for GC pool
[2021.10.02-10.11.12:411][  0]LogTcpMessaging: Initializing TcpMessaging bridge
[2021.10.02-10.11.12:415][  0]LogUdpMessaging: Initializing bridge on interface 0.0.0.0:0 to multicast group 230.0.0.1:6666.
[2021.10.02-10.11.12:464][  0]SourceControl: Source control is disabled
[2021.10.02-10.11.12:464][  0]SourceControl: Source control is disabled
[2021.10.02-10.11.12:465][  0]SourceControl: Source control is disabled
[2021.10.02-10.11.12:465][  0]SourceControl: Source control is disabled
[2021.10.02-10.11.12:466][  0]SourceControl: Source control is disabled
[2021.10.02-10.11.12:539][  0]LogAndroidPermission: UAndroidPermissionCallbackProxy::GetInstance
[2021.10.02-10.11.12:550][  0]LogAudioCaptureCore: Display: No Audio Capture implementations found. Audio input will be silent.
[2021.10.02-10.11.12:550][  0]LogAudioCaptureCore: Display: No Audio Capture implementations found. Audio input will be silent.
[2021.10.02-10.11.12:626][  0]LogOcInput: OculusInput pre-init called
[2021.10.02-10.11.12:633][  0]LogWindows: Failed to load 'OVRPlugin.dll' (GetLastError=126)
[2021.10.02-10.11.12:634][  0]LogWindows: File 'OVRPlugin.dll' does not exist
[2021.10.02-10.11.12:698][  0]LogEngine: Initializing Engine...
[2021.10.02-10.11.12:699][  0]LogHMD: Failed to initialize OpenVR with code 110
[2021.10.02-10.11.12:699][  0]LogStats: UGameplayTagsManager::InitializeManager -  0.000 s
[2021.10.02-10.11.12:988][  0]LogInit: Initializing FReadOnlyCVARCache
[2021.10.02-10.11.12:994][  0]LogAIModule: Creating AISystem for world Untitled
[2021.10.02-10.11.13:005][  0]LogAudioMixer: Display: Audio Mixer Platform Settings:
[2021.10.02-10.11.13:005][  0]LogAudioMixer: Display: 	Sample Rate:						  48000
[2021.10.02-10.11.13:005][  0]LogAudioMixer: Display: 	Callback Buffer Frame Size Requested: 1024
[2021.10.02-10.11.13:005][  0]LogAudioMixer: Display: 	Callback Buffer Frame Size To Use:	  1024
[2021.10.02-10.11.13:005][  0]LogAudioMixer: Display: 	Number of buffers to queue:			  2
[2021.10.02-10.11.13:005][  0]LogAudioMixer: Display: 	Max Channels (voices):				  32
[2021.10.02-10.11.13:005][  0]LogAudioMixer: Display: 	Number of Async Source Workers:		  0
[2021.10.02-10.11.13:005][  0]LogAudio: Display: AudioDevice MaxSources: 32
[2021.10.02-10.11.13:005][  0]LogAudio: Display: Using built-in audio occlusion.
[2021.10.02-10.11.13:005][  0]LogAudioMixer: Display: Initializing audio mixer.
[2021.10.02-10.11.13:018][  0]LogAudioMixer: Display: Audio Device Output Speaker Info:
[2021.10.02-10.11.13:018][  0]LogAudioMixer: Display: Name: Headset Earphone (HyperX Virtual Surround Sound)
[2021.10.02-10.11.13:018][  0]LogAudioMixer: Display: Is Default: Yes
[2021.10.02-10.11.13:018][  0]LogAudioMixer: Display: Sample Rate: 48000
[2021.10.02-10.11.13:018][  0]LogAudioMixer: Display: Channel Count Used: 2
[2021.10.02-10.11.13:018][  0]LogAudioMixer: Display: Device Channel Count: 2
[2021.10.02-10.11.13:018][  0]LogAudioMixer: Display: Channel Order:
[2021.10.02-10.11.13:018][  0]LogAudioMixer: Display: 0: FrontLeft
[2021.10.02-10.11.13:018][  0]LogAudioMixer: Display: 1: FrontRight
[2021.10.02-10.11.13:032][  0]LogAudioMixer: Display: Using Audio Device Headset Earphone (HyperX Virtual Surround Sound)
[2021.10.02-10.11.13:037][  0]LogInit: FAudioDevice initialized.
[2021.10.02-10.11.13:037][  0]LogNetVersion: Set ProjectVersion to 1.0.0.0. Version Checksum will be recalculated on next use.
[2021.10.02-10.11.13:095][  0]LogDerivedDataCache: Saved boot cache 0.06s 78MB C:/Users/User/AppData/Local/UnrealEngine/4.24/DerivedDataCache/Boot.ddc.
[2021.10.02-10.11.13:095][  0]LogInit: Texture streaming: Enabled
[2021.10.02-10.11.13:106][  0]LogEngineSessionManager: EngineSessionManager initialized
[2021.10.02-10.11.13:106][  0]LogEngineSessionManager: EngineSessionManager sent abnormal shutdown report. Type=Crashed, SessionId={EBD585A1-4533-E1CC-4646-C8B39AC3E19C}
[2021.10.02-10.11.13:106][  0]LogEditorSessionSummary: Verbose: Initializing EditorSessionSummaryWriter for editor session tracking
[2021.10.02-10.11.13:110][  0]LogEditorSessionSummary: EditorSessionSummaryWriter initialized
[2021.10.02-10.11.13:155][  0]LogInit: Transaction tracking system initialized
[2021.10.02-10.11.13:165][  0]BlueprintLog: New page: Editor Load
[2021.10.02-10.11.13:191][  0]LocalizationService: Localization service is disabled
[2021.10.02-10.11.13:227][  0]LogLinker: Warning: Failed to load '/Game/ThirdPersonBP/ThirdPersonOverview': Can't find file.
[2021.10.02-10.11.13:227][  0]LogLinker: Warning: Failed to load '/Game/ThirdPersonBP/ThirdPersonOverview': Can't find file.
[2021.10.02-10.11.13:227][  0]LogUObjectGlobals: Warning: Failed to find object 'Class /Game/ThirdPersonBP/ThirdPersonOverview.ThirdPersonOverview_C'
[2021.10.02-10.11.13:417][  0]LogFileCache: Scanning file cache for directory 'D:/Uni/Advanced Games 2021/Assessment 2/Attempt 2/Week8StartingPoint/Week8StartingPoint/Content/' took 0.00s
[2021.10.02-10.11.13:418][  0]LogCook: Display: Max memory allowance for cook 16384mb min free memory 0mb
[2021.10.02-10.11.13:418][  0]LogCook: Display: Mobile HDR setting 1
[2021.10.02-10.11.13:945][  0]SourceControl: Source control is disabled
[2021.10.02-10.11.13:945][  0]Cmd: MAP LOAD FILE="../../../../../Uni/Advanced Games 2021/Assessment 2/Attempt 2/Week8StartingPoint/Week8StartingPoint/Content/Levels/TestingMap.umap" TEMPLATE=0 SHOWPROGRESS=1 FEATURELEVEL=3
[2021.10.02-10.11.13:946][  0]LightingResults: New page: Lighting Build
[2021.10.02-10.11.13:946][  0]LogWorld: UWorld::CleanupWorld for Untitled, bSessionEnded=true, bCleanupResources=true
[2021.10.02-10.11.13:946][  0]LogSlate: InvalidateAllWidgets triggered.  All widgets were invalidated
[2021.10.02-10.11.13:946][  0]MapCheck: New page: Map Check
[2021.10.02-10.11.13:946][  0]LightingResults: New page: Lighting Build
[2021.10.02-10.11.13:972][  0]LogUObjectHash: Compacting FUObjectHashTables data took   1.69ms
[2021.10.02-10.11.14:071][  0]LogBlueprint: Warning: [Compiler Ue4ASP_Character] InputAction Event references unknown Action 'Crouch' for  InputAction Crouch
[2021.10.02-10.11.14:071][  0]LogBlueprint: Warning: [Compiler Ue4ASP_Character] Input Axis Event references unknown Axis 'MoveRight' for  InputAxis MoveRight
[2021.10.02-10.11.14:431][  0]LogAIModule: Creating AISystem for world TestingMap
[2021.10.02-10.11.14:448][  0]LogEditorServer: Finished looking for orphan Actors (0.000 secs)
[2021.10.02-10.11.14:470][  0]LogUObjectHash: Compacting FUObjectHashTables data took   2.42ms
[2021.10.02-10.11.14:470][  0]Cmd: MAP CHECKDEP NOCLEARLOG
[2021.10.02-10.11.14:470][  0]MapCheck: Map check complete: 0 Error(s), 0 Warning(s), took 0.121ms to complete.
[2021.10.02-10.11.14:470][  0]LogFileHelpers: Loading map 'TestingMap' took 0.524
[2021.10.02-10.11.14:568][  0]LogSlate: Updating window title bar state: overlay mode, drag disabled, window buttons hidden, title bar hidden
[2021.10.02-10.11.14:574][  0]LogSlate: Updating window title bar state: overlay mode, drag disabled, window buttons hidden, title bar hidden
[2021.10.02-10.11.14:580][  0]LogSlate: Updating window title bar state: overlay mode, drag disabled, window buttons hidden, title bar hidden
[2021.10.02-10.11.14:585][  0]LogSlate: Updating window title bar state: overlay mode, drag disabled, window buttons hidden, title bar hidden
[2021.10.02-10.11.14:589][  0]LogCollectionManager: Loaded 0 collections in 0.000695 seconds
[2021.10.02-10.11.14:602][  0]LogFileCache: Scanning file cache for directory 'D:/Uni/Advanced Games 2021/Assessment 2/Attempt 2/Week8StartingPoint/Week8StartingPoint/Saved/Collections/' took 0.00s
[2021.10.02-10.11.14:602][  0]LogFileCache: Scanning file cache for directory 'D:/Uni/Advanced Games 2021/Assessment 2/Attempt 2/Week8StartingPoint/Week8StartingPoint/Content/Developers/User/Collections/' took 0.00s
[2021.10.02-10.11.14:602][  0]LogFileCache: Scanning file cache for directory 'D:/Uni/Advanced Games 2021/Assessment 2/Attempt 2/Week8StartingPoint/Week8StartingPoint/Content/Collections/' took 0.00s
[2021.10.02-10.11.14:602][  0]LogContentBrowser: Native class hierarchy populated in 0.0085 seconds. Added 3026 classes and 719 folders.
[2021.10.02-10.11.14:604][  0]LogContentBrowser: Native class hierarchy updated for 'WidgetCarousel' in 0.0003 seconds. Added 0 classes and 0 folders.
[2021.10.02-10.11.14:670][  0]LogContentBrowser: Native class hierarchy updated for 'AddContentDialog' in 0.0003 seconds. Added 0 classes and 0 folders.
[2021.10.02-10.11.14:676][  0]LogContentBrowser: Native class hierarchy updated for 'SceneOutliner' in 0.0003 seconds. Added 2 classes and 3 folders.
[2021.10.02-10.11.15:765][  0]LogSlate: Took 0.000165 seconds to synchronously load lazily loaded font '../../../Engine/Content/Slate/Fonts/Roboto-Regular.ttf' (155K)
[2021.10.02-10.11.15:767][  0]LogSlate: Took 0.000126 seconds to synchronously load lazily loaded font '../../../Engine/Content/Slate/Fonts/Roboto-Bold.ttf' (160K)
[2021.10.02-10.11.15:771][  0]LogSlate: Took 0.000186 seconds to synchronously load lazily loaded font '../../../Engine/Content/Editor/Slate/Fonts/FontAwesome.ttf' (139K)
[2021.10.02-10.11.15:831][  0]LogRenderer: Reallocating scene render targets to support 1024x572 Format 10 NumSamples 1 (Frame:1).
[2021.10.02-10.11.15:931][  0]LogContentBrowser: Native class hierarchy updated for 'HierarchicalLODOutliner' in 0.0004 seconds. Added 0 classes and 0 folders.
[2021.10.02-10.11.15:931][  0]LogLoad: (Engine Initialization) Total time: 7.89 seconds
[2021.10.02-10.11.15:931][  0]LogLoad: (Engine Initialization) Total Blueprint compile time: 0.00 seconds
[2021.10.02-10.11.15:986][  0]LogAssetRegistry: Asset discovery search completed in 5.2244 seconds
[2021.10.02-10.11.15:989][  0]LogCollectionManager: Fixed up redirectors for 0 collections in 0.000007 seconds (updated 0 objects)
[2021.10.02-10.11.15:991][  0]LogContentStreaming: Texture pool size now 1000 MB
[2021.10.02-10.11.16:007][  0]LogSlate: Took 0.000216 seconds to synchronously load lazily loaded font '../../../Engine/Content/Slate/Fonts/Roboto-Light.ttf' (167K)
[2021.10.02-10.11.17:533][ 57]LogSlate: Took 0.000186 seconds to synchronously load lazily loaded font '../../../Engine/Content/Slate/Fonts/Roboto-Light.ttf' (167K)
[2021.10.02-10.11.17:605][ 60]Candidate modules for hot reload:
[2021.10.02-10.11.17:605][ 60]  AdvGamesProgramming
[2021.10.02-10.11.17:605][ 60]Launching UnrealBuildTool... [D:/Epic Games/UE_4.24/Engine/Binaries/DotNET/UnrealBuildTool.exe  -ModuleWithSuffix=AdvGamesProgramming,7698 Win64 Development -TargetType=Editor -Project="D:/Uni/Advanced Games 2021/Assessment 2/Attempt 2/Week8StartingPoint/Week8StartingPoint/AdvGamesProgramming.uproject" "D:/Uni/Advanced Games 2021/Assessment 2/Attempt 2/Week8StartingPoint/Week8StartingPoint/AdvGamesProgramming.uproject"  -IgnoreJunk]
[2021.10.02-10.11.17:613][ 60]Warning: Starting HotReload took  0.0s.
[2021.10.02-10.11.21:130][431]CompilerResultsLog: New page: Compilation - 3 Oct 2021, 7:11:21 am
[2021.10.02-10.11.21:130][431]CompilerResultsLog: Building AdvGamesProgrammingEditor...
[2021.10.02-10.11.21:130][431]CompilerResultsLog: Using Visual Studio 2019 14.28.29337 toolchain (C:\Program Files (x86)\Microsoft Visual Studio\2019\Community\VC\Tools\MSVC\14.28.29333) and Windows 10.0.18362.0 SDK (C:\Program Files (x86)\Windows Kits\10).
[2021.10.02-10.11.21:130][431]CompilerResultsLog: Building 4 actions with 6 processes...
[2021.10.02-10.11.21:130][431]CompilerResultsLog:   [1/4] HealthComponent.cpp
[2021.10.02-10.11.21:130][431]CompilerResultsLog:   [2/4] UE4Editor-AdvGamesProgramming-7698.lib
[2021.10.02-10.11.21:130][431]CompilerResultsLog:      Creating library D:\Uni\Advanced Games 2021\Assessment 2\Attempt 2\Week8StartingPoint\Week8StartingPoint\Intermediate\Build\Win64\UE4Editor\Development\AdvGamesProgramming\UE4Editor-AdvGamesProgramming-7698.lib and object D:\Uni\Advanced Games 2021\Assessment 2\Attempt 2\Week8StartingPoint\Week8StartingPoint\Intermediate\Build\Win64\UE4Editor\Development\AdvGamesProgramming\UE4Editor-AdvGamesProgramming-7698.exp
[2021.10.02-10.11.21:130][431]CompilerResultsLog:   [3/4] UE4Editor-AdvGamesProgramming-7698.dll
[2021.10.02-10.11.21:130][431]CompilerResultsLog:      Creating library D:\Uni\Advanced Games 2021\Assessment 2\Attempt 2\Week8StartingPoint\Week8StartingPoint\Intermediate\Build\Win64\UE4Editor\Development\AdvGamesProgramming\UE4Editor-AdvGamesProgramming-7698.suppressed.lib and object D:\Uni\Advanced Games 2021\Assessment 2\Attempt 2\Week8StartingPoint\Week8StartingPoint\Intermediate\Build\Win64\UE4Editor\Development\AdvGamesProgramming\UE4Editor-AdvGamesProgramming-7698.suppressed.exp
[2021.10.02-10.11.21:130][431]CompilerResultsLog:   [4/4] AdvGamesProgrammingEditor.target
[2021.10.02-10.11.21:130][431]CompilerResultsLog: Total time in Parallel executor: 2.32 seconds
[2021.10.02-10.11.21:130][431]CompilerResultsLog: Total execution time: 3.42 seconds
[2021.10.02-10.11.21:130][431]LogMainFrame: MainFrame: Module compiling took 3.529 seconds
[2021.10.02-10.11.21:159][431]LogUObjectHash: Compacting FUObjectHashTables data took   0.76ms
[2021.10.02-10.11.22:437][431]LogClass: AgentState HotReload.
[2021.10.02-10.11.22:437][431]LogClass: EWeaponFiringType HotReload.
[2021.10.02-10.11.22:437][431]LogClass: EWeaponPickupRarity HotReload.
[2021.10.02-10.11.22:444][431]LogContentBrowser: Native class hierarchy updated for 'AdvGamesProgramming' in 0.0004 seconds. Added 11 classes and 2 folders.
[2021.10.02-10.11.22:449][431]Display: HotReload successful (6 functions remapped  0 scriptstructs remapped)
[2021.10.02-10.11.22:533][431]LogUObjectHash: Compacting FUObjectHashTables data took   1.50ms
[2021.10.02-10.11.22:543][431]LogContentBrowser: Native class hierarchy populated in 0.0091 seconds. Added 3028 classes and 722 folders.
[2021.10.02-10.11.22:547][431]Display: HotReload took  5.0s.
[2021.10.02-10.11.23:706][562]LogTemp: Repeating last play command: Selected Viewport
[2021.10.02-10.11.23:714][562]LogPlayLevel: PlayLevel: No blueprints needed recompiling
[2021.10.02-10.11.23:715][562]PIE: New page: PIE session: TestingMap (3 Oct 2021, 7:11:23 am)
[2021.10.02-10.11.23:716][562]LogOnline: OSS: Creating online subsystem instance for: NULL
[2021.10.02-10.11.23:717][562]LogOnline: OSS: TryLoadSubsystemAndSetDefault: Loaded subsystem for module [NULL]
[2021.10.02-10.11.23:717][562]LogPlayLevel: Creating play world package: /Game/Levels/UEDPIE_0_TestingMap
[2021.10.02-10.11.23:731][562]LogPlayLevel: PIE: StaticDuplicateObject took: (0.014493s)
[2021.10.02-10.11.23:732][562]LogAIModule: Creating AISystem for world TestingMap
[2021.10.02-10.11.23:733][562]LogPlayLevel: PIE: World Init took: (0.001185s)
[2021.10.02-10.11.23:733][562]LogPlayLevel: PIE: Created PIE world by copying editor world from /Game/Levels/TestingMap.TestingMap to /Game/Levels/UEDPIE_0_TestingMap.TestingMap (0.015902s)
[2021.10.02-10.11.23:759][562]LogUObjectHash: Compacting FUObjectHashTables data took   1.52ms
[2021.10.02-10.11.23:760][562]LogAudioMixer: Display: Audio Mixer Platform Settings:
[2021.10.02-10.11.23:760][562]LogAudioMixer: Display: 	Sample Rate:						  48000
[2021.10.02-10.11.23:760][562]LogAudioMixer: Display: 	Callback Buffer Frame Size Requested: 1024
[2021.10.02-10.11.23:760][562]LogAudioMixer: Display: 	Callback Buffer Frame Size To Use:	  1024
[2021.10.02-10.11.23:760][562]LogAudioMixer: Display: 	Number of buffers to queue:			  2
[2021.10.02-10.11.23:760][562]LogAudioMixer: Display: 	Max Channels (voices):				  32
[2021.10.02-10.11.23:760][562]LogAudioMixer: Display: 	Number of Async Source Workers:		  0
[2021.10.02-10.11.23:760][562]LogAudio: Display: AudioDevice MaxSources: 32
[2021.10.02-10.11.23:760][562]LogAudio: Display: Using built-in audio occlusion.
[2021.10.02-10.11.23:760][562]LogAudioMixer: Display: Initializing audio mixer.
[2021.10.02-10.11.23:772][562]LogAudioMixer: Display: Audio Device Output Speaker Info:
[2021.10.02-10.11.23:772][562]LogAudioMixer: Display: Name: Headset Earphone (HyperX Virtual Surround Sound)
[2021.10.02-10.11.23:772][562]LogAudioMixer: Display: Is Default: Yes
[2021.10.02-10.11.23:772][562]LogAudioMixer: Display: Sample Rate: 48000
[2021.10.02-10.11.23:772][562]LogAudioMixer: Display: Channel Count Used: 2
[2021.10.02-10.11.23:772][562]LogAudioMixer: Display: Device Channel Count: 2
[2021.10.02-10.11.23:772][562]LogAudioMixer: Display: Channel Order:
[2021.10.02-10.11.23:772][562]LogAudioMixer: Display: 0: FrontLeft
[2021.10.02-10.11.23:772][562]LogAudioMixer: Display: 1: FrontRight
[2021.10.02-10.11.23:782][562]LogAudioMixer: Display: Using Audio Device Headset Earphone (HyperX Virtual Surround Sound)
[2021.10.02-10.11.23:784][562]LogInit: FAudioDevice initialized.
[2021.10.02-10.11.23:789][562]LogLoad: Game class is 'GameModeBase'
[2021.10.02-10.11.23:793][562]LogWorld: Bringing World /Game/Levels/UEDPIE_0_TestingMap.TestingMap up for play (max tick rate 0) at 2021.10.02-20.11.23
[2021.10.02-10.11.23:793][562]LogWorld: Bringing up level for play took: 0.003106
[2021.10.02-10.11.23:793][562]LogOnline: OSS: Creating online subsystem instance for: :Context_2
[2021.10.02-10.11.23:816][562]LogContentBrowser: Native class hierarchy updated for 'MovieSceneCapture' in 0.0004 seconds. Added 20 classes and 0 folders.
[2021.10.02-10.11.23:816][562]LogTemp: Warning: X=1000.000 Y=-250.000 Z=50.000
[2021.10.02-10.11.23:820][562]PIE: Play in editor start time for /Game/Levels/UEDPIE_0_TestingMap 0.801
[2021.10.02-10.11.23:821][562]LogTemp: Warning: Player Detected
[2021.10.02-10.11.24:097][587]LogTemp: Warning: Player Lost
[2021.10.02-10.11.24:114][589]LogTemp: Warning: Player Detected
[2021.10.02-10.11.24:200][599]LogBlueprintUserMessages: [Gun_GEN_VARIABLE_GunBlueprint_C_CAT_0] Nothing with health has been hit
[2021.10.02-10.11.25:163][714]LogTemp: Warning: Player Detected
[2021.10.02-10.11.25:619][768]LogTemp: Warning: Player Lost
[2021.10.02-10.11.25:636][770]LogTemp: Warning: Player Lost
[2021.10.02-10.11.26:019][816]LogTemp: Warning: Player Detected
[2021.10.02-10.11.26:491][872]LogTemp: Warning: Player Detected
[2021.10.02-10.11.27:009][934]LogTemp: Warning: Player Lost
[2021.10.02-10.11.27:025][936]LogTemp: Warning: Player Lost
[2021.10.02-10.11.28:097][ 64]LogTemp: Warning: Player Detected
[2021.10.02-10.11.28:772][145]LogTemp: Warning: On Take Damage Works
[2021.10.02-10.11.28:772][145]LogBlueprintUserMessages: [Gun_GEN_VARIABLE_GunBlueprint_C_CAT_0] 80.0
[2021.10.02-10.11.29:139][189]LogBlueprintUserMessages: [Gun_GEN_VARIABLE_GunBlueprint_C_CAT_0] Nothing with health has been hit
[2021.10.02-10.11.29:198][196]LogTemp: Warning: Player Lost
[2021.10.02-10.11.29:231][200]LogTemp: Warning: Player Detected
[2021.10.02-10.11.29:231][200]LogTemp: Warning: Player Detected
[2021.10.02-10.11.29:990][291]LogTemp: Warning: Player Lost
[2021.10.02-10.11.30:140][309]LogTemp: Warning: Player Lost
[2021.10.02-10.11.30:483][350]LogTemp: Warning: Player Detected
[2021.10.02-10.11.30:598][364]LogTemp: Warning: Player Lost
[2021.10.02-10.11.30:849][394]LogTemp: Warning: Player Detected
[2021.10.02-10.11.31:073][421]LogTemp: Warning: On Take Damage Works
[2021.10.02-10.11.31:073][421]LogBlueprintUserMessages: [Gun_GEN_VARIABLE_GunBlueprint_C_CAT_0] 80.0
[2021.10.02-10.11.31:240][441]LogTemp: Warning: Player Detected
[2021.10.02-10.11.31:357][455]LogTemp: Warning: Player Detected
[2021.10.02-10.11.31:449][466]LogTemp: Warning: On Take Damage Works
[2021.10.02-10.11.31:449][466]LogBlueprintUserMessages: [Gun_GEN_VARIABLE_GunBlueprint_C_CAT_0] 60.0
[2021.10.02-10.11.31:775][505]LogTemp: Warning: On Take Damage Works
[2021.10.02-10.11.31:776][505]LogBlueprintUserMessages: [Gun_GEN_VARIABLE_GunBlueprint_C_CAT_0] 40.0
[2021.10.02-10.11.32:117][546]LogTemp: Warning: On Take Damage Works
[2021.10.02-10.11.32:117][546]LogBlueprintUserMessages: [Gun_GEN_VARIABLE_GunBlueprint_C_CAT_0] 20.0
[2021.10.02-10.11.32:317][570]LogTemp: Warning: Player Lost
[2021.10.02-10.11.33:434][697]LogTemp: Warning: On Take Damage Works
[2021.10.02-10.11.33:434][697]LogBlueprintUserMessages: [Gun_GEN_VARIABLE_GunBlueprint_C_CAT_0] 0.0
[2021.10.02-10.11.33:435][697]LogTemp: Warning: Player Lost
[2021.10.02-10.11.33:692][728]LogTemp: Warning: Player Lost
[2021.10.02-10.11.33:759][736]LogTemp: Warning: Player Detected
[2021.10.02-10.11.34:993][884]LogTemp: Warning: On Take Damage Works
[2021.10.02-10.11.34:993][884]LogBlueprintUserMessages: [Gun_GEN_VARIABLE_GunBlueprint_C_CAT_0] 60.0
[2021.10.02-10.11.35:359][928]LogBlueprintUserMessages: [Gun_GEN_VARIABLE_GunBlueprint_C_CAT_0] Nothing with health has been hit
[2021.10.02-10.11.35:685][967]LogBlueprintUserMessages: [Gun_GEN_VARIABLE_GunBlueprint_C_CAT_0] Nothing with health has been hit
[2021.10.02-10.11.36:419][ 55]LogTemp: Warning: On Take Damage Works
[2021.10.02-10.11.36:419][ 55]LogBlueprintUserMessages: [Gun_GEN_VARIABLE_GunBlueprint_C_CAT_0] 40.0
[2021.10.02-10.11.36:852][107]LogTemp: Warning: On Take Damage Works
[2021.10.02-10.11.36:852][107]LogBlueprintUserMessages: [Gun_GEN_VARIABLE_GunBlueprint_C_CAT_0] 20.0
[2021.10.02-10.11.37:078][134]LogTemp: Warning: Player Lost
[2021.10.02-10.11.38:171][265]LogTemp: Warning: On Take Damage Works
[2021.10.02-10.11.38:171][265]LogBlueprintUserMessages: [Gun_GEN_VARIABLE_GunBlueprint_C_CAT_0] 0.0
[2021.10.02-10.11.53:538][105]LogAudioMixer: Display: No commands were queued while flushing the source manager.
[2021.10.02-10.11.53:538][105]LogAudioMixer: Display: No commands were queued while flushing the source manager.
[2021.10.02-10.11.53:538][105]LogSlate: Updating window title bar state: overlay mode, drag disabled, window buttons hidden, title bar hidden
[2021.10.02-10.11.53:538][105]LogWorld: BeginTearingDown for /Game/Levels/UEDPIE_0_TestingMap
[2021.10.02-10.11.53:538][105]LogAudioMixer: Display: No commands were queued while flushing the source manager.
[2021.10.02-10.11.53:538][105]LogWorld: UWorld::CleanupWorld for TestingMap, bSessionEnded=true, bCleanupResources=true
[2021.10.02-10.11.53:539][105]LogSlate: InvalidateAllWidgets triggered.  All widgets were invalidated
[2021.10.02-10.11.53:547][105]LogPlayLevel: Display: Shutting down PIE online subsystems
[2021.10.02-10.11.53:551][105]LogSlate: InvalidateAllWidgets triggered.  All widgets were invalidated
[2021.10.02-10.11.53:574][105]LogAudioMixer: Display: No commands were queued while flushing the source manager.
[2021.10.02-10.11.53:577][105]LogSlate: Updating window title bar state: overlay mode, drag disabled, window buttons hidden, title bar hidden
[2021.10.02-10.11.53:580][105]LogUObjectHash: Compacting FUObjectHashTables data took   1.94ms
[2021.10.02-10.11.53:638][109]LogPlayLevel: Display: Destroying online subsystem :Context_2
[2021.10.02-10.18.27:392][610]Running D:/Epic Games/UE_4.24/Engine/Binaries/DotNET/UnrealBuildTool.exe  -projectfiles -project="D:/Uni/Advanced Games 2021/Assessment 2/Attempt 2/Week8StartingPoint/Week8StartingPoint/AdvGamesProgramming.uproject" -game -rocket -progress
[2021.10.02-10.18.27:715][610]Discovering modules, targets and source code for project...
[2021.10.02-10.18.28:717][610]Binding IntelliSense data...
[2021.10.02-10.18.31:531][610]Binding IntelliSense data... 100%
[2021.10.02-10.18.31:531][610]Writing project files...
[2021.10.02-10.18.35:842][610]Writing project files... 100%
[2021.10.02-10.29.50:911][422]LogAssetEditorSubsystem: Opening Asset editor for Blueprint /Game/Blueprints/EnemyCharacterBlueprint.EnemyCharacterBlueprint
[2021.10.02-10.29.51:044][422]LogContentBrowser: Native class hierarchy updated for 'BlueprintGraph' in 0.0006 seconds. Added 121 classes and 0 folders.
[2021.10.02-10.29.51:800][422]LogSlate: Took 0.000207 seconds to synchronously load lazily loaded font '../../../Engine/Content/Slate/Fonts/Roboto-BoldCondensed.ttf' (158K)
[2021.10.02-10.29.51:858][423]LogSlate: Took 0.000229 seconds to synchronously load lazily loaded font '../../../Engine/Content/Slate/Fonts/Roboto-Italic.ttf' (157K)
[2021.10.02-10.30.13:483][155]LogRenderer: Reallocating scene render targets to support 1140x712 Format 10 NumSamples 1 (Frame:1).
[2021.10.02-10.30.16:122][370]LogHttp: Warning: 0000011B4CAFD800: invalid HTTP response code received. URL: https://datarouter.ol.epicgames.com/datarouter/api/v1/public/data?SessionID=%7B6B1B71AB-416D-24F9-682A-44A23F4ABAB8%7D&AppID=UEEditor.Rocket.Release&AppVersion=4.24.3-11590370%2B%2B%2BUE4%2BRelease-4.24&UserID=9993f4d449e02013a87876ad60c56d12%7Cc304e0d1024949a0a027062b7e743c17%7C7ffa3bd8-fbe9-41f7-99e1-81b37517bd7c&AppEnvironment=datacollector-binary&UploadType=eteventstream, HTTP code: 0, content length: 0, actual payload size: 0
[2021.10.02-10.30.16:122][370]LogHttp: Warning: 0000011B4CAFD800: request failed, libcurl error: 6 (Couldn't resolve host name)
[2021.10.02-10.30.16:122][370]LogHttp: Warning: 0000011B4CAFD800: libcurl info message cache 0 (Connection 6 seems to be dead!)
[2021.10.02-10.30.16:122][370]LogHttp: Warning: 0000011B4CAFD800: libcurl info message cache 1 (Closing connection 6)
[2021.10.02-10.30.16:122][370]LogHttp: Warning: 0000011B4CAFD800: libcurl info message cache 2 (TLSv1.2 (OUT), TLS alert, Client hello (1):)
[2021.10.02-10.30.16:122][370]LogHttp: Warning: 0000011B4CAFD800: libcurl info message cache 3 (Could not resolve host: datarouter.ol.epicgames.com)
[2021.10.02-10.30.16:122][370]LogHttp: Warning: 0000011B4CAFD800: libcurl info message cache 4 (Closing connection 7)
[2021.10.02-10.30.16:122][370]LogHttp: Warning: Retry exhausted on https://datarouter.ol.epicgames.com/datarouter/api/v1/public/data?SessionID=%7B6B1B71AB-416D-24F9-682A-44A23F4ABAB8%7D&AppID=UEEditor.Rocket.Release&AppVersion=4.24.3-11590370%2B%2B%2BUE4%2BRelease-4.24&UserID=9993f4d449e02013a87876ad60c56d12%7Cc304e0d1024949a0a027062b7e743c17%7C7ffa3bd8-fbe9-41f7-99e1-81b37517bd7c&AppEnvironment=datacollector-binary&UploadType=eteventstream
[2021.10.02-10.30.40:294][982]LogTemp: Repeating last play command: Selected Viewport
[2021.10.02-10.30.40:303][982]LogPlayLevel: PlayLevel: No blueprints needed recompiling
[2021.10.02-10.30.40:303][982]PIE: New page: PIE session: TestingMap (3 Oct 2021, 7:30:40 am)
[2021.10.02-10.30.40:303][982]LogPlayLevel: Creating play world package: /Game/Levels/UEDPIE_0_TestingMap
[2021.10.02-10.30.40:319][982]LogPlayLevel: PIE: StaticDuplicateObject took: (0.015600s)
[2021.10.02-10.30.40:320][982]LogAIModule: Creating AISystem for world TestingMap
[2021.10.02-10.30.40:320][982]LogPlayLevel: PIE: World Init took: (0.000964s)
[2021.10.02-10.30.40:320][982]LogPlayLevel: PIE: Created PIE world by copying editor world from /Game/Levels/TestingMap.TestingMap to /Game/Levels/UEDPIE_0_TestingMap.TestingMap (0.016697s)
[2021.10.02-10.30.40:358][982]LogUObjectHash: Compacting FUObjectHashTables data took   3.31ms
[2021.10.02-10.30.40:360][982]LogAudioMixer: Display: Audio Mixer Platform Settings:
[2021.10.02-10.30.40:360][982]LogAudioMixer: Display: 	Sample Rate:						  48000
[2021.10.02-10.30.40:360][982]LogAudioMixer: Display: 	Callback Buffer Frame Size Requested: 1024
[2021.10.02-10.30.40:360][982]LogAudioMixer: Display: 	Callback Buffer Frame Size To Use:	  1024
[2021.10.02-10.30.40:360][982]LogAudioMixer: Display: 	Number of buffers to queue:			  2
[2021.10.02-10.30.40:360][982]LogAudioMixer: Display: 	Max Channels (voices):				  32
[2021.10.02-10.30.40:360][982]LogAudioMixer: Display: 	Number of Async Source Workers:		  0
[2021.10.02-10.30.40:360][982]LogAudio: Display: AudioDevice MaxSources: 32
[2021.10.02-10.30.40:361][982]LogAudio: Display: Using built-in audio occlusion.
[2021.10.02-10.30.40:361][982]LogAudioMixer: Display: Initializing audio mixer.
[2021.10.02-10.30.40:369][982]LogAudioMixer: Display: Audio Device Output Speaker Info:
[2021.10.02-10.30.40:369][982]LogAudioMixer: Display: Name: Headset Earphone (HyperX Virtual Surround Sound)
[2021.10.02-10.30.40:369][982]LogAudioMixer: Display: Is Default: Yes
[2021.10.02-10.30.40:369][982]LogAudioMixer: Display: Sample Rate: 48000
[2021.10.02-10.30.40:369][982]LogAudioMixer: Display: Channel Count Used: 2
[2021.10.02-10.30.40:369][982]LogAudioMixer: Display: Device Channel Count: 2
[2021.10.02-10.30.40:369][982]LogAudioMixer: Display: Channel Order:
[2021.10.02-10.30.40:369][982]LogAudioMixer: Display: 0: FrontLeft
[2021.10.02-10.30.40:369][982]LogAudioMixer: Display: 1: FrontRight
[2021.10.02-10.30.40:378][982]LogAudioMixer: Display: Using Audio Device Headset Earphone (HyperX Virtual Surround Sound)
[2021.10.02-10.30.40:380][982]LogInit: FAudioDevice initialized.
[2021.10.02-10.30.40:387][982]LogLoad: Game class is 'GameModeBase'
[2021.10.02-10.30.40:390][982]LogWorld: Bringing World /Game/Levels/UEDPIE_0_TestingMap.TestingMap up for play (max tick rate 0) at 2021.10.02-20.30.40
[2021.10.02-10.30.40:391][982]LogWorld: Bringing up level for play took: 0.003307
[2021.10.02-10.30.40:391][982]LogOnline: OSS: Creating online subsystem instance for: :Context_8
[2021.10.02-10.30.40:392][982]LogTemp: Warning: X=1000.000 Y=-250.000 Z=50.000
[2021.10.02-10.30.40:395][982]PIE: Play in editor start time for /Game/Levels/UEDPIE_0_TestingMap -0.624
[2021.10.02-10.30.41:081][ 58]LogTemp: Warning: Player Detected
[2021.10.02-10.30.41:089][ 59]LogTemp: Warning: Player Detected
[2021.10.02-10.30.41:819][131]LogTemp: Warning: Player Lost
[2021.10.02-10.30.41:869][137]LogTemp: Warning: Player Lost
[2021.10.02-10.30.42:036][157]LogTemp: Warning: Player Detected
[2021.10.02-10.30.42:717][233]LogTemp: Warning: Player Detected
[2021.10.02-10.30.47:201][743]LogAudioMixer: Display: No commands were queued while flushing the source manager.
[2021.10.02-10.30.47:201][743]LogAudioMixer: Display: No commands were queued while flushing the source manager.
[2021.10.02-10.30.47:201][743]LogSlate: Updating window title bar state: overlay mode, drag disabled, window buttons hidden, title bar hidden
[2021.10.02-10.30.47:201][743]LogWorld: BeginTearingDown for /Game/Levels/UEDPIE_0_TestingMap
[2021.10.02-10.30.47:201][743]LogAudioMixer: Display: No commands were queued while flushing the source manager.
[2021.10.02-10.30.47:201][743]LogWorld: UWorld::CleanupWorld for TestingMap, bSessionEnded=true, bCleanupResources=true
[2021.10.02-10.30.47:202][743]LogSlate: InvalidateAllWidgets triggered.  All widgets were invalidated
[2021.10.02-10.30.47:208][743]LogPlayLevel: Display: Shutting down PIE online subsystems
[2021.10.02-10.30.47:213][743]LogSlate: InvalidateAllWidgets triggered.  All widgets were invalidated
[2021.10.02-10.30.47:247][743]LogAudioMixer: Display: No commands were queued while flushing the source manager.
[2021.10.02-10.30.47:250][743]LogSlate: Updating window title bar state: overlay mode, drag disabled, window buttons hidden, title bar hidden
[2021.10.02-10.30.47:255][743]LogUObjectHash: Compacting FUObjectHashTables data took   3.14ms
[2021.10.02-10.30.47:300][747]LogPlayLevel: Display: Destroying online subsystem :Context_8
[2021.10.02-10.31.53:056][117]LogUObjectHash: Compacting FUObjectHashTables data took   0.90ms
[2021.10.02-10.31.53:110][117]LogSavePackage: Moving '../../../../../Uni/Advanced Games 2021/Assessment 2/Attempt 2/Week8StartingPoint/Week8StartingPoint/Saved/TestingMap_Auto1D04D07B6499AC3B9B22C89A96603DBC4.tmp' to '../../../../../Uni/Advanced Games 2021/Assessment 2/Attempt 2/Week8StartingPoint/Week8StartingPoint/Saved/Autosaves/Game/Levels/TestingMap_Auto1.umap'
[2021.10.02-10.31.53:112][117]LogFileHelpers: Editor autosave (incl. sublevels) for '/Game/Levels/TestingMap' took 0.094
[2021.10.02-10.31.53:112][117]LogFileHelpers: Editor autosave (incl. sublevels) for all levels took 0.094
[2021.10.02-10.42.52:718][403]Candidate modules for hot reload:
[2021.10.02-10.42.52:718][403]  AdvGamesProgramming
[2021.10.02-10.42.52:718][403]Launching UnrealBuildTool... [D:/Epic Games/UE_4.24/Engine/Binaries/DotNET/UnrealBuildTool.exe  -ModuleWithSuffix=AdvGamesProgramming,3746 Win64 Development -TargetType=Editor -Project="D:/Uni/Advanced Games 2021/Assessment 2/Attempt 2/Week8StartingPoint/Week8StartingPoint/AdvGamesProgramming.uproject" "D:/Uni/Advanced Games 2021/Assessment 2/Attempt 2/Week8StartingPoint/Week8StartingPoint/AdvGamesProgramming.uproject"  -IgnoreJunk]
[2021.10.02-10.42.52:725][403]Warning: Starting HotReload took  0.0s.
[2021.10.02-10.45.01:103][243]CompilerResultsLog: New page: Compilation - 3 Oct 2021, 7:45:01 am
[2021.10.02-10.45.01:103][243]CompilerResultsLog: Creating makefile for AdvGamesProgrammingEditor (no existing makefile)
[2021.10.02-10.45.01:104][243]CompilerResultsLog: Error: D:\Uni\Advanced Games 2021\Assessment 2\Attempt 2\Week8StartingPoint\Week8StartingPoint\Source\AdvGamesProgramming\HealthComponent.cpp(1) : error: Expected HealthComponent.h to be first header included.
[2021.10.02-10.45.01:104][243]CompilerResultsLog: Building AdvGamesProgrammingEditor...
[2021.10.02-10.45.01:104][243]CompilerResultsLog: Using Visual Studio 2019 14.28.29337 toolchain (C:\Program Files (x86)\Microsoft Visual Studio\2019\Community\VC\Tools\MSVC\14.28.29333) and Windows 10.0.18362.0 SDK (C:\Program Files (x86)\Windows Kits\10).
[2021.10.02-10.45.01:104][243]CompilerResultsLog: Building 5 actions with 6 processes...
[2021.10.02-10.45.01:104][243]CompilerResultsLog:   [1/5] HealthComponent.cpp
[2021.10.02-10.45.01:104][243]CompilerResultsLog:   [2/5] AIManager.cpp
[2021.10.02-10.45.01:104][243]CompilerResultsLog:   [3/5] UE4Editor-AdvGamesProgramming-3746.lib
[2021.10.02-10.45.01:104][243]CompilerResultsLog:      Creating library D:\Uni\Advanced Games 2021\Assessment 2\Attempt 2\Week8StartingPoint\Week8StartingPoint\Intermediate\Build\Win64\UE4Editor\Development\AdvGamesProgramming\UE4Editor-AdvGamesProgramming-3746.lib and object D:\Uni\Advanced Games 2021\Assessment 2\Attempt 2\Week8StartingPoint\Week8StartingPoint\Intermediate\Build\Win64\UE4Editor\Development\AdvGamesProgramming\UE4Editor-AdvGamesProgramming-3746.exp
[2021.10.02-10.45.01:104][243]CompilerResultsLog:   [4/5] UE4Editor-AdvGamesProgramming-3746.dll
[2021.10.02-10.45.01:104][243]CompilerResultsLog:      Creating library D:\Uni\Advanced Games 2021\Assessment 2\Attempt 2\Week8StartingPoint\Week8StartingPoint\Intermediate\Build\Win64\UE4Editor\Development\AdvGamesProgramming\UE4Editor-AdvGamesProgramming-3746.suppressed.lib and object D:\Uni\Advanced Games 2021\Assessment 2\Attempt 2\Week8StartingPoint\Week8StartingPoint\Intermediate\Build\Win64\UE4Editor\Development\AdvGamesProgramming\UE4Editor-AdvGamesProgramming-3746.suppressed.exp
[2021.10.02-10.45.01:104][243]CompilerResultsLog:   [5/5] AdvGamesProgrammingEditor.target
[2021.10.02-10.45.01:104][243]CompilerResultsLog: Total time in Parallel executor: 125.43 seconds
[2021.10.02-10.45.01:104][243]CompilerResultsLog: Total execution time: 128.20 seconds
[2021.10.02-10.45.01:104][243]LogMainFrame: MainFrame: Module compiling took 128.389 seconds
[2021.10.02-10.45.01:136][243]LogUObjectHash: Compacting FUObjectHashTables data took   1.22ms
[2021.10.02-10.45.03:175][243]LogClass: AgentState HotReload.
[2021.10.02-10.45.03:175][243]LogClass: EWeaponFiringType HotReload.
[2021.10.02-10.45.03:175][243]LogClass: EWeaponPickupRarity HotReload.
[2021.10.02-10.45.03:183][243]LogContentBrowser: Native class hierarchy updated for 'AdvGamesProgramming' in 0.0004 seconds. Added 11 classes and 2 folders.
[2021.10.02-10.45.03:189][243]Display: HotReload successful (6 functions remapped  0 scriptstructs remapped)
[2021.10.02-10.45.03:307][243]LogUObjectHash: Compacting FUObjectHashTables data took   2.04ms
[2021.10.02-10.45.03:319][243]LogContentBrowser: Native class hierarchy populated in 0.0119 seconds. Added 3028 classes and 722 folders.
[2021.10.02-10.45.03:326][243]Display: HotReload took 130.6s.
[2021.10.02-10.46.00:745][166]LogTemp: Repeating last play command: Selected Viewport
[2021.10.02-10.46.00:759][166]LogPlayLevel: PlayLevel: No blueprints needed recompiling
[2021.10.02-10.46.00:759][166]PIE: New page: PIE session: TestingMap (3 Oct 2021, 7:46:00 am)
[2021.10.02-10.46.00:759][166]LogPlayLevel: Creating play world package: /Game/Levels/UEDPIE_0_TestingMap
[2021.10.02-10.46.00:775][166]LogPlayLevel: PIE: StaticDuplicateObject took: (0.016144s)
[2021.10.02-10.46.00:776][166]LogAIModule: Creating AISystem for world TestingMap
[2021.10.02-10.46.00:776][166]LogPlayLevel: PIE: World Init took: (0.001030s)
[2021.10.02-10.46.00:776][166]LogPlayLevel: PIE: Created PIE world by copying editor world from /Game/Levels/TestingMap.TestingMap to /Game/Levels/UEDPIE_0_TestingMap.TestingMap (0.017298s)
[2021.10.02-10.46.00:831][166]LogUObjectHash: Compacting FUObjectHashTables data took   4.23ms
[2021.10.02-10.46.00:832][166]LogAudioMixer: Display: Audio Mixer Platform Settings:
[2021.10.02-10.46.00:832][166]LogAudioMixer: Display: 	Sample Rate:						  48000
[2021.10.02-10.46.00:832][166]LogAudioMixer: Display: 	Callback Buffer Frame Size Requested: 1024
[2021.10.02-10.46.00:832][166]LogAudioMixer: Display: 	Callback Buffer Frame Size To Use:	  1024
[2021.10.02-10.46.00:832][166]LogAudioMixer: Display: 	Number of buffers to queue:			  2
[2021.10.02-10.46.00:832][166]LogAudioMixer: Display: 	Max Channels (voices):				  32
[2021.10.02-10.46.00:832][166]LogAudioMixer: Display: 	Number of Async Source Workers:		  0
[2021.10.02-10.46.00:832][166]LogAudio: Display: AudioDevice MaxSources: 32
[2021.10.02-10.46.00:833][166]LogAudio: Display: Using built-in audio occlusion.
[2021.10.02-10.46.00:833][166]LogAudioMixer: Display: Initializing audio mixer.
[2021.10.02-10.46.00:842][166]LogAudioMixer: Display: Audio Device Output Speaker Info:
[2021.10.02-10.46.00:842][166]LogAudioMixer: Display: Name: Headset Earphone (HyperX Virtual Surround Sound)
[2021.10.02-10.46.00:842][166]LogAudioMixer: Display: Is Default: Yes
[2021.10.02-10.46.00:842][166]LogAudioMixer: Display: Sample Rate: 48000
[2021.10.02-10.46.00:842][166]LogAudioMixer: Display: Channel Count Used: 2
[2021.10.02-10.46.00:842][166]LogAudioMixer: Display: Device Channel Count: 2
[2021.10.02-10.46.00:842][166]LogAudioMixer: Display: Channel Order:
[2021.10.02-10.46.00:842][166]LogAudioMixer: Display: 0: FrontLeft
[2021.10.02-10.46.00:842][166]LogAudioMixer: Display: 1: FrontRight
[2021.10.02-10.46.00:851][166]LogAudioMixer: Display: Using Audio Device Headset Earphone (HyperX Virtual Surround Sound)
[2021.10.02-10.46.00:853][166]LogInit: FAudioDevice initialized.
[2021.10.02-10.46.00:861][166]LogLoad: Game class is 'GameModeBase'
[2021.10.02-10.46.00:864][166]LogWorld: Bringing World /Game/Levels/UEDPIE_0_TestingMap.TestingMap up for play (max tick rate 0) at 2021.10.02-20.46.00
[2021.10.02-10.46.00:864][166]LogWorld: Bringing up level for play took: 0.002827
[2021.10.02-10.46.00:865][166]LogOnline: OSS: Creating online subsystem instance for: :Context_9
[2021.10.02-10.46.00:866][166]LogTemp: Warning: X=1000.000 Y=-250.000 Z=50.000
[2021.10.02-10.46.00:869][166]PIE: Play in editor start time for /Game/Levels/UEDPIE_0_TestingMap -0.15
[2021.10.02-10.46.00:870][166]LogTemp: Warning: Player Detected
[2021.10.02-10.46.01:111][191]LogTemp: Warning: Player Lost
[2021.10.02-10.46.01:439][230]LogBlueprintUserMessages: [Gun_GEN_VARIABLE_GunBlueprint_C_CAT_0] Nothing with health has been hit
[2021.10.02-10.46.02:839][398]LogTemp: Warning: Player Detected
[2021.10.02-10.46.03:014][419]LogTemp: Warning: Player Lost
[2021.10.02-10.46.03:314][455]LogTemp: Warning: Player Detected
[2021.10.02-10.46.03:314][455]LogTemp: Warning: Player Detected
[2021.10.02-10.46.03:481][475]LogTemp: Warning: Player Lost
[2021.10.02-10.46.03:481][475]LogTemp: Warning: Player Lost
[2021.10.02-10.46.03:873][522]LogTemp: Warning: Player Detected
[2021.10.02-10.46.03:873][522]LogTemp: Warning: Player Detected
[2021.10.02-10.46.05:503][709]LogSlate: Took 0.007797 seconds to synchronously load lazily loaded font '../../../Engine/Content/Slate/Fonts/DroidSansMono.ttf' (77K)
[2021.10.02-10.46.06:032][758]LogBlueprintUserMessages: [Gun_GEN_VARIABLE_GunBlueprint_C_CAT_0] Nothing with health has been hit
[2021.10.02-10.46.11:038][358]LogTemp: Warning: On Take Damage Works
[2021.10.02-10.46.11:038][358]LogBlueprintUserMessages: [Gun_GEN_VARIABLE_GunBlueprint_C_CAT_0] 80.0
[2021.10.02-10.46.11:448][407]LogTemp: Warning: On Take Damage Works
[2021.10.02-10.46.11:448][407]LogBlueprintUserMessages: [Gun_GEN_VARIABLE_GunBlueprint_C_CAT_0] 60.0
[2021.10.02-10.46.11:872][458]LogBlueprintUserMessages: [Gun_GEN_VARIABLE_GunBlueprint_C_CAT_0] Nothing with health has been hit
[2021.10.02-10.46.12:576][533]LogTemp: Warning: On Take Damage Works
[2021.10.02-10.46.12:576][533]LogBlueprintUserMessages: [Gun_GEN_VARIABLE_GunBlueprint_C_CAT_0] 40.0
[2021.10.02-10.46.13:009][585]LogBlueprintUserMessages: [Gun_GEN_VARIABLE_GunBlueprint_C_CAT_0] Nothing with health has been hit
[2021.10.02-10.46.14:469][760]LogTemp: Warning: On Take Damage Works
[2021.10.02-10.46.14:469][760]LogBlueprintUserMessages: [Gun_GEN_VARIABLE_GunBlueprint_C_CAT_0] 20.0
[2021.10.02-10.46.14:561][771]LogTemp: Warning: Player Detected
[2021.10.02-10.46.15:812][921]LogTemp: Warning: On Take Damage Works
[2021.10.02-10.46.16:921][921]LogWindows: Error: === Critical error: ===
[2021.10.02-10.46.16:921][921]LogWindows: Error: 
[2021.10.02-10.46.16:921][921]LogWindows: Error: Fatal error!
[2021.10.02-10.46.16:921][921]LogWindows: Error: 
[2021.10.02-10.46.16:921][921]LogWindows: Error: Unhandled Exception: EXCEPTION_ACCESS_VIOLATION reading address 0x00000314
[2021.10.02-10.46.16:921][921]LogWindows: Error: 
[2021.10.02-10.46.16:921][921]LogWindows: Error: [Callstack] 0x00007ffecbc66195 UE4Editor-AdvGamesProgramming-3746.dll!UnknownFunction [D:\Uni\Advanced Games 2021\Assessment 2\Attempt 2\Week8StartingPoint\Week8StartingPoint\Source\AdvGamesProgramming\AIManager.cpp:280]
[2021.10.02-10.46.16:921][921]LogWindows: Error: [Callstack] 0x00007ffecbc67c12 UE4Editor-AdvGamesProgramming-3746.dll!UnknownFunction [D:\Uni\Advanced Games 2021\Assessment 2\Attempt 2\Week8StartingPoint\Week8StartingPoint\Source\AdvGamesProgramming\HealthComponent.h:13]
[2021.10.02-10.46.16:921][921]LogWindows: Error: [Callstack] 0x00007ffefa2642e8 UE4Editor-CoreUObject.dll!UnknownFunction []
[2021.10.02-10.46.16:921][921]LogWindows: Error: [Callstack] 0x00007ffefa48a62f UE4Editor-CoreUObject.dll!UnknownFunction []
[2021.10.02-10.46.16:921][921]LogWindows: Error: [Callstack] 0x00007ffefa4aec61 UE4Editor-CoreUObject.dll!UnknownFunction []
[2021.10.02-10.46.16:921][921]LogWindows: Error: [Callstack] 0x00007ffefa4b0cd2 UE4Editor-CoreUObject.dll!UnknownFunction []
[2021.10.02-10.46.16:921][921]LogWindows: Error: [Callstack] 0x00007ffefa47edbb UE4Editor-CoreUObject.dll!UnknownFunction []
[2021.10.02-10.46.16:921][921]LogWindows: Error: [Callstack] 0x00007ffefa4b09ef UE4Editor-CoreUObject.dll!UnknownFunction []
[2021.10.02-10.46.16:921][921]LogWindows: Error: [Callstack] 0x00007ffefa4aec61 UE4Editor-CoreUObject.dll!UnknownFunction []
[2021.10.02-10.46.16:921][921]LogWindows: Error: [Callstack] 0x00007ffefa4b0cd2 UE4Editor-CoreUObject.dll!UnknownFunction []
[2021.10.02-10.46.16:921][921]LogWindows: Error: [Callstack] 0x00007ffefa47edbb UE4Editor-CoreUObject.dll!UnknownFunction []
[2021.10.02-10.46.16:921][921]LogWindows: Error: [Callstack] 0x00007ffefa4b09ef UE4Editor-CoreUObject.dll!UnknownFunction []
[2021.10.02-10.46.16:921][921]LogWindows: Error: [Callstack] 0x00007ffefa4b0cd2 UE4Editor-CoreUObject.dll!UnknownFunction []
[2021.10.02-10.46.16:921][921]LogWindows: Error: [Callstack] 0x00007ffefa4b0644 UE4Editor-CoreUObject.dll!UnknownFunction []
[2021.10.02-10.46.16:921][921]LogWindows: Error: [Callstack] 0x00007ffefa2642e8 UE4Editor-CoreUObject.dll!UnknownFunction []
[2021.10.02-10.46.16:921][921]LogWindows: Error: [Callstack] 0x00007ffefa4b0148 UE4Editor-CoreUObject.dll!UnknownFunction []
[2021.10.02-10.46.16:921][921]LogWindows: Error: [Callstack] 0x00007ffee8af7f18 UE4Editor-Engine.dll!UnknownFunction []
[2021.10.02-10.46.16:921][921]LogWindows: Error: [Callstack] 0x00007ffee9d15250 UE4Editor-Engine.dll!UnknownFunction []
[2021.10.02-10.46.16:921][921]LogWindows: Error: [Callstack] 0x00007ffee9d3e631 UE4Editor-Engine.dll!UnknownFunction []
[2021.10.02-10.46.16:921][921]LogWindows: Error: [Callstack] 0x00007ffee9820043 UE4Editor-Engine.dll!UnknownFunction []
[2021.10.02-10.46.16:921][921]LogWindows: Error: [Callstack] 0x00007ffee9831e3d UE4Editor-Engine.dll!UnknownFunction []
[2021.10.02-10.46.16:921][921]LogWindows: Error: [Callstack] 0x00007ffee981dfcb UE4Editor-Engine.dll!UnknownFunction []
[2021.10.02-10.46.16:921][921]LogWindows: Error: [Callstack] 0x00007ffee9830267 UE4Editor-Engine.dll!UnknownFunction []
[2021.10.02-10.46.16:921][921]LogWindows: Error: [Callstack] 0x00007ffee8ad7866 UE4Editor-Engine.dll!UnknownFunction []
[2021.10.02-10.46.16:921][921]LogWindows: Error: [Callstack] 0x00007ffee9c17223 UE4Editor-Engine.dll!UnknownFunction []
[2021.10.02-10.46.16:921][921]LogWindows: Error: [Callstack] 0x00007ffee9c25256 UE4Editor-Engine.dll!UnknownFunction []
[2021.10.02-10.46.16:921][921]LogWindows: Error: [Callstack] 0x00007ffef8729ff2 UE4Editor-Core.dll!UnknownFunction []
[2021.10.02-10.46.16:921][921]LogWindows: Error: [Callstack] 0x00007ffef872a393 UE4Editor-Core.dll!UnknownFunction []
[2021.10.02-10.46.16:921][921]LogWindows: Error: [Callstack] 0x00007ffef873aa68 UE4Editor-Core.dll!UnknownFunction []
[2021.10.02-10.46.16:921][921]LogWindows: Error: [Callstack] 0x00007ffee9c438b0 UE4Editor-Engine.dll!UnknownFunction []
[2021.10.02-10.46.16:921][921]LogWindows: Error: [Callstack] 0x00007ffee9c497c2 UE4Editor-Engine.dll!UnknownFunction []
[2021.10.02-10.46.16:921][921]LogWindows: Error: [Callstack] 0x00007ffee93ca25f UE4Editor-Engine.dll!UnknownFunction []
[2021.10.02-10.46.16:921][921]LogWindows: Error: [Callstack] 0x00007ffee93d5127 UE4Editor-Engine.dll!UnknownFunction []
[2021.10.02-10.46.16:921][921]LogWindows: Error: [Callstack] 0x00007ffef332ad60 UE4Editor-UnrealEd.dll!UnknownFunction []
[2021.10.02-10.46.16:921][921]LogWindows: Error: [Callstack] 0x00007ffef3b8e476 UE4Editor-UnrealEd.dll!UnknownFunction []
[2021.10.02-10.46.16:921][921]LogWindows: Error: [Callstack] 0x00007ff7c6f77f62 UE4Editor.exe!UnknownFunction []
[2021.10.02-10.46.16:921][921]LogWindows: Error: [Callstack] 0x00007ff7c6f8c3ec UE4Editor.exe!UnknownFunction []
[2021.10.02-10.46.16:921][921]LogWindows: Error: [Callstack] 0x00007ff7c6f8c4ca UE4Editor.exe!UnknownFunction []
[2021.10.02-10.46.16:921][921]LogWindows: Error: [Callstack] 0x00007ff7c6f9ceae UE4Editor.exe!UnknownFunction []
[2021.10.02-10.46.16:921][921]LogWindows: Error: [Callstack] 0x00007ff7c6f9fcbe UE4Editor.exe!UnknownFunction []
[2021.10.02-10.46.16:921][921]LogWindows: Error: [Callstack] 0x00007fff6e867034 KERNEL32.DLL!UnknownFunction []
[2021.10.02-10.46.16:921][921]LogWindows: Error: [Callstack] 0x00007fff6e9a2651 ntdll.dll!UnknownFunction []
[2021.10.02-10.46.16:921][921]LogWindows: Error: 
[2021.10.02-10.46.16:941][921]LogExit: Executing StaticShutdownAfterError
[2021.10.02-10.46.16:955][921]LogWindows: FPlatformMisc::RequestExit(1)
[2021.10.02-10.46.16:955][921]LogCore: Engine exit requested (reason: Win RequestExit)
[2021.10.02-10.46.16:989][921]Log file closed, 10/02/21 20:46:16
