Log file open, 10/08/21 02:34:41
LogWindows: Failed to load 'aqProf.dll' (GetLastError=126)
LogWindows: File 'aqProf.dll' does not exist
LogWindows: Failed to load 'VtuneApi.dll' (GetLastError=126)
LogWindows: File 'VtuneApi.dll' does not exist
LogWindows: Failed to load 'VtuneApi32e.dll' (GetLastError=126)
LogWindows: File 'VtuneApi32e.dll' does not exist
LogConsoleResponse: Display: Failed to find resolution value strings in scalability ini. Falling back to default.
LogInit: Display: Running engine for game: AdvGamesProgramming
LogPlatformFile: Not using cached read wrapper
LogTaskGraph: Started task graph with 5 named threads and 20 total threads with 3 sets of task threads.
LogStats: Stats thread started at 0.069163
LogD3D11RHI: Loaded GFSDK_Aftermath_Lib.x64.dll
LogICUInternationalization: ICU TimeZone Detection - Raw Offset: +10:00, Platform Override: ''
LogPluginManager: Mounting plugin Paper2D
LogPluginManager: Mounting plugin AISupport
LogPluginManager: Mounting plugin LightPropagationVolume
LogPluginManager: Mounting plugin ActorLayerUtilities
LogPluginManager: Mounting plugin AnimationSharing
LogPluginManager: Mounting plugin CLionSourceCodeAccess
LogPluginManager: Mounting plugin CodeLiteSourceCodeAccess
LogPluginManager: Mounting plugin GitSourceControl
LogPluginManager: Mounting plugin KDevelopSourceCodeAccess
LogPluginManager: Mounting plugin NullSourceCodeAccess
LogPluginManager: Mounting plugin PerforceSourceControl
LogPluginManager: Mounting plugin PlasticSourceControl
LogPluginManager: Mounting plugin SubversionSourceControl
LogPluginManager: Mounting plugin UObjectPlugin
LogPluginManager: Mounting plugin VisualStudioCodeSourceCodeAccess
LogPluginManager: Mounting plugin VisualStudioSourceCodeAccess
LogPluginManager: Mounting plugin XCodeSourceCodeAccess
LogPluginManager: Mounting plugin AssetManagerEditor
LogPluginManager: Mounting plugin CryptoKeys
LogPluginManager: Mounting plugin CurveEditorTools
LogPluginManager: Mounting plugin DataValidation
LogPluginManager: Mounting plugin FacialAnimation
LogPluginManager: Mounting plugin GameplayTagsEditor
LogPluginManager: Mounting plugin MacGraphicsSwitching
LogPluginManager: Mounting plugin MaterialAnalyzer
LogPluginManager: Mounting plugin MobileLauncherProfileWizard
LogPluginManager: Mounting plugin PluginBrowser
LogPluginManager: Mounting plugin SpeedTreeImporter
LogPluginManager: Mounting plugin DatasmithContent
LogPluginManager: Mounting plugin VariantManagerContent
LogPluginManager: Mounting plugin AlembicImporter
LogPluginManager: Mounting plugin AutomationUtils
LogPluginManager: Mounting plugin BackChannel
LogPluginManager: Mounting plugin CharacterAI
LogPluginManager: Mounting plugin GeometryCache
LogPluginManager: Mounting plugin PlatformCrypto
LogPluginManager: Mounting plugin ProxyLODPlugin
LogPluginManager: Mounting plugin SkeletalReduction
LogPluginManager: Mounting plugin MagicLeap
LogPluginManager: Mounting plugin MagicLeapMedia
LogPluginManager: Mounting plugin MLSDK
LogPluginManager: Mounting plugin AndroidMedia
LogPluginManager: Mounting plugin AvfMedia
LogPluginManager: Mounting plugin ImgMedia
LogPluginManager: Mounting plugin MediaCompositing
LogPluginManager: Mounting plugin MediaPlayerEditor
LogPluginManager: Mounting plugin WebMMedia
LogPluginManager: Mounting plugin WmfMedia
LogPluginManager: Mounting plugin TcpMessaging
LogPluginManager: Mounting plugin UdpMessaging
LogPluginManager: Mounting plugin ActorSequence
LogPluginManager: Mounting plugin LevelSequenceEditor
LogPluginManager: Mounting plugin MatineeToLevelSequence
LogPluginManager: Mounting plugin NetcodeUnitTest
LogPluginManager: Mounting plugin NUTUnrealEngine4
LogPluginManager: Mounting plugin OnlineSubsystemGooglePlay
LogPluginManager: Mounting plugin OnlineSubsystemIOS
LogPluginManager: Mounting plugin OnlineSubsystem
LogPluginManager: Mounting plugin OnlineSubsystemNull
LogPluginManager: Mounting plugin OnlineSubsystemUtils
LogPluginManager: Mounting plugin LauncherChunkInstaller
LogPluginManager: Mounting plugin AndroidDeviceProfileSelector
LogPluginManager: Mounting plugin AndroidMoviePlayer
LogPluginManager: Mounting plugin AndroidPermission
LogPluginManager: Mounting plugin AppleImageUtils
LogPluginManager: Mounting plugin AppleMoviePlayer
LogPluginManager: Mounting plugin ArchVisCharacter
LogPluginManager: Mounting plugin AssetTags
LogPluginManager: Mounting plugin AudioCapture
LogPluginManager: Mounting plugin CableComponent
LogPluginManager: Mounting plugin CustomMeshComponent
LogPluginManager: Mounting plugin EditableMesh
LogPluginManager: Mounting plugin ExampleDeviceProfileSelector
LogPluginManager: Mounting plugin GoogleCloudMessaging
LogPluginManager: Mounting plugin IOSDeviceProfileSelector
LogPluginManager: Mounting plugin LinuxDeviceProfileSelector
LogPluginManager: Mounting plugin LocationServicesBPLibrary
LogPluginManager: Mounting plugin MobilePatchingUtils
LogPluginManager: Mounting plugin OculusVR
LogPluginManager: Mounting plugin PhysXVehicles
LogPluginManager: Mounting plugin PostSplashScreen
LogPluginManager: Mounting plugin ProceduralMeshComponent
LogPluginManager: Mounting plugin RuntimePhysXCooking
LogPluginManager: Mounting plugin SignificanceManager
LogPluginManager: Mounting plugin SteamVR
LogPluginManager: Mounting plugin WebMMoviePlayer
LogPluginManager: Mounting plugin WindowsMoviePlayer
LogPluginManager: Mounting plugin ScreenshotTools
LogInit: Using libcurl 7.55.1-DEV
LogInit:  - built for x86_64-pc-win32
LogInit:  - supports SSL with OpenSSL/1.1.1
LogInit:  - supports HTTP deflate (compression) using libz 1.2.8
LogInit:  - other features:
LogInit:      CURL_VERSION_SSL
LogInit:      CURL_VERSION_LIBZ
LogInit:      CURL_VERSION_IPV6
LogInit:      CURL_VERSION_ASYNCHDNS
LogInit:      CURL_VERSION_LARGEFILE
LogInit:      CURL_VERSION_IDN
LogInit:  CurlRequestOptions (configurable via config and command line):
LogInit:  - bVerifyPeer = true  - Libcurl will verify peer certificate
LogInit:  - bUseHttpProxy = false  - Libcurl will NOT use HTTP proxy
LogInit:  - bDontReuseConnections = false  - Libcurl will reuse connections
LogInit:  - MaxHostConnections = 16  - Libcurl will limit the number of connections to a host
LogInit:  - LocalHostAddr = Default
LogInit:  - BufferSize = 65536
LogOnline: OSS: Creating online subsystem instance for: NULL
LogInit: WinSock: version 1.1 (2.2), MaxSocks=32767, MaxUdp=65467
LogOnline: OSS: TryLoadSubsystemAndSetDefault: Loaded subsystem for module [NULL]
LogInit: Build: ++UE4+Release-4.24-CL-11590370
LogInit: Engine Version: 4.24.3-11590370+++UE4+Release-4.24
LogInit: Compatible Engine Version: 4.24.0-10570792+++UE4+Release-4.24
LogInit: Net CL: 10570792
LogInit: OS: Windows 10 (Release 2009) (), CPU: AMD Ryzen 5 3500X 6-Core Processor             , GPU: NVIDIA GeForce RTX 2060
LogInit: Compiled (64-bit): Feb 24 2020 15:39:18
LogInit: Compiled with Visual C++: 19.16.27032.01
LogInit: Build Configuration: Development
LogInit: Branch Name: ++UE4+Release-4.24
LogInit: Command Line: 
LogInit: Base Directory: D:/Epic Games/UE_4.24/Engine/Binaries/Win64/
LogInit: Installed Engine Build: 1
LogDevObjectVersion: Number of dev versions registered: 25
LogDevObjectVersion:   Dev-Blueprints (B0D832E4-1F89-4F0D-ACCF-7EB736FD4AA2): 10
LogDevObjectVersion:   Dev-Build (E1C64328-A22C-4D53-A36C-8E866417BD8C): 0
LogDevObjectVersion:   Dev-Core (375EC13C-06E4-48FB-B500-84F0262A717E): 3
LogDevObjectVersion:   Dev-Editor (E4B068ED-F494-42E9-A231-DA0B2E46BB41): 37
LogDevObjectVersion:   Dev-Framework (CFFC743F-43B0-4480-9391-14DF171D2073): 36
LogDevObjectVersion:   Dev-Mobile (B02B49B5-BB20-44E9-A304-32B752E40360): 2
LogDevObjectVersion:   Dev-Networking (A4E4105C-59A1-49B5-A7C5-40C4547EDFEE): 0
LogDevObjectVersion:   Dev-Online (39C831C9-5AE6-47DC-9A44-9C173E1C8E7C): 0
LogDevObjectVersion:   Dev-Physics (78F01B33-EBEA-4F98-B9B4-84EACCB95AA2): 2
LogDevObjectVersion:   Dev-Platform (6631380F-2D4D-43E0-8009-CF276956A95A): 0
LogDevObjectVersion:   Dev-Rendering (12F88B9F-8875-4AFC-A67C-D90C383ABD29): 36
LogDevObjectVersion:   Dev-Sequencer (7B5AE74C-D270-4C10-A958-57980B212A5A): 11
LogDevObjectVersion:   Dev-VR (D7296918-1DD6-4BDD-9DE2-64A83CC13884): 2
LogDevObjectVersion:   Dev-LoadTimes (C2A15278-BFE7-4AFE-6C17-90FF531DF755): 1
LogDevObjectVersion:   Private-Geometry (6EACA3D4-40EC-4CC1-B786-8BED09428FC5): 3
LogDevObjectVersion:   Dev-AnimPhys (29E575DD-E0A3-4627-9D10-D276232CDCEA): 17
LogDevObjectVersion:   Dev-Anim (AF43A65D-7FD3-4947-9873-3E8ED9C1BB05): 2
LogDevObjectVersion:   Dev-ReflectionCapture (6B266CEC-1EC7-4B8F-A30B-E4D90942FC07): 1
LogDevObjectVersion:   Dev-Automation (0DF73D61-A23F-47EA-B727-89E90C41499A): 1
LogDevObjectVersion:   FortniteMain (601D1886-AC64-4F84-AA16-D3DE0DEAC7D6): 31
LogDevObjectVersion:   Dev-Enterprise (9DFFBCD6-494F-0158-E221-12823C92A888): 8
LogDevObjectVersion:   Dev-Niagara (F2AED0AC-9AFE-416F-8664-AA7FFA26D6FC): 1
LogDevObjectVersion:   Dev-Destruction (174F1F0B-B4C6-45A5-B13F-2EE8D0FB917D): 9
LogDevObjectVersion:   Dev-Physics-Ext (35F94A83-E258-406C-A318-09F59610247C): 8
LogDevObjectVersion:   Dev-CineCamera (B2E18506-4273-CFC2-A54E-F4BB758BBA07): 1
LogInit: Presizing for max 25165824 objects, including 0 objects not considered by GC, pre-allocating 0 bytes for permanent pool.
LogInit: Object subsystem initialized
LogConfig: Setting CVar [[con.DebugEarlyDefault:1]]
LogConfig: Setting CVar [[r.setres:1280x720]]
[2021.10.07-15.34.41:603][  0]LogConfig: Setting CVar [[r.VSync:0]]
[2021.10.07-15.34.41:603][  0]LogConfig: Setting CVar [[r.RHICmdBypass:0]]
[2021.10.07-15.34.41:603][  0]LogConfig: Applying CVar settings from Section [/Script/Engine.RendererSettings] File [D:/Uni/Advanced Games 2021/a3/Week8StartingPoint/Saved/Config/Windows/Engine.ini]
[2021.10.07-15.34.41:603][  0]LogConfig: Setting CVar [[r.GPUCrashDebugging:0]]
[2021.10.07-15.34.41:603][  0]LogConfig: Applying CVar settings from Section [/Script/Engine.RendererOverrideSettings] File [D:/Uni/Advanced Games 2021/a3/Week8StartingPoint/Saved/Config/Windows/Engine.ini]
[2021.10.07-15.34.41:603][  0]LogConfig: Applying CVar settings from Section [/Script/Engine.StreamingSettings] File [D:/Uni/Advanced Games 2021/a3/Week8StartingPoint/Saved/Config/Windows/Engine.ini]
[2021.10.07-15.34.41:603][  0]LogConfig: Setting CVar [[s.MinBulkDataSizeForAsyncLoading:131072]]
[2021.10.07-15.34.41:603][  0]LogConfig: Setting CVar [[s.AsyncLoadingThreadEnabled:0]]
[2021.10.07-15.34.41:603][  0]LogConfig: Setting CVar [[s.EventDrivenLoaderEnabled:1]]
[2021.10.07-15.34.41:603][  0]LogConfig: Setting CVar [[s.WarnIfTimeLimitExceeded:0]]
[2021.10.07-15.34.41:603][  0]LogConfig: Setting CVar [[s.TimeLimitExceededMultiplier:1.5]]
[2021.10.07-15.34.41:603][  0]LogConfig: Setting CVar [[s.TimeLimitExceededMinTime:0.005]]
[2021.10.07-15.34.41:603][  0]LogConfig: Setting CVar [[s.UseBackgroundLevelStreaming:1]]
[2021.10.07-15.34.41:603][  0]LogConfig: Setting CVar [[s.PriorityAsyncLoadingExtraTime:15.0]]
[2021.10.07-15.34.41:603][  0]LogConfig: Setting CVar [[s.LevelStreamingActorsUpdateTimeLimit:5.0]]
[2021.10.07-15.34.41:603][  0]LogConfig: Setting CVar [[s.PriorityLevelStreamingActorsUpdateExtraTime:5.0]]
[2021.10.07-15.34.41:603][  0]LogConfig: Setting CVar [[s.LevelStreamingComponentsRegistrationGranularity:10]]
[2021.10.07-15.34.41:603][  0]LogConfig: Setting CVar [[s.UnregisterComponentsTimeLimit:1.0]]
[2021.10.07-15.34.41:603][  0]LogConfig: Setting CVar [[s.LevelStreamingComponentsUnregistrationGranularity:5]]
[2021.10.07-15.34.41:603][  0]LogConfig: Setting CVar [[s.FlushStreamingOnExit:1]]
[2021.10.07-15.34.41:603][  0]LogConfig: Applying CVar settings from Section [/Script/Engine.GarbageCollectionSettings] File [D:/Uni/Advanced Games 2021/a3/Week8StartingPoint/Saved/Config/Windows/Engine.ini]
[2021.10.07-15.34.41:603][  0]LogConfig: Setting CVar [[gc.MaxObjectsNotConsideredByGC:1]]
[2021.10.07-15.34.41:603][  0]LogConfig: Setting CVar [[gc.SizeOfPermanentObjectPool:0]]
[2021.10.07-15.34.41:603][  0]LogConfig: Setting CVar [[gc.FlushStreamingOnGC:0]]
[2021.10.07-15.34.41:603][  0]LogConfig: Setting CVar [[gc.NumRetriesBeforeForcingGC:10]]
[2021.10.07-15.34.41:603][  0]LogConfig: Setting CVar [[gc.AllowParallelGC:1]]
[2021.10.07-15.34.41:603][  0]LogConfig: Setting CVar [[gc.TimeBetweenPurgingPendingKillObjects:61.1]]
[2021.10.07-15.34.41:603][  0]LogConfig: Setting CVar [[gc.MaxObjectsInEditor:25165824]]
[2021.10.07-15.34.41:603][  0]LogConfig: Setting CVar [[gc.IncrementalBeginDestroyEnabled:1]]
[2021.10.07-15.34.41:603][  0]LogConfig: Setting CVar [[gc.CreateGCClusters:1]]
[2021.10.07-15.34.41:603][  0]LogConfig: Setting CVar [[gc.MinGCClusterSize:5]]
[2021.10.07-15.34.41:603][  0]LogConfig: Setting CVar [[gc.ActorClusteringEnabled:0]]
[2021.10.07-15.34.41:603][  0]LogConfig: Setting CVar [[gc.BlueprintClusteringEnabled:0]]
[2021.10.07-15.34.41:603][  0]LogConfig: Setting CVar [[gc.UseDisregardForGCOnDedicatedServers:0]]
[2021.10.07-15.34.41:603][  0]LogConfig: Applying CVar settings from Section [/Script/Engine.NetworkSettings] File [D:/Uni/Advanced Games 2021/a3/Week8StartingPoint/Saved/Config/Windows/Engine.ini]
[2021.10.07-15.34.41:603][  0]LogConfig: Applying CVar settings from Section [/Script/UnrealEd.CookerSettings] File [D:/Uni/Advanced Games 2021/a3/Week8StartingPoint/Saved/Config/Windows/Engine.ini]
[2021.10.07-15.34.41:606][  0]LogConfig: Applying CVar settings from Section [ViewDistanceQuality@3] File [D:/Uni/Advanced Games 2021/a3/Week8StartingPoint/Saved/Config/Windows/Scalability.ini]
[2021.10.07-15.34.41:606][  0]LogConfig: Setting CVar [[r.SkeletalMeshLODBias:0]]
[2021.10.07-15.34.41:606][  0]LogConfig: Setting CVar [[r.ViewDistanceScale:1.0]]
[2021.10.07-15.34.41:606][  0]LogConfig: Applying CVar settings from Section [AntiAliasingQuality@3] File [D:/Uni/Advanced Games 2021/a3/Week8StartingPoint/Saved/Config/Windows/Scalability.ini]
[2021.10.07-15.34.41:606][  0]LogConfig: Setting CVar [[r.PostProcessAAQuality:4]]
[2021.10.07-15.34.41:606][  0]LogConfig: Applying CVar settings from Section [ShadowQuality@3] File [D:/Uni/Advanced Games 2021/a3/Week8StartingPoint/Saved/Config/Windows/Scalability.ini]
[2021.10.07-15.34.41:606][  0]LogConfig: Setting CVar [[r.LightFunctionQuality:1]]
[2021.10.07-15.34.41:606][  0]LogConfig: Setting CVar [[r.ShadowQuality:5]]
[2021.10.07-15.34.41:606][  0]LogConfig: Setting CVar [[r.Shadow.CSM.MaxCascades:10]]
[2021.10.07-15.34.41:606][  0]LogConfig: Setting CVar [[r.Shadow.MaxResolution:2048]]
[2021.10.07-15.34.41:606][  0]LogConfig: Setting CVar [[r.Shadow.MaxCSMResolution:2048]]
[2021.10.07-15.34.41:606][  0]LogConfig: Setting CVar [[r.Shadow.RadiusThreshold:0.01]]
[2021.10.07-15.34.41:606][  0]LogConfig: Setting CVar [[r.Shadow.DistanceScale:1.0]]
[2021.10.07-15.34.41:606][  0]LogConfig: Setting CVar [[r.Shadow.CSM.TransitionScale:1.0]]
[2021.10.07-15.34.41:606][  0]LogConfig: Setting CVar [[r.Shadow.PreShadowResolutionFactor:1.0]]
[2021.10.07-15.34.41:606][  0]LogConfig: Setting CVar [[r.DistanceFieldShadowing:1]]
[2021.10.07-15.34.41:606][  0]LogConfig: Setting CVar [[r.DistanceFieldAO:1]]
[2021.10.07-15.34.41:606][  0]LogConfig: Setting CVar [[r.AOQuality:2]]
[2021.10.07-15.34.41:606][  0]LogConfig: Setting CVar [[r.VolumetricFog:1]]
[2021.10.07-15.34.41:606][  0]LogConfig: Setting CVar [[r.VolumetricFog.GridPixelSize:8]]
[2021.10.07-15.34.41:606][  0]LogConfig: Setting CVar [[r.VolumetricFog.GridSizeZ:128]]
[2021.10.07-15.34.41:606][  0]LogConfig: Setting CVar [[r.VolumetricFog.HistoryMissSupersampleCount:4]]
[2021.10.07-15.34.41:606][  0]LogConfig: Setting CVar [[r.LightMaxDrawDistanceScale:1]]
[2021.10.07-15.34.41:606][  0]LogConfig: Setting CVar [[r.CapsuleShadows:1]]
[2021.10.07-15.34.41:606][  0]LogConfig: Applying CVar settings from Section [PostProcessQuality@3] File [D:/Uni/Advanced Games 2021/a3/Week8StartingPoint/Saved/Config/Windows/Scalability.ini]
[2021.10.07-15.34.41:606][  0]LogConfig: Setting CVar [[r.MotionBlurQuality:4]]
[2021.10.07-15.34.41:606][  0]LogConfig: Setting CVar [[r.AmbientOcclusionMipLevelFactor:0.4]]
[2021.10.07-15.34.41:606][  0]LogConfig: Setting CVar [[r.AmbientOcclusionMaxQuality:100]]
[2021.10.07-15.34.41:606][  0]LogConfig: Setting CVar [[r.AmbientOcclusionLevels:-1]]
[2021.10.07-15.34.41:606][  0]LogConfig: Setting CVar [[r.AmbientOcclusionRadiusScale:1.0]]
[2021.10.07-15.34.41:606][  0]LogConfig: Setting CVar [[r.DepthOfFieldQuality:2]]
[2021.10.07-15.34.41:606][  0]LogConfig: Setting CVar [[r.RenderTargetPoolMin:400]]
[2021.10.07-15.34.41:606][  0]LogConfig: Setting CVar [[r.LensFlareQuality:2]]
[2021.10.07-15.34.41:606][  0]LogConfig: Setting CVar [[r.SceneColorFringeQuality:1]]
[2021.10.07-15.34.41:606][  0]LogConfig: Setting CVar [[r.EyeAdaptationQuality:2]]
[2021.10.07-15.34.41:606][  0]LogConfig: Setting CVar [[r.BloomQuality:5]]
[2021.10.07-15.34.41:606][  0]LogConfig: Setting CVar [[r.FastBlurThreshold:100]]
[2021.10.07-15.34.41:606][  0]LogConfig: Setting CVar [[r.Upscale.Quality:3]]
[2021.10.07-15.34.41:606][  0]LogConfig: Setting CVar [[r.Tonemapper.GrainQuantization:1]]
[2021.10.07-15.34.41:606][  0]LogConfig: Setting CVar [[r.LightShaftQuality:1]]
[2021.10.07-15.34.41:606][  0]LogConfig: Setting CVar [[r.Filter.SizeScale:1]]
[2021.10.07-15.34.41:606][  0]LogConfig: Setting CVar [[r.Tonemapper.Quality:5]]
[2021.10.07-15.34.41:606][  0]LogConfig: Setting CVar [[r.DOF.Gather.AccumulatorQuality:1        ; higher gathering accumulator quality]]
[2021.10.07-15.34.41:606][  0]LogConfig: Setting CVar [[r.DOF.Gather.PostfilterMethod:1          ; Median3x3 postfilering method]]
[2021.10.07-15.34.41:606][  0]LogConfig: Setting CVar [[r.DOF.Gather.EnableBokehSettings:0       ; no bokeh simulation when gathering]]
[2021.10.07-15.34.41:606][  0]LogConfig: Setting CVar [[r.DOF.Gather.RingCount:4                 ; medium number of samples when gathering]]
[2021.10.07-15.34.41:606][  0]LogConfig: Setting CVar [[r.DOF.Scatter.ForegroundCompositing:1    ; additive foreground scattering]]
[2021.10.07-15.34.41:606][  0]LogConfig: Setting CVar [[r.DOF.Scatter.BackgroundCompositing:2    ; additive background scattering]]
[2021.10.07-15.34.41:606][  0]LogConfig: Setting CVar [[r.DOF.Scatter.EnableBokehSettings:1      ; bokeh simulation when scattering]]
[2021.10.07-15.34.41:606][  0]LogConfig: Setting CVar [[r.DOF.Scatter.MaxSpriteRatio:0.1         ; only a maximum of 10% of scattered bokeh]]
[2021.10.07-15.34.41:606][  0]LogConfig: Setting CVar [[r.DOF.Recombine.Quality:1                ; cheap slight out of focus]]
[2021.10.07-15.34.41:606][  0]LogConfig: Setting CVar [[r.DOF.Recombine.EnableBokehSettings:0    ; no bokeh simulation on slight out of focus]]
[2021.10.07-15.34.41:606][  0]LogConfig: Setting CVar [[r.DOF.TemporalAAQuality:1                ; more stable temporal accumulation]]
[2021.10.07-15.34.41:606][  0]LogConfig: Setting CVar [[r.DOF.Kernel.MaxForegroundRadius:0.025]]
[2021.10.07-15.34.41:606][  0]LogConfig: Setting CVar [[r.DOF.Kernel.MaxBackgroundRadius:0.025]]
[2021.10.07-15.34.41:606][  0]LogConfig: Applying CVar settings from Section [TextureQuality@3] File [D:/Uni/Advanced Games 2021/a3/Week8StartingPoint/Saved/Config/Windows/Scalability.ini]
[2021.10.07-15.34.41:606][  0]LogConfig: Setting CVar [[r.Streaming.MipBias:0]]
[2021.10.07-15.34.41:607][  0]LogConfig: Setting CVar [[r.Streaming.AmortizeCPUToGPUCopy:0]]
[2021.10.07-15.34.41:607][  0]LogConfig: Setting CVar [[r.Streaming.MaxNumTexturesToStreamPerFrame:0]]
[2021.10.07-15.34.41:607][  0]LogConfig: Setting CVar [[r.Streaming.Boost:1]]
[2021.10.07-15.34.41:607][  0]LogConfig: Setting CVar [[r.MaxAnisotropy:8]]
[2021.10.07-15.34.41:607][  0]LogConfig: Setting CVar [[r.VT.MaxAnisotropy:8]]
[2021.10.07-15.34.41:607][  0]LogConfig: Setting CVar [[r.Streaming.LimitPoolSizeToVRAM:0]]
[2021.10.07-15.34.41:607][  0]LogConfig: Setting CVar [[r.Streaming.PoolSize:1000]]
[2021.10.07-15.34.41:607][  0]LogConfig: Setting CVar [[r.Streaming.MaxEffectiveScreenSize:0]]
[2021.10.07-15.34.41:607][  0]LogConfig: Applying CVar settings from Section [EffectsQuality@3] File [D:/Uni/Advanced Games 2021/a3/Week8StartingPoint/Saved/Config/Windows/Scalability.ini]
[2021.10.07-15.34.41:607][  0]LogConfig: Setting CVar [[r.TranslucencyLightingVolumeDim:64]]
[2021.10.07-15.34.41:607][  0]LogConfig: Setting CVar [[r.RefractionQuality:2]]
[2021.10.07-15.34.41:607][  0]LogConfig: Setting CVar [[r.SSR.Quality:3]]
[2021.10.07-15.34.41:607][  0]LogConfig: Setting CVar [[r.SSR.HalfResSceneColor:0]]
[2021.10.07-15.34.41:607][  0]LogConfig: Setting CVar [[r.SceneColorFormat:4]]
[2021.10.07-15.34.41:607][  0]LogConfig: Setting CVar [[r.DetailMode:2]]
[2021.10.07-15.34.41:607][  0]LogConfig: Setting CVar [[r.TranslucencyVolumeBlur:1]]
[2021.10.07-15.34.41:607][  0]LogConfig: Setting CVar [[r.MaterialQualityLevel:1 ; High quality]]
[2021.10.07-15.34.41:607][  0]LogConfig: Setting CVar [[r.SSS.Scale:1]]
[2021.10.07-15.34.41:607][  0]LogConfig: Setting CVar [[r.SSS.SampleSet:2]]
[2021.10.07-15.34.41:607][  0]LogConfig: Setting CVar [[r.SSS.Quality:1]]
[2021.10.07-15.34.41:607][  0]LogConfig: Setting CVar [[r.SSS.HalfRes:1]]
[2021.10.07-15.34.41:607][  0]LogConfig: Setting CVar [[r.SSGI.Quality:3]]
[2021.10.07-15.34.41:607][  0]LogConfig: Setting CVar [[r.EmitterSpawnRateScale:1.0]]
[2021.10.07-15.34.41:607][  0]LogConfig: Setting CVar [[r.ParticleLightQuality:2]]
[2021.10.07-15.34.41:607][  0]LogConfig: Setting CVar [[r.SkyAtmosphere.AerialPerspectiveLUT.FastApplyOnOpaque:1 ; Always have FastSkyLUT 1 in this case to avoid wrong sky]]
[2021.10.07-15.34.41:607][  0]LogConfig: Setting CVar [[r.SkyAtmosphere.AerialPerspectiveLUT.SampleCountPerSlice:1]]
[2021.10.07-15.34.41:607][  0]LogConfig: Setting CVar [[r.SkyAtmosphere.AerialPerspectiveLUT.DepthResolution:16.0]]
[2021.10.07-15.34.41:607][  0]LogConfig: Setting CVar [[r.SkyAtmosphere.FastSkyLUT:1]]
[2021.10.07-15.34.41:607][  0]LogConfig: Setting CVar [[r.SkyAtmosphere.FastSkyLUT.SampleCountMin:4.0]]
[2021.10.07-15.34.41:607][  0]LogConfig: Setting CVar [[r.SkyAtmosphere.FastSkyLUT.SampleCountMax:32.0]]
[2021.10.07-15.34.41:607][  0]LogConfig: Setting CVar [[r.SkyAtmosphere.SampleCountMin:4.0]]
[2021.10.07-15.34.41:607][  0]LogConfig: Setting CVar [[r.SkyAtmosphere.SampleCountMax:32.0]]
[2021.10.07-15.34.41:607][  0]LogConfig: Setting CVar [[r.SkyAtmosphere.TransmittanceLUT.UseSmallFormat:0]]
[2021.10.07-15.34.41:607][  0]LogConfig: Setting CVar [[r.SkyAtmosphere.TransmittanceLUT.SampleCount:10.0]]
[2021.10.07-15.34.41:607][  0]LogConfig: Setting CVar [[r.SkyAtmosphere.MultiScatteringLUT.SampleCount:15.0]]
[2021.10.07-15.34.41:607][  0]LogConfig: Applying CVar settings from Section [FoliageQuality@3] File [D:/Uni/Advanced Games 2021/a3/Week8StartingPoint/Saved/Config/Windows/Scalability.ini]
[2021.10.07-15.34.41:607][  0]LogConfig: Setting CVar [[foliage.DensityScale:1.0]]
[2021.10.07-15.34.41:607][  0]LogConfig: Setting CVar [[grass.DensityScale:1.0]]
[2021.10.07-15.34.41:607][  0]LogConfig: Applying CVar settings from Section [ShadingQuality@3] File [D:/Uni/Advanced Games 2021/a3/Week8StartingPoint/Saved/Config/Windows/Scalability.ini]
[2021.10.07-15.34.41:607][  0]LogConfig: Setting CVar [[r.HairStrands.SkyLighting.SampleCount:16]]
[2021.10.07-15.34.41:607][  0]LogConfig: Setting CVar [[r.HairStrands.SkyLighting.JitterIntegration:0]]
[2021.10.07-15.34.41:607][  0]LogConfig: Setting CVar [[r.HairStrands.SkyAO.SampleCount:16]]
[2021.10.07-15.34.41:607][  0]LogInit: Selected Device Profile: [Windows]
[2021.10.07-15.34.41:607][  0]LogInit: Applying CVar settings loaded from the selected device profile: [Windows]
[2021.10.07-15.34.41:609][  0]LogHAL: Display: Platform has ~ 16 GB [17126928384 / 17179869184 / 16], which maps to Larger [LargestMinGB=32, LargerMinGB=12, DefaultMinGB=8, SmallerMinGB=6, SmallestMinGB=0)
[2021.10.07-15.34.41:609][  0]LogInit: Going up to parent DeviceProfile []
[2021.10.07-15.34.41:609][  0]LogConfig: Applying CVar settings from Section [ViewDistanceQuality@3] File [D:/Uni/Advanced Games 2021/a3/Week8StartingPoint/Saved/Config/Windows/Scalability.ini]
[2021.10.07-15.34.41:609][  0]LogConfig: Setting CVar [[r.SkeletalMeshLODBias:0]]
[2021.10.07-15.34.41:609][  0]LogConfig: Setting CVar [[r.ViewDistanceScale:1.0]]
[2021.10.07-15.34.41:609][  0]LogConfig: Applying CVar settings from Section [AntiAliasingQuality@3] File [D:/Uni/Advanced Games 2021/a3/Week8StartingPoint/Saved/Config/Windows/Scalability.ini]
[2021.10.07-15.34.41:609][  0]LogConfig: Setting CVar [[r.PostProcessAAQuality:4]]
[2021.10.07-15.34.41:609][  0]LogConfig: Applying CVar settings from Section [ShadowQuality@3] File [D:/Uni/Advanced Games 2021/a3/Week8StartingPoint/Saved/Config/Windows/Scalability.ini]
[2021.10.07-15.34.41:609][  0]LogConfig: Setting CVar [[r.LightFunctionQuality:1]]
[2021.10.07-15.34.41:609][  0]LogConfig: Setting CVar [[r.ShadowQuality:5]]
[2021.10.07-15.34.41:609][  0]LogConfig: Setting CVar [[r.Shadow.CSM.MaxCascades:10]]
[2021.10.07-15.34.41:609][  0]LogConfig: Setting CVar [[r.Shadow.MaxResolution:2048]]
[2021.10.07-15.34.41:609][  0]LogConfig: Setting CVar [[r.Shadow.MaxCSMResolution:2048]]
[2021.10.07-15.34.41:609][  0]LogConfig: Setting CVar [[r.Shadow.RadiusThreshold:0.01]]
[2021.10.07-15.34.41:609][  0]LogConfig: Setting CVar [[r.Shadow.DistanceScale:1.0]]
[2021.10.07-15.34.41:609][  0]LogConfig: Setting CVar [[r.Shadow.CSM.TransitionScale:1.0]]
[2021.10.07-15.34.41:609][  0]LogConfig: Setting CVar [[r.Shadow.PreShadowResolutionFactor:1.0]]
[2021.10.07-15.34.41:609][  0]LogConfig: Setting CVar [[r.DistanceFieldShadowing:1]]
[2021.10.07-15.34.41:610][  0]LogConfig: Setting CVar [[r.DistanceFieldAO:1]]
[2021.10.07-15.34.41:610][  0]LogConfig: Setting CVar [[r.AOQuality:2]]
[2021.10.07-15.34.41:610][  0]LogConfig: Setting CVar [[r.VolumetricFog:1]]
[2021.10.07-15.34.41:610][  0]LogConfig: Setting CVar [[r.VolumetricFog.GridPixelSize:8]]
[2021.10.07-15.34.41:610][  0]LogConfig: Setting CVar [[r.VolumetricFog.GridSizeZ:128]]
[2021.10.07-15.34.41:610][  0]LogConfig: Setting CVar [[r.VolumetricFog.HistoryMissSupersampleCount:4]]
[2021.10.07-15.34.41:610][  0]LogConfig: Setting CVar [[r.LightMaxDrawDistanceScale:1]]
[2021.10.07-15.34.41:610][  0]LogConfig: Setting CVar [[r.CapsuleShadows:1]]
[2021.10.07-15.34.41:610][  0]LogConfig: Applying CVar settings from Section [PostProcessQuality@3] File [D:/Uni/Advanced Games 2021/a3/Week8StartingPoint/Saved/Config/Windows/Scalability.ini]
[2021.10.07-15.34.41:610][  0]LogConfig: Setting CVar [[r.MotionBlurQuality:4]]
[2021.10.07-15.34.41:610][  0]LogConfig: Setting CVar [[r.AmbientOcclusionMipLevelFactor:0.4]]
[2021.10.07-15.34.41:610][  0]LogConfig: Setting CVar [[r.AmbientOcclusionMaxQuality:100]]
[2021.10.07-15.34.41:610][  0]LogConfig: Setting CVar [[r.AmbientOcclusionLevels:-1]]
[2021.10.07-15.34.41:610][  0]LogConfig: Setting CVar [[r.AmbientOcclusionRadiusScale:1.0]]
[2021.10.07-15.34.41:610][  0]LogConfig: Setting CVar [[r.DepthOfFieldQuality:2]]
[2021.10.07-15.34.41:610][  0]LogConfig: Setting CVar [[r.RenderTargetPoolMin:400]]
[2021.10.07-15.34.41:610][  0]LogConfig: Setting CVar [[r.LensFlareQuality:2]]
[2021.10.07-15.34.41:610][  0]LogConfig: Setting CVar [[r.SceneColorFringeQuality:1]]
[2021.10.07-15.34.41:610][  0]LogConfig: Setting CVar [[r.EyeAdaptationQuality:2]]
[2021.10.07-15.34.41:610][  0]LogConfig: Setting CVar [[r.BloomQuality:5]]
[2021.10.07-15.34.41:610][  0]LogConfig: Setting CVar [[r.FastBlurThreshold:100]]
[2021.10.07-15.34.41:610][  0]LogConfig: Setting CVar [[r.Upscale.Quality:3]]
[2021.10.07-15.34.41:610][  0]LogConfig: Setting CVar [[r.Tonemapper.GrainQuantization:1]]
[2021.10.07-15.34.41:610][  0]LogConfig: Setting CVar [[r.LightShaftQuality:1]]
[2021.10.07-15.34.41:610][  0]LogConfig: Setting CVar [[r.Filter.SizeScale:1]]
[2021.10.07-15.34.41:610][  0]LogConfig: Setting CVar [[r.Tonemapper.Quality:5]]
[2021.10.07-15.34.41:610][  0]LogConfig: Setting CVar [[r.DOF.Gather.AccumulatorQuality:1        ; higher gathering accumulator quality]]
[2021.10.07-15.34.41:610][  0]LogConfig: Setting CVar [[r.DOF.Gather.PostfilterMethod:1          ; Median3x3 postfilering method]]
[2021.10.07-15.34.41:610][  0]LogConfig: Setting CVar [[r.DOF.Gather.EnableBokehSettings:0       ; no bokeh simulation when gathering]]
[2021.10.07-15.34.41:610][  0]LogConfig: Setting CVar [[r.DOF.Gather.RingCount:4                 ; medium number of samples when gathering]]
[2021.10.07-15.34.41:610][  0]LogConfig: Setting CVar [[r.DOF.Scatter.ForegroundCompositing:1    ; additive foreground scattering]]
[2021.10.07-15.34.41:610][  0]LogConfig: Setting CVar [[r.DOF.Scatter.BackgroundCompositing:2    ; additive background scattering]]
[2021.10.07-15.34.41:610][  0]LogConfig: Setting CVar [[r.DOF.Scatter.EnableBokehSettings:1      ; bokeh simulation when scattering]]
[2021.10.07-15.34.41:610][  0]LogConfig: Setting CVar [[r.DOF.Scatter.MaxSpriteRatio:0.1         ; only a maximum of 10% of scattered bokeh]]
[2021.10.07-15.34.41:610][  0]LogConfig: Setting CVar [[r.DOF.Recombine.Quality:1                ; cheap slight out of focus]]
[2021.10.07-15.34.41:610][  0]LogConfig: Setting CVar [[r.DOF.Recombine.EnableBokehSettings:0    ; no bokeh simulation on slight out of focus]]
[2021.10.07-15.34.41:610][  0]LogConfig: Setting CVar [[r.DOF.TemporalAAQuality:1                ; more stable temporal accumulation]]
[2021.10.07-15.34.41:610][  0]LogConfig: Setting CVar [[r.DOF.Kernel.MaxForegroundRadius:0.025]]
[2021.10.07-15.34.41:610][  0]LogConfig: Setting CVar [[r.DOF.Kernel.MaxBackgroundRadius:0.025]]
[2021.10.07-15.34.41:610][  0]LogConfig: Applying CVar settings from Section [TextureQuality@3] File [D:/Uni/Advanced Games 2021/a3/Week8StartingPoint/Saved/Config/Windows/Scalability.ini]
[2021.10.07-15.34.41:610][  0]LogConfig: Setting CVar [[r.Streaming.MipBias:0]]
[2021.10.07-15.34.41:610][  0]LogConfig: Setting CVar [[r.Streaming.AmortizeCPUToGPUCopy:0]]
[2021.10.07-15.34.41:610][  0]LogConfig: Setting CVar [[r.Streaming.MaxNumTexturesToStreamPerFrame:0]]
[2021.10.07-15.34.41:610][  0]LogConfig: Setting CVar [[r.Streaming.Boost:1]]
[2021.10.07-15.34.41:610][  0]LogConfig: Setting CVar [[r.MaxAnisotropy:8]]
[2021.10.07-15.34.41:610][  0]LogConfig: Setting CVar [[r.VT.MaxAnisotropy:8]]
[2021.10.07-15.34.41:610][  0]LogConfig: Setting CVar [[r.Streaming.LimitPoolSizeToVRAM:0]]
[2021.10.07-15.34.41:610][  0]LogConfig: Setting CVar [[r.Streaming.PoolSize:1000]]
[2021.10.07-15.34.41:610][  0]LogConfig: Setting CVar [[r.Streaming.MaxEffectiveScreenSize:0]]
[2021.10.07-15.34.41:610][  0]LogConfig: Applying CVar settings from Section [EffectsQuality@3] File [D:/Uni/Advanced Games 2021/a3/Week8StartingPoint/Saved/Config/Windows/Scalability.ini]
[2021.10.07-15.34.41:610][  0]LogConfig: Setting CVar [[r.TranslucencyLightingVolumeDim:64]]
[2021.10.07-15.34.41:610][  0]LogConfig: Setting CVar [[r.RefractionQuality:2]]
[2021.10.07-15.34.41:610][  0]LogConfig: Setting CVar [[r.SSR.Quality:3]]
[2021.10.07-15.34.41:610][  0]LogConfig: Setting CVar [[r.SSR.HalfResSceneColor:0]]
[2021.10.07-15.34.41:610][  0]LogConfig: Setting CVar [[r.SceneColorFormat:4]]
[2021.10.07-15.34.41:610][  0]LogConfig: Setting CVar [[r.DetailMode:2]]
[2021.10.07-15.34.41:610][  0]LogConfig: Setting CVar [[r.TranslucencyVolumeBlur:1]]
[2021.10.07-15.34.41:610][  0]LogConfig: Setting CVar [[r.MaterialQualityLevel:1 ; High quality]]
[2021.10.07-15.34.41:610][  0]LogConfig: Setting CVar [[r.SSS.Scale:1]]
[2021.10.07-15.34.41:610][  0]LogConfig: Setting CVar [[r.SSS.SampleSet:2]]
[2021.10.07-15.34.41:610][  0]LogConfig: Setting CVar [[r.SSS.Quality:1]]
[2021.10.07-15.34.41:610][  0]LogConfig: Setting CVar [[r.SSS.HalfRes:1]]
[2021.10.07-15.34.41:610][  0]LogConfig: Setting CVar [[r.SSGI.Quality:3]]
[2021.10.07-15.34.41:610][  0]LogConfig: Setting CVar [[r.EmitterSpawnRateScale:1.0]]
[2021.10.07-15.34.41:610][  0]LogConfig: Setting CVar [[r.ParticleLightQuality:2]]
[2021.10.07-15.34.41:610][  0]LogConfig: Setting CVar [[r.SkyAtmosphere.AerialPerspectiveLUT.FastApplyOnOpaque:1 ; Always have FastSkyLUT 1 in this case to avoid wrong sky]]
[2021.10.07-15.34.41:610][  0]LogConfig: Setting CVar [[r.SkyAtmosphere.AerialPerspectiveLUT.SampleCountPerSlice:1]]
[2021.10.07-15.34.41:610][  0]LogConfig: Setting CVar [[r.SkyAtmosphere.AerialPerspectiveLUT.DepthResolution:16.0]]
[2021.10.07-15.34.41:610][  0]LogConfig: Setting CVar [[r.SkyAtmosphere.FastSkyLUT:1]]
[2021.10.07-15.34.41:610][  0]LogConfig: Setting CVar [[r.SkyAtmosphere.FastSkyLUT.SampleCountMin:4.0]]
[2021.10.07-15.34.41:610][  0]LogConfig: Setting CVar [[r.SkyAtmosphere.FastSkyLUT.SampleCountMax:32.0]]
[2021.10.07-15.34.41:610][  0]LogConfig: Setting CVar [[r.SkyAtmosphere.SampleCountMin:4.0]]
[2021.10.07-15.34.41:610][  0]LogConfig: Setting CVar [[r.SkyAtmosphere.SampleCountMax:32.0]]
[2021.10.07-15.34.41:610][  0]LogConfig: Setting CVar [[r.SkyAtmosphere.TransmittanceLUT.UseSmallFormat:0]]
[2021.10.07-15.34.41:610][  0]LogConfig: Setting CVar [[r.SkyAtmosphere.TransmittanceLUT.SampleCount:10.0]]
[2021.10.07-15.34.41:610][  0]LogConfig: Setting CVar [[r.SkyAtmosphere.MultiScatteringLUT.SampleCount:15.0]]
[2021.10.07-15.34.41:610][  0]LogConfig: Applying CVar settings from Section [FoliageQuality@3] File [D:/Uni/Advanced Games 2021/a3/Week8StartingPoint/Saved/Config/Windows/Scalability.ini]
[2021.10.07-15.34.41:610][  0]LogConfig: Setting CVar [[foliage.DensityScale:1.0]]
[2021.10.07-15.34.41:610][  0]LogConfig: Setting CVar [[grass.DensityScale:1.0]]
[2021.10.07-15.34.41:610][  0]LogConfig: Applying CVar settings from Section [ShadingQuality@3] File [D:/Uni/Advanced Games 2021/a3/Week8StartingPoint/Saved/Config/Windows/Scalability.ini]
[2021.10.07-15.34.41:610][  0]LogConfig: Setting CVar [[r.HairStrands.SkyLighting.SampleCount:16]]
[2021.10.07-15.34.41:610][  0]LogConfig: Setting CVar [[r.HairStrands.SkyLighting.JitterIntegration:0]]
[2021.10.07-15.34.41:610][  0]LogConfig: Setting CVar [[r.HairStrands.SkyAO.SampleCount:16]]
[2021.10.07-15.34.41:610][  0]LogConfig: Applying CVar settings from Section [Startup] File [../../../Engine/Config/ConsoleVariables.ini]
[2021.10.07-15.34.41:611][  0]LogConfig: Setting CVar [[net.UseAdaptiveNetUpdateFrequency:0]]
[2021.10.07-15.34.41:611][  0]LogConfig: Setting CVar [[p.chaos.AllowCreatePhysxBodies:1]]
[2021.10.07-15.34.41:611][  0]LogConfig: Applying CVar settings from Section [ConsoleVariables] File [D:/Uni/Advanced Games 2021/a3/Week8StartingPoint/Saved/Config/Windows/Engine.ini]
[2021.10.07-15.34.41:611][  0]LogInit: Computer: DESKTOP-42P0V0P
[2021.10.07-15.34.41:611][  0]LogInit: User: User
[2021.10.07-15.34.41:611][  0]LogInit: CPU Page size=4096, Cores=6
[2021.10.07-15.34.41:611][  0]LogInit: High frequency timer resolution =10.000000 MHz
[2021.10.07-15.34.41:611][  0]LogMemory: Memory total: Physical=16.0GB (16GB approx)
[2021.10.07-15.34.41:611][  0]LogMemory: Platform Memory Stats for Windows
[2021.10.07-15.34.41:611][  0]LogMemory: Process Physical Memory: 105.29 MB used, 105.29 MB peak
[2021.10.07-15.34.41:611][  0]LogMemory: Process Virtual Memory: 100.30 MB used, 100.30 MB peak
[2021.10.07-15.34.41:611][  0]LogMemory: Physical Memory: 11023.45 MB used,  5310.06 MB free, 16333.51 MB total
[2021.10.07-15.34.41:611][  0]LogMemory: Virtual Memory: 5133.39 MB used,  134212592.00 MB free, 134217728.00 MB total
[2021.10.07-15.34.41:613][  0]LogWindows: WindowsPlatformFeatures enabled
[2021.10.07-15.34.41:644][  0]LogInit: Using OS detected language (en-US).
[2021.10.07-15.34.41:644][  0]LogInit: Using OS detected locale (en-AU).
[2021.10.07-15.34.41:645][  0]LogTextLocalizationManager: No specific localization for 'en-US' exists, so the 'en' localization will be used.
[2021.10.07-15.34.41:786][  0]LogInit: Setting process to per monitor DPI aware
[2021.10.07-15.34.41:810][  0]LogSlate: New Slate User Created.  User Index 0, Is Virtual User: 0
[2021.10.07-15.34.41:810][  0]LogSlate: Slate User Registered.  User Index 0, Is Virtual User: 0
[2021.10.07-15.34.41:924][  0]LogHMD: Failed to initialize OpenVR with code 110
[2021.10.07-15.34.41:925][  0]LogD3D11RHI: D3D11 min allowed feature level: 11_0
[2021.10.07-15.34.41:925][  0]LogD3D11RHI: D3D11 max allowed feature level: 11_0
[2021.10.07-15.34.41:925][  0]LogD3D11RHI: D3D11 adapters:
[2021.10.07-15.34.42:126][  0]LogD3D11RHI:    0. 'NVIDIA GeForce RTX 2060' (Feature Level 11_0)
[2021.10.07-15.34.42:126][  0]LogD3D11RHI:       5967/0/8166 MB DedicatedVideo/DedicatedSystem/SharedSystem, Outputs:1, VendorId:0x10de
[2021.10.07-15.34.42:128][  0]LogD3D11RHI:    1. 'Microsoft Basic Render Driver' (Feature Level 11_0)
[2021.10.07-15.34.42:128][  0]LogD3D11RHI:       0/0/8166 MB DedicatedVideo/DedicatedSystem/SharedSystem, Outputs:0, VendorId:0x1414
[2021.10.07-15.34.42:128][  0]LogD3D11RHI: Chosen D3D11 Adapter: 0
[2021.10.07-15.34.42:136][  0]LogD3D11RHI: Creating new Direct3DDevice
[2021.10.07-15.34.42:136][  0]LogD3D11RHI:     GPU DeviceId: 0x1e89 (for the marketing name, search the web for "GPU Device Id")
[2021.10.07-15.34.42:136][  0]LogWindows: EnumDisplayDevices:
[2021.10.07-15.34.42:136][  0]LogWindows:    0. 'NVIDIA GeForce RTX 2060' (P:1 D:1)
[2021.10.07-15.34.42:137][  0]LogWindows:    1. 'NVIDIA GeForce RTX 2060' (P:0 D:0)
[2021.10.07-15.34.42:137][  0]LogWindows:    2. 'NVIDIA GeForce RTX 2060' (P:0 D:0)
[2021.10.07-15.34.42:137][  0]LogWindows:    3. 'NVIDIA GeForce RTX 2060' (P:0 D:0)
[2021.10.07-15.34.42:137][  0]LogWindows: DebugString: FoundDriverCount:4 
[2021.10.07-15.34.42:137][  0]LogD3D11RHI:     Adapter Name: NVIDIA GeForce RTX 2060
[2021.10.07-15.34.42:137][  0]LogD3D11RHI:   Driver Version: 471.11 (internal:30.0.14.7111, unified:471.11)
[2021.10.07-15.34.42:137][  0]LogD3D11RHI:      Driver Date: 6-21-2021
[2021.10.07-15.34.42:137][  0]LogRHI: Texture pool is 4176 MB (70% of 5967 MB)
[2021.10.07-15.34.42:297][  0]LogD3D11RHI: RHI has support for 64 bit atomics
[2021.10.07-15.34.42:297][  0]LogD3D11RHI: Async texture creation enabled
[2021.10.07-15.34.42:316][  0]LogD3D11RHI: GPU Timing Frequency: 1000.000000 (Debug: 2 1)
[2021.10.07-15.34.42:578][  0]LogTargetPlatformManager: Display: Loaded TargetPlatform 'AllDesktop'
[2021.10.07-15.34.42:606][  0]LogTargetPlatformManager: Display: Loaded TargetPlatform 'Android'
[2021.10.07-15.34.42:606][  0]LogTargetPlatformManager: Display: Loaded TargetPlatform 'Android_ASTC'
[2021.10.07-15.34.42:606][  0]LogTargetPlatformManager: Display: Loaded TargetPlatform 'Android_ATC'
[2021.10.07-15.34.42:606][  0]LogTargetPlatformManager: Display: Loaded TargetPlatform 'Android_DXT'
[2021.10.07-15.34.42:606][  0]LogTargetPlatformManager: Display: Loaded TargetPlatform 'Android_ETC1'
[2021.10.07-15.34.42:606][  0]LogTargetPlatformManager: Display: Loaded TargetPlatform 'Android_ETC1a'
[2021.10.07-15.34.42:606][  0]LogTargetPlatformManager: Display: Loaded TargetPlatform 'Android_ETC2'
[2021.10.07-15.34.42:606][  0]LogTargetPlatformManager: Display: Loaded TargetPlatform 'Android_PVRTC'
[2021.10.07-15.34.42:606][  0]LogTargetPlatformManager: Display: Loaded TargetPlatform 'AndroidClient'
[2021.10.07-15.34.42:606][  0]LogTargetPlatformManager: Display: Loaded TargetPlatform 'Android_ASTCClient'
[2021.10.07-15.34.42:606][  0]LogTargetPlatformManager: Display: Loaded TargetPlatform 'Android_ATCClient'
[2021.10.07-15.34.42:606][  0]LogTargetPlatformManager: Display: Loaded TargetPlatform 'Android_DXTClient'
[2021.10.07-15.34.42:606][  0]LogTargetPlatformManager: Display: Loaded TargetPlatform 'Android_ETC1Client'
[2021.10.07-15.34.42:606][  0]LogTargetPlatformManager: Display: Loaded TargetPlatform 'Android_ETC1aClient'
[2021.10.07-15.34.42:606][  0]LogTargetPlatformManager: Display: Loaded TargetPlatform 'Android_ETC2Client'
[2021.10.07-15.34.42:606][  0]LogTargetPlatformManager: Display: Loaded TargetPlatform 'Android_PVRTCClient'
[2021.10.07-15.34.42:606][  0]LogTargetPlatformManager: Display: Loaded TargetPlatform 'Android_Multi'
[2021.10.07-15.34.42:606][  0]LogTargetPlatformManager: Display: Loaded TargetPlatform 'Android_MultiClient'
[2021.10.07-15.34.42:623][  0]LogTargetPlatformManager: Display: Loaded TargetPlatform 'IOSClient'
[2021.10.07-15.34.42:623][  0]LogTargetPlatformManager: Display: Loaded TargetPlatform 'IOS'
[2021.10.07-15.34.42:629][  0]LogTargetPlatformManager: Display: Loaded TargetPlatform 'LinuxNoEditor'
[2021.10.07-15.34.42:636][  0]LogTargetPlatformManager: Display: Loaded TargetPlatform 'LinuxClient'
[2021.10.07-15.34.42:643][  0]LogTargetPlatformManager: Display: Loaded TargetPlatform 'LinuxServer'
[2021.10.07-15.34.42:649][  0]LogTargetPlatformManager: Display: Loaded TargetPlatform 'LinuxAArch64NoEditor'
[2021.10.07-15.34.42:656][  0]LogTargetPlatformManager: Display: Loaded TargetPlatform 'LinuxAArch64Client'
[2021.10.07-15.34.42:662][  0]LogTargetPlatformManager: Display: Loaded TargetPlatform 'LinuxAArch64Server'
[2021.10.07-15.34.42:683][  0]LogTargetPlatformManager: Display: Loaded TargetPlatform 'Lumin'
[2021.10.07-15.34.42:684][  0]LogTargetPlatformManager: Display: Loaded TargetPlatform 'LuminClient'
[2021.10.07-15.34.42:696][  0]LogTargetPlatformManager: Display: Loaded TargetPlatform 'TVOSClient'
[2021.10.07-15.34.42:696][  0]LogTargetPlatformManager: Display: Loaded TargetPlatform 'TVOS'
[2021.10.07-15.34.42:703][  0]LogTargetPlatformManager: Display: Loaded TargetPlatform 'WindowsNoEditor'
[2021.10.07-15.34.42:710][  0]LogTargetPlatformManager: Display: Loaded TargetPlatform 'Windows'
[2021.10.07-15.34.42:716][  0]LogTargetPlatformManager: Display: Loaded TargetPlatform 'WindowsClient'
[2021.10.07-15.34.42:723][  0]LogTargetPlatformManager: Display: Loaded TargetPlatform 'WindowsServer'
[2021.10.07-15.34.42:723][  0]LogTargetPlatformManager: Display: Building Assets For Windows
[2021.10.07-15.34.42:726][  0]LogAudioDebug: Display: Lib vorbis DLL was dynamically loaded.
[2021.10.07-15.34.42:746][  0]LogShaderCompilers: Guid format shader working directory is -16 characters bigger than the processId version (../../../../../Uni/Advanced Games 2021/a3/Week8StartingPoint/Intermediate/Shaders/WorkingDirectory/23652/).
[2021.10.07-15.34.42:746][  0]LogShaderCompilers: Cleaned the shader compiler working directory 'C:/Users/User/AppData/Local/Temp/UnrealShaderWorkingDir/321901B24CC8E02303E454B513C85FFE/'.
[2021.10.07-15.34.42:746][  0]LogXGEController: Cleaning working directory: C:/Users/User/AppData/Local/Temp/UnrealXGEWorkingDir/
[2021.10.07-15.34.42:746][  0]LogXGEController: Cannot use XGE Controller as Incredibuild is not installed on this machine.
[2021.10.07-15.34.42:747][  0]LogShaderCompilers: Cannot use XGE Shader Compiler as Incredibuild is not installed on this machine.
[2021.10.07-15.34.42:747][  0]LogShaderCompilers: Display: Using Local Shader Compiler.
[2021.10.07-15.34.43:336][  0]LogDerivedDataCache: Display: Max Cache Size: 512 MB
[2021.10.07-15.34.43:385][  0]LogDerivedDataCache: Loaded boot cache 0.05s 78MB C:/Users/User/AppData/Local/UnrealEngine/4.24/DerivedDataCache/Boot.ddc.
[2021.10.07-15.34.43:385][  0]LogDerivedDataCache: Display: Loaded Boot cache: C:/Users/User/AppData/Local/UnrealEngine/4.24/DerivedDataCache/Boot.ddc
[2021.10.07-15.34.43:386][  0]LogDerivedDataCache: FDerivedDataBackendGraph:  Pak pak cache file ../../../../../Uni/Advanced Games 2021/a3/Week8StartingPoint/DerivedDataCache/DDC.ddp not found, will not use a pak cache.
[2021.10.07-15.34.43:386][  0]LogDerivedDataCache: Unable to find inner node Pak for hierarchical cache Hierarchy.
[2021.10.07-15.34.43:386][  0]LogDerivedDataCache: FDerivedDataBackendGraph:  CompressedPak pak cache file ../../../../../Uni/Advanced Games 2021/a3/Week8StartingPoint/DerivedDataCache/Compressed.ddp not found, will not use a pak cache.
[2021.10.07-15.34.43:386][  0]LogDerivedDataCache: Unable to find inner node CompressedPak for hierarchical cache Hierarchy.
[2021.10.07-15.34.43:396][  0]LogDerivedDataCache: Display: Pak cache opened for reading ../../../Engine/DerivedDataCache/Compressed.ddp.
[2021.10.07-15.34.43:396][  0]LogDerivedDataCache: FDerivedDataBackendGraph:  EnterprisePak pak cache file ../../../Enterprise/DerivedDataCache/Compressed.ddp not found, will not use a pak cache.
[2021.10.07-15.34.43:396][  0]LogDerivedDataCache: Unable to find inner node EnterprisePak for hierarchical cache Hierarchy.
[2021.10.07-15.34.43:398][  0]LogDerivedDataCache: Using Local data cache path C:/Users/User/AppData/Local/UnrealEngine/Common/DerivedDataCache: Writable
[2021.10.07-15.34.43:398][  0]LogDerivedDataCache: Shared data cache path not found in *engine.ini, will not use an Shared cache.
[2021.10.07-15.34.43:398][  0]LogDerivedDataCache: Unable to find inner node Shared for hierarchical cache Hierarchy.
[2021.10.07-15.34.43:421][  0]LogMaterial: Verifying Global Shaders for PCD3D_SM5
[2021.10.07-15.34.43:423][  0]LogSlate: Using FreeType 2.10.0
[2021.10.07-15.34.43:424][  0]LogSlate: SlateFontServices - WITH_FREETYPE: 1, WITH_HARFBUZZ: 1
[2021.10.07-15.34.43:468][  0]LogAssetRegistry: FAssetRegistry took 0.0027 seconds to start up
[2021.10.07-15.34.43:739][  0]LogInit: Selected Device Profile: [Windows]
[2021.10.07-15.34.43:871][  0]LogMeshReduction: Using QuadricMeshReduction for automatic static mesh reduction
[2021.10.07-15.34.43:871][  0]LogMeshReduction: Using SimplygonMeshReduction for automatic skeletal mesh reduction
[2021.10.07-15.34.43:871][  0]LogMeshReduction: Using ProxyLODMeshReduction for automatic mesh merging
[2021.10.07-15.34.43:871][  0]LogMeshReduction: No distributed automatic mesh merging module available
[2021.10.07-15.34.43:871][  0]LogMeshMerging: No distributed automatic mesh merging module available
[2021.10.07-15.34.43:881][  0]LogNetVersion: AdvGamesProgramming 1.0.0, NetCL: 10570792, EngineNetVer: 13, GameNetVer: 0 (Checksum: 489682494)
[2021.10.07-15.34.44:750][  0]LogPackageLocalizationCache: Processed 10 localized package path(s) for 1 prioritized culture(s) in 0.041271 seconds
[2021.10.07-15.34.44:757][  0]LogUObjectArray: 46750 objects as part of root set at end of initial load.
[2021.10.07-15.34.44:757][  0]LogUObjectAllocator: 8137160 out of 0 bytes used by permanent object pool.
[2021.10.07-15.34.44:757][  0]LogUObjectArray: CloseDisregardForGC: 0/0 objects in disregard for GC pool
[2021.10.07-15.34.45:117][  0]LogTcpMessaging: Initializing TcpMessaging bridge
[2021.10.07-15.34.45:121][  0]LogUdpMessaging: Initializing bridge on interface 0.0.0.0:0 to multicast group 230.0.0.1:6666.
[2021.10.07-15.34.45:182][  0]SourceControl: Source control is disabled
[2021.10.07-15.34.45:182][  0]SourceControl: Source control is disabled
[2021.10.07-15.34.45:183][  0]SourceControl: Source control is disabled
[2021.10.07-15.34.45:184][  0]SourceControl: Source control is disabled
[2021.10.07-15.34.45:185][  0]SourceControl: Source control is disabled
[2021.10.07-15.34.45:269][  0]LogAndroidPermission: UAndroidPermissionCallbackProxy::GetInstance
[2021.10.07-15.34.45:282][  0]LogAudioCaptureCore: Display: No Audio Capture implementations found. Audio input will be silent.
[2021.10.07-15.34.45:282][  0]LogAudioCaptureCore: Display: No Audio Capture implementations found. Audio input will be silent.
[2021.10.07-15.34.45:359][  0]LogOcInput: OculusInput pre-init called
[2021.10.07-15.34.45:367][  0]LogWindows: Failed to load 'OVRPlugin.dll' (GetLastError=126)
[2021.10.07-15.34.45:367][  0]LogWindows: File 'OVRPlugin.dll' does not exist
[2021.10.07-15.34.45:430][  0]LogEngine: Initializing Engine...
[2021.10.07-15.34.45:430][  0]LogHMD: Failed to initialize OpenVR with code 110
[2021.10.07-15.34.45:431][  0]LogStats: UGameplayTagsManager::InitializeManager -  0.000 s
[2021.10.07-15.34.45:719][  0]LogInit: Initializing FReadOnlyCVARCache
[2021.10.07-15.34.45:726][  0]LogAIModule: Creating AISystem for world Untitled
[2021.10.07-15.34.45:737][  0]LogAudioMixer: Display: Audio Mixer Platform Settings:
[2021.10.07-15.34.45:737][  0]LogAudioMixer: Display: 	Sample Rate:						  48000
[2021.10.07-15.34.45:737][  0]LogAudioMixer: Display: 	Callback Buffer Frame Size Requested: 1024
[2021.10.07-15.34.45:737][  0]LogAudioMixer: Display: 	Callback Buffer Frame Size To Use:	  1024
[2021.10.07-15.34.45:737][  0]LogAudioMixer: Display: 	Number of buffers to queue:			  2
[2021.10.07-15.34.45:737][  0]LogAudioMixer: Display: 	Max Channels (voices):				  32
[2021.10.07-15.34.45:737][  0]LogAudioMixer: Display: 	Number of Async Source Workers:		  0
[2021.10.07-15.34.45:737][  0]LogAudio: Display: AudioDevice MaxSources: 32
[2021.10.07-15.34.45:737][  0]LogAudio: Display: Using built-in audio occlusion.
[2021.10.07-15.34.45:737][  0]LogAudioMixer: Display: Initializing audio mixer.
[2021.10.07-15.34.45:751][  0]LogAudioMixer: Display: Audio Device Output Speaker Info:
[2021.10.07-15.34.45:751][  0]LogAudioMixer: Display: Name: Headset Earphone (HyperX Virtual Surround Sound)
[2021.10.07-15.34.45:751][  0]LogAudioMixer: Display: Is Default: Yes
[2021.10.07-15.34.45:751][  0]LogAudioMixer: Display: Sample Rate: 48000
[2021.10.07-15.34.45:751][  0]LogAudioMixer: Display: Channel Count Used: 2
[2021.10.07-15.34.45:751][  0]LogAudioMixer: Display: Device Channel Count: 2
[2021.10.07-15.34.45:751][  0]LogAudioMixer: Display: Channel Order:
[2021.10.07-15.34.45:751][  0]LogAudioMixer: Display: 0: FrontLeft
[2021.10.07-15.34.45:751][  0]LogAudioMixer: Display: 1: FrontRight
[2021.10.07-15.34.45:767][  0]LogAudioMixer: Display: Using Audio Device Headset Earphone (HyperX Virtual Surround Sound)
[2021.10.07-15.34.45:772][  0]LogInit: FAudioDevice initialized.
[2021.10.07-15.34.45:772][  0]LogNetVersion: Set ProjectVersion to 1.0.0.0. Version Checksum will be recalculated on next use.
[2021.10.07-15.34.45:826][  0]LogDerivedDataCache: Saved boot cache 0.05s 78MB C:/Users/User/AppData/Local/UnrealEngine/4.24/DerivedDataCache/Boot.ddc.
[2021.10.07-15.34.45:828][  0]LogInit: Texture streaming: Enabled
[2021.10.07-15.34.45:840][  0]LogEngineSessionManager: EngineSessionManager initialized
[2021.10.07-15.34.45:840][  0]LogEngineSessionManager: EngineSessionManager sent abnormal shutdown report. Type=Crashed, SessionId={0F6D3237-4940-1396-5C4E-9DB07062B151}
[2021.10.07-15.34.45:840][  0]LogEditorSessionSummary: Verbose: Initializing EditorSessionSummaryWriter for editor session tracking
[2021.10.07-15.34.45:843][  0]LogEditorSessionSummary: EditorSessionSummaryWriter initialized
[2021.10.07-15.34.45:890][  0]LogInit: Transaction tracking system initialized
[2021.10.07-15.34.45:900][  0]BlueprintLog: New page: Editor Load
[2021.10.07-15.34.45:928][  0]LocalizationService: Localization service is disabled
[2021.10.07-15.34.45:965][  0]LogLinker: Warning: Failed to load '/Game/ThirdPersonBP/ThirdPersonOverview': Can't find file.
[2021.10.07-15.34.45:965][  0]LogLinker: Warning: Failed to load '/Game/ThirdPersonBP/ThirdPersonOverview': Can't find file.
[2021.10.07-15.34.45:965][  0]LogUObjectGlobals: Warning: Failed to find object 'Class /Game/ThirdPersonBP/ThirdPersonOverview.ThirdPersonOverview_C'
[2021.10.07-15.34.46:192][  0]LogFileCache: Scanning file cache for directory 'D:/Uni/Advanced Games 2021/a3/Week8StartingPoint/Content/' took 0.00s
[2021.10.07-15.34.46:192][  0]LogCook: Display: Max memory allowance for cook 16384mb min free memory 0mb
[2021.10.07-15.34.46:192][  0]LogCook: Display: Mobile HDR setting 1
[2021.10.07-15.34.46:739][  0]SourceControl: Source control is disabled
[2021.10.07-15.34.46:739][  0]Cmd: MAP LOAD FILE="../../../../../Uni/Advanced Games 2021/a3/Week8StartingPoint/Content/Levels/TestingMap.umap" TEMPLATE=0 SHOWPROGRESS=1 FEATURELEVEL=3
[2021.10.07-15.34.46:739][  0]LightingResults: New page: Lighting Build
[2021.10.07-15.34.46:740][  0]LogWorld: UWorld::CleanupWorld for Untitled, bSessionEnded=true, bCleanupResources=true
[2021.10.07-15.34.46:740][  0]LogSlate: InvalidateAllWidgets triggered.  All widgets were invalidated
[2021.10.07-15.34.46:740][  0]MapCheck: New page: Map Check
[2021.10.07-15.34.46:740][  0]LightingResults: New page: Lighting Build
[2021.10.07-15.34.46:767][  0]LogUObjectHash: Compacting FUObjectHashTables data took   1.88ms
[2021.10.07-15.34.46:868][  0]LogBlueprint: Warning: [Compiler Ue4ASP_Character] InputAction Event references unknown Action 'Crouch' for  InputAction Crouch
[2021.10.07-15.34.46:868][  0]LogBlueprint: Warning: [Compiler Ue4ASP_Character] Input Axis Event references unknown Axis 'MoveRight' for  InputAxis MoveRight
[2021.10.07-15.34.47:292][  0]LogAIModule: Creating AISystem for world TestingMap
[2021.10.07-15.34.47:311][  0]LogEditorServer: Finished looking for orphan Actors (0.000 secs)
[2021.10.07-15.34.47:366][  0]LogUObjectHash: Compacting FUObjectHashTables data took   2.67ms
[2021.10.07-15.34.47:367][  0]Cmd: MAP CHECKDEP NOCLEARLOG
[2021.10.07-15.34.47:367][  0]MapCheck: Map check complete: 0 Error(s), 0 Warning(s), took 0.11ms to complete.
[2021.10.07-15.34.47:367][  0]LogFileHelpers: Loading map 'TestingMap' took 0.628
[2021.10.07-15.34.47:465][  0]LogSlate: Updating window title bar state: overlay mode, drag disabled, window buttons hidden, title bar hidden
[2021.10.07-15.34.47:471][  0]LogSlate: Updating window title bar state: overlay mode, drag disabled, window buttons hidden, title bar hidden
[2021.10.07-15.34.47:478][  0]LogSlate: Updating window title bar state: overlay mode, drag disabled, window buttons hidden, title bar hidden
[2021.10.07-15.34.47:484][  0]LogSlate: Updating window title bar state: overlay mode, drag disabled, window buttons hidden, title bar hidden
[2021.10.07-15.34.47:488][  0]LogCollectionManager: Loaded 0 collections in 0.000682 seconds
[2021.10.07-15.34.47:501][  0]LogFileCache: Scanning file cache for directory 'D:/Uni/Advanced Games 2021/a3/Week8StartingPoint/Saved/Collections/' took 0.00s
[2021.10.07-15.34.47:501][  0]LogFileCache: Scanning file cache for directory 'D:/Uni/Advanced Games 2021/a3/Week8StartingPoint/Content/Developers/User/Collections/' took 0.00s
[2021.10.07-15.34.47:501][  0]LogFileCache: Scanning file cache for directory 'D:/Uni/Advanced Games 2021/a3/Week8StartingPoint/Content/Collections/' took 0.00s
[2021.10.07-15.34.47:501][  0]LogContentBrowser: Native class hierarchy populated in 0.0089 seconds. Added 3028 classes and 719 folders.
[2021.10.07-15.34.47:503][  0]LogContentBrowser: Native class hierarchy updated for 'WidgetCarousel' in 0.0003 seconds. Added 0 classes and 0 folders.
[2021.10.07-15.34.47:543][  0]LogContentBrowser: Native class hierarchy updated for 'AddContentDialog' in 0.0003 seconds. Added 0 classes and 0 folders.
[2021.10.07-15.34.47:549][  0]LogContentBrowser: Native class hierarchy updated for 'SceneOutliner' in 0.0003 seconds. Added 2 classes and 3 folders.
[2021.10.07-15.34.47:663][  0]LogSlate: Took 0.000142 seconds to synchronously load lazily loaded font '../../../Engine/Content/Slate/Fonts/Roboto-Regular.ttf' (155K)
[2021.10.07-15.34.47:665][  0]LogSlate: Took 0.000121 seconds to synchronously load lazily loaded font '../../../Engine/Content/Slate/Fonts/Roboto-Bold.ttf' (160K)
[2021.10.07-15.34.47:669][  0]LogSlate: Took 0.000120 seconds to synchronously load lazily loaded font '../../../Engine/Content/Editor/Slate/Fonts/FontAwesome.ttf' (139K)
[2021.10.07-15.34.47:727][  0]LogRenderer: Reallocating scene render targets to support 1024x572 Format 10 NumSamples 1 (Frame:1).
[2021.10.07-15.34.47:815][  0]LogContentBrowser: Native class hierarchy updated for 'HierarchicalLODOutliner' in 0.0003 seconds. Added 0 classes and 0 folders.
[2021.10.07-15.34.47:815][  0]LogLoad: (Engine Initialization) Total time: 7.34 seconds
[2021.10.07-15.34.47:815][  0]LogLoad: (Engine Initialization) Total Blueprint compile time: 0.00 seconds
[2021.10.07-15.34.47:859][  0]LogAssetRegistry: Asset discovery search completed in 4.3912 seconds
[2021.10.07-15.34.47:862][  0]LogCollectionManager: Fixed up redirectors for 0 collections in 0.000007 seconds (updated 0 objects)
[2021.10.07-15.34.47:864][  0]LogContentStreaming: Texture pool size now 1000 MB
[2021.10.07-15.34.47:889][  0]LogSlate: Took 0.000090 seconds to synchronously load lazily loaded font '../../../Engine/Content/Slate/Fonts/Roboto-Light.ttf' (167K)
[2021.10.07-15.34.54:191][222]Candidate modules for hot reload:
[2021.10.07-15.34.54:191][222]  AdvGamesProgramming
[2021.10.07-15.34.54:191][222]Launching UnrealBuildTool... [D:/Epic Games/UE_4.24/Engine/Binaries/DotNET/UnrealBuildTool.exe  -ModuleWithSuffix=AdvGamesProgramming,8284 Win64 Development -TargetType=Editor -Project="D:/Uni/Advanced Games 2021/a3/Week8StartingPoint/AdvGamesProgramming.uproject" "D:/Uni/Advanced Games 2021/a3/Week8StartingPoint/AdvGamesProgramming.uproject"  -IgnoreJunk]
[2021.10.07-15.34.54:197][222]Warning: Starting HotReload took  0.0s.
[2021.10.07-15.34.58:891][749]CompilerResultsLog: New page: Compilation - 8 Oct 2021, 1:34:58 pm
[2021.10.07-15.34.58:891][749]CompilerResultsLog: Using 'git status' to determine working set for adaptive non-unity build (D:\Uni\Advanced Games 2021\a3).
[2021.10.07-15.34.58:891][749]CompilerResultsLog: Building AdvGamesProgrammingEditor...
[2021.10.07-15.34.58:891][749]CompilerResultsLog: Using Visual Studio 2019 14.28.29337 toolchain (C:\Program Files (x86)\Microsoft Visual Studio\2019\Community\VC\Tools\MSVC\14.28.29333) and Windows 10.0.18362.0 SDK (C:\Program Files (x86)\Windows Kits\10).
[2021.10.07-15.34.58:891][749]CompilerResultsLog: Building 4 actions with 6 processes...
[2021.10.07-15.34.58:891][749]CompilerResultsLog:   [1/4] EnemyCharacter.cpp
[2021.10.07-15.34.58:891][749]CompilerResultsLog:   [2/4] UE4Editor-AdvGamesProgramming-8284.lib
[2021.10.07-15.34.58:891][749]CompilerResultsLog:      Creating library D:\Uni\Advanced Games 2021\a3\Week8StartingPoint\Intermediate\Build\Win64\UE4Editor\Development\AdvGamesProgramming\UE4Editor-AdvGamesProgramming-8284.lib and object D:\Uni\Advanced Games 2021\a3\Week8StartingPoint\Intermediate\Build\Win64\UE4Editor\Development\AdvGamesProgramming\UE4Editor-AdvGamesProgramming-8284.exp
[2021.10.07-15.34.58:891][749]CompilerResultsLog:   [3/4] UE4Editor-AdvGamesProgramming-8284.dll
[2021.10.07-15.34.58:891][749]CompilerResultsLog:      Creating library D:\Uni\Advanced Games 2021\a3\Week8StartingPoint\Intermediate\Build\Win64\UE4Editor\Development\AdvGamesProgramming\UE4Editor-AdvGamesProgramming-8284.suppressed.lib and object D:\Uni\Advanced Games 2021\a3\Week8StartingPoint\Intermediate\Build\Win64\UE4Editor\Development\AdvGamesProgramming\UE4Editor-AdvGamesProgramming-8284.suppressed.exp
[2021.10.07-15.34.58:891][749]CompilerResultsLog:   [4/4] AdvGamesProgrammingEditor.target
[2021.10.07-15.34.58:891][749]CompilerResultsLog: Total time in Parallel executor: 3.45 seconds
[2021.10.07-15.34.58:891][749]CompilerResultsLog: Total execution time: 4.60 seconds
[2021.10.07-15.34.58:891][749]LogMainFrame: MainFrame: Module compiling took 4.703 seconds
[2021.10.07-15.34.58:914][749]LogUObjectHash: Compacting FUObjectHashTables data took   0.73ms
[2021.10.07-15.34.59:182][749]LogClass: EEnemyRarity HotReload.
[2021.10.07-15.34.59:182][749]LogClass: AgentState HotReload.
[2021.10.07-15.34.59:182][749]LogClass: EPickupStat HotReload.
[2021.10.07-15.34.59:182][749]LogClass: EPickupRarity HotReload.
[2021.10.07-15.34.59:182][749]LogClass: EWeaponFiringType HotReload.
[2021.10.07-15.34.59:182][749]LogClass: EWeaponPickupRarity HotReload.
[2021.10.07-15.34.59:189][749]LogContentBrowser: Native class hierarchy updated for 'AdvGamesProgramming' in 0.0004 seconds. Added 13 classes and 2 folders.
[2021.10.07-15.34.59:192][749]Display: HotReload successful (8 functions remapped  0 scriptstructs remapped)
[2021.10.07-15.34.59:276][749]LogUObjectHash: Compacting FUObjectHashTables data took   1.42ms
[2021.10.07-15.34.59:285][749]LogContentBrowser: Native class hierarchy populated in 0.0084 seconds. Added 3030 classes and 722 folders.
[2021.10.07-15.34.59:289][749]Display: HotReload took  5.1s.
[2021.10.07-15.35.02:441][119]LogSlate: Took 0.000120 seconds to synchronously load lazily loaded font '../../../Engine/Content/Slate/Fonts/Roboto-Light.ttf' (167K)
[2021.10.07-15.35.02:495][119]LogAIModule: Creating AISystem for world Assesment3Map
[2021.10.07-15.35.02:500][119]LogAssetEditorSubsystem: Opening Asset editor for World /Game/Levels/Assesment3Map.Assesment3Map
[2021.10.07-15.35.02:522][119]LogUObjectHash: Compacting FUObjectHashTables data took   1.47ms
[2021.10.07-15.35.02:523][119]Cmd: MAP LOAD FILE="../../../../../Uni/Advanced Games 2021/a3/Week8StartingPoint/Content/Levels/Assesment3Map.umap" TEMPLATE=0 SHOWPROGRESS=1 FEATURELEVEL=3
[2021.10.07-15.35.02:523][119]LightingResults: New page: Lighting Build
[2021.10.07-15.35.02:523][119]LoadErrors: New page: Loading map: Assesment3Map.umap
[2021.10.07-15.35.02:524][119]LogWorld: UWorld::CleanupWorld for TestingMap, bSessionEnded=true, bCleanupResources=true
[2021.10.07-15.35.02:524][119]LogSlate: InvalidateAllWidgets triggered.  All widgets were invalidated
[2021.10.07-15.35.02:524][119]MapCheck: New page: Map Check
[2021.10.07-15.35.02:524][119]LightingResults: New page: Lighting Build
[2021.10.07-15.35.02:552][119]LogUObjectHash: Compacting FUObjectHashTables data took   1.72ms
[2021.10.07-15.35.02:712][119]LogEditorServer: Finished looking for orphan Actors (0.000 secs)
[2021.10.07-15.35.02:739][119]LogUObjectHash: Compacting FUObjectHashTables data took   1.75ms
[2021.10.07-15.35.02:757][119]Cmd: MAP CHECKDEP NOCLEARLOG
[2021.10.07-15.35.02:758][119]MapCheck: Map check complete: 0 Error(s), 0 Warning(s), took 0.086ms to complete.
[2021.10.07-15.35.02:758][119]LogFileHelpers: Loading map 'Assesment3Map' took 0.236
[2021.10.07-15.35.04:194][274]LogTemp: Repeating last play command: Selected Viewport
[2021.10.07-15.35.04:206][274]LogPlayLevel: PlayLevel: No blueprints needed recompiling
[2021.10.07-15.35.04:207][274]PIE: New page: PIE session: Assesment3Map (8 Oct 2021, 1:35:04 pm)
[2021.10.07-15.35.04:207][274]LogOnline: OSS: Creating online subsystem instance for: NULL
[2021.10.07-15.35.04:208][274]LogOnline: OSS: TryLoadSubsystemAndSetDefault: Loaded subsystem for module [NULL]
[2021.10.07-15.35.04:208][274]LogPlayLevel: Creating play world package: /Game/Levels/UEDPIE_0_Assesment3Map
[2021.10.07-15.35.04:244][274]LogPlayLevel: PIE: StaticDuplicateObject took: (0.035214s)
[2021.10.07-15.35.04:244][274]LogAIModule: Creating AISystem for world Assesment3Map
[2021.10.07-15.35.04:245][274]LogPlayLevel: PIE: World Init took: (0.000945s)
[2021.10.07-15.35.04:245][274]LogPlayLevel: PIE: Created PIE world by copying editor world from /Game/Levels/Assesment3Map.Assesment3Map to /Game/Levels/UEDPIE_0_Assesment3Map.Assesment3Map (0.036375s)
[2021.10.07-15.35.04:270][274]LogUObjectHash: Compacting FUObjectHashTables data took   1.59ms
[2021.10.07-15.35.04:270][274]LogAudioMixer: Display: Audio Mixer Platform Settings:
[2021.10.07-15.35.04:270][274]LogAudioMixer: Display: 	Sample Rate:						  48000
[2021.10.07-15.35.04:270][274]LogAudioMixer: Display: 	Callback Buffer Frame Size Requested: 1024
[2021.10.07-15.35.04:270][274]LogAudioMixer: Display: 	Callback Buffer Frame Size To Use:	  1024
[2021.10.07-15.35.04:270][274]LogAudioMixer: Display: 	Number of buffers to queue:			  2
[2021.10.07-15.35.04:271][274]LogAudioMixer: Display: 	Max Channels (voices):				  32
[2021.10.07-15.35.04:271][274]LogAudioMixer: Display: 	Number of Async Source Workers:		  0
[2021.10.07-15.35.04:271][274]LogAudio: Display: AudioDevice MaxSources: 32
[2021.10.07-15.35.04:271][274]LogAudio: Display: Using built-in audio occlusion.
[2021.10.07-15.35.04:271][274]LogAudioMixer: Display: Initializing audio mixer.
[2021.10.07-15.35.04:279][274]LogAudioMixer: Display: Audio Device Output Speaker Info:
[2021.10.07-15.35.04:279][274]LogAudioMixer: Display: Name: Headset Earphone (HyperX Virtual Surround Sound)
[2021.10.07-15.35.04:279][274]LogAudioMixer: Display: Is Default: Yes
[2021.10.07-15.35.04:279][274]LogAudioMixer: Display: Sample Rate: 48000
[2021.10.07-15.35.04:279][274]LogAudioMixer: Display: Channel Count Used: 2
[2021.10.07-15.35.04:279][274]LogAudioMixer: Display: Device Channel Count: 2
[2021.10.07-15.35.04:279][274]LogAudioMixer: Display: Channel Order:
[2021.10.07-15.35.04:279][274]LogAudioMixer: Display: 0: FrontLeft
[2021.10.07-15.35.04:279][274]LogAudioMixer: Display: 1: FrontRight
[2021.10.07-15.35.04:287][274]LogAudioMixer: Display: Using Audio Device Headset Earphone (HyperX Virtual Surround Sound)
[2021.10.07-15.35.04:289][274]LogInit: FAudioDevice initialized.
[2021.10.07-15.35.04:298][274]LogLoad: Game class is 'GameModeBase'
[2021.10.07-15.35.04:302][274]LogWorld: Bringing World /Game/Levels/UEDPIE_0_Assesment3Map.Assesment3Map up for play (max tick rate 0) at 2021.10.08-02.35.04
[2021.10.07-15.35.04:302][274]LogWorld: Bringing up level for play took: 0.002917
[2021.10.07-15.35.04:302][274]LogOnline: OSS: Creating online subsystem instance for: :Context_1
[2021.10.07-15.35.04:318][274]LogContentBrowser: Native class hierarchy updated for 'MovieSceneCapture' in 0.0003 seconds. Added 20 classes and 0 folders.
[2021.10.07-15.35.04:321][274]PIE: Play in editor start time for /Game/Levels/UEDPIE_0_Assesment3Map 0.998
[2021.10.07-15.35.04:370][276]LogBlueprintUserMessages: [Gun_GEN_VARIABLE_GunBlueprint_C_CAT_1] Nothing with health has been hit
[2021.10.07-15.35.04:371][276]LogBlueprintUserMessages: [Gun_GEN_VARIABLE_GunBlueprint_C_CAT_2] Nothing with health has been hit
[2021.10.07-15.35.04:627][303]LogBlueprintUserMessages: [Gun_GEN_VARIABLE_GunBlueprint_C_CAT_1] Nothing with health has been hit
[2021.10.07-15.35.04:629][303]LogBlueprintUserMessages: [Gun_GEN_VARIABLE_GunBlueprint_C_CAT_2] Nothing with health has been hit
[2021.10.07-15.35.04:697][311]LogBlueprintUserMessages: [Gun_GEN_VARIABLE_GunBlueprint_C_CAT_0] Nothing with health has been hit
[2021.10.07-15.35.04:884][333]LogBlueprintUserMessages: [Gun_GEN_VARIABLE_GunBlueprint_C_CAT_1] Nothing with health has been hit
[2021.10.07-15.35.05:139][363]LogBlueprintUserMessages: [Gun_GEN_VARIABLE_GunBlueprint_C_CAT_1] Nothing with health has been hit
[2021.10.07-15.35.05:393][393]LogBlueprintUserMessages: [Gun_GEN_VARIABLE_GunBlueprint_C_CAT_1] Nothing with health has been hit
[2021.10.07-15.35.05:645][423]LogBlueprintUserMessages: [Gun_GEN_VARIABLE_GunBlueprint_C_CAT_1] Nothing with health has been hit
[2021.10.07-15.35.05:901][453]LogBlueprintUserMessages: [Gun_GEN_VARIABLE_GunBlueprint_C_CAT_1] Nothing with health has been hit
[2021.10.07-15.35.06:164][482]LogBlueprintUserMessages: [Gun_GEN_VARIABLE_GunBlueprint_C_CAT_1] Nothing with health has been hit
[2021.10.07-15.35.06:421][511]LogBlueprintUserMessages: [Gun_GEN_VARIABLE_GunBlueprint_C_CAT_1] Nothing with health has been hit
[2021.10.07-15.35.06:684][539]LogBlueprintUserMessages: [Gun_GEN_VARIABLE_GunBlueprint_C_CAT_1] Nothing with health has been hit
[2021.10.07-15.35.07:981][676]LogBlueprintUserMessages: [Gun_GEN_VARIABLE_GunBlueprint_C_CAT_0] 30.0
[2021.10.07-15.35.08:541][735]LogBlueprintUserMessages: [Gun_GEN_VARIABLE_GunBlueprint_C_CAT_0] Nothing with health has been hit
[2021.10.07-15.35.08:940][782]LogBlueprintUserMessages: [Gun_GEN_VARIABLE_GunBlueprint_C_CAT_0] Nothing with health has been hit
[2021.10.07-15.35.09:709][874]LogBlueprintUserMessages: [Gun_GEN_VARIABLE_GunBlueprint_C_CAT_0] 10.0
[2021.10.07-15.35.10:259][940]LogTemp: Warning: Number of enemies left is : 1
[2021.10.07-15.35.10:259][940]LogTemp: Warning: Create Drop Called
[2021.10.07-15.35.10:260][940]LogBlueprintUserMessages: [Gun_GEN_VARIABLE_GunBlueprint_C_CAT_0] 0.0
[2021.10.07-15.35.12:650][227]LogBlueprintUserMessages: [RegularPickupBlueprint_C_0] 0.0
[2021.10.07-15.35.12:650][227]LogBlueprintUserMessages: [RegularPickupBlueprint_C_0] Velocity Added
[2021.10.07-15.35.18:284][903]LogBlueprintUserMessages: [Gun_GEN_VARIABLE_GunBlueprint_C_CAT_0] Nothing with health has been hit
[2021.10.07-15.35.19:110][  2]LogBlueprintUserMessages: [Gun_GEN_VARIABLE_GunBlueprint_C_CAT_0] Nothing with health has been hit
[2021.10.07-15.35.21:560][296]LogBlueprintUserMessages: [Gun_GEN_VARIABLE_GunBlueprint_C_CAT_0] 30.0
[2021.10.07-15.35.22:044][354]LogBlueprintUserMessages: [Gun_GEN_VARIABLE_GunBlueprint_C_CAT_0] 10.0
[2021.10.07-15.35.22:411][398]LogTemp: Warning: Number of enemies left is : 0
[2021.10.07-15.35.22:411][398]LogTemp: Warning: Create Drop Called
[2021.10.07-15.35.22:411][398]LogBlueprintUserMessages: [Gun_GEN_VARIABLE_GunBlueprint_C_CAT_0] 0.0
[2021.10.07-15.35.22:429][400]LogBlueprintUserMessages: [Gun_GEN_VARIABLE_GunBlueprint_C_CAT_6] Nothing with health has been hit
[2021.10.07-15.35.22:679][430]LogBlueprintUserMessages: [Gun_GEN_VARIABLE_GunBlueprint_C_CAT_6] Nothing with health has been hit
[2021.10.07-15.35.22:929][460]LogBlueprintUserMessages: [Gun_GEN_VARIABLE_GunBlueprint_C_CAT_6] Nothing with health has been hit
[2021.10.07-15.35.23:180][490]LogBlueprintUserMessages: [Gun_GEN_VARIABLE_GunBlueprint_C_CAT_6] Nothing with health has been hit
[2021.10.07-15.35.23:430][520]LogBlueprintUserMessages: [Gun_GEN_VARIABLE_GunBlueprint_C_CAT_6] Nothing with health has been hit
[2021.10.07-15.35.23:679][550]LogBlueprintUserMessages: [Gun_GEN_VARIABLE_GunBlueprint_C_CAT_6] Nothing with health has been hit
[2021.10.07-15.35.23:930][580]LogBlueprintUserMessages: [Gun_GEN_VARIABLE_GunBlueprint_C_CAT_6] Nothing with health has been hit
[2021.10.07-15.35.24:180][610]LogBlueprintUserMessages: [Gun_GEN_VARIABLE_GunBlueprint_C_CAT_6] Nothing with health has been hit
[2021.10.07-15.35.24:220][615]LogBlueprintUserMessages: [RegularPickupBlueprint_C_1] 0.0
[2021.10.07-15.35.24:221][615]LogBlueprintUserMessages: [RegularPickupBlueprint_C_1] Velocity Added
[2021.10.07-15.35.24:430][640]LogBlueprintUserMessages: [Gun_GEN_VARIABLE_GunBlueprint_C_CAT_6] Nothing with health has been hit
[2021.10.07-15.35.24:680][670]LogBlueprintUserMessages: [Gun_GEN_VARIABLE_GunBlueprint_C_CAT_6] Nothing with health has been hit
[2021.10.07-15.35.24:930][700]LogBlueprintUserMessages: [Gun_GEN_VARIABLE_GunBlueprint_C_CAT_6] Nothing with health has been hit
[2021.10.07-15.35.25:182][730]LogBlueprintUserMessages: [Gun_GEN_VARIABLE_GunBlueprint_C_CAT_6] Nothing with health has been hit
[2021.10.07-15.35.25:433][760]LogBlueprintUserMessages: [Gun_GEN_VARIABLE_GunBlueprint_C_CAT_6] Nothing with health has been hit
[2021.10.07-15.35.25:681][790]LogBlueprintUserMessages: [Gun_GEN_VARIABLE_GunBlueprint_C_CAT_6] Nothing with health has been hit
[2021.10.07-15.35.25:933][820]LogBlueprintUserMessages: [Gun_GEN_VARIABLE_GunBlueprint_C_CAT_6] Nothing with health has been hit
[2021.10.07-15.35.26:190][850]LogBlueprintUserMessages: [Gun_GEN_VARIABLE_GunBlueprint_C_CAT_6] Nothing with health has been hit
[2021.10.07-15.35.26:439][880]LogBlueprintUserMessages: [Gun_GEN_VARIABLE_GunBlueprint_C_CAT_6] Nothing with health has been hit
[2021.10.07-15.35.26:704][910]LogBlueprintUserMessages: [Gun_GEN_VARIABLE_GunBlueprint_C_CAT_6] Nothing with health has been hit
[2021.10.07-15.35.26:944][939]LogBlueprintUserMessages: [Gun_GEN_VARIABLE_GunBlueprint_C_CAT_6] Nothing with health has been hit
[2021.10.07-15.35.27:194][969]LogBlueprintUserMessages: [Gun_GEN_VARIABLE_GunBlueprint_C_CAT_6] Nothing with health has been hit
[2021.10.07-15.35.27:445][999]LogBlueprintUserMessages: [Gun_GEN_VARIABLE_GunBlueprint_C_CAT_6] Nothing with health has been hit
[2021.10.07-15.35.27:695][ 29]LogBlueprintUserMessages: [Gun_GEN_VARIABLE_GunBlueprint_C_CAT_6] Nothing with health has been hit
[2021.10.07-15.35.27:946][ 59]LogBlueprintUserMessages: [Gun_GEN_VARIABLE_GunBlueprint_C_CAT_6] Nothing with health has been hit
[2021.10.07-15.35.28:146][ 83]LogAudioMixer: Display: No commands were queued while flushing the source manager.
[2021.10.07-15.35.28:166][ 83]LogAudioMixer: Display: Flush succeeded in the source manager command queue (1).
[2021.10.07-15.35.28:186][ 83]LogAudioMixer: Display: Flush succeeded the source manager command queue (2).
[2021.10.07-15.35.28:186][ 83]LogSlate: Updating window title bar state: overlay mode, drag disabled, window buttons hidden, title bar hidden
[2021.10.07-15.35.28:186][ 83]LogWorld: BeginTearingDown for /Game/Levels/UEDPIE_0_Assesment3Map
[2021.10.07-15.35.28:186][ 83]LogAudioMixer: Display: No commands were queued while flushing the source manager.
[2021.10.07-15.35.28:186][ 83]LogWorld: UWorld::CleanupWorld for Assesment3Map, bSessionEnded=true, bCleanupResources=true
[2021.10.07-15.35.28:187][ 83]LogSlate: InvalidateAllWidgets triggered.  All widgets were invalidated
[2021.10.07-15.35.28:195][ 83]LogPlayLevel: Display: Shutting down PIE online subsystems
[2021.10.07-15.35.28:198][ 83]LogSlate: InvalidateAllWidgets triggered.  All widgets were invalidated
[2021.10.07-15.35.28:221][ 83]LogAudioMixer: Display: No commands were queued while flushing the source manager.
[2021.10.07-15.35.28:224][ 83]LogSlate: Updating window title bar state: overlay mode, drag disabled, window buttons hidden, title bar hidden
[2021.10.07-15.35.28:227][ 83]LogUObjectHash: Compacting FUObjectHashTables data took   1.74ms
[2021.10.07-15.35.28:262][ 85]LogPlayLevel: Display: Destroying online subsystem :Context_1
[2021.10.07-15.35.48:996][320]Candidate modules for hot reload:
[2021.10.07-15.35.48:996][320]  AdvGamesProgramming
[2021.10.07-15.35.48:996][320]Launching UnrealBuildTool... [D:/Epic Games/UE_4.24/Engine/Binaries/DotNET/UnrealBuildTool.exe  -ModuleWithSuffix=AdvGamesProgramming,9776 Win64 Development -TargetType=Editor -Project="D:/Uni/Advanced Games 2021/a3/Week8StartingPoint/AdvGamesProgramming.uproject" "D:/Uni/Advanced Games 2021/a3/Week8StartingPoint/AdvGamesProgramming.uproject"  -IgnoreJunk]
[2021.10.07-15.35.49:001][320]Warning: Starting HotReload took  0.0s.
[2021.10.07-15.35.52:508][708]CompilerResultsLog: New page: Compilation - 8 Oct 2021, 1:35:52 pm
[2021.10.07-15.35.52:508][708]CompilerResultsLog: Using 'git status' to determine working set for adaptive non-unity build (D:\Uni\Advanced Games 2021\a3).
[2021.10.07-15.35.52:508][708]CompilerResultsLog: Building AdvGamesProgrammingEditor...
[2021.10.07-15.35.52:508][708]CompilerResultsLog: Using Visual Studio 2019 14.28.29337 toolchain (C:\Program Files (x86)\Microsoft Visual Studio\2019\Community\VC\Tools\MSVC\14.28.29333) and Windows 10.0.18362.0 SDK (C:\Program Files (x86)\Windows Kits\10).
[2021.10.07-15.35.52:508][708]CompilerResultsLog: Building 4 actions with 6 processes...
[2021.10.07-15.35.52:508][708]CompilerResultsLog:   [1/4] EnemyCharacter.cpp
[2021.10.07-15.35.52:508][708]CompilerResultsLog:   [2/4] UE4Editor-AdvGamesProgramming-9776.lib
[2021.10.07-15.35.52:508][708]CompilerResultsLog:      Creating library D:\Uni\Advanced Games 2021\a3\Week8StartingPoint\Intermediate\Build\Win64\UE4Editor\Development\AdvGamesProgramming\UE4Editor-AdvGamesProgramming-9776.lib and object D:\Uni\Advanced Games 2021\a3\Week8StartingPoint\Intermediate\Build\Win64\UE4Editor\Development\AdvGamesProgramming\UE4Editor-AdvGamesProgramming-9776.exp
[2021.10.07-15.35.52:508][708]CompilerResultsLog:   [3/4] UE4Editor-AdvGamesProgramming-9776.dll
[2021.10.07-15.35.52:508][708]CompilerResultsLog:      Creating library D:\Uni\Advanced Games 2021\a3\Week8StartingPoint\Intermediate\Build\Win64\UE4Editor\Development\AdvGamesProgramming\UE4Editor-AdvGamesProgramming-9776.suppressed.lib and object D:\Uni\Advanced Games 2021\a3\Week8StartingPoint\Intermediate\Build\Win64\UE4Editor\Development\AdvGamesProgramming\UE4Editor-AdvGamesProgramming-9776.suppressed.exp
[2021.10.07-15.35.52:508][708]CompilerResultsLog:   [4/4] AdvGamesProgrammingEditor.target
[2021.10.07-15.35.52:508][708]CompilerResultsLog: Total time in Parallel executor: 2.44 seconds
[2021.10.07-15.35.52:508][708]CompilerResultsLog: Total execution time: 3.43 seconds
[2021.10.07-15.35.52:508][708]LogMainFrame: MainFrame: Module compiling took 3.516 seconds
[2021.10.07-15.35.52:531][708]LogUObjectHash: Compacting FUObjectHashTables data took   0.73ms
[2021.10.07-15.35.53:053][708]LogClass: EEnemyRarity HotReload.
[2021.10.07-15.35.53:053][708]LogClass: AgentState HotReload.
[2021.10.07-15.35.53:053][708]LogClass: EPickupStat HotReload.
[2021.10.07-15.35.53:053][708]LogClass: EPickupRarity HotReload.
[2021.10.07-15.35.53:053][708]LogClass: EWeaponFiringType HotReload.
[2021.10.07-15.35.53:053][708]LogClass: EWeaponPickupRarity HotReload.
[2021.10.07-15.35.53:061][708]LogContentBrowser: Native class hierarchy updated for 'AdvGamesProgramming' in 0.0004 seconds. Added 13 classes and 2 folders.
[2021.10.07-15.35.53:064][708]Display: HotReload successful (8 functions remapped  0 scriptstructs remapped)
[2021.10.07-15.35.53:126][708]LogUObjectHash: Compacting FUObjectHashTables data took   1.40ms
[2021.10.07-15.35.53:135][708]LogContentBrowser: Native class hierarchy populated in 0.0085 seconds. Added 3030 classes and 722 folders.
[2021.10.07-15.35.53:139][708]Display: HotReload took  4.2s.
[2021.10.07-15.35.53:989][809]LogTemp: Repeating last play command: Selected Viewport
[2021.10.07-15.35.54:001][809]LogPlayLevel: PlayLevel: No blueprints needed recompiling
[2021.10.07-15.35.54:001][809]PIE: New page: PIE session: Assesment3Map (8 Oct 2021, 1:35:54 pm)
[2021.10.07-15.35.54:001][809]LogPlayLevel: Creating play world package: /Game/Levels/UEDPIE_0_Assesment3Map
[2021.10.07-15.35.54:036][809]LogPlayLevel: PIE: StaticDuplicateObject took: (0.034833s)
[2021.10.07-15.35.54:037][809]LogAIModule: Creating AISystem for world Assesment3Map
[2021.10.07-15.35.54:037][809]LogPlayLevel: PIE: World Init took: (0.000928s)
[2021.10.07-15.35.54:037][809]LogPlayLevel: PIE: Created PIE world by copying editor world from /Game/Levels/Assesment3Map.Assesment3Map to /Game/Levels/UEDPIE_0_Assesment3Map.Assesment3Map (0.035888s)
[2021.10.07-15.35.54:060][809]LogUObjectHash: Compacting FUObjectHashTables data took   1.48ms
[2021.10.07-15.35.54:061][809]LogAudioMixer: Display: Audio Mixer Platform Settings:
[2021.10.07-15.35.54:061][809]LogAudioMixer: Display: 	Sample Rate:						  48000
[2021.10.07-15.35.54:061][809]LogAudioMixer: Display: 	Callback Buffer Frame Size Requested: 1024
[2021.10.07-15.35.54:061][809]LogAudioMixer: Display: 	Callback Buffer Frame Size To Use:	  1024
[2021.10.07-15.35.54:061][809]LogAudioMixer: Display: 	Number of buffers to queue:			  2
[2021.10.07-15.35.54:061][809]LogAudioMixer: Display: 	Max Channels (voices):				  32
[2021.10.07-15.35.54:061][809]LogAudioMixer: Display: 	Number of Async Source Workers:		  0
[2021.10.07-15.35.54:061][809]LogAudio: Display: AudioDevice MaxSources: 32
[2021.10.07-15.35.54:061][809]LogAudio: Display: Using built-in audio occlusion.
[2021.10.07-15.35.54:061][809]LogAudioMixer: Display: Initializing audio mixer.
[2021.10.07-15.35.54:068][809]LogAudioMixer: Display: Audio Device Output Speaker Info:
[2021.10.07-15.35.54:068][809]LogAudioMixer: Display: Name: Headset Earphone (HyperX Virtual Surround Sound)
[2021.10.07-15.35.54:068][809]LogAudioMixer: Display: Is Default: Yes
[2021.10.07-15.35.54:068][809]LogAudioMixer: Display: Sample Rate: 48000
[2021.10.07-15.35.54:068][809]LogAudioMixer: Display: Channel Count Used: 2
[2021.10.07-15.35.54:068][809]LogAudioMixer: Display: Device Channel Count: 2
[2021.10.07-15.35.54:068][809]LogAudioMixer: Display: Channel Order:
[2021.10.07-15.35.54:068][809]LogAudioMixer: Display: 0: FrontLeft
[2021.10.07-15.35.54:068][809]LogAudioMixer: Display: 1: FrontRight
[2021.10.07-15.35.54:076][809]LogAudioMixer: Display: Using Audio Device Headset Earphone (HyperX Virtual Surround Sound)
[2021.10.07-15.35.54:077][809]LogInit: FAudioDevice initialized.
[2021.10.07-15.35.54:086][809]LogLoad: Game class is 'GameModeBase'
[2021.10.07-15.35.54:088][809]LogWorld: Bringing World /Game/Levels/UEDPIE_0_Assesment3Map.Assesment3Map up for play (max tick rate 0) at 2021.10.08-02.35.54
[2021.10.07-15.35.54:089][809]LogWorld: Bringing up level for play took: 0.002297
[2021.10.07-15.35.54:089][809]LogOnline: OSS: Creating online subsystem instance for: :Context_2
[2021.10.07-15.35.54:092][809]PIE: Play in editor start time for /Game/Levels/UEDPIE_0_Assesment3Map 0.77
[2021.10.07-15.35.54:425][842]LogBlueprintUserMessages: [Gun_GEN_VARIABLE_GunBlueprint_C_CAT_0] Nothing with health has been hit
[2021.10.07-15.35.55:989][ 30]LogBlueprintUserMessages: [Gun_GEN_VARIABLE_GunBlueprint_C_CAT_0] Nothing with health has been hit
[2021.10.07-15.35.56:848][133]LogBlueprintUserMessages: [Gun_GEN_VARIABLE_GunBlueprint_C_CAT_0] 40.0
[2021.10.07-15.35.57:306][188]LogBlueprintUserMessages: [Gun_GEN_VARIABLE_GunBlueprint_C_CAT_0] 20.0
[2021.10.07-15.35.57:691][233]LogTemp: Warning: Number of enemies left is : 1
[2021.10.07-15.35.57:691][233]LogTemp: Warning: Create Drop Called
[2021.10.07-15.35.57:692][233]LogBlueprintUserMessages: [Gun_GEN_VARIABLE_GunBlueprint_C_CAT_0] 0.0
[2021.10.07-15.35.58:832][370]LogBlueprintUserMessages: [RegularPickupBlueprint_C_0] 0
[2021.10.07-15.35.58:832][370]LogBlueprintUserMessages: [RegularPickupBlueprint_C_0] Ammo Added
[2021.10.07-15.36.08:028][473]LogAudioMixer: Display: No commands were queued while flushing the source manager.
[2021.10.07-15.36.08:028][473]LogAudioMixer: Display: No commands were queued while flushing the source manager.
[2021.10.07-15.36.08:028][473]LogSlate: Updating window title bar state: overlay mode, drag disabled, window buttons hidden, title bar hidden
[2021.10.07-15.36.08:028][473]LogWorld: BeginTearingDown for /Game/Levels/UEDPIE_0_Assesment3Map
[2021.10.07-15.36.08:028][473]LogAudioMixer: Display: No commands were queued while flushing the source manager.
[2021.10.07-15.36.08:028][473]LogWorld: UWorld::CleanupWorld for Assesment3Map, bSessionEnded=true, bCleanupResources=true
[2021.10.07-15.36.08:029][473]LogSlate: InvalidateAllWidgets triggered.  All widgets were invalidated
[2021.10.07-15.36.08:033][473]LogPlayLevel: Display: Shutting down PIE online subsystems
[2021.10.07-15.36.08:037][473]LogSlate: InvalidateAllWidgets triggered.  All widgets were invalidated
[2021.10.07-15.36.08:059][473]LogAudioMixer: Display: No commands were queued while flushing the source manager.
[2021.10.07-15.36.08:062][473]LogSlate: Updating window title bar state: overlay mode, drag disabled, window buttons hidden, title bar hidden
[2021.10.07-15.36.08:065][473]LogUObjectHash: Compacting FUObjectHashTables data took   1.51ms
[2021.10.07-15.36.08:130][479]LogPlayLevel: Display: Destroying online subsystem :Context_2
[2021.10.07-15.39.06:276][373]Candidate modules for hot reload:
[2021.10.07-15.39.06:276][373]  AdvGamesProgramming
[2021.10.07-15.39.06:276][373]Launching UnrealBuildTool... [D:/Epic Games/UE_4.24/Engine/Binaries/DotNET/UnrealBuildTool.exe  -ModuleWithSuffix=AdvGamesProgramming,9678 Win64 Development -TargetType=Editor -Project="D:/Uni/Advanced Games 2021/a3/Week8StartingPoint/AdvGamesProgramming.uproject" "D:/Uni/Advanced Games 2021/a3/Week8StartingPoint/AdvGamesProgramming.uproject"  -IgnoreJunk]
[2021.10.07-15.39.06:282][373]Warning: Starting HotReload took  0.0s.
[2021.10.07-15.39.10:278][811]CompilerResultsLog: New page: Compilation - 8 Oct 2021, 1:39:10 pm
[2021.10.07-15.39.10:278][811]CompilerResultsLog: Using 'git status' to determine working set for adaptive non-unity build (D:\Uni\Advanced Games 2021\a3).
[2021.10.07-15.39.10:278][811]CompilerResultsLog: Building AdvGamesProgrammingEditor...
[2021.10.07-15.39.10:278][811]CompilerResultsLog: Using Visual Studio 2019 14.28.29337 toolchain (C:\Program Files (x86)\Microsoft Visual Studio\2019\Community\VC\Tools\MSVC\14.28.29333) and Windows 10.0.18362.0 SDK (C:\Program Files (x86)\Windows Kits\10).
[2021.10.07-15.39.10:278][811]CompilerResultsLog: Building 4 actions with 6 processes...
[2021.10.07-15.39.10:278][811]CompilerResultsLog:   [1/4] EnemyCharacter.cpp
[2021.10.07-15.39.10:278][811]CompilerResultsLog:   [2/4] UE4Editor-AdvGamesProgramming-9678.lib
[2021.10.07-15.39.10:278][811]CompilerResultsLog:      Creating library D:\Uni\Advanced Games 2021\a3\Week8StartingPoint\Intermediate\Build\Win64\UE4Editor\Development\AdvGamesProgramming\UE4Editor-AdvGamesProgramming-9678.lib and object D:\Uni\Advanced Games 2021\a3\Week8StartingPoint\Intermediate\Build\Win64\UE4Editor\Development\AdvGamesProgramming\UE4Editor-AdvGamesProgramming-9678.exp
[2021.10.07-15.39.10:278][811]CompilerResultsLog:   [3/4] UE4Editor-AdvGamesProgramming-9678.dll
[2021.10.07-15.39.10:278][811]CompilerResultsLog:      Creating library D:\Uni\Advanced Games 2021\a3\Week8StartingPoint\Intermediate\Build\Win64\UE4Editor\Development\AdvGamesProgramming\UE4Editor-AdvGamesProgramming-9678.suppressed.lib and object D:\Uni\Advanced Games 2021\a3\Week8StartingPoint\Intermediate\Build\Win64\UE4Editor\Development\AdvGamesProgramming\UE4Editor-AdvGamesProgramming-9678.suppressed.exp
[2021.10.07-15.39.10:278][811]CompilerResultsLog:   [4/4] AdvGamesProgrammingEditor.target
[2021.10.07-15.39.10:278][811]CompilerResultsLog: Total time in Parallel executor: 2.88 seconds
[2021.10.07-15.39.10:278][811]CompilerResultsLog: Total execution time: 3.91 seconds
[2021.10.07-15.39.10:278][811]LogMainFrame: MainFrame: Module compiling took 4.005 seconds
[2021.10.07-15.39.10:302][811]LogUObjectHash: Compacting FUObjectHashTables data took   0.93ms
[2021.10.07-15.39.11:365][811]LogClass: EEnemyRarity HotReload.
[2021.10.07-15.39.11:365][811]LogClass: AgentState HotReload.
[2021.10.07-15.39.11:365][811]LogClass: EPickupStat HotReload.
[2021.10.07-15.39.11:365][811]LogClass: EPickupRarity HotReload.
[2021.10.07-15.39.11:365][811]LogClass: EWeaponFiringType HotReload.
[2021.10.07-15.39.11:365][811]LogClass: EWeaponPickupRarity HotReload.
[2021.10.07-15.39.11:372][811]LogContentBrowser: Native class hierarchy updated for 'AdvGamesProgramming' in 0.0003 seconds. Added 13 classes and 2 folders.
[2021.10.07-15.39.11:375][811]Display: HotReload successful (8 functions remapped  0 scriptstructs remapped)
[2021.10.07-15.39.11:440][811]LogUObjectHash: Compacting FUObjectHashTables data took   1.42ms
[2021.10.07-15.39.11:449][811]LogContentBrowser: Native class hierarchy populated in 0.0086 seconds. Added 3030 classes and 722 folders.
[2021.10.07-15.39.11:453][811]Display: HotReload took  5.2s.
[2021.10.07-15.39.12:432][924]LogTemp: Repeating last play command: Selected Viewport
[2021.10.07-15.39.12:444][924]LogPlayLevel: PlayLevel: No blueprints needed recompiling
[2021.10.07-15.39.12:444][924]PIE: New page: PIE session: Assesment3Map (8 Oct 2021, 1:39:12 pm)
[2021.10.07-15.39.12:444][924]LogPlayLevel: Creating play world package: /Game/Levels/UEDPIE_0_Assesment3Map
[2021.10.07-15.39.12:478][924]LogPlayLevel: PIE: StaticDuplicateObject took: (0.034102s)
[2021.10.07-15.39.12:479][924]LogAIModule: Creating AISystem for world Assesment3Map
[2021.10.07-15.39.12:479][924]LogPlayLevel: PIE: World Init took: (0.000844s)
[2021.10.07-15.39.12:479][924]LogPlayLevel: PIE: Created PIE world by copying editor world from /Game/Levels/Assesment3Map.Assesment3Map to /Game/Levels/UEDPIE_0_Assesment3Map.Assesment3Map (0.035071s)
[2021.10.07-15.39.12:503][924]LogUObjectHash: Compacting FUObjectHashTables data took   1.51ms
[2021.10.07-15.39.12:504][924]LogAudioMixer: Display: Audio Mixer Platform Settings:
[2021.10.07-15.39.12:504][924]LogAudioMixer: Display: 	Sample Rate:						  48000
[2021.10.07-15.39.12:504][924]LogAudioMixer: Display: 	Callback Buffer Frame Size Requested: 1024
[2021.10.07-15.39.12:504][924]LogAudioMixer: Display: 	Callback Buffer Frame Size To Use:	  1024
[2021.10.07-15.39.12:504][924]LogAudioMixer: Display: 	Number of buffers to queue:			  2
[2021.10.07-15.39.12:504][924]LogAudioMixer: Display: 	Max Channels (voices):				  32
[2021.10.07-15.39.12:504][924]LogAudioMixer: Display: 	Number of Async Source Workers:		  0
[2021.10.07-15.39.12:504][924]LogAudio: Display: AudioDevice MaxSources: 32
[2021.10.07-15.39.12:504][924]LogAudio: Display: Using built-in audio occlusion.
[2021.10.07-15.39.12:504][924]LogAudioMixer: Display: Initializing audio mixer.
[2021.10.07-15.39.12:512][924]LogAudioMixer: Display: Audio Device Output Speaker Info:
[2021.10.07-15.39.12:512][924]LogAudioMixer: Display: Name: Headset Earphone (HyperX Virtual Surround Sound)
[2021.10.07-15.39.12:512][924]LogAudioMixer: Display: Is Default: Yes
[2021.10.07-15.39.12:512][924]LogAudioMixer: Display: Sample Rate: 48000
[2021.10.07-15.39.12:512][924]LogAudioMixer: Display: Channel Count Used: 2
[2021.10.07-15.39.12:512][924]LogAudioMixer: Display: Device Channel Count: 2
[2021.10.07-15.39.12:512][924]LogAudioMixer: Display: Channel Order:
[2021.10.07-15.39.12:512][924]LogAudioMixer: Display: 0: FrontLeft
[2021.10.07-15.39.12:512][924]LogAudioMixer: Display: 1: FrontRight
[2021.10.07-15.39.12:521][924]LogAudioMixer: Display: Using Audio Device Headset Earphone (HyperX Virtual Surround Sound)
[2021.10.07-15.39.12:522][924]LogInit: FAudioDevice initialized.
[2021.10.07-15.39.12:528][924]LogLoad: Game class is 'GameModeBase'
[2021.10.07-15.39.12:530][924]LogWorld: Bringing World /Game/Levels/UEDPIE_0_Assesment3Map.Assesment3Map up for play (max tick rate 0) at 2021.10.08-02.39.12
[2021.10.07-15.39.12:531][924]LogWorld: Bringing up level for play took: 0.002220
[2021.10.07-15.39.12:531][924]LogOnline: OSS: Creating online subsystem instance for: :Context_3
[2021.10.07-15.39.12:534][924]PIE: Play in editor start time for /Game/Levels/UEDPIE_0_Assesment3Map -0.788
[2021.10.07-15.39.12:984][975]LogBlueprintUserMessages: [Gun_GEN_VARIABLE_GunBlueprint_C_CAT_0] Nothing with health has been hit
[2021.10.07-15.39.15:441][268]LogSlate: Took 0.000205 seconds to synchronously load lazily loaded font '../../../Engine/Content/Slate/Fonts/DroidSansMono.ttf' (77K)
[2021.10.07-15.39.15:789][301]LogBlueprintUserMessages: [Gun_GEN_VARIABLE_GunBlueprint_C_CAT_0] Nothing with health has been hit
[2021.10.07-15.39.16:729][414]LogBlueprintUserMessages: [Gun_GEN_VARIABLE_GunBlueprint_C_CAT_1] Nothing with health has been hit
[2021.10.07-15.39.16:978][444]LogBlueprintUserMessages: [Gun_GEN_VARIABLE_GunBlueprint_C_CAT_1] Nothing with health has been hit
[2021.10.07-15.39.17:228][474]LogBlueprintUserMessages: [Gun_GEN_VARIABLE_GunBlueprint_C_CAT_1] Nothing with health has been hit
[2021.10.07-15.39.17:288][481]LogBlueprintUserMessages: [Gun_GEN_VARIABLE_GunBlueprint_C_CAT_0] Nothing with health has been hit
[2021.10.07-15.39.17:482][504]LogBlueprintUserMessages: [Gun_GEN_VARIABLE_GunBlueprint_C_CAT_1] Nothing with health has been hit
[2021.10.07-15.39.17:734][534]LogBlueprintUserMessages: [Gun_GEN_VARIABLE_GunBlueprint_C_CAT_1] Nothing with health has been hit
[2021.10.07-15.39.17:988][564]LogBlueprintUserMessages: [Gun_GEN_VARIABLE_GunBlueprint_C_CAT_1] Nothing with health has been hit
[2021.10.07-15.39.18:238][594]LogBlueprintUserMessages: [Gun_GEN_VARIABLE_GunBlueprint_C_CAT_1] Nothing with health has been hit
[2021.10.07-15.39.18:494][624]LogBlueprintUserMessages: [Gun_GEN_VARIABLE_GunBlueprint_C_CAT_1] Nothing with health has been hit
[2021.10.07-15.39.18:751][654]LogBlueprintUserMessages: [Gun_GEN_VARIABLE_GunBlueprint_C_CAT_1] Nothing with health has been hit
[2021.10.07-15.39.20:300][839]LogBlueprintUserMessages: [Gun_GEN_VARIABLE_GunBlueprint_C_CAT_0] Nothing with health has been hit
[2021.10.07-15.39.20:850][905]LogBlueprintUserMessages: [Gun_GEN_VARIABLE_GunBlueprint_C_CAT_0] Nothing with health has been hit
[2021.10.07-15.39.21:242][952]LogBlueprintUserMessages: [Gun_GEN_VARIABLE_GunBlueprint_C_CAT_0] 35.0
[2021.10.07-15.39.21:542][988]LogBlueprintUserMessages: [Gun_GEN_VARIABLE_GunBlueprint_C_CAT_0] 15.0
[2021.10.07-15.39.21:892][ 30]LogTemp: Warning: Number of enemies left is : 1
[2021.10.07-15.39.21:892][ 30]LogTemp: Warning: Create Drop Called
[2021.10.07-15.39.22:931][ 30]LogWindows: Error: === Critical error: ===
[2021.10.07-15.39.22:931][ 30]LogWindows: Error: 
[2021.10.07-15.39.22:931][ 30]LogWindows: Error: Fatal error!
[2021.10.07-15.39.22:931][ 30]LogWindows: Error: 
[2021.10.07-15.39.22:931][ 30]LogWindows: Error: Unhandled Exception: EXCEPTION_ACCESS_VIOLATION reading address 0x00000002
[2021.10.07-15.39.22:931][ 30]LogWindows: Error: 
[2021.10.07-15.39.22:931][ 30]LogWindows: Error: [Callstack] 0x00007fff6c696f80 ucrtbase.dll!UnknownFunction []
[2021.10.07-15.39.22:931][ 30]LogWindows: Error: [Callstack] 0x00007fff6c67e45c ucrtbase.dll!UnknownFunction []
[2021.10.07-15.39.22:931][ 30]LogWindows: Error: [Callstack] 0x00007fff6c67dfca ucrtbase.dll!UnknownFunction []
[2021.10.07-15.39.22:931][ 30]LogWindows: Error: [Callstack] 0x00007ffef5f0f8a3 UE4Editor-Core.dll!UnknownFunction []
[2021.10.07-15.39.22:931][ 30]LogWindows: Error: [Callstack] 0x00007ffecabe915e UE4Editor-AdvGamesProgramming-9678.dll!UnknownFunction [D:\Uni\Advanced Games 2021\a3\Week8StartingPoint\Source\AdvGamesProgramming\EnemyCharacter.cpp:268]
[2021.10.07-15.39.22:931][ 30]LogWindows: Error: [Callstack] 0x00007ffecabe7ae2 UE4Editor-AdvGamesProgramming-9678.dll!UnknownFunction [D:\Uni\Advanced Games 2021\a3\Week8StartingPoint\Source\AdvGamesProgramming\HealthComponent.h:14]
[2021.10.07-15.39.22:931][ 30]LogWindows: Error: [Callstack] 0x00007ffef89d42e8 UE4Editor-CoreUObject.dll!UnknownFunction []
[2021.10.07-15.39.22:931][ 30]LogWindows: Error: [Callstack] 0x00007ffef8bfa62f UE4Editor-CoreUObject.dll!UnknownFunction []
[2021.10.07-15.39.22:931][ 30]LogWindows: Error: [Callstack] 0x00007ffef8c1ec61 UE4Editor-CoreUObject.dll!UnknownFunction []
[2021.10.07-15.39.22:931][ 30]LogWindows: Error: [Callstack] 0x00007ffef8c20cd2 UE4Editor-CoreUObject.dll!UnknownFunction []
[2021.10.07-15.39.22:931][ 30]LogWindows: Error: [Callstack] 0x00007ffef8beedbb UE4Editor-CoreUObject.dll!UnknownFunction []
[2021.10.07-15.39.22:931][ 30]LogWindows: Error: [Callstack] 0x00007ffef8c209ef UE4Editor-CoreUObject.dll!UnknownFunction []
[2021.10.07-15.39.22:931][ 30]LogWindows: Error: [Callstack] 0x00007ffef8c1ec61 UE4Editor-CoreUObject.dll!UnknownFunction []
[2021.10.07-15.39.22:931][ 30]LogWindows: Error: [Callstack] 0x00007ffef8c20cd2 UE4Editor-CoreUObject.dll!UnknownFunction []
[2021.10.07-15.39.22:931][ 30]LogWindows: Error: [Callstack] 0x00007ffef8beedbb UE4Editor-CoreUObject.dll!UnknownFunction []
[2021.10.07-15.39.22:931][ 30]LogWindows: Error: [Callstack] 0x00007ffef8c209ef UE4Editor-CoreUObject.dll!UnknownFunction []
[2021.10.07-15.39.22:931][ 30]LogWindows: Error: [Callstack] 0x00007ffef8c20cd2 UE4Editor-CoreUObject.dll!UnknownFunction []
[2021.10.07-15.39.22:931][ 30]LogWindows: Error: [Callstack] 0x00007ffef8c20644 UE4Editor-CoreUObject.dll!UnknownFunction []
[2021.10.07-15.39.22:931][ 30]LogWindows: Error: [Callstack] 0x00007ffef89d42e8 UE4Editor-CoreUObject.dll!UnknownFunction []
[2021.10.07-15.39.22:931][ 30]LogWindows: Error: [Callstack] 0x00007ffef8c20148 UE4Editor-CoreUObject.dll!UnknownFunction []
[2021.10.07-15.39.22:931][ 30]LogWindows: Error: [Callstack] 0x00007ffede187f18 UE4Editor-Engine.dll!UnknownFunction []
[2021.10.07-15.39.22:931][ 30]LogWindows: Error: [Callstack] 0x00007ffedf3a5250 UE4Editor-Engine.dll!UnknownFunction []
[2021.10.07-15.39.22:931][ 30]LogWindows: Error: [Callstack] 0x00007ffedf3ce631 UE4Editor-Engine.dll!UnknownFunction []
[2021.10.07-15.39.22:931][ 30]LogWindows: Error: [Callstack] 0x00007ffedeeb0043 UE4Editor-Engine.dll!UnknownFunction []
[2021.10.07-15.39.22:931][ 30]LogWindows: Error: [Callstack] 0x00007ffedeec1e3d UE4Editor-Engine.dll!UnknownFunction []
[2021.10.07-15.39.22:931][ 30]LogWindows: Error: [Callstack] 0x00007ffedeeadfcb UE4Editor-Engine.dll!UnknownFunction []
[2021.10.07-15.39.22:931][ 30]LogWindows: Error: [Callstack] 0x00007ffedeec0267 UE4Editor-Engine.dll!UnknownFunction []
[2021.10.07-15.39.22:931][ 30]LogWindows: Error: [Callstack] 0x00007ffede167866 UE4Editor-Engine.dll!UnknownFunction []
[2021.10.07-15.39.22:931][ 30]LogWindows: Error: [Callstack] 0x00007ffedf2a7223 UE4Editor-Engine.dll!UnknownFunction []
[2021.10.07-15.39.22:931][ 30]LogWindows: Error: [Callstack] 0x00007ffedf2b5256 UE4Editor-Engine.dll!UnknownFunction []
[2021.10.07-15.39.22:931][ 30]LogWindows: Error: [Callstack] 0x00007ffef5da9ff2 UE4Editor-Core.dll!UnknownFunction []
[2021.10.07-15.39.22:931][ 30]LogWindows: Error: [Callstack] 0x00007ffef5daa393 UE4Editor-Core.dll!UnknownFunction []
[2021.10.07-15.39.22:931][ 30]LogWindows: Error: [Callstack] 0x00007ffef5dbaa68 UE4Editor-Core.dll!UnknownFunction []
[2021.10.07-15.39.22:931][ 30]LogWindows: Error: [Callstack] 0x00007ffedf2d38b0 UE4Editor-Engine.dll!UnknownFunction []
[2021.10.07-15.39.22:931][ 30]LogWindows: Error: [Callstack] 0x00007ffedf2d97c2 UE4Editor-Engine.dll!UnknownFunction []
[2021.10.07-15.39.22:931][ 30]LogWindows: Error: [Callstack] 0x00007ffedea5a25f UE4Editor-Engine.dll!UnknownFunction []
[2021.10.07-15.39.22:931][ 30]LogWindows: Error: [Callstack] 0x00007ffedea65127 UE4Editor-Engine.dll!UnknownFunction []
[2021.10.07-15.39.22:931][ 30]LogWindows: Error: [Callstack] 0x00007ffef332ad60 UE4Editor-UnrealEd.dll!UnknownFunction []
[2021.10.07-15.39.22:932][ 30]LogWindows: Error: [Callstack] 0x00007ffef3b8e476 UE4Editor-UnrealEd.dll!UnknownFunction []
[2021.10.07-15.39.22:932][ 30]LogWindows: Error: [Callstack] 0x00007ff6ac9f7f62 UE4Editor.exe!UnknownFunction []
[2021.10.07-15.39.22:932][ 30]LogWindows: Error: [Callstack] 0x00007ff6aca0c3ec UE4Editor.exe!UnknownFunction []
[2021.10.07-15.39.22:932][ 30]LogWindows: Error: [Callstack] 0x00007ff6aca0c4ca UE4Editor.exe!UnknownFunction []
[2021.10.07-15.39.22:932][ 30]LogWindows: Error: [Callstack] 0x00007ff6aca1ceae UE4Editor.exe!UnknownFunction []
[2021.10.07-15.39.22:932][ 30]LogWindows: Error: [Callstack] 0x00007ff6aca1fcbe UE4Editor.exe!UnknownFunction []
[2021.10.07-15.39.22:932][ 30]LogWindows: Error: [Callstack] 0x00007fff6e867034 KERNEL32.DLL!UnknownFunction []
[2021.10.07-15.39.22:932][ 30]LogWindows: Error: [Callstack] 0x00007fff6e9a2651 ntdll.dll!UnknownFunction []
[2021.10.07-15.39.22:932][ 30]LogWindows: Error: 
[2021.10.07-15.39.22:945][ 30]LogExit: Executing StaticShutdownAfterError
[2021.10.07-15.39.22:948][ 30]LogWindows: FPlatformMisc::RequestExit(1)
[2021.10.07-15.39.22:948][ 30]LogCore: Engine exit requested (reason: Win RequestExit)
[2021.10.07-15.39.23:002][ 30]Log file closed, 10/08/21 02:39:23
